<?xml version="1.0" encoding="utf-8"?>
<TestRun id="afb82e38-0bb1-4cd0-b9d4-4a69e150b650" name="user@704DESKTOP 2026-04-13 14:16:43" runUser="704DESKTOP\user" xmlns="http://microsoft.com/schemas/VisualStudio/TeamTest/2010">
  <Times creation="2026-04-13T14:16:43.5855717+08:00" queuing="2026-04-13T14:16:43.5855718+08:00" start="2026-04-13T14:16:42.9648733+08:00" finish="2026-04-13T14:16:43.6773927+08:00" />
  <TestSettings name="default" id="090fa488-b39b-4e1f-87ff-242624f61625">
    <Deployment runDeploymentRoot="user_704DESKTOP_2026-04-13_14_16_43" />
  </TestSettings>
  <Results>
    <UnitTestResult executionId="fe13659a-f1b1-489f-a4d7-794ea0d75867" testId="4d4d7c58-3266-7f12-e61d-8b4ca0c6a420" testName="LAL.Tests.NumericalCore.Integration.GaussianQuadratureTests.Integrate_ApproximatesPolynomialIntegral" computerName="704DESKTOP" duration="00:00:00.0002803" startTime="2026-04-13T14:16:43.5743309+08:00" endTime="2026-04-13T14:16:43.5743310+08:00" testType="13cdc9d9-ddb5-4fa4-a97d-d965ccfc6d4b" outcome="Passed" testListId="8c84fa94-04c1-424b-9868-57a2d4851a1d" relativeResultsDirectory="fe13659a-f1b1-489f-a4d7-794ea0d75867" />
    <UnitTestResult executionId="ba555913-fc49-4da8-a091-565d47f238af" testId="efe7c3fc-46b4-5431-022b-929b5d88114f" testName="LAL.Tests.OdeCore.JacobianEstimatorTests.EstimateForwardDifference_Float_ApproximatesLinearSystemJacobian" computerName="704DESKTOP" duration="00:00:00.0041604" startTime="2026-04-13T14:16:43.5777827+08:00" endTime="2026-04-13T14:16:43.5777827+08:00" testType="13cdc9d9-ddb5-4fa4-a97d-d965ccfc6d4b" outcome="Passed" testListId="8c84fa94-04c1-424b-9868-57a2d4851a1d" relativeResultsDirectory="ba555913-fc49-4da8-a091-565d47f238af" />
    <UnitTestResult executionId="2f1dfdb5-1467-4d4f-93f7-a2dc4f894466" testId="e1edd1dc-68e6-d6dc-d0ad-e44a2e458c85" testName="LAL.Tests.TensorCore.TypeCoverageTests.Transcendental_SupportsFloatAndComplex" computerName="704DESKTOP" duration="00:00:00.0006887" startTime="2026-04-13T14:16:43.5784139+08:00" endTime="2026-04-13T14:16:43.5784139+08:00" testType="13cdc9d9-ddb5-4fa4-a97d-d965ccfc6d4b" outcome="Passed" testListId="8c84fa94-04c1-424b-9868-57a2d4851a1d" relativeResultsDirectory="2f1dfdb5-1467-4d4f-93f7-a2dc4f894466" />
    <UnitTestResult executionId="2a11edf0-26da-4a4c-aec7-8adf7c7aee14" testId="40ccb4bc-a8ff-afa6-f753-afb1232c4091" testName="LAL.Tests.TensorCore.PaddingTests.ZeroPad1D_Works" computerName="704DESKTOP" duration="00:00:00.0002797" startTime="2026-04-13T14:16:43.5703940+08:00" endTime="2026-04-13T14:16:43.5703941+08:00" testType="13cdc9d9-ddb5-4fa4-a97d-d965ccfc6d4b" outcome="Passed" testListId="8c84fa94-04c1-424b-9868-57a2d4851a1d" relativeResultsDirectory="2a11edf0-26da-4a4c-aec7-8adf7c7aee14" />
    <UnitTestResult executionId="fa3a5fc1-d88e-483a-b21a-20cd804a6923" testId="84755b6d-d1c8-34e6-6a95-c929dc1d9b17" testName="LAL.Tests.OdeCore.StepControllerTests.Propose_Float_AcceptsAndRejectsByError" computerName="704DESKTOP" duration="00:00:00.0035909" startTime="2026-04-13T14:16:43.5564988+08:00" endTime="2026-04-13T14:16:43.5564988+08:00" testType="13cdc9d9-ddb5-4fa4-a97d-d965ccfc6d4b" outcome="Passed" testListId="8c84fa94-04c1-424b-9868-57a2d4851a1d" relativeResultsDirectory="fa3a5fc1-d88e-483a-b21a-20cd804a6923" />
    <UnitTestResult executionId="bd336d29-a28a-4793-b70c-7a5d4d6dbf8f" testId="c3790114-7b9e-7ba7-9e6e-7bac2f12f8f2" testName="LAL.Tests.LinalgCore.VectorOpsTests.DotAndInnerProduct_AreEquivalent" computerName="704DESKTOP" duration="00:00:00.0002073" startTime="2026-04-13T14:16:43.5766008+08:00" endTime="2026-04-13T14:16:43.5766008+08:00" testType="13cdc9d9-ddb5-4fa4-a97d-d965ccfc6d4b" outcome="Passed" testListId="8c84fa94-04c1-424b-9868-57a2d4851a1d" relativeResultsDirectory="bd336d29-a28a-4793-b70c-7a5d4d6dbf8f" />
    <UnitTestResult executionId="e317557b-7601-475a-a0ee-5226c9600ec1" testId="f8b713da-e18c-9eec-3c22-3358d696c10e" testName="LAL.Tests.NumericalCore.Optimization.LbfgsTests.SolveScalar_Float_ConvergesOnQuadratic" computerName="704DESKTOP" duration="00:00:00.0007063" startTime="2026-04-13T14:16:43.5768147+08:00" endTime="2026-04-13T14:16:43.5768148+08:00" testType="13cdc9d9-ddb5-4fa4-a97d-d965ccfc6d4b" outcome="Passed" testListId="8c84fa94-04c1-424b-9868-57a2d4851a1d" relativeResultsDirectory="e317557b-7601-475a-a0ee-5226c9600ec1" />
    <UnitTestResult executionId="6fa0bcd5-880a-4560-a561-3a5d8f22cee5" testId="cb3c8af9-ae8b-8464-9dfc-280badf4ada4" testName="LAL.Tests.OdeCore.DenseOutputTests.InterpolateLinear_Complex_ReturnsExpectedPoint" computerName="704DESKTOP" duration="00:00:00.0005630" startTime="2026-04-13T14:16:43.5708755+08:00" endTime="2026-04-13T14:16:43.5708756+08:00" testType="13cdc9d9-ddb5-4fa4-a97d-d965ccfc6d4b" outcome="Passed" testListId="8c84fa94-04c1-424b-9868-57a2d4851a1d" relativeResultsDirectory="6fa0bcd5-880a-4560-a561-3a5d8f22cee5" />
    <UnitTestResult executionId="df01d933-79d5-4f08-b1ab-6274c74e1cd4" testId="6e4ed417-ae38-3460-980f-4ec323d5f442" testName="LAL.Tests.LinalgCore.TransposeTests.Matrix_TransposesRowMajorMatrix" computerName="704DESKTOP" duration="00:00:00.0002595" startTime="2026-04-13T14:16:43.5743605+08:00" endTime="2026-04-13T14:16:43.5743605+08:00" testType="13cdc9d9-ddb5-4fa4-a97d-d965ccfc6d4b" outcome="Passed" testListId="8c84fa94-04c1-424b-9868-57a2d4851a1d" relativeResultsDirectory="df01d933-79d5-4f08-b1ab-6274c74e1cd4" />
    <UnitTestResult executionId="a78577b9-597d-4caf-8f77-0af2bbf611f2" testId="cffab0cd-9cc5-d930-bb0d-b1d2d9a82684" testName="LAL.Tests.TensorCore.ConvolutionTests.Convolve2D_Works" computerName="704DESKTOP" duration="00:00:00.0015120" startTime="2026-04-13T14:16:43.5732424+08:00" endTime="2026-04-13T14:16:43.5732424+08:00" testType="13cdc9d9-ddb5-4fa4-a97d-d965ccfc6d4b" outcome="Passed" testListId="8c84fa94-04c1-424b-9868-57a2d4851a1d" relativeResultsDirectory="a78577b9-597d-4caf-8f77-0af2bbf611f2" />
    <UnitTestResult executionId="6263252c-720a-4d39-a9e1-933ededa45f2" testId="50752481-76c1-afa3-211b-b63bb233ffd8" testName="LAL.Tests.NumericalCore.Statistics.PearsonCorrelationTests.Compute_Float_ReturnsOneForPerfectPositiveCorrelation" computerName="704DESKTOP" duration="00:00:00.0086976" startTime="2026-04-13T14:16:43.5697011+08:00" endTime="2026-04-13T14:16:43.5697011+08:00" testType="13cdc9d9-ddb5-4fa4-a97d-d965ccfc6d4b" outcome="Passed" testListId="8c84fa94-04c1-424b-9868-57a2d4851a1d" relativeResultsDirectory="6263252c-720a-4d39-a9e1-933ededa45f2" />
    <UnitTestResult executionId="816672ce-876a-410c-bd00-901cf9136d32" testId="cd8e10f6-86ac-918a-4c28-5a05f3298520" testName="LAL.Tests.OdeCore.DenseOutputTests.InterpolateLinear_Float_ReturnsExpectedPoint" computerName="704DESKTOP" duration="00:00:00.0005174" startTime="2026-04-13T14:16:43.5704245+08:00" endTime="2026-04-13T14:16:43.5704245+08:00" testType="13cdc9d9-ddb5-4fa4-a97d-d965ccfc6d4b" outcome="Passed" testListId="8c84fa94-04c1-424b-9868-57a2d4851a1d" relativeResultsDirectory="816672ce-876a-410c-bd00-901cf9136d32" />
    <UnitTestResult executionId="161a1e65-9776-4e1b-8877-701af362aa93" testId="54322653-fc07-b7df-8e9d-7561971850b1" testName="LAL.Tests.TensorCore.UFuncTranscendentalTests.ExpLogSinCos_Work" computerName="704DESKTOP" duration="00:00:00.0006218" startTime="2026-04-13T14:16:43.5740520+08:00" endTime="2026-04-13T14:16:43.5740520+08:00" testType="13cdc9d9-ddb5-4fa4-a97d-d965ccfc6d4b" outcome="Passed" testListId="8c84fa94-04c1-424b-9868-57a2d4851a1d" relativeResultsDirectory="161a1e65-9776-4e1b-8877-701af362aa93" />
    <UnitTestResult executionId="ad85bb77-95f4-433e-b319-f91c8342daf6" testId="7ce53355-09ec-8f78-62b5-8322cfba5221" testName="LAL.Tests.NumericalCore.Optimization.GradientDescentTests.SolveScalar_ConvergesOnQuadraticMinimum" computerName="704DESKTOP" duration="00:00:00.0005835" startTime="2026-04-13T14:16:43.5768201+08:00" endTime="2026-04-13T14:16:43.5768201+08:00" testType="13cdc9d9-ddb5-4fa4-a97d-d965ccfc6d4b" outcome="Passed" testListId="8c84fa94-04c1-424b-9868-57a2d4851a1d" relativeResultsDirectory="ad85bb77-95f4-433e-b319-f91c8342daf6" />
    <UnitTestResult executionId="020b251e-f5a8-4d35-b471-691c8b2daa26" testId="5104b00f-54dd-5877-5b7a-f3bba401093e" testName="LAL.Tests.TensorCore.FftTests.Rfft_ReturnsHalfSpectrum" computerName="704DESKTOP" duration="00:00:00.0009592" startTime="2026-04-13T14:16:43.5725407+08:00" endTime="2026-04-13T14:16:43.5725407+08:00" testType="13cdc9d9-ddb5-4fa4-a97d-d965ccfc6d4b" outcome="Passed" testListId="8c84fa94-04c1-424b-9868-57a2d4851a1d" relativeResultsDirectory="020b251e-f5a8-4d35-b471-691c8b2daa26" />
    <UnitTestResult executionId="87c042c2-b439-4709-a863-e38e2fb64f34" testId="a19f6523-096e-33a6-2fcd-c42a333cac66" testName="LAL.Tests.OdeCore.RadauTests.StepOneStage_Complex_ProducesStableAdvance" computerName="704DESKTOP" duration="00:00:00.0024511" startTime="2026-04-13T14:16:43.5750326+08:00" endTime="2026-04-13T14:16:43.5750326+08:00" testType="13cdc9d9-ddb5-4fa4-a97d-d965ccfc6d4b" outcome="Passed" testListId="8c84fa94-04c1-424b-9868-57a2d4851a1d" relativeResultsDirectory="87c042c2-b439-4709-a863-e38e2fb64f34" />
    <UnitTestResult executionId="e2094297-49e5-48e5-ace7-cc416a40278f" testId="92942e81-bc90-2a14-a06c-6ef24d38e6ef" testName="LAL.Tests.NumericalCore.Random.RngTests.NextUniform_IsDeterministicForSameSeed" computerName="704DESKTOP" duration="00:00:00.0000972" startTime="2026-04-13T14:16:43.5760193+08:00" endTime="2026-04-13T14:16:43.5760194+08:00" testType="13cdc9d9-ddb5-4fa4-a97d-d965ccfc6d4b" outcome="Passed" testListId="8c84fa94-04c1-424b-9868-57a2d4851a1d" relativeResultsDirectory="e2094297-49e5-48e5-ace7-cc416a40278f" />
    <UnitTestResult executionId="deb7105a-e7b1-4f43-bf45-495ffdf5060b" testId="86100b19-2d56-0aca-2f91-752f538782fb" testName="LAL.Tests.TensorCore.FftTests.ForwardInverse2D_RoundTrip" computerName="704DESKTOP" duration="00:00:00.0006652" startTime="2026-04-13T14:16:43.5745758+08:00" endTime="2026-04-13T14:16:43.5745758+08:00" testType="13cdc9d9-ddb5-4fa4-a97d-d965ccfc6d4b" outcome="Passed" testListId="8c84fa94-04c1-424b-9868-57a2d4851a1d" relativeResultsDirectory="deb7105a-e7b1-4f43-bf45-495ffdf5060b" />
    <UnitTestResult executionId="de5730b1-b0f6-4f8b-a8d0-2114eb824798" testId="519f5fb5-093d-976f-a7f1-d7c02c05ed1a" testName="LAL.Tests.LinalgCore.CholeskyTests.DecomposeLower_FactorsSpdMatrix" computerName="704DESKTOP" duration="00:00:00.0043208" startTime="2026-04-13T14:16:43.5562271+08:00" endTime="2026-04-13T14:16:43.5562272+08:00" testType="13cdc9d9-ddb5-4fa4-a97d-d965ccfc6d4b" outcome="Passed" testListId="8c84fa94-04c1-424b-9868-57a2d4851a1d" relativeResultsDirectory="de5730b1-b0f6-4f8b-a8d0-2114eb824798" />
    <UnitTestResult executionId="0004f3b5-4877-4c50-8deb-ccf8cf38d40f" testId="a147734e-4d78-30a4-2c83-820e52134d44" testName="LAL.Tests.OdeCore.StepControllerTests.Propose_AcceptsAndRejectsByError" computerName="704DESKTOP" duration="00:00:00.0003312" startTime="2026-04-13T14:16:43.5676544+08:00" endTime="2026-04-13T14:16:43.5676544+08:00" testType="13cdc9d9-ddb5-4fa4-a97d-d965ccfc6d4b" outcome="Passed" testListId="8c84fa94-04c1-424b-9868-57a2d4851a1d" relativeResultsDirectory="0004f3b5-4877-4c50-8deb-ccf8cf38d40f" />
    <UnitTestResult executionId="b07685c8-92ef-469d-95da-ee8feebce6a3" testId="2fac7d55-1140-5bc6-57e6-d1ec6369cf33" testName="LAL.Tests.TensorCore.ShapeOpsTests.ReshapeCopy_AndTranspose2D_Work" computerName="704DESKTOP" duration="00:00:00.0011608" startTime="2026-04-13T14:16:43.5745973+08:00" endTime="2026-04-13T14:16:43.5745973+08:00" testType="13cdc9d9-ddb5-4fa4-a97d-d965ccfc6d4b" outcome="Passed" testListId="8c84fa94-04c1-424b-9868-57a2d4851a1d" relativeResultsDirectory="b07685c8-92ef-469d-95da-ee8feebce6a3" />
    <UnitTestResult executionId="e31badf1-22ea-4fd7-afe2-253a43c2b947" testId="b52057fe-4fad-1401-6b28-56bec7bd0253" testName="LAL.Tests.LinalgCore.LuTests.FactorAndSolve_SolvesLinearSystem" computerName="704DESKTOP" duration="00:00:00.0009143" startTime="2026-04-13T14:16:43.5689461+08:00" endTime="2026-04-13T14:16:43.5689462+08:00" testType="13cdc9d9-ddb5-4fa4-a97d-d965ccfc6d4b" outcome="Passed" testListId="8c84fa94-04c1-424b-9868-57a2d4851a1d" relativeResultsDirectory="e31badf1-22ea-4fd7-afe2-253a43c2b947" />
    <UnitTestResult executionId="880ca160-ee33-4ce2-90a6-3599474e142a" testId="c59271cd-c64a-9e27-c842-6ac638779a30" testName="LAL.Tests.TensorCore.ConvolutionTests.ConvolveNDFull_ParallelPath_MatchesReferenceFor2DShape" computerName="704DESKTOP" duration="00:00:00.0098140" startTime="2026-04-13T14:16:43.5783263+08:00" endTime="2026-04-13T14:16:43.5783264+08:00" testType="13cdc9d9-ddb5-4fa4-a97d-d965ccfc6d4b" outcome="Passed" testListId="8c84fa94-04c1-424b-9868-57a2d4851a1d" relativeResultsDirectory="880ca160-ee33-4ce2-90a6-3599474e142a" />
    <UnitTestResult executionId="d39a00e5-0ace-4a95-bb84-b914a690c8be" testId="3370d045-78d9-c4dc-e8ba-b2c98e785970" testName="LAL.Tests.NumericalCore.Statistics.ZigguratTests.NextU01_StaysInsideOpenUnitInterval" computerName="704DESKTOP" duration="00:00:00.0006623" startTime="2026-04-13T14:16:43.5778265+08:00" endTime="2026-04-13T14:16:43.5778265+08:00" testType="13cdc9d9-ddb5-4fa4-a97d-d965ccfc6d4b" outcome="Passed" testListId="8c84fa94-04c1-424b-9868-57a2d4851a1d" relativeResultsDirectory="d39a00e5-0ace-4a95-bb84-b914a690c8be" />
    <UnitTestResult executionId="88e74f8f-397a-493c-a4de-61b33dc92b8d" testId="a3cd2203-33a0-81cf-5638-ee2781dc1a4c" testName="LAL.Tests.NumericalCore.Statistics.ZigguratTests.NextUniform_StaysInsideRequestedRange" computerName="704DESKTOP" duration="00:00:00.0008488" startTime="2026-04-13T14:16:43.5775612+08:00" endTime="2026-04-13T14:16:43.5775613+08:00" testType="13cdc9d9-ddb5-4fa4-a97d-d965ccfc6d4b" outcome="Passed" testListId="8c84fa94-04c1-424b-9868-57a2d4851a1d" relativeResultsDirectory="88e74f8f-397a-493c-a4de-61b33dc92b8d" />
    <UnitTestResult executionId="7d98a1e4-881f-4edd-8510-6accd8f9b8cb" testId="a68b2b8e-d1b6-c1d2-bbc8-53f2bb417c11" testName="LAL.Tests.NumericalCore.Statistics.PearsonCorrelationTests.Compute_ReturnsMinusOneForPerfectNegativeCorrelation" computerName="704DESKTOP" duration="00:00:00.0001122" startTime="2026-04-13T14:16:43.5716026+08:00" endTime="2026-04-13T14:16:43.5716026+08:00" testType="13cdc9d9-ddb5-4fa4-a97d-d965ccfc6d4b" outcome="Passed" testListId="8c84fa94-04c1-424b-9868-57a2d4851a1d" relativeResultsDirectory="7d98a1e4-881f-4edd-8510-6accd8f9b8cb" />
    <UnitTestResult executionId="807136cb-03f4-4853-acd2-9649753dfa6b" testId="64fc4aa4-cc6a-f01b-d76c-f0783e38c137" testName="LAL.Tests.LinalgCore.GemvTests.Multiply_Complex_ComputesMatrixVectorProduct" computerName="704DESKTOP" duration="00:00:00.0011059" startTime="2026-04-13T14:16:43.5733260+08:00" endTime="2026-04-13T14:16:43.5733260+08:00" testType="13cdc9d9-ddb5-4fa4-a97d-d965ccfc6d4b" outcome="Passed" testListId="8c84fa94-04c1-424b-9868-57a2d4851a1d" relativeResultsDirectory="807136cb-03f4-4853-acd2-9649753dfa6b" />
    <UnitTestResult executionId="4633ca98-5da8-4396-8632-097a6887a394" testId="2187e066-9705-f87b-a53b-c180234b1f4c" testName="LAL.Tests.LinalgCore.EigenSolverTests.PowerIteration_FindsDominantEigenvalue" computerName="704DESKTOP" duration="00:00:00.0022678" startTime="2026-04-13T14:16:43.5758047+08:00" endTime="2026-04-13T14:16:43.5758047+08:00" testType="13cdc9d9-ddb5-4fa4-a97d-d965ccfc6d4b" outcome="Passed" testListId="8c84fa94-04c1-424b-9868-57a2d4851a1d" relativeResultsDirectory="4633ca98-5da8-4396-8632-097a6887a394" />
    <UnitTestResult executionId="67a8b477-e687-4509-9d27-49407a881702" testId="da9da59a-857a-c897-84fc-59e47a27d4ad" testName="LAL.Tests.TensorCore.ConvolutionTests.Convolve2D_ParallelPath_MatchesReference" computerName="704DESKTOP" duration="00:00:00.0029662" startTime="2026-04-13T14:16:43.5752990+08:00" endTime="2026-04-13T14:16:43.5752991+08:00" testType="13cdc9d9-ddb5-4fa4-a97d-d965ccfc6d4b" outcome="Passed" testListId="8c84fa94-04c1-424b-9868-57a2d4851a1d" relativeResultsDirectory="67a8b477-e687-4509-9d27-49407a881702" />
    <UnitTestResult executionId="56229722-af87-42ec-bc03-627d5e75c4e0" testId="0d7d9748-258b-f02d-9faf-6827c43b6ee3" testName="LAL.Tests.NumericalCore.Statistics.PearsonCorrelationTests.Compute_Complex_ReturnsNearOneForLinearMapping" computerName="704DESKTOP" duration="00:00:00.0006756" startTime="2026-04-13T14:16:43.5721744+08:00" endTime="2026-04-13T14:16:43.5721745+08:00" testType="13cdc9d9-ddb5-4fa4-a97d-d965ccfc6d4b" outcome="Passed" testListId="8c84fa94-04c1-424b-9868-57a2d4851a1d" relativeResultsDirectory="56229722-af87-42ec-bc03-627d5e75c4e0" />
    <UnitTestResult executionId="18f4b25f-93eb-48cc-a26b-ca356eeb7516" testId="06472fb0-d9a0-2636-368f-28d8c08e57b6" testName="LAL.Tests.NumericalCore.Statistics.PearsonCorrelationTests.Compute_ReturnsOneForPerfectPositiveCorrelation" computerName="704DESKTOP" duration="00:00:00.0042489" startTime="2026-04-13T14:16:43.5565132+08:00" endTime="2026-04-13T14:16:43.5565132+08:00" testType="13cdc9d9-ddb5-4fa4-a97d-d965ccfc6d4b" outcome="Passed" testListId="8c84fa94-04c1-424b-9868-57a2d4851a1d" relativeResultsDirectory="18f4b25f-93eb-48cc-a26b-ca356eeb7516" />
    <UnitTestResult executionId="2bab51b9-d08b-4aa8-92d4-7e79de45a92b" testId="bbce24d5-fb93-3127-48e5-cebb0feec38d" testName="LAL.Tests.LinalgCore.MatrixOpsTests.AddSubtractAndDot_Work" computerName="704DESKTOP" duration="00:00:00.0009382" startTime="2026-04-13T14:16:43.5748577+08:00" endTime="2026-04-13T14:16:43.5748578+08:00" testType="13cdc9d9-ddb5-4fa4-a97d-d965ccfc6d4b" outcome="Passed" testListId="8c84fa94-04c1-424b-9868-57a2d4851a1d" relativeResultsDirectory="2bab51b9-d08b-4aa8-92d4-7e79de45a92b" />
    <UnitTestResult executionId="20b0c626-2ee7-433e-bac8-e49b166f7755" testId="fad2fa2f-5e97-0ea9-fae8-0ac7b2919669" testName="LAL.Tests.TensorCore.UFuncArithmeticTests.Add_ComputesElementwiseSum" computerName="704DESKTOP" duration="00:00:00.0004709" startTime="2026-04-13T14:16:43.5755096+08:00" endTime="2026-04-13T14:16:43.5755097+08:00" testType="13cdc9d9-ddb5-4fa4-a97d-d965ccfc6d4b" outcome="Passed" testListId="8c84fa94-04c1-424b-9868-57a2d4851a1d" relativeResultsDirectory="20b0c626-2ee7-433e-bac8-e49b166f7755" />
    <UnitTestResult executionId="210127d5-6081-45d8-a5d2-1f3a960b74fa" testId="7334b93a-4299-b9af-ae35-9e40ba3a8abf" testName="LAL.Tests.LinalgCore.InvariantPropertyTests.Dotu_IsLinear_ForRandomVectors" computerName="704DESKTOP" duration="00:00:00.0007505" startTime="2026-04-13T14:16:43.5753339+08:00" endTime="2026-04-13T14:16:43.5753339+08:00" testType="13cdc9d9-ddb5-4fa4-a97d-d965ccfc6d4b" outcome="Passed" testListId="8c84fa94-04c1-424b-9868-57a2d4851a1d" relativeResultsDirectory="210127d5-6081-45d8-a5d2-1f3a960b74fa" />
    <UnitTestResult executionId="7a0c186f-ab22-46e5-9f07-78b5b8de42dd" testId="a1ddbe7f-3ce5-c4f3-eb43-94820dd119fb" testName="LAL.Tests.NumericalCore.RootFinding.BrentTests.Solve_Float_FindsRootWithinBracket" computerName="704DESKTOP" duration="00:00:00.0014527" startTime="2026-04-13T14:16:43.5729087+08:00" endTime="2026-04-13T14:16:43.5729087+08:00" testType="13cdc9d9-ddb5-4fa4-a97d-d965ccfc6d4b" outcome="Passed" testListId="8c84fa94-04c1-424b-9868-57a2d4851a1d" relativeResultsDirectory="7a0c186f-ab22-46e5-9f07-78b5b8de42dd" />
    <UnitTestResult executionId="376358bd-81a3-4e30-8bbf-1f8e7043574b" testId="4d1ad519-6cd9-ca7f-3c68-9d0720473f6e" testName="LAL.Tests.LinalgCore.MatrixAnalysisTests.DominantEigenvalue_WorksForDiagonalMatrix" computerName="704DESKTOP" duration="00:00:00.0001884" startTime="2026-04-13T14:16:43.5780845+08:00" endTime="2026-04-13T14:16:43.5780845+08:00" testType="13cdc9d9-ddb5-4fa4-a97d-d965ccfc6d4b" outcome="Passed" testListId="8c84fa94-04c1-424b-9868-57a2d4851a1d" relativeResultsDirectory="376358bd-81a3-4e30-8bbf-1f8e7043574b" />
    <UnitTestResult executionId="2e9e0c6a-d773-4d1b-89ae-1715be957d92" testId="a8522380-6765-fb86-3a3a-1d5c5c0b97c9" testName="LAL.Tests.LinalgCore.DistanceMetricsTests.PairwiseMahalanobis_WithIdentityInverseCovariance_EqualsEuclidean" computerName="704DESKTOP" duration="00:00:00.0014633" startTime="2026-04-13T14:16:43.5717955+08:00" endTime="2026-04-13T14:16:43.5717955+08:00" testType="13cdc9d9-ddb5-4fa4-a97d-d965ccfc6d4b" outcome="Passed" testListId="8c84fa94-04c1-424b-9868-57a2d4851a1d" relativeResultsDirectory="2e9e0c6a-d773-4d1b-89ae-1715be957d92" />
    <UnitTestResult executionId="9b425bd6-2def-463c-a7f6-e5dbd72aef89" testId="5d39377f-84e5-0557-9089-58c44381c238" testName="LAL.Tests.TensorCore.FftTests.ForwardInverseND_RoundTrip" computerName="704DESKTOP" duration="00:00:00.0029187" startTime="2026-04-13T14:16:43.5715473+08:00" endTime="2026-04-13T14:16:43.5715474+08:00" testType="13cdc9d9-ddb5-4fa4-a97d-d965ccfc6d4b" outcome="Passed" testListId="8c84fa94-04c1-424b-9868-57a2d4851a1d" relativeResultsDirectory="9b425bd6-2def-463c-a7f6-e5dbd72aef89" />
    <UnitTestResult executionId="985403c6-ff0d-4262-84d5-050b53b39d9f" testId="4493c10a-8fbd-c05e-1e94-5f762785b729" testName="LAL.Tests.OdeCore.JacobianEstimatorTests.EstimateForwardDifference_ApproximatesLinearSystemJacobian" computerName="704DESKTOP" duration="00:00:00.0075986" startTime="2026-04-13T14:16:43.5676785+08:00" endTime="2026-04-13T14:16:43.5676785+08:00" testType="13cdc9d9-ddb5-4fa4-a97d-d965ccfc6d4b" outcome="Passed" testListId="8c84fa94-04c1-424b-9868-57a2d4851a1d" relativeResultsDirectory="985403c6-ff0d-4262-84d5-050b53b39d9f" />
    <UnitTestResult executionId="436a345d-b6cd-4068-952a-8825db207a9b" testId="bd354157-58eb-2ee4-0c55-4c7601efc783" testName="LAL.Tests.LinalgCore.GemvTests.Multiply_ComputesMatrixVectorProduct" computerName="704DESKTOP" duration="00:00:00.0153924" startTime="2026-04-13T14:16:43.5696821+08:00" endTime="2026-04-13T14:16:43.5696822+08:00" testType="13cdc9d9-ddb5-4fa4-a97d-d965ccfc6d4b" outcome="Passed" testListId="8c84fa94-04c1-424b-9868-57a2d4851a1d" relativeResultsDirectory="436a345d-b6cd-4068-952a-8825db207a9b" />
    <UnitTestResult executionId="695c7421-32da-4041-a8ce-0ac2c956e3eb" testId="51ffa7fd-7a66-ab25-50b7-4c454ab183fb" testName="LAL.Tests.OdeCore.EulerTests.Step_AdvancesStateForLinearSystem" computerName="704DESKTOP" duration="00:00:00.0007637" startTime="2026-04-13T14:16:43.5708520+08:00" endTime="2026-04-13T14:16:43.5708520+08:00" testType="13cdc9d9-ddb5-4fa4-a97d-d965ccfc6d4b" outcome="Passed" testListId="8c84fa94-04c1-424b-9868-57a2d4851a1d" relativeResultsDirectory="695c7421-32da-4041-a8ce-0ac2c956e3eb" />
    <UnitTestResult executionId="8df36a58-8b7f-400e-a2ff-eaa71b2d7bd7" testId="a3a7dcbd-7593-e61f-d0f5-c1b0bf1481a9" testName="LAL.Tests.NumericalCore.RootFinding.SecantTests.Solve_Complex_FindsImaginaryUnitRoot" computerName="704DESKTOP" duration="00:00:00.0002136" startTime="2026-04-13T14:16:43.5768516+08:00" endTime="2026-04-13T14:16:43.5768517+08:00" testType="13cdc9d9-ddb5-4fa4-a97d-d965ccfc6d4b" outcome="Passed" testListId="8c84fa94-04c1-424b-9868-57a2d4851a1d" relativeResultsDirectory="8df36a58-8b7f-400e-a2ff-eaa71b2d7bd7" />
    <UnitTestResult executionId="023074fd-7381-4367-9c74-350e00f39fe9" testId="cb2b3bd6-de06-9842-54e0-3eda0cba8b26" testName="LAL.Tests.LinalgCore.NormsTests.ComplexNorms_ReturnExpectedValues" computerName="704DESKTOP" duration="00:00:00.0004549" startTime="2026-04-13T14:16:43.5752570+08:00" endTime="2026-04-13T14:16:43.5752570+08:00" testType="13cdc9d9-ddb5-4fa4-a97d-d965ccfc6d4b" outcome="Passed" testListId="8c84fa94-04c1-424b-9868-57a2d4851a1d" relativeResultsDirectory="023074fd-7381-4367-9c74-350e00f39fe9" />
    <UnitTestResult executionId="226aad54-b090-43f0-8ec8-4d04e40c1e13" testId="40685db0-0177-021c-35b0-3ab94f7810b6" testName="LAL.Tests.NumericalCore.RootFinding.SecantTests.Solve_ReturnsNotConvergedWhenDenominatorDegenerates" computerName="704DESKTOP" duration="00:00:00.0009238" startTime="2026-04-13T14:16:43.5767966+08:00" endTime="2026-04-13T14:16:43.5767966+08:00" testType="13cdc9d9-ddb5-4fa4-a97d-d965ccfc6d4b" outcome="Passed" testListId="8c84fa94-04c1-424b-9868-57a2d4851a1d" relativeResultsDirectory="226aad54-b090-43f0-8ec8-4d04e40c1e13" />
    <UnitTestResult executionId="9203f2b3-743e-4048-b3f3-294ca4c70d77" testId="d116ae43-b10a-3da5-d75d-7712e7186e17" testName="LAL.Tests.TensorCore.ReductionsTests.MaxMinQuantileMedian_Work" computerName="704DESKTOP" duration="00:00:00.0043631" startTime="2026-04-13T14:16:43.5567422+08:00" endTime="2026-04-13T14:16:43.5567423+08:00" testType="13cdc9d9-ddb5-4fa4-a97d-d965ccfc6d4b" outcome="Passed" testListId="8c84fa94-04c1-424b-9868-57a2d4851a1d" relativeResultsDirectory="9203f2b3-743e-4048-b3f3-294ca4c70d77" />
    <UnitTestResult executionId="d9ef57d6-8a76-417b-bf7a-67ae13ad1b0f" testId="35091540-bb91-244e-8ed8-170e0b4ae961" testName="LAL.Tests.TensorCore.StridedViewTests.PermuteShape_ReordersAxes" computerName="704DESKTOP" duration="00:00:00.0003699" startTime="2026-04-13T14:16:43.5704796+08:00" endTime="2026-04-13T14:16:43.5704797+08:00" testType="13cdc9d9-ddb5-4fa4-a97d-d965ccfc6d4b" outcome="Passed" testListId="8c84fa94-04c1-424b-9868-57a2d4851a1d" relativeResultsDirectory="d9ef57d6-8a76-417b-bf7a-67ae13ad1b0f" />
    <UnitTestResult executionId="4928879f-08b5-410f-a20e-ecfb5e0cf905" testId="95526353-91a2-d87d-2b57-bd40572fc25e" testName="LAL.Tests.TensorCore.FftTests.RfftND_ReturnsSpectrumWithExpectedLength" computerName="704DESKTOP" duration="00:00:00.0011775" startTime="2026-04-13T14:16:43.5741106+08:00" endTime="2026-04-13T14:16:43.5741106+08:00" testType="13cdc9d9-ddb5-4fa4-a97d-d965ccfc6d4b" outcome="Passed" testListId="8c84fa94-04c1-424b-9868-57a2d4851a1d" relativeResultsDirectory="4928879f-08b5-410f-a20e-ecfb5e0cf905" />
    <UnitTestResult executionId="df73f4a4-54bc-40f3-aae1-eb6f17d006a3" testId="1dbd5cad-eaba-d85e-4d7d-0baa8a87db1b" testName="LAL.Tests.TensorCore.EinsumTests.MatrixMultiplyPattern_Works" computerName="704DESKTOP" duration="00:00:00.0040655" startTime="2026-04-13T14:16:43.5725132+08:00" endTime="2026-04-13T14:16:43.5725132+08:00" testType="13cdc9d9-ddb5-4fa4-a97d-d965ccfc6d4b" outcome="Passed" testListId="8c84fa94-04c1-424b-9868-57a2d4851a1d" relativeResultsDirectory="df73f4a4-54bc-40f3-aae1-eb6f17d006a3" />
    <UnitTestResult executionId="055d60a8-819f-44b6-8561-9a7a39f823df" testId="f98c8cd2-e912-e270-1708-e3d35e5b2e91" testName="LAL.Tests.NumericalCore.Differentiation.FiniteDifferenceTests.Float_ApproximatesDerivative" computerName="704DESKTOP" duration="00:00:00.0002200" startTime="2026-04-13T14:16:43.5718359+08:00" endTime="2026-04-13T14:16:43.5718360+08:00" testType="13cdc9d9-ddb5-4fa4-a97d-d965ccfc6d4b" outcome="Passed" testListId="8c84fa94-04c1-424b-9868-57a2d4851a1d" relativeResultsDirectory="055d60a8-819f-44b6-8561-9a7a39f823df" />
    <UnitTestResult executionId="9a06f687-243d-4cb5-8a1d-3c2a2ec36393" testId="d32775d8-384e-5656-aee6-b66a0c63172e" testName="LAL.Tests.NumericalCore.Optimization.GradientDescentTests.SolveScalar_Complex_ConvergesOnQuadraticMinimum" computerName="704DESKTOP" duration="00:00:00.0007423" startTime="2026-04-13T14:16:43.5770811+08:00" endTime="2026-04-13T14:16:43.5770812+08:00" testType="13cdc9d9-ddb5-4fa4-a97d-d965ccfc6d4b" outcome="Passed" testListId="8c84fa94-04c1-424b-9868-57a2d4851a1d" relativeResultsDirectory="9a06f687-243d-4cb5-8a1d-3c2a2ec36393" />
    <UnitTestResult executionId="b457ac4a-82b6-40af-bf4c-7de660c03fc0" testId="a936d33c-e749-b318-1cf2-f5667f8526b4" testName="LAL.Tests.NumericalCore.RootFinding.NewtonTests.Solve_FindsSquareRootOfTwo" computerName="704DESKTOP" duration="00:00:00.0005227" startTime="2026-04-13T14:16:43.5773652+08:00" endTime="2026-04-13T14:16:43.5773652+08:00" testType="13cdc9d9-ddb5-4fa4-a97d-d965ccfc6d4b" outcome="Passed" testListId="8c84fa94-04c1-424b-9868-57a2d4851a1d" relativeResultsDirectory="b457ac4a-82b6-40af-bf4c-7de660c03fc0" />
    <UnitTestResult executionId="5067aa58-170f-4d0d-af36-e2260e192d4d" testId="c86ee620-37ab-7d64-6e91-e7b89b974f48" testName="LAL.Tests.OdeCore.Rk45Tests.Step_Float_ProducesAccurateEstimateForExpGrowth" computerName="704DESKTOP" duration="00:00:00.0034734" startTime="2026-04-13T14:16:43.5766323+08:00" endTime="2026-04-13T14:16:43.5766323+08:00" testType="13cdc9d9-ddb5-4fa4-a97d-d965ccfc6d4b" outcome="Passed" testListId="8c84fa94-04c1-424b-9868-57a2d4851a1d" relativeResultsDirectory="5067aa58-170f-4d0d-af36-e2260e192d4d" />
    <UnitTestResult executionId="460241b7-fbd7-406b-b42d-3c3918c22aa1" testId="da573448-4e80-4473-629c-d3009984c0f5" testName="LAL.Tests.LinalgCore.MatrixAnalysisTests.Eigenvalues2x2_WorksForSymmetricMatrix" computerName="704DESKTOP" duration="00:00:00.0004334" startTime="2026-04-13T14:16:43.5780514+08:00" endTime="2026-04-13T14:16:43.5780515+08:00" testType="13cdc9d9-ddb5-4fa4-a97d-d965ccfc6d4b" outcome="Passed" testListId="8c84fa94-04c1-424b-9868-57a2d4851a1d" relativeResultsDirectory="460241b7-fbd7-406b-b42d-3c3918c22aa1" />
    <UnitTestResult executionId="7f4e3c5a-2a08-45aa-b2b7-bc40cd612fa0" testId="e2fa2aa5-7974-2e79-ffe1-aeab1d866f0c" testName="LAL.Tests.NumericalCore.Interpolation.RbfTests.ComputeWeights_Complex_InterpolatesCenters" computerName="704DESKTOP" duration="00:00:00.0069652" startTime="2026-04-13T14:16:43.5676366+08:00" endTime="2026-04-13T14:16:43.5676366+08:00" testType="13cdc9d9-ddb5-4fa4-a97d-d965ccfc6d4b" outcome="Passed" testListId="8c84fa94-04c1-424b-9868-57a2d4851a1d" relativeResultsDirectory="7f4e3c5a-2a08-45aa-b2b7-bc40cd612fa0" />
    <UnitTestResult executionId="b7e8ef54-dec0-428d-84f3-943027928a90" testId="2189d446-6226-4fe1-1e38-29432fcb0dce" testName="LAL.Tests.OdeCore.RadauTests.StepOneStage_StaysBoundedOnStiffProblem" computerName="704DESKTOP" duration="00:00:00.0002676" startTime="2026-04-13T14:16:43.5729409+08:00" endTime="2026-04-13T14:16:43.5729409+08:00" testType="13cdc9d9-ddb5-4fa4-a97d-d965ccfc6d4b" outcome="Passed" testListId="8c84fa94-04c1-424b-9868-57a2d4851a1d" relativeResultsDirectory="b7e8ef54-dec0-428d-84f3-943027928a90" />
    <UnitTestResult executionId="5298b346-2a64-4377-b0d3-d06cae7d41f3" testId="39bd4cce-ca54-8f79-8a0e-d7d87a4c1698" testName="LAL.Tests.LinalgCore.DotTests.Dotu_Double_ReturnsExpectedValue" computerName="704DESKTOP" duration="00:00:00.0001633" startTime="2026-04-13T14:16:43.5715283+08:00" endTime="2026-04-13T14:16:43.5715283+08:00" testType="13cdc9d9-ddb5-4fa4-a97d-d965ccfc6d4b" outcome="Passed" testListId="8c84fa94-04c1-424b-9868-57a2d4851a1d" relativeResultsDirectory="5298b346-2a64-4377-b0d3-d06cae7d41f3" />
    <UnitTestResult executionId="ac97e32e-1c5f-48cd-ab3c-820fe1710627" testId="48982ea1-3fde-8be6-1b79-0921d19d45a4" testName="LAL.Tests.LinalgCore.GemmTests.Multiply_Float_ComputesMatrixMatrixProduct" computerName="704DESKTOP" duration="00:00:00.0009158" startTime="2026-04-13T14:16:43.5754926+08:00" endTime="2026-04-13T14:16:43.5754926+08:00" testType="13cdc9d9-ddb5-4fa4-a97d-d965ccfc6d4b" outcome="Passed" testListId="8c84fa94-04c1-424b-9868-57a2d4851a1d" relativeResultsDirectory="ac97e32e-1c5f-48cd-ab3c-820fe1710627" />
    <UnitTestResult executionId="d03c051c-ed94-46fb-8b07-6f01b1cd5c67" testId="b64c683b-a02d-413e-d167-b6617a0b2e32" testName="LAL.Tests.LinalgCore.MatrixOpsTests.Float_Operations_Work" computerName="704DESKTOP" duration="00:00:00.0018321" startTime="2026-04-13T14:16:43.5773746+08:00" endTime="2026-04-13T14:16:43.5773746+08:00" testType="13cdc9d9-ddb5-4fa4-a97d-d965ccfc6d4b" outcome="Passed" testListId="8c84fa94-04c1-424b-9868-57a2d4851a1d" relativeResultsDirectory="d03c051c-ed94-46fb-8b07-6f01b1cd5c67" />
    <UnitTestResult executionId="ea46e2a1-76c2-40e9-94e0-2d5ed87f7731" testId="22b3584e-b5c7-fcfd-35ee-8daee17a6913" testName="LAL.Tests.LinalgCore.AxpyTests.Compute_Float_UpdatesYWithAlphaXPlusY" computerName="704DESKTOP" duration="00:00:00.0008427" startTime="2026-04-13T14:16:43.5708312+08:00" endTime="2026-04-13T14:16:43.5708312+08:00" testType="13cdc9d9-ddb5-4fa4-a97d-d965ccfc6d4b" outcome="Passed" testListId="8c84fa94-04c1-424b-9868-57a2d4851a1d" relativeResultsDirectory="ea46e2a1-76c2-40e9-94e0-2d5ed87f7731" />
    <UnitTestResult executionId="ea98675c-d75c-4a5b-8574-3798be87c9d6" testId="ba256e5e-d30a-bda2-06a6-c399d52808c3" testName="LAL.Tests.LinalgCore.DistanceMetricsTests.PairwiseCosine_ComputesExpectedDistances" computerName="704DESKTOP" duration="00:00:00.0009482" startTime="2026-04-13T14:16:43.5704644+08:00" endTime="2026-04-13T14:16:43.5704645+08:00" testType="13cdc9d9-ddb5-4fa4-a97d-d965ccfc6d4b" outcome="Passed" testListId="8c84fa94-04c1-424b-9868-57a2d4851a1d" relativeResultsDirectory="ea98675c-d75c-4a5b-8574-3798be87c9d6" />
    <UnitTestResult executionId="1f8ef957-e006-45b3-ac38-04801bdc775b" testId="9a0752ee-bf17-645a-2735-577b07c124e8" testName="LAL.Tests.TensorCore.StridedViewTests.Slice1D_WithNegativeStep_Works" computerName="704DESKTOP" duration="00:00:00.0001638" startTime="2026-04-13T14:16:43.5708062+08:00" endTime="2026-04-13T14:16:43.5708063+08:00" testType="13cdc9d9-ddb5-4fa4-a97d-d965ccfc6d4b" outcome="Passed" testListId="8c84fa94-04c1-424b-9868-57a2d4851a1d" relativeResultsDirectory="1f8ef957-e006-45b3-ac38-04801bdc775b" />
    <UnitTestResult executionId="aad9c504-ff06-4cdd-9589-909e9a8c468d" testId="39084b3c-a51d-dd2c-2bd9-fc86f6ed4784" testName="LAL.Tests.OdeCore.Rk45Tests.Step_ProducesAccurateEstimateForExpGrowth" computerName="704DESKTOP" duration="00:00:00.0045240" startTime="2026-04-13T14:16:43.5780996+08:00" endTime="2026-04-13T14:16:43.5780996+08:00" testType="13cdc9d9-ddb5-4fa4-a97d-d965ccfc6d4b" outcome="Passed" testListId="8c84fa94-04c1-424b-9868-57a2d4851a1d" relativeResultsDirectory="aad9c504-ff06-4cdd-9589-909e9a8c468d" />
    <UnitTestResult executionId="d4522b52-8668-4ab2-88dd-1c6557424387" testId="235b20e6-bb9b-c3fc-f15c-567fcef245e5" testName="LAL.Tests.LinalgCore.GemvTests.Multiply_Float_ComputesMatrixVectorProduct" computerName="704DESKTOP" duration="00:00:00.0030297" startTime="2026-04-13T14:16:43.5722167+08:00" endTime="2026-04-13T14:16:43.5722167+08:00" testType="13cdc9d9-ddb5-4fa4-a97d-d965ccfc6d4b" outcome="Passed" testListId="8c84fa94-04c1-424b-9868-57a2d4851a1d" relativeResultsDirectory="d4522b52-8668-4ab2-88dd-1c6557424387" />
    <UnitTestResult executionId="7b74e0c3-06fc-434d-8bea-b38d3dd7324b" testId="95d51773-adea-6140-c296-4644bbb36c64" testName="LAL.Tests.LinalgCore.AxpyTests.Compute_Complex_UpdatesYWithAlphaXPlusY" computerName="704DESKTOP" duration="00:00:00.0003148" startTime="2026-04-13T14:16:43.5715918+08:00" endTime="2026-04-13T14:16:43.5715919+08:00" testType="13cdc9d9-ddb5-4fa4-a97d-d965ccfc6d4b" outcome="Passed" testListId="8c84fa94-04c1-424b-9868-57a2d4851a1d" relativeResultsDirectory="7b74e0c3-06fc-434d-8bea-b38d3dd7324b" />
    <UnitTestResult executionId="21884420-1496-47f7-b9b1-5e6cfa1db247" testId="ad0421b5-fc75-f599-3851-a97979f90c77" testName="LAL.Tests.NumericalCore.Statistics.CovarianceTests.ComputeAndCorrelation_Work" computerName="704DESKTOP" duration="00:00:00.0007036" startTime="2026-04-13T14:16:43.5729641+08:00" endTime="2026-04-13T14:16:43.5729641+08:00" testType="13cdc9d9-ddb5-4fa4-a97d-d965ccfc6d4b" outcome="Passed" testListId="8c84fa94-04c1-424b-9868-57a2d4851a1d" relativeResultsDirectory="21884420-1496-47f7-b9b1-5e6cfa1db247" />
    <UnitTestResult executionId="e9c823c2-da1f-4c25-ab68-6527e9d7f624" testId="41af17f8-a600-14fc-3b02-26862bf4724e" testName="LAL.Tests.TensorCore.ConvolutionTests.ParallelSettings_NegativeMaxDegree_Throws" computerName="704DESKTOP" duration="00:00:00.0005109" startTime="2026-04-13T14:16:43.5783744+08:00" endTime="2026-04-13T14:16:43.5783744+08:00" testType="13cdc9d9-ddb5-4fa4-a97d-d965ccfc6d4b" outcome="Passed" testListId="8c84fa94-04c1-424b-9868-57a2d4851a1d" relativeResultsDirectory="e9c823c2-da1f-4c25-ab68-6527e9d7f624" />
    <UnitTestResult executionId="1b404aa7-b36a-4fdb-b27a-1787c69556a7" testId="de97515e-0947-48cb-6737-576368c2909e" testName="LAL.Tests.NumericalCore.RootFinding.BrentTests.Solve_FindsRootWithinBracket" computerName="704DESKTOP" duration="00:00:00.0008781" startTime="2026-04-13T14:16:43.5718190+08:00" endTime="2026-04-13T14:16:43.5718190+08:00" testType="13cdc9d9-ddb5-4fa4-a97d-d965ccfc6d4b" outcome="Passed" testListId="8c84fa94-04c1-424b-9868-57a2d4851a1d" relativeResultsDirectory="1b404aa7-b36a-4fdb-b27a-1787c69556a7" />
    <UnitTestResult executionId="7f1fbf98-2a51-4369-9f26-68ad356e9fd4" testId="1041c6f5-e33f-2c48-b11e-9594374e7995" testName="LAL.Tests.LinalgCore.VectorOpsTests.AddAndSubtract_Work" computerName="704DESKTOP" duration="00:00:00.0005058" startTime="2026-04-13T14:16:43.5773546+08:00" endTime="2026-04-13T14:16:43.5773546+08:00" testType="13cdc9d9-ddb5-4fa4-a97d-d965ccfc6d4b" outcome="Passed" testListId="8c84fa94-04c1-424b-9868-57a2d4851a1d" relativeResultsDirectory="7f1fbf98-2a51-4369-9f26-68ad356e9fd4" />
    <UnitTestResult executionId="404c48d3-7dd1-426c-87bf-f1e7bda4fc74" testId="ad1f4685-92db-0402-485c-0b2ff7a94819" testName="LAL.Tests.LinalgCore.Sparse.SpmvTests.CsrMultiply_ComputesRowProducts" computerName="704DESKTOP" duration="00:00:00.0017136" startTime="2026-04-13T14:16:43.5765622+08:00" endTime="2026-04-13T14:16:43.5765623+08:00" testType="13cdc9d9-ddb5-4fa4-a97d-d965ccfc6d4b" outcome="Passed" testListId="8c84fa94-04c1-424b-9868-57a2d4851a1d" relativeResultsDirectory="404c48d3-7dd1-426c-87bf-f1e7bda4fc74" />
    <UnitTestResult executionId="b936bfe1-60f3-4e5d-9c2e-f90b2e4a39e5" testId="88230efa-f4f3-4a16-4f73-6d1ca495cc8e" testName="LAL.Tests.TensorCore.ComplexOpsTests.Conjugate_FlipsImaginarySign" computerName="704DESKTOP" duration="00:00:00.0002402" startTime="2026-04-13T14:16:43.5746108+08:00" endTime="2026-04-13T14:16:43.5746108+08:00" testType="13cdc9d9-ddb5-4fa4-a97d-d965ccfc6d4b" outcome="Passed" testListId="8c84fa94-04c1-424b-9868-57a2d4851a1d" relativeResultsDirectory="b936bfe1-60f3-4e5d-9c2e-f90b2e4a39e5" />
    <UnitTestResult executionId="b997fe8e-c738-458d-84d1-13f97c332cdd" testId="0ad017fb-fb4b-cbe0-428c-80a7f3a4244d" testName="LAL.Tests.NumericalCore.Integration.BasicQuadratureTests.Simpson_Complex_ApproximatesIntegral" computerName="704DESKTOP" duration="00:00:00.0006995" startTime="2026-04-13T14:16:43.5712910+08:00" endTime="2026-04-13T14:16:43.5712910+08:00" testType="13cdc9d9-ddb5-4fa4-a97d-d965ccfc6d4b" outcome="Passed" testListId="8c84fa94-04c1-424b-9868-57a2d4851a1d" relativeResultsDirectory="b997fe8e-c738-458d-84d1-13f97c332cdd" />
    <UnitTestResult executionId="4c133601-532f-43d4-a253-c6b5de48e4e9" testId="6135c2aa-9fdc-3a3a-0425-276be36cde29" testName="LAL.Tests.TensorCore.FftTests.ForwardInverse_NonPowerOfTwoLength_RoundTrip" computerName="704DESKTOP" duration="00:00:00.0002173" startTime="2026-04-13T14:16:43.5730044+08:00" endTime="2026-04-13T14:16:43.5730045+08:00" testType="13cdc9d9-ddb5-4fa4-a97d-d965ccfc6d4b" outcome="Passed" testListId="8c84fa94-04c1-424b-9868-57a2d4851a1d" relativeResultsDirectory="4c133601-532f-43d4-a253-c6b5de48e4e9" />
    <UnitTestResult executionId="ff7cafbc-94f3-4065-b473-f7d1aad70a6a" testId="82acf256-f342-2e8d-5e90-102d6ff81593" testName="LAL.Tests.LinalgCore.MatrixOpsTests.MultiplyMatrixVector_Works" computerName="704DESKTOP" duration="00:00:00.0011441" startTime="2026-04-13T14:16:43.5743113+08:00" endTime="2026-04-13T14:16:43.5743113+08:00" testType="13cdc9d9-ddb5-4fa4-a97d-d965ccfc6d4b" outcome="Passed" testListId="8c84fa94-04c1-424b-9868-57a2d4851a1d" relativeResultsDirectory="ff7cafbc-94f3-4065-b473-f7d1aad70a6a" />
    <UnitTestResult executionId="6d4eb565-a9e5-4f9a-b9bc-4f87e0722f34" testId="44a204a8-2c4b-5c04-37b2-6fb4d9f12d2a" testName="LAL.Tests.NumericalCore.Interpolation.SplineTests.NaturalCubic_Float_ReproducesLinearData" computerName="704DESKTOP" duration="00:00:00.0018840" startTime="2026-04-13T14:16:43.5762923+08:00" endTime="2026-04-13T14:16:43.5762923+08:00" testType="13cdc9d9-ddb5-4fa4-a97d-d965ccfc6d4b" outcome="Passed" testListId="8c84fa94-04c1-424b-9868-57a2d4851a1d" relativeResultsDirectory="6d4eb565-a9e5-4f9a-b9bc-4f87e0722f34" />
    <UnitTestResult executionId="4c441ebc-ec2a-4219-9ca8-98c255b6425e" testId="16d7a1a8-a405-7686-34b4-a3c5486b60eb" testName="LAL.Tests.LinalgCore.DistanceMetricsTests.PairwiseEuclidean_ComputesExpectedMatrix" computerName="704DESKTOP" duration="00:00:00.0003613" startTime="2026-04-13T14:16:43.5721066+08:00" endTime="2026-04-13T14:16:43.5721067+08:00" testType="13cdc9d9-ddb5-4fa4-a97d-d965ccfc6d4b" outcome="Passed" testListId="8c84fa94-04c1-424b-9868-57a2d4851a1d" relativeResultsDirectory="4c441ebc-ec2a-4219-9ca8-98c255b6425e" />
    <UnitTestResult executionId="2c316ade-4b79-4fb0-a9c0-12e4878b8909" testId="f87bf5b9-f638-a2b3-1bce-73f8c6403231" testName="LAL.Tests.NumericalCore.Random.RngTests.FloatAndComplex_APIs_ReturnFiniteValues" computerName="704DESKTOP" duration="00:00:00.0021135" startTime="2026-04-13T14:16:43.5757917+08:00" endTime="2026-04-13T14:16:43.5757917+08:00" testType="13cdc9d9-ddb5-4fa4-a97d-d965ccfc6d4b" outcome="Passed" testListId="8c84fa94-04c1-424b-9868-57a2d4851a1d" relativeResultsDirectory="2c316ade-4b79-4fb0-a9c0-12e4878b8909" />
    <UnitTestResult executionId="4b297b6d-9201-4325-bd87-1056c449659b" testId="5f6e645b-60ae-8580-3a62-cf1bc3a66714" testName="LAL.Tests.TensorCore.ComplexOpsTests.ReAndIm_ExtractComponents" computerName="704DESKTOP" duration="00:00:00.0007141" startTime="2026-04-13T14:16:43.5743962+08:00" endTime="2026-04-13T14:16:43.5743962+08:00" testType="13cdc9d9-ddb5-4fa4-a97d-d965ccfc6d4b" outcome="Passed" testListId="8c84fa94-04c1-424b-9868-57a2d4851a1d" relativeResultsDirectory="4b297b6d-9201-4325-bd87-1056c449659b" />
    <UnitTestResult executionId="274d8538-948f-425f-a84d-2d9913dc56b2" testId="641065b5-14eb-5e30-474e-09d7109263db" testName="LAL.Tests.TensorCore.ConvolutionTests.ParallelSettings_CanSetGetAndReset" computerName="704DESKTOP" duration="00:00:00.0025708" startTime="2026-04-13T14:16:43.5783594+08:00" endTime="2026-04-13T14:16:43.5783594+08:00" testType="13cdc9d9-ddb5-4fa4-a97d-d965ccfc6d4b" outcome="Passed" testListId="8c84fa94-04c1-424b-9868-57a2d4851a1d" relativeResultsDirectory="274d8538-948f-425f-a84d-2d9913dc56b2" />
    <UnitTestResult executionId="cbbec938-e8db-414a-989d-59f3a924ead9" testId="2dcc7e2b-a15b-7c4a-1dc2-dfad7241d721" testName="LAL.Tests.OdeCore.Rk4Tests.Step_ProducesFourthOrderEstimate" computerName="704DESKTOP" duration="00:00:00.0012854" startTime="2026-04-13T14:16:43.5762719+08:00" endTime="2026-04-13T14:16:43.5762719+08:00" testType="13cdc9d9-ddb5-4fa4-a97d-d965ccfc6d4b" outcome="Passed" testListId="8c84fa94-04c1-424b-9868-57a2d4851a1d" relativeResultsDirectory="cbbec938-e8db-414a-989d-59f3a924ead9" />
    <UnitTestResult executionId="7aec81e1-6885-48fd-a474-d6abd78c8248" testId="8b29f306-c86e-7c99-a67e-80551e85542d" testName="LAL.Tests.LinalgCore.GemmTests.Multiply_ComputesMatrixMatrixProduct" computerName="704DESKTOP" duration="00:00:00.0004255" startTime="2026-04-13T14:16:43.5748732+08:00" endTime="2026-04-13T14:16:43.5748733+08:00" testType="13cdc9d9-ddb5-4fa4-a97d-d965ccfc6d4b" outcome="Passed" testListId="8c84fa94-04c1-424b-9868-57a2d4851a1d" relativeResultsDirectory="7aec81e1-6885-48fd-a474-d6abd78c8248" />
    <UnitTestResult executionId="9455a784-c181-4cf4-8fde-d2fc9f113349" testId="5fd09220-deeb-8bb7-5e58-504b84d699ee" testName="LAL.Tests.NumericalCore.Integration.BasicQuadratureTests.Trapezoidal_Float_ApproximatesIntegralOfXSquared" computerName="704DESKTOP" duration="00:00:00.0003364" startTime="2026-04-13T14:16:43.5716114+08:00" endTime="2026-04-13T14:16:43.5716114+08:00" testType="13cdc9d9-ddb5-4fa4-a97d-d965ccfc6d4b" outcome="Passed" testListId="8c84fa94-04c1-424b-9868-57a2d4851a1d" relativeResultsDirectory="9455a784-c181-4cf4-8fde-d2fc9f113349" />
    <UnitTestResult executionId="12fe64a7-033e-4ffb-92b2-11806a386f08" testId="0acecbf3-8b8b-a497-9a09-572a22c3d28d" testName="LAL.Tests.NumericalCore.Integration.BasicQuadratureTests.Trapezoidal_ApproximatesIntegralOfXSquared" computerName="704DESKTOP" duration="00:00:00.0002868" startTime="2026-04-13T14:16:43.5721609+08:00" endTime="2026-04-13T14:16:43.5721609+08:00" testType="13cdc9d9-ddb5-4fa4-a97d-d965ccfc6d4b" outcome="Passed" testListId="8c84fa94-04c1-424b-9868-57a2d4851a1d" relativeResultsDirectory="12fe64a7-033e-4ffb-92b2-11806a386f08" />
    <UnitTestResult executionId="baf6fb00-baba-4cd2-b500-bb0cf7d5ecdc" testId="8e1eace4-bee8-ec36-6f2d-090e6622d026" testName="LAL.Tests.LinalgCore.DotTests.Dotu_Complex_DoesNotConjugateLeftOperand" computerName="704DESKTOP" duration="00:00:00.0023253" startTime="2026-04-13T14:16:43.5711713+08:00" endTime="2026-04-13T14:16:43.5711714+08:00" testType="13cdc9d9-ddb5-4fa4-a97d-d965ccfc6d4b" outcome="Passed" testListId="8c84fa94-04c1-424b-9868-57a2d4851a1d" relativeResultsDirectory="baf6fb00-baba-4cd2-b500-bb0cf7d5ecdc" />
    <UnitTestResult executionId="be4a836f-6223-4340-8dc3-dc6a38964138" testId="d0be3d86-6ad5-3c65-f793-38f6d4d9d011" testName="LAL.Tests.LinalgCore.MatrixAnalysisTests.PseudoInverse_RectangularTall_Works" computerName="704DESKTOP" duration="00:00:00.0028111" startTime="2026-04-13T14:16:43.5775939+08:00" endTime="2026-04-13T14:16:43.5775940+08:00" testType="13cdc9d9-ddb5-4fa4-a97d-d965ccfc6d4b" outcome="Passed" testListId="8c84fa94-04c1-424b-9868-57a2d4851a1d" relativeResultsDirectory="be4a836f-6223-4340-8dc3-dc6a38964138" />
    <UnitTestResult executionId="9e9ade95-8d92-4df9-b42d-de103b294aeb" testId="9c5e57f3-1087-0075-7578-5c99a23ab1ef" testName="LAL.Tests.TensorCore.MaskOpsTests.GreaterThanAndWhere_Work" computerName="704DESKTOP" duration="00:00:00.0151295" startTime="2026-04-13T14:16:43.5696127+08:00" endTime="2026-04-13T14:16:43.5696129+08:00" testType="13cdc9d9-ddb5-4fa4-a97d-d965ccfc6d4b" outcome="Passed" testListId="8c84fa94-04c1-424b-9868-57a2d4851a1d" relativeResultsDirectory="9e9ade95-8d92-4df9-b42d-de103b294aeb" />
    <UnitTestResult executionId="78382d46-5ed3-4f2d-8fa5-0543a05e2cae" testId="b74a55ae-23fb-82f7-a414-bdcc1f02ed11" testName="LAL.Tests.NumericalCore.RootFinding.NewtonTests.Solve_Complex_FindsImaginaryUnitRoot" computerName="704DESKTOP" duration="00:00:00.0014470" startTime="2026-04-13T14:16:43.5773042+08:00" endTime="2026-04-13T14:16:43.5773042+08:00" testType="13cdc9d9-ddb5-4fa4-a97d-d965ccfc6d4b" outcome="Passed" testListId="8c84fa94-04c1-424b-9868-57a2d4851a1d" relativeResultsDirectory="78382d46-5ed3-4f2d-8fa5-0543a05e2cae" />
    <UnitTestResult executionId="2a882f78-3a62-440d-9424-6d0d49c0941c" testId="cb90ac60-6eb6-8e44-fd50-2ab68bfb062d" testName="LAL.Tests.NumericalCore.Statistics.CovarianceTests.Compute_Float_WithParallelEnabled_MatchesSequentialOnLargeInput" computerName="704DESKTOP" duration="00:00:00.0072264" startTime="2026-04-13T14:16:43.6083028+08:00" endTime="2026-04-13T14:16:43.6083029+08:00" testType="13cdc9d9-ddb5-4fa4-a97d-d965ccfc6d4b" outcome="Passed" testListId="8c84fa94-04c1-424b-9868-57a2d4851a1d" relativeResultsDirectory="2a882f78-3a62-440d-9424-6d0d49c0941c" />
    <UnitTestResult executionId="c3cde38f-0ab6-4c6f-a400-bc8f7f9b523f" testId="959b0ad1-72d2-6d05-86dd-304d7101eb4c" testName="LAL.Tests.NumericalCore.Interpolation.RbfTests.ComputeWeights_Float_ParallelMatchesSequential" computerName="704DESKTOP" duration="00:00:00.0078044" startTime="2026-04-13T14:16:43.5776358+08:00" endTime="2026-04-13T14:16:43.5776358+08:00" testType="13cdc9d9-ddb5-4fa4-a97d-d965ccfc6d4b" outcome="Passed" testListId="8c84fa94-04c1-424b-9868-57a2d4851a1d" relativeResultsDirectory="c3cde38f-0ab6-4c6f-a400-bc8f7f9b523f" />
    <UnitTestResult executionId="401d75d8-aad2-4018-8f33-b9c260cb0cce" testId="787f0095-0f4b-41e7-8f91-38176433399b" testName="LAL.Tests.NumericalCore.Integration.GaussianQuadratureTests.Integrate_Complex_ApproximatesPolynomialIntegral" computerName="704DESKTOP" duration="00:00:00.0005436" startTime="2026-04-13T14:16:43.5740686+08:00" endTime="2026-04-13T14:16:43.5740686+08:00" testType="13cdc9d9-ddb5-4fa4-a97d-d965ccfc6d4b" outcome="Passed" testListId="8c84fa94-04c1-424b-9868-57a2d4851a1d" relativeResultsDirectory="401d75d8-aad2-4018-8f33-b9c260cb0cce" />
    <UnitTestResult executionId="d7d3a12a-8efc-4c3b-8e28-8a2ee78755de" testId="706b7113-2acc-9476-5283-04829101328a" testName="LAL.Tests.TensorCore.UFuncArithmeticTests.Power_ComputesScalarAndElementwiseExponent" computerName="704DESKTOP" duration="00:00:00.0004468" startTime="2026-04-13T14:16:43.5759806+08:00" endTime="2026-04-13T14:16:43.5759807+08:00" testType="13cdc9d9-ddb5-4fa4-a97d-d965ccfc6d4b" outcome="Passed" testListId="8c84fa94-04c1-424b-9868-57a2d4851a1d" relativeResultsDirectory="d7d3a12a-8efc-4c3b-8e28-8a2ee78755de" />
    <UnitTestResult executionId="f6a56653-9b4e-41bd-a8bb-e6dbc8d2425e" testId="5db1dcd7-70a2-1b85-8792-1abeb24cae06" testName="LAL.Tests.TensorCore.ConcatStackTests.Concatenate1D_AndStackRows_Work" computerName="704DESKTOP" duration="00:00:00.0018811" startTime="2026-04-13T14:16:43.5737373+08:00" endTime="2026-04-13T14:16:43.5737373+08:00" testType="13cdc9d9-ddb5-4fa4-a97d-d965ccfc6d4b" outcome="Passed" testListId="8c84fa94-04c1-424b-9868-57a2d4851a1d" relativeResultsDirectory="f6a56653-9b4e-41bd-a8bb-e6dbc8d2425e" />
    <UnitTestResult executionId="817ba1fb-8314-4d6c-9d31-f770606bee0f" testId="58aa5e02-ad7e-7050-a608-4c67fb3809a4" testName="LAL.Tests.TensorCore.UFuncTranscendentalTests.ExtendedTranscendentalFunctions_Work" computerName="704DESKTOP" duration="00:00:00.0015163" startTime="2026-04-13T14:16:43.5733546+08:00" endTime="2026-04-13T14:16:43.5733546+08:00" testType="13cdc9d9-ddb5-4fa4-a97d-d965ccfc6d4b" outcome="Passed" testListId="8c84fa94-04c1-424b-9868-57a2d4851a1d" relativeResultsDirectory="817ba1fb-8314-4d6c-9d31-f770606bee0f" />
    <UnitTestResult executionId="cbf5987d-cd14-4914-8586-0ede09118ec7" testId="bc728bda-1495-f1fc-6de0-0f9fba680aa8" testName="LAL.Tests.TensorCore.CumulativeTests.CumSum_Works" computerName="704DESKTOP" duration="00:00:00.0005536" startTime="2026-04-13T14:16:43.5746239+08:00" endTime="2026-04-13T14:16:43.5746239+08:00" testType="13cdc9d9-ddb5-4fa4-a97d-d965ccfc6d4b" outcome="Passed" testListId="8c84fa94-04c1-424b-9868-57a2d4851a1d" relativeResultsDirectory="cbf5987d-cd14-4914-8586-0ede09118ec7" />
    <UnitTestResult executionId="0b3971f2-4826-409b-8ffa-3ad1332c841f" testId="4a43d69c-e49e-b214-9969-0ba2e8bed93b" testName="LAL.Tests.OdeCore.JacobianEstimatorTests.EstimateForwardDifference_Complex_ApproximatesLinearSystemJacobian" computerName="704DESKTOP" duration="00:00:00.0048426" startTime="2026-04-13T14:16:43.5783131+08:00" endTime="2026-04-13T14:16:43.5783131+08:00" testType="13cdc9d9-ddb5-4fa4-a97d-d965ccfc6d4b" outcome="Passed" testListId="8c84fa94-04c1-424b-9868-57a2d4851a1d" relativeResultsDirectory="0b3971f2-4826-409b-8ffa-3ad1332c841f" />
    <UnitTestResult executionId="b10b9eba-3e67-40b8-bb5f-3b824ac5e900" testId="896754a9-62d1-d9c3-7792-cfd7f042baaa" testName="LAL.Tests.TensorCore.BroadcastingTests.ComputeBroadcastStrides_SetsBroadcastAxisStrideToZero" computerName="704DESKTOP" duration="00:00:00.0003267" startTime="2026-04-13T14:16:43.5700348+08:00" endTime="2026-04-13T14:16:43.5700349+08:00" testType="13cdc9d9-ddb5-4fa4-a97d-d965ccfc6d4b" outcome="Passed" testListId="8c84fa94-04c1-424b-9868-57a2d4851a1d" relativeResultsDirectory="b10b9eba-3e67-40b8-bb5f-3b824ac5e900" />
    <UnitTestResult executionId="73b52b79-b4c4-43fc-8b1f-567b4249c1ce" testId="13c84eb2-a66d-cc27-c970-12b4e8caeb1c" testName="LAL.Tests.LinalgCore.InvariantPropertyTests.Axpy_MatchesReference_ForRandomInputs" computerName="704DESKTOP" duration="00:00:00.0006558" startTime="2026-04-13T14:16:43.5757734+08:00" endTime="2026-04-13T14:16:43.5757734+08:00" testType="13cdc9d9-ddb5-4fa4-a97d-d965ccfc6d4b" outcome="Passed" testListId="8c84fa94-04c1-424b-9868-57a2d4851a1d" relativeResultsDirectory="73b52b79-b4c4-43fc-8b1f-567b4249c1ce" />
    <UnitTestResult executionId="50a5add4-dcc7-4c43-b7cf-5ee21bb6aaba" testId="5f7324fb-8f4e-9434-9935-3de25531c16e" testName="LAL.Tests.TensorCore.ReductionsTests.Variance_ReturnsPopulationVariance" computerName="704DESKTOP" duration="00:00:00.0002136" startTime="2026-04-13T14:16:43.5676627+08:00" endTime="2026-04-13T14:16:43.5676627+08:00" testType="13cdc9d9-ddb5-4fa4-a97d-d965ccfc6d4b" outcome="Passed" testListId="8c84fa94-04c1-424b-9868-57a2d4851a1d" relativeResultsDirectory="50a5add4-dcc7-4c43-b7cf-5ee21bb6aaba" />
    <UnitTestResult executionId="65879aeb-0b0e-4af0-ad21-d55821fa23c1" testId="e8e1a0c6-8a3f-b489-0ae9-69923e1b7a1d" testName="LAL.Tests.NumericalCore.Differentiation.FiniteDifferenceTests.Complex_ApproximatesDerivative" computerName="704DESKTOP" duration="00:00:00.0003946" startTime="2026-04-13T14:16:43.5712474+08:00" endTime="2026-04-13T14:16:43.5712474+08:00" testType="13cdc9d9-ddb5-4fa4-a97d-d965ccfc6d4b" outcome="Passed" testListId="8c84fa94-04c1-424b-9868-57a2d4851a1d" relativeResultsDirectory="65879aeb-0b0e-4af0-ad21-d55821fa23c1" />
    <UnitTestResult executionId="205c334e-d9fe-4848-9205-750716414090" testId="7bed6c14-25d2-2fa5-820a-db51e66f2ac0" testName="LAL.Tests.LinalgCore.NormsTests.Norms_EmptyVector_ReturnsZero" computerName="704DESKTOP" duration="00:00:00.0001974" startTime="2026-04-13T14:16:43.5743778+08:00" endTime="2026-04-13T14:16:43.5743778+08:00" testType="13cdc9d9-ddb5-4fa4-a97d-d965ccfc6d4b" outcome="Passed" testListId="8c84fa94-04c1-424b-9868-57a2d4851a1d" relativeResultsDirectory="205c334e-d9fe-4848-9205-750716414090" />
    <UnitTestResult executionId="22ec6bd2-a920-4de1-8e58-b8841301557f" testId="48981eaa-1720-8cd4-7c98-775df9e63b4e" testName="LAL.Tests.NumericalCore.Optimization.GradientDescentTests.SolveScalar_Float_ConvergesOnQuadraticMinimum" computerName="704DESKTOP" duration="00:00:00.0040274" startTime="2026-04-13T14:16:43.5765692+08:00" endTime="2026-04-13T14:16:43.5765692+08:00" testType="13cdc9d9-ddb5-4fa4-a97d-d965ccfc6d4b" outcome="Passed" testListId="8c84fa94-04c1-424b-9868-57a2d4851a1d" relativeResultsDirectory="22ec6bd2-a920-4de1-8e58-b8841301557f" />
    <UnitTestResult executionId="31d054e5-ee8a-4231-999a-0dabce668eb4" testId="8a8f465c-119b-1503-2777-6dc8b7a1c47e" testName="LAL.Tests.LinalgCore.AxpyTests.Compute_UpdatesYWithAlphaXPlusY" computerName="704DESKTOP" duration="00:00:00.0007020" startTime="2026-04-13T14:16:43.5712781+08:00" endTime="2026-04-13T14:16:43.5712782+08:00" testType="13cdc9d9-ddb5-4fa4-a97d-d965ccfc6d4b" outcome="Passed" testListId="8c84fa94-04c1-424b-9868-57a2d4851a1d" relativeResultsDirectory="31d054e5-ee8a-4231-999a-0dabce668eb4" />
    <UnitTestResult executionId="e59f26b2-4c1c-48c3-aa23-5d5ddcbd3156" testId="ea7bf2d4-abde-0e51-07cb-4f82a8d4c51c" testName="LAL.Tests.NumericalCore.Optimization.LbfgsTests.SolveScalar_Complex_ConvergesOnQuadratic" computerName="704DESKTOP" duration="00:00:00.0009135" startTime="2026-04-13T14:16:43.5773179+08:00" endTime="2026-04-13T14:16:43.5773179+08:00" testType="13cdc9d9-ddb5-4fa4-a97d-d965ccfc6d4b" outcome="Passed" testListId="8c84fa94-04c1-424b-9868-57a2d4851a1d" relativeResultsDirectory="e59f26b2-4c1c-48c3-aa23-5d5ddcbd3156" />
    <UnitTestResult executionId="794ceec9-7d3c-4db9-8668-e0a42709f372" testId="6e5f48f7-c4f0-914f-b0db-50396e99152f" testName="LAL.Tests.NumericalCore.Statistics.CovarianceTests.Correlation_RemainsHighWithSmallDeterministicNoise" computerName="704DESKTOP" duration="00:00:00.0001522" startTime="2026-04-13T14:16:43.5856228+08:00" endTime="2026-04-13T14:16:43.5856231+08:00" testType="13cdc9d9-ddb5-4fa4-a97d-d965ccfc6d4b" outcome="Passed" testListId="8c84fa94-04c1-424b-9868-57a2d4851a1d" relativeResultsDirectory="794ceec9-7d3c-4db9-8668-e0a42709f372" />
    <UnitTestResult executionId="f08e8cbf-d106-4991-8c4b-2f6e665d3d74" testId="c271b1cd-f032-cc8f-fcfc-d4a86cf4c17d" testName="LAL.Tests.TensorCore.BroadcastingTests.BroadcastShapes_ReturnsExpectedShape" computerName="704DESKTOP" duration="00:00:00.0006126" startTime="2026-04-13T14:16:43.5696538+08:00" endTime="2026-04-13T14:16:43.5696538+08:00" testType="13cdc9d9-ddb5-4fa4-a97d-d965ccfc6d4b" outcome="Passed" testListId="8c84fa94-04c1-424b-9868-57a2d4851a1d" relativeResultsDirectory="f08e8cbf-d106-4991-8c4b-2f6e665d3d74" />
    <UnitTestResult executionId="9d35c431-b2e1-46bf-b37e-108418f8f662" testId="47f8871a-0dcf-7e1e-fed2-e94e9060011f" testName="LAL.Tests.LinalgCore.MatrixAnalysisTests.TraceAndRank_Work" computerName="704DESKTOP" duration="00:00:00.0006545" startTime="2026-04-13T14:16:43.5781110+08:00" endTime="2026-04-13T14:16:43.5781110+08:00" testType="13cdc9d9-ddb5-4fa4-a97d-d965ccfc6d4b" outcome="Passed" testListId="8c84fa94-04c1-424b-9868-57a2d4851a1d" relativeResultsDirectory="9d35c431-b2e1-46bf-b37e-108418f8f662" />
    <UnitTestResult executionId="b3a042b6-ac62-4c6f-9ddc-80f3f06c1e1a" testId="b8b037ce-1d89-9ebd-5aaa-c89e72584981" testName="LAL.Tests.LinalgCore.TransposeTests.Matrix_Complex_TransposesWithoutConjugation" computerName="704DESKTOP" duration="00:00:00.0008400" startTime="2026-04-13T14:16:43.5736837+08:00" endTime="2026-04-13T14:16:43.5736837+08:00" testType="13cdc9d9-ddb5-4fa4-a97d-d965ccfc6d4b" outcome="Passed" testListId="8c84fa94-04c1-424b-9868-57a2d4851a1d" relativeResultsDirectory="b3a042b6-ac62-4c6f-9ddc-80f3f06c1e1a" />
    <UnitTestResult executionId="a430fd21-eb6f-4919-ae71-a5d17777dcdb" testId="87f3ba57-c0ce-bb19-a3e1-e02d1ed7da13" testName="LAL.Tests.NumericalCore.Statistics.CovarianceTests.ComputeAndCorrelation_Complex_Work" computerName="704DESKTOP" duration="00:00:00.0022598" startTime="2026-04-13T14:16:43.5748222+08:00" endTime="2026-04-13T14:16:43.5748222+08:00" testType="13cdc9d9-ddb5-4fa4-a97d-d965ccfc6d4b" outcome="Passed" testListId="8c84fa94-04c1-424b-9868-57a2d4851a1d" relativeResultsDirectory="a430fd21-eb6f-4919-ae71-a5d17777dcdb" />
    <UnitTestResult executionId="33245bdc-7f3e-486c-b1a8-d33620771e2d" testId="21f7abf2-4a77-8d14-b0a4-b66603f3e8f4" testName="LAL.Tests.NumericalCore.Integration.GaussianQuadratureTests.Integrate_Float_ApproximatesPolynomialIntegral" computerName="704DESKTOP" duration="00:00:00.0004468" startTime="2026-04-13T14:16:43.5745410+08:00" endTime="2026-04-13T14:16:43.5745411+08:00" testType="13cdc9d9-ddb5-4fa4-a97d-d965ccfc6d4b" outcome="Passed" testListId="8c84fa94-04c1-424b-9868-57a2d4851a1d" relativeResultsDirectory="33245bdc-7f3e-486c-b1a8-d33620771e2d" />
    <UnitTestResult executionId="399f6358-b4d2-40d2-a406-14fca265b153" testId="fa38d066-044c-3fda-7a44-1506dccfcf1a" testName="LAL.Tests.TensorCore.CumulativeTests.CumProd_Works" computerName="704DESKTOP" duration="00:00:00.0002379" startTime="2026-04-13T14:16:43.5750208+08:00" endTime="2026-04-13T14:16:43.5750208+08:00" testType="13cdc9d9-ddb5-4fa4-a97d-d965ccfc6d4b" outcome="Passed" testListId="8c84fa94-04c1-424b-9868-57a2d4851a1d" relativeResultsDirectory="399f6358-b4d2-40d2-a406-14fca265b153" />
    <UnitTestResult executionId="46c829a3-4b4f-48ec-8de1-dcebdbc3eade" testId="a2ad3e2c-33f2-2614-7679-c2dde3252d03" testName="LAL.Tests.TensorCore.StridedViewTests.Slice1D_WithStep_Works" computerName="704DESKTOP" duration="00:00:00.0150262" startTime="2026-04-13T14:16:43.5692406+08:00" endTime="2026-04-13T14:16:43.5692406+08:00" testType="13cdc9d9-ddb5-4fa4-a97d-d965ccfc6d4b" outcome="Passed" testListId="8c84fa94-04c1-424b-9868-57a2d4851a1d" relativeResultsDirectory="46c829a3-4b4f-48ec-8de1-dcebdbc3eade" />
    <UnitTestResult executionId="89b353f1-f3ad-42b9-a335-b37f0ab3cd02" testId="93678aa3-681e-a0d6-2c8f-e36e0a1d60a9" testName="LAL.Tests.NumericalCore.Statistics.CovarianceTests.ComputeAndCorrelation_Float_Work" computerName="704DESKTOP" duration="00:00:00.0004864" startTime="2026-04-13T14:16:43.5857584+08:00" endTime="2026-04-13T14:16:43.5857584+08:00" testType="13cdc9d9-ddb5-4fa4-a97d-d965ccfc6d4b" outcome="Passed" testListId="8c84fa94-04c1-424b-9868-57a2d4851a1d" relativeResultsDirectory="89b353f1-f3ad-42b9-a335-b37f0ab3cd02" />
    <UnitTestResult executionId="fdead8da-7a54-42b8-a104-2da5fdff04ec" testId="44ac3544-7334-7fa8-63ce-ef68e40d80c1" testName="LAL.Tests.OdeCore.Rk4Tests.Step_Complex_ProducesFourthOrderEstimate" computerName="704DESKTOP" duration="00:00:00.0021122" startTime="2026-04-13T14:16:43.5773333+08:00" endTime="2026-04-13T14:16:43.5773333+08:00" testType="13cdc9d9-ddb5-4fa4-a97d-d965ccfc6d4b" outcome="Passed" testListId="8c84fa94-04c1-424b-9868-57a2d4851a1d" relativeResultsDirectory="fdead8da-7a54-42b8-a104-2da5fdff04ec" />
    <UnitTestResult executionId="650c15be-0a24-4e9f-b42b-8f760d4390a2" testId="2ff9d9ba-54e5-d94f-9ad9-e42bfc2798c2" testName="LAL.Tests.OdeCore.JacobianEstimatorTests.EstimateForwardDifference_ParallelMode_MatchesSequential" computerName="704DESKTOP" duration="00:00:00.0159979" startTime="2026-04-13T14:16:43.5757580+08:00" endTime="2026-04-13T14:16:43.5757580+08:00" testType="13cdc9d9-ddb5-4fa4-a97d-d965ccfc6d4b" outcome="Passed" testListId="8c84fa94-04c1-424b-9868-57a2d4851a1d" relativeResultsDirectory="650c15be-0a24-4e9f-b42b-8f760d4390a2" />
    <UnitTestResult executionId="0f0d62d2-8361-4069-b935-99bf8bffb824" testId="bcf3fb41-e70e-2e39-a7a1-0df171322755" testName="LAL.Tests.NumericalCore.Statistics.CovarianceTests.Compute_Complex_WithParallelEnabled_MatchesSequentialOnLargeInput" computerName="704DESKTOP" duration="00:00:00.0251223" startTime="2026-04-13T14:16:43.6009186+08:00" endTime="2026-04-13T14:16:43.6009190+08:00" testType="13cdc9d9-ddb5-4fa4-a97d-d965ccfc6d4b" outcome="Passed" testListId="8c84fa94-04c1-424b-9868-57a2d4851a1d" relativeResultsDirectory="0f0d62d2-8361-4069-b935-99bf8bffb824" />
    <UnitTestResult executionId="ce1a7cd9-7a77-4af3-95c4-b64e130fe6ac" testId="da0b9aaa-6043-bb49-c543-63c573994ba2" testName="LAL.Tests.TensorCore.EinsumTests.DotProductPattern_Works" computerName="704DESKTOP" duration="00:00:00.0002753" startTime="2026-04-13T14:16:43.5730223+08:00" endTime="2026-04-13T14:16:43.5730224+08:00" testType="13cdc9d9-ddb5-4fa4-a97d-d965ccfc6d4b" outcome="Passed" testListId="8c84fa94-04c1-424b-9868-57a2d4851a1d" relativeResultsDirectory="ce1a7cd9-7a77-4af3-95c4-b64e130fe6ac" />
    <UnitTestResult executionId="322e39e0-c0c4-4e7c-a524-27e0d9aee5ca" testId="ab14fe0c-4339-0014-3883-868f910737a6" testName="LAL.Tests.LinalgCore.LuTests.FactorAndSolve_ReturnsFalseForNearSingularMatrixAtStrictTolerance" computerName="704DESKTOP" duration="00:00:00.0001403" startTime="2026-04-13T14:16:43.5691229+08:00" endTime="2026-04-13T14:16:43.5691229+08:00" testType="13cdc9d9-ddb5-4fa4-a97d-d965ccfc6d4b" outcome="Passed" testListId="8c84fa94-04c1-424b-9868-57a2d4851a1d" relativeResultsDirectory="322e39e0-c0c4-4e7c-a524-27e0d9aee5ca" />
    <UnitTestResult executionId="5ab6d3a1-58b0-4951-bb70-d741b9892b8c" testId="612c90f4-7f18-be16-a5f5-28ee49c7eda2" testName="LAL.Tests.OdeCore.BdfTests.StepBackwardEuler_Complex_ApproximatesImplicitStep" computerName="704DESKTOP" duration="00:00:00.0014743" startTime="2026-04-13T14:16:43.5775776+08:00" endTime="2026-04-13T14:16:43.5775777+08:00" testType="13cdc9d9-ddb5-4fa4-a97d-d965ccfc6d4b" outcome="Passed" testListId="8c84fa94-04c1-424b-9868-57a2d4851a1d" relativeResultsDirectory="5ab6d3a1-58b0-4951-bb70-d741b9892b8c" />
    <UnitTestResult executionId="a74e2190-eef7-4add-a85e-7e51d615cd6a" testId="34e55132-c91a-73be-9275-59d127324d05" testName="LAL.Tests.TensorCore.ShapeOpsTests.SwapAxes2D_Work" computerName="704DESKTOP" duration="00:00:00.0001724" startTime="2026-04-13T14:16:43.5752655+08:00" endTime="2026-04-13T14:16:43.5752655+08:00" testType="13cdc9d9-ddb5-4fa4-a97d-d965ccfc6d4b" outcome="Passed" testListId="8c84fa94-04c1-424b-9868-57a2d4851a1d" relativeResultsDirectory="a74e2190-eef7-4add-a85e-7e51d615cd6a" />
    <UnitTestResult executionId="9f03ad9a-5941-47d4-9ec3-53f09e0f27fd" testId="c42c0ebf-434c-c949-9a64-f418dd37a69d" testName="LAL.Tests.LinalgCore.SchurTests.RealSchur2x2_DrivesLowerLeftTowardZero" computerName="704DESKTOP" duration="00:00:00.0042752" startTime="2026-04-13T14:16:43.5567646+08:00" endTime="2026-04-13T14:16:43.5567646+08:00" testType="13cdc9d9-ddb5-4fa4-a97d-d965ccfc6d4b" outcome="Passed" testListId="8c84fa94-04c1-424b-9868-57a2d4851a1d" relativeResultsDirectory="9f03ad9a-5941-47d4-9ec3-53f09e0f27fd" />
    <UnitTestResult executionId="f837b80b-c63a-429e-ab51-7cf9814ecd7b" testId="dcf7f6cc-3473-02b7-0192-c0393f92ba70" testName="LAL.Tests.LinalgCore.NormsTests.FloatNorms_ReturnExpectedValues" computerName="704DESKTOP" duration="00:00:00.0008500" startTime="2026-04-13T14:16:43.5750558+08:00" endTime="2026-04-13T14:16:43.5750558+08:00" testType="13cdc9d9-ddb5-4fa4-a97d-d965ccfc6d4b" outcome="Passed" testListId="8c84fa94-04c1-424b-9868-57a2d4851a1d" relativeResultsDirectory="f837b80b-c63a-429e-ab51-7cf9814ecd7b" />
    <UnitTestResult executionId="d198a931-8edc-44ce-bf4b-7d0f2c1fbddb" testId="d36882a9-ffeb-f601-75a1-bf4a1085606a" testName="LAL.Tests.TensorCore.TensorShapeTests.ComputeRowMajorStrides_ReturnsExpectedValues" computerName="704DESKTOP" duration="00:00:00.0093097" startTime="2026-04-13T14:16:43.5704497+08:00" endTime="2026-04-13T14:16:43.5704498+08:00" testType="13cdc9d9-ddb5-4fa4-a97d-d965ccfc6d4b" outcome="Passed" testListId="8c84fa94-04c1-424b-9868-57a2d4851a1d" relativeResultsDirectory="d198a931-8edc-44ce-bf4b-7d0f2c1fbddb" />
    <UnitTestResult executionId="3175378b-e273-466c-9514-e35e905871ba" testId="d9c96f5d-dc06-888d-a3fb-bb1eb9f3aedc" testName="LAL.Tests.NumericalCore.RootFinding.BrentTests.Solve_Complex_FindsImaginaryUnitRoot" computerName="704DESKTOP" duration="00:00:00.0008961" startTime="2026-04-13T14:16:43.5737099+08:00" endTime="2026-04-13T14:16:43.5737100+08:00" testType="13cdc9d9-ddb5-4fa4-a97d-d965ccfc6d4b" outcome="Passed" testListId="8c84fa94-04c1-424b-9868-57a2d4851a1d" relativeResultsDirectory="3175378b-e273-466c-9514-e35e905871ba" />
    <UnitTestResult executionId="e194dc9f-6318-498b-beef-1b96caa9ddaa" testId="f9b149bc-325f-b796-a669-ff0dae56cadf" testName="LAL.Tests.NumericalCore.Interpolation.RbfTests.ComputeWeights_Complex_ParallelMatchesSequential" computerName="704DESKTOP" duration="00:00:00.0129214" startTime="2026-04-13T14:16:43.5736287+08:00" endTime="2026-04-13T14:16:43.5736288+08:00" testType="13cdc9d9-ddb5-4fa4-a97d-d965ccfc6d4b" outcome="Passed" testListId="8c84fa94-04c1-424b-9868-57a2d4851a1d" relativeResultsDirectory="e194dc9f-6318-498b-beef-1b96caa9ddaa" />
    <UnitTestResult executionId="0e550b53-d735-4808-ac76-049c842ecd7b" testId="1fd9afab-46ae-38cf-fcf8-e1ca6d4f8f1b" testName="LAL.Tests.TensorCore.EinsumTests.Kronecker_Works" computerName="704DESKTOP" duration="00:00:00.0004617" startTime="2026-04-13T14:16:43.5725816+08:00" endTime="2026-04-13T14:16:43.5725817+08:00" testType="13cdc9d9-ddb5-4fa4-a97d-d965ccfc6d4b" outcome="Passed" testListId="8c84fa94-04c1-424b-9868-57a2d4851a1d" relativeResultsDirectory="0e550b53-d735-4808-ac76-049c842ecd7b" />
    <UnitTestResult executionId="f9c1d5c0-e524-4dac-8814-03c508194943" testId="565611b6-c961-f5d2-f463-0b41f5ba7c4d" testName="LAL.Tests.TensorCore.SortSearchTests.Argsort_SearchSorted_NonZero_Work" computerName="704DESKTOP" duration="00:00:00.0157030" startTime="2026-04-13T14:16:43.5700817+08:00" endTime="2026-04-13T14:16:43.5700817+08:00" testType="13cdc9d9-ddb5-4fa4-a97d-d965ccfc6d4b" outcome="Passed" testListId="8c84fa94-04c1-424b-9868-57a2d4851a1d" relativeResultsDirectory="f9c1d5c0-e524-4dac-8814-03c508194943" />
    <UnitTestResult executionId="9410a04a-1552-4f51-b09d-cb1a7d86f277" testId="e10585e3-4d32-2f6d-83d9-ce468a2bea2e" testName="LAL.Tests.LinalgCore.DotTests.Dotc_Complex_UsesConjugationOnLeftOperand" computerName="704DESKTOP" duration="00:00:00.0003285" startTime="2026-04-13T14:16:43.5712943+08:00" endTime="2026-04-13T14:16:43.5712943+08:00" testType="13cdc9d9-ddb5-4fa4-a97d-d965ccfc6d4b" outcome="Passed" testListId="8c84fa94-04c1-424b-9868-57a2d4851a1d" relativeResultsDirectory="9410a04a-1552-4f51-b09d-cb1a7d86f277" />
    <UnitTestResult executionId="177d7606-df63-4511-80ff-5dd387ab2fe4" testId="371ce601-4723-f283-ea1c-33dcb41a842f" testName="LAL.Tests.LinalgCore.MatrixAnalysisTests.PseudoInverseSquare_WorksForDiagonalMatrix" computerName="704DESKTOP" duration="00:00:00.0001684" startTime="2026-04-13T14:16:43.5780700+08:00" endTime="2026-04-13T14:16:43.5780701+08:00" testType="13cdc9d9-ddb5-4fa4-a97d-d965ccfc6d4b" outcome="Passed" testListId="8c84fa94-04c1-424b-9868-57a2d4851a1d" relativeResultsDirectory="177d7606-df63-4511-80ff-5dd387ab2fe4" />
    <UnitTestResult executionId="b9a8639c-03a0-4d65-b09c-88183f5bd25c" testId="d5d18b7f-0d1b-f6bf-fa8f-1ff1b22ebaf7" testName="LAL.Tests.LinalgCore.TransposeTests.Matrix_Float_TransposesRowMajorMatrix" computerName="704DESKTOP" duration="00:00:00.0007487" startTime="2026-04-13T14:16:43.5728737+08:00" endTime="2026-04-13T14:16:43.5728737+08:00" testType="13cdc9d9-ddb5-4fa4-a97d-d965ccfc6d4b" outcome="Passed" testListId="8c84fa94-04c1-424b-9868-57a2d4851a1d" relativeResultsDirectory="b9a8639c-03a0-4d65-b09c-88183f5bd25c" />
    <UnitTestResult executionId="10be9341-74cf-4ceb-a273-8b60c665afba" testId="bb567d0f-2de6-641c-d192-92da10aa4dce" testName="LAL.Tests.OdeCore.RadauTests.StepOneStage_ProducesStableAdvance" computerName="704DESKTOP" duration="00:00:00.0026573" startTime="2026-04-13T14:16:43.5725662+08:00" endTime="2026-04-13T14:16:43.5725662+08:00" testType="13cdc9d9-ddb5-4fa4-a97d-d965ccfc6d4b" outcome="Passed" testListId="8c84fa94-04c1-424b-9868-57a2d4851a1d" relativeResultsDirectory="10be9341-74cf-4ceb-a273-8b60c665afba" />
    <UnitTestResult executionId="74cec2da-fbe4-4156-ad1b-349ba3ed50a0" testId="0ff479a4-6f59-7469-7139-2f3cfd66694d" testName="LAL.Tests.TensorCore.TypeCoverageTests.EinsumConvolutionFft_SupportsFloatAndComplex" computerName="704DESKTOP" duration="00:00:00.0026254" startTime="2026-04-13T14:16:43.5784002+08:00" endTime="2026-04-13T14:16:43.5784003+08:00" testType="13cdc9d9-ddb5-4fa4-a97d-d965ccfc6d4b" outcome="Passed" testListId="8c84fa94-04c1-424b-9868-57a2d4851a1d" relativeResultsDirectory="74cec2da-fbe4-4156-ad1b-349ba3ed50a0" />
    <UnitTestResult executionId="027edb79-f10e-4f49-8776-ee74d3c72a31" testId="4a909dd2-5c9e-b558-3ca2-4e4e1d0c8597" testName="LAL.Tests.NumericalCore.Interpolation.RbfTests.ComputeWeights_Float_InterpolatesCenters" computerName="704DESKTOP" duration="00:00:00.0004494" startTime="2026-04-13T14:16:43.5780214+08:00" endTime="2026-04-13T14:16:43.5780214+08:00" testType="13cdc9d9-ddb5-4fa4-a97d-d965ccfc6d4b" outcome="Passed" testListId="8c84fa94-04c1-424b-9868-57a2d4851a1d" relativeResultsDirectory="027edb79-f10e-4f49-8776-ee74d3c72a31" />
    <UnitTestResult executionId="6deb9045-7d70-4567-ba37-d0bd2e8dc456" testId="1a99ebf1-befe-d439-2f5a-2cbe9c4c845b" testName="LAL.Tests.LinalgCore.MatrixOpsTests.Complex_Operations_Work" computerName="704DESKTOP" duration="00:00:00.0030954" startTime="2026-04-13T14:16:43.5766162+08:00" endTime="2026-04-13T14:16:43.5766163+08:00" testType="13cdc9d9-ddb5-4fa4-a97d-d965ccfc6d4b" outcome="Passed" testListId="8c84fa94-04c1-424b-9868-57a2d4851a1d" relativeResultsDirectory="6deb9045-7d70-4567-ba37-d0bd2e8dc456" />
    <UnitTestResult executionId="d2221ae1-b53f-47fe-a90c-f1ed03c99220" testId="724bd1de-53cd-2f3a-0368-3459a63b48e0" testName="LAL.Tests.NumericalCore.Interpolation.RbfTests.ComputeWeights_InterpolatesCenters" computerName="704DESKTOP" duration="00:00:00.0005281" startTime="2026-04-13T14:16:43.5778152+08:00" endTime="2026-04-13T14:16:43.5778152+08:00" testType="13cdc9d9-ddb5-4fa4-a97d-d965ccfc6d4b" outcome="Passed" testListId="8c84fa94-04c1-424b-9868-57a2d4851a1d" relativeResultsDirectory="d2221ae1-b53f-47fe-a90c-f1ed03c99220" />
    <UnitTestResult executionId="355f0bf3-9b2d-4296-86e9-d95d834c920e" testId="3cbc6f43-c00d-dc6c-f127-0472d14a76ae" testName="LAL.Tests.NumericalCore.Statistics.PearsonCorrelationTests.Compute_ReturnsZeroWhenVarianceIsZero" computerName="704DESKTOP" duration="00:00:00.0019837" startTime="2026-04-13T14:16:43.5715333+08:00" endTime="2026-04-13T14:16:43.5715334+08:00" testType="13cdc9d9-ddb5-4fa4-a97d-d965ccfc6d4b" outcome="Passed" testListId="8c84fa94-04c1-424b-9868-57a2d4851a1d" relativeResultsDirectory="355f0bf3-9b2d-4296-86e9-d95d834c920e" />
    <UnitTestResult executionId="e547d5d7-e0a6-4b78-997d-a6579549f763" testId="61752982-2ad1-8f2b-0812-bb71965debc8" testName="LAL.Tests.LinalgCore.InvariantPropertyTests.NormOrdering_Holds_ForRandomVectors" computerName="704DESKTOP" duration="00:00:00.0002970" startTime="2026-04-13T14:16:43.5755252+08:00" endTime="2026-04-13T14:16:43.5755252+08:00" testType="13cdc9d9-ddb5-4fa4-a97d-d965ccfc6d4b" outcome="Passed" testListId="8c84fa94-04c1-424b-9868-57a2d4851a1d" relativeResultsDirectory="e547d5d7-e0a6-4b78-997d-a6579549f763" />
    <UnitTestResult executionId="09c7f8eb-821c-48dc-b3d4-e63fd15eb4d0" testId="3c7ce32b-7b14-0fc4-8dfc-68d92827619c" testName="LAL.Tests.TensorCore.TensorShapeTests.GetOffset_ReturnsExpectedOffset" computerName="704DESKTOP" duration="00:00:00.0047514" startTime="2026-04-13T14:16:43.5567560+08:00" endTime="2026-04-13T14:16:43.5567560+08:00" testType="13cdc9d9-ddb5-4fa4-a97d-d965ccfc6d4b" outcome="Passed" testListId="8c84fa94-04c1-424b-9868-57a2d4851a1d" relativeResultsDirectory="09c7f8eb-821c-48dc-b3d4-e63fd15eb4d0" />
    <UnitTestResult executionId="d4ff16ae-3fbc-4f30-94f1-bdfe9573babf" testId="16fec468-74ec-9475-26c1-7aa49b9b3ec1" testName="LAL.Tests.OdeCore.Rk4Tests.Step_Float_ProducesFourthOrderEstimate" computerName="704DESKTOP" duration="00:00:00.0014296" startTime="2026-04-13T14:16:43.5755406+08:00" endTime="2026-04-13T14:16:43.5755406+08:00" testType="13cdc9d9-ddb5-4fa4-a97d-d965ccfc6d4b" outcome="Passed" testListId="8c84fa94-04c1-424b-9868-57a2d4851a1d" relativeResultsDirectory="d4ff16ae-3fbc-4f30-94f1-bdfe9573babf" />
    <UnitTestResult executionId="7907f1e4-1e6d-4c10-a462-cb93174162f0" testId="901062c8-6eb3-ab62-0ae8-e1be82f11dea" testName="LAL.Tests.NumericalCore.Interpolation.RbfTests.ComputeWeights_Double_ParallelMatchesSequential" computerName="704DESKTOP" duration="00:00:00.0023458" startTime="2026-04-13T14:16:43.5781215+08:00" endTime="2026-04-13T14:16:43.5781215+08:00" testType="13cdc9d9-ddb5-4fa4-a97d-d965ccfc6d4b" outcome="Passed" testListId="8c84fa94-04c1-424b-9868-57a2d4851a1d" relativeResultsDirectory="7907f1e4-1e6d-4c10-a462-cb93174162f0" />
    <UnitTestResult executionId="6debd72a-46ad-4d87-a644-21caa7a99e69" testId="e73c7e72-ad3f-15f2-0191-2116a223a77d" testName="LAL.Tests.OdeCore.BdfTests.StepBackwardEuler_RemainsStableForStiffDecayWithSmallStep" computerName="704DESKTOP" duration="00:00:00.0018441" startTime="2026-04-13T14:16:43.5768673+08:00" endTime="2026-04-13T14:16:43.5768674+08:00" testType="13cdc9d9-ddb5-4fa4-a97d-d965ccfc6d4b" outcome="Passed" testListId="8c84fa94-04c1-424b-9868-57a2d4851a1d" relativeResultsDirectory="6debd72a-46ad-4d87-a644-21caa7a99e69" />
    <UnitTestResult executionId="28143439-ea0a-4f9f-ab1a-fb39c215ea7e" testId="bbceed8b-c829-5d90-c5b5-4c9c94e1d0b1" testName="LAL.Tests.LinalgCore.QrTests.DecomposeThin_ReconstructsMatrix" computerName="704DESKTOP" duration="00:00:00.0007025" startTime="2026-04-13T14:16:43.5775484+08:00" endTime="2026-04-13T14:16:43.5775485+08:00" testType="13cdc9d9-ddb5-4fa4-a97d-d965ccfc6d4b" outcome="Passed" testListId="8c84fa94-04c1-424b-9868-57a2d4851a1d" relativeResultsDirectory="28143439-ea0a-4f9f-ab1a-fb39c215ea7e" />
    <UnitTestResult executionId="b3c1a2f8-8b14-4612-9c6d-d3f7cf17ddc9" testId="6753295d-cdfc-1831-1551-d6801783e49b" testName="LAL.Tests.TensorCore.StridedViewTests.ExpandAndSqueeze_RoundTripShape" computerName="704DESKTOP" duration="00:00:00.0006537" startTime="2026-04-13T14:16:43.5701315+08:00" endTime="2026-04-13T14:16:43.5701315+08:00" testType="13cdc9d9-ddb5-4fa4-a97d-d965ccfc6d4b" outcome="Passed" testListId="8c84fa94-04c1-424b-9868-57a2d4851a1d" relativeResultsDirectory="b3c1a2f8-8b14-4612-9c6d-d3f7cf17ddc9" />
    <UnitTestResult executionId="c2006ad0-0958-40b2-bdaa-99d6399ad513" testId="e52015cb-f65c-5695-f8df-6a96af316cd0" testName="LAL.Tests.NumericalCore.Optimization.LbfgsTests.SolveScalar_ConvergesOnQuadratic" computerName="704DESKTOP" duration="00:00:00.0007210" startTime="2026-04-13T14:16:43.5763298+08:00" endTime="2026-04-13T14:16:43.5763298+08:00" testType="13cdc9d9-ddb5-4fa4-a97d-d965ccfc6d4b" outcome="Passed" testListId="8c84fa94-04c1-424b-9868-57a2d4851a1d" relativeResultsDirectory="c2006ad0-0958-40b2-bdaa-99d6399ad513" />
    <UnitTestResult executionId="b8658acf-c565-42fd-bcf8-d63cc0eacce0" testId="44509fe7-c1e9-d37e-b24f-4139c24d76fb" testName="LAL.Tests.NumericalCore.Statistics.ZigguratTests.NextNormal_HasReasonableMeanAndVarianceOverLargeSample" computerName="704DESKTOP" duration="00:00:00.0014706" startTime="2026-04-13T14:16:43.5770648+08:00" endTime="2026-04-13T14:16:43.5770648+08:00" testType="13cdc9d9-ddb5-4fa4-a97d-d965ccfc6d4b" outcome="Passed" testListId="8c84fa94-04c1-424b-9868-57a2d4851a1d" relativeResultsDirectory="b8658acf-c565-42fd-bcf8-d63cc0eacce0" />
    <UnitTestResult executionId="ef7774ec-43bc-49c7-8066-7a2c0c07a588" testId="8195e94d-bc0a-855f-1aac-9c57032b8b27" testName="LAL.Tests.LinalgCore.LuTests.DecomposeInPlace_ReturnsFalseForSingularMatrix" computerName="704DESKTOP" duration="00:00:00.0036388" startTime="2026-04-13T14:16:43.5567721+08:00" endTime="2026-04-13T14:16:43.5567721+08:00" testType="13cdc9d9-ddb5-4fa4-a97d-d965ccfc6d4b" outcome="Passed" testListId="8c84fa94-04c1-424b-9868-57a2d4851a1d" relativeResultsDirectory="ef7774ec-43bc-49c7-8066-7a2c0c07a588" />
    <UnitTestResult executionId="931e3d09-f7fe-4484-af8c-96038d8302f5" testId="8a2a0113-bbc8-636b-8eea-a02ee1ac2063" testName="LAL.Tests.LinalgCore.TransposeTests.ConjugateTranspose_ConjugatesAndTransposes" computerName="704DESKTOP" duration="00:00:00.0004400" startTime="2026-04-13T14:16:43.5740943+08:00" endTime="2026-04-13T14:16:43.5740943+08:00" testType="13cdc9d9-ddb5-4fa4-a97d-d965ccfc6d4b" outcome="Passed" testListId="8c84fa94-04c1-424b-9868-57a2d4851a1d" relativeResultsDirectory="931e3d09-f7fe-4484-af8c-96038d8302f5" />
    <UnitTestResult executionId="312af3e3-364a-47e2-963f-9cfcd9a86db6" testId="5eedf6aa-f070-2ffe-041f-c672d42c5878" testName="LAL.Tests.NumericalCore.RootFinding.SecantTests.Solve_FindsSquareRootOfTwo" computerName="704DESKTOP" duration="00:00:00.0007314" startTime="2026-04-13T14:16:43.5770921+08:00" endTime="2026-04-13T14:16:43.5770921+08:00" testType="13cdc9d9-ddb5-4fa4-a97d-d965ccfc6d4b" outcome="Passed" testListId="8c84fa94-04c1-424b-9868-57a2d4851a1d" relativeResultsDirectory="312af3e3-364a-47e2-963f-9cfcd9a86db6" />
    <UnitTestResult executionId="707ac4f9-8239-4453-a73f-af32381064ef" testId="b097790b-5de3-32d6-a712-1a42bc115b2a" testName="LAL.Tests.LinalgCore.VectorOpsTests.Complex_Operations_Work" computerName="704DESKTOP" duration="00:00:00.0009034" startTime="2026-04-13T14:16:43.5770417+08:00" endTime="2026-04-13T14:16:43.5770417+08:00" testType="13cdc9d9-ddb5-4fa4-a97d-d965ccfc6d4b" outcome="Passed" testListId="8c84fa94-04c1-424b-9868-57a2d4851a1d" relativeResultsDirectory="707ac4f9-8239-4453-a73f-af32381064ef" />
    <UnitTestResult executionId="f39118ca-fd94-46db-a906-a16c2a848a02" testId="6c913885-46d9-0fcf-45ba-0bbae2317825" testName="LAL.Tests.TensorCore.FftTests.ForwardAndInverse_RoundTrip" computerName="704DESKTOP" duration="00:00:00.0002423" startTime="2026-04-13T14:16:43.5726135+08:00" endTime="2026-04-13T14:16:43.5726135+08:00" testType="13cdc9d9-ddb5-4fa4-a97d-d965ccfc6d4b" outcome="Passed" testListId="8c84fa94-04c1-424b-9868-57a2d4851a1d" relativeResultsDirectory="f39118ca-fd94-46db-a906-a16c2a848a02" />
    <UnitTestResult executionId="8f8875a2-4393-4ece-a14e-6308e159effb" testId="29b57941-d1eb-86a7-8a9d-415e3623e0fb" testName="LAL.Tests.OdeCore.BdfTests.StepBackwardEuler_ApproximatesImplicitStep" computerName="704DESKTOP" duration="00:00:00.0001855" startTime="2026-04-13T14:16:43.5780397+08:00" endTime="2026-04-13T14:16:43.5780398+08:00" testType="13cdc9d9-ddb5-4fa4-a97d-d965ccfc6d4b" outcome="Passed" testListId="8c84fa94-04c1-424b-9868-57a2d4851a1d" relativeResultsDirectory="8f8875a2-4393-4ece-a14e-6308e159effb" />
[...]
    <TestEntry testId="5f6e645b-60ae-8580-3a62-cf1bc3a66714" executionId="4b297b6d-9201-4325-bd87-1056c449659b" testListId="8c84fa94-04c1-424b-9868-57a2d4851a1d" />
    <TestEntry testId="641065b5-14eb-5e30-474e-09d7109263db" executionId="274d8538-948f-425f-a84d-2d9913dc56b2" testListId="8c84fa94-04c1-424b-9868-57a2d4851a1d" />
    <TestEntry testId="2dcc7e2b-a15b-7c4a-1dc2-dfad7241d721" executionId="cbbec938-e8db-414a-989d-59f3a924ead9" testListId="8c84fa94-04c1-424b-9868-57a2d4851a1d" />
    <TestEntry testId="8b29f306-c86e-7c99-a67e-80551e85542d" executionId="7aec81e1-6885-48fd-a474-d6abd78c8248" testListId="8c84fa94-04c1-424b-9868-57a2d4851a1d" />
    <TestEntry testId="5fd09220-deeb-8bb7-5e58-504b84d699ee" executionId="9455a784-c181-4cf4-8fde-d2fc9f113349" testListId="8c84fa94-04c1-424b-9868-57a2d4851a1d" />
    <TestEntry testId="0acecbf3-8b8b-a497-9a09-572a22c3d28d" executionId="12fe64a7-033e-4ffb-92b2-11806a386f08" testListId="8c84fa94-04c1-424b-9868-57a2d4851a1d" />
    <TestEntry testId="8e1eace4-bee8-ec36-6f2d-090e6622d026" executionId="baf6fb00-baba-4cd2-b500-bb0cf7d5ecdc" testListId="8c84fa94-04c1-424b-9868-57a2d4851a1d" />
    <TestEntry testId="d0be3d86-6ad5-3c65-f793-38f6d4d9d011" executionId="be4a836f-6223-4340-8dc3-dc6a38964138" testListId="8c84fa94-04c1-424b-9868-57a2d4851a1d" />
    <TestEntry testId="9c5e57f3-1087-0075-7578-5c99a23ab1ef" executionId="9e9ade95-8d92-4df9-b42d-de103b294aeb" testListId="8c84fa94-04c1-424b-9868-57a2d4851a1d" />
    <TestEntry testId="b74a55ae-23fb-82f7-a414-bdcc1f02ed11" executionId="78382d46-5ed3-4f2d-8fa5-0543a05e2cae" testListId="8c84fa94-04c1-424b-9868-57a2d4851a1d" />
    <TestEntry testId="cb90ac60-6eb6-8e44-fd50-2ab68bfb062d" executionId="2a882f78-3a62-440d-9424-6d0d49c0941c" testListId="8c84fa94-04c1-424b-9868-57a2d4851a1d" />
    <TestEntry testId="959b0ad1-72d2-6d05-86dd-304d7101eb4c" executionId="c3cde38f-0ab6-4c6f-a400-bc8f7f9b523f" testListId="8c84fa94-04c1-424b-9868-57a2d4851a1d" />
    <TestEntry testId="787f0095-0f4b-41e7-8f91-38176433399b" executionId="401d75d8-aad2-4018-8f33-b9c260cb0cce" testListId="8c84fa94-04c1-424b-9868-57a2d4851a1d" />
    <TestEntry testId="706b7113-2acc-9476-5283-04829101328a" executionId="d7d3a12a-8efc-4c3b-8e28-8a2ee78755de" testListId="8c84fa94-04c1-424b-9868-57a2d4851a1d" />
    <TestEntry testId="5db1dcd7-70a2-1b85-8792-1abeb24cae06" executionId="f6a56653-9b4e-41bd-a8bb-e6dbc8d2425e" testListId="8c84fa94-04c1-424b-9868-57a2d4851a1d" />
    <TestEntry testId="58aa5e02-ad7e-7050-a608-4c67fb3809a4" executionId="817ba1fb-8314-4d6c-9d31-f770606bee0f" testListId="8c84fa94-04c1-424b-9868-57a2d4851a1d" />
    <TestEntry testId="bc728bda-1495-f1fc-6de0-0f9fba680aa8" executionId="cbf5987d-cd14-4914-8586-0ede09118ec7" testListId="8c84fa94-04c1-424b-9868-57a2d4851a1d" />
    <TestEntry testId="4a43d69c-e49e-b214-9969-0ba2e8bed93b" executionId="0b3971f2-4826-409b-8ffa-3ad1332c841f" testListId="8c84fa94-04c1-424b-9868-57a2d4851a1d" />
    <TestEntry testId="896754a9-62d1-d9c3-7792-cfd7f042baaa" executionId="b10b9eba-3e67-40b8-bb5f-3b824ac5e900" testListId="8c84fa94-04c1-424b-9868-57a2d4851a1d" />
    <TestEntry testId="13c84eb2-a66d-cc27-c970-12b4e8caeb1c" executionId="73b52b79-b4c4-43fc-8b1f-567b4249c1ce" testListId="8c84fa94-04c1-424b-9868-57a2d4851a1d" />
    <TestEntry testId="5f7324fb-8f4e-9434-9935-3de25531c16e" executionId="50a5add4-dcc7-4c43-b7cf-5ee21bb6aaba" testListId="8c84fa94-04c1-424b-9868-57a2d4851a1d" />
    <TestEntry testId="e8e1a0c6-8a3f-b489-0ae9-69923e1b7a1d" executionId="65879aeb-0b0e-4af0-ad21-d55821fa23c1" testListId="8c84fa94-04c1-424b-9868-57a2d4851a1d" />
    <TestEntry testId="7bed6c14-25d2-2fa5-820a-db51e66f2ac0" executionId="205c334e-d9fe-4848-9205-750716414090" testListId="8c84fa94-04c1-424b-9868-57a2d4851a1d" />
    <TestEntry testId="48981eaa-1720-8cd4-7c98-775df9e63b4e" executionId="22ec6bd2-a920-4de1-8e58-b8841301557f" testListId="8c84fa94-04c1-424b-9868-57a2d4851a1d" />
    <TestEntry testId="8a8f465c-119b-1503-2777-6dc8b7a1c47e" executionId="31d054e5-ee8a-4231-999a-0dabce668eb4" testListId="8c84fa94-04c1-424b-9868-57a2d4851a1d" />
    <TestEntry testId="ea7bf2d4-abde-0e51-07cb-4f82a8d4c51c" executionId="e59f26b2-4c1c-48c3-aa23-5d5ddcbd3156" testListId="8c84fa94-04c1-424b-9868-57a2d4851a1d" />
    <TestEntry testId="6e5f48f7-c4f0-914f-b0db-50396e99152f" executionId="794ceec9-7d3c-4db9-8668-e0a42709f372" testListId="8c84fa94-04c1-424b-9868-57a2d4851a1d" />
    <TestEntry testId="c271b1cd-f032-cc8f-fcfc-d4a86cf4c17d" executionId="f08e8cbf-d106-4991-8c4b-2f6e665d3d74" testListId="8c84fa94-04c1-424b-9868-57a2d4851a1d" />
    <TestEntry testId="47f8871a-0dcf-7e1e-fed2-e94e9060011f" executionId="9d35c431-b2e1-46bf-b37e-108418f8f662" testListId="8c84fa94-04c1-424b-9868-57a2d4851a1d" />
    <TestEntry testId="b8b037ce-1d89-9ebd-5aaa-c89e72584981" executionId="b3a042b6-ac62-4c6f-9ddc-80f3f06c1e1a" testListId="8c84fa94-04c1-424b-9868-57a2d4851a1d" />
    <TestEntry testId="87f3ba57-c0ce-bb19-a3e1-e02d1ed7da13" executionId="a430fd21-eb6f-4919-ae71-a5d17777dcdb" testListId="8c84fa94-04c1-424b-9868-57a2d4851a1d" />
    <TestEntry testId="21f7abf2-4a77-8d14-b0a4-b66603f3e8f4" executionId="33245bdc-7f3e-486c-b1a8-d33620771e2d" testListId="8c84fa94-04c1-424b-9868-57a2d4851a1d" />
    <TestEntry testId="fa38d066-044c-3fda-7a44-1506dccfcf1a" executionId="399f6358-b4d2-40d2-a406-14fca265b153" testListId="8c84fa94-04c1-424b-9868-57a2d4851a1d" />
    <TestEntry testId="a2ad3e2c-33f2-2614-7679-c2dde3252d03" executionId="46c829a3-4b4f-48ec-8de1-dcebdbc3eade" testListId="8c84fa94-04c1-424b-9868-57a2d4851a1d" />
    <TestEntry testId="93678aa3-681e-a0d6-2c8f-e36e0a1d60a9" executionId="89b353f1-f3ad-42b9-a335-b37f0ab3cd02" testListId="8c84fa94-04c1-424b-9868-57a2d4851a1d" />
    <TestEntry testId="44ac3544-7334-7fa8-63ce-ef68e40d80c1" executionId="fdead8da-7a54-42b8-a104-2da5fdff04ec" testListId="8c84fa94-04c1-424b-9868-57a2d4851a1d" />
    <TestEntry testId="2ff9d9ba-54e5-d94f-9ad9-e42bfc2798c2" executionId="650c15be-0a24-4e9f-b42b-8f760d4390a2" testListId="8c84fa94-04c1-424b-9868-57a2d4851a1d" />
    <TestEntry testId="bcf3fb41-e70e-2e39-a7a1-0df171322755" executionId="0f0d62d2-8361-4069-b935-99bf8bffb824" testListId="8c84fa94-04c1-424b-9868-57a2d4851a1d" />
    <TestEntry testId="da0b9aaa-6043-bb49-c543-63c573994ba2" executionId="ce1a7cd9-7a77-4af3-95c4-b64e130fe6ac" testListId="8c84fa94-04c1-424b-9868-57a2d4851a1d" />
    <TestEntry testId="ab14fe0c-4339-0014-3883-868f910737a6" executionId="322e39e0-c0c4-4e7c-a524-27e0d9aee5ca" testListId="8c84fa94-04c1-424b-9868-57a2d4851a1d" />
    <TestEntry testId="612c90f4-7f18-be16-a5f5-28ee49c7eda2" executionId="5ab6d3a1-58b0-4951-bb70-d741b9892b8c" testListId="8c84fa94-04c1-424b-9868-57a2d4851a1d" />
    <TestEntry testId="34e55132-c91a-73be-9275-59d127324d05" executionId="a74e2190-eef7-4add-a85e-7e51d615cd6a" testListId="8c84fa94-04c1-424b-9868-57a2d4851a1d" />
    <TestEntry testId="c42c0ebf-434c-c949-9a64-f418dd37a69d" executionId="9f03ad9a-5941-47d4-9ec3-53f09e0f27fd" testListId="8c84fa94-04c1-424b-9868-57a2d4851a1d" />
    <TestEntry testId="dcf7f6cc-3473-02b7-0192-c0393f92ba70" executionId="f837b80b-c63a-429e-ab51-7cf9814ecd7b" testListId="8c84fa94-04c1-424b-9868-57a2d4851a1d" />
    <TestEntry testId="d36882a9-ffeb-f601-75a1-bf4a1085606a" executionId="d198a931-8edc-44ce-bf4b-7d0f2c1fbddb" testListId="8c84fa94-04c1-424b-9868-57a2d4851a1d" />
    <TestEntry testId="d9c96f5d-dc06-888d-a3fb-bb1eb9f3aedc" executionId="3175378b-e273-466c-9514-e35e905871ba" testListId="8c84fa94-04c1-424b-9868-57a2d4851a1d" />
    <TestEntry testId="f9b149bc-325f-b796-a669-ff0dae56cadf" executionId="e194dc9f-6318-498b-beef-1b96caa9ddaa" testListId="8c84fa94-04c1-424b-9868-57a2d4851a1d" />
    <TestEntry testId="1fd9afab-46ae-38cf-fcf8-e1ca6d4f8f1b" executionId="0e550b53-d735-4808-ac76-049c842ecd7b" testListId="8c84fa94-04c1-424b-9868-57a2d4851a1d" />
    <TestEntry testId="565611b6-c961-f5d2-f463-0b41f5ba7c4d" executionId="f9c1d5c0-e524-4dac-8814-03c508194943" testListId="8c84fa94-04c1-424b-9868-57a2d4851a1d" />
    <TestEntry testId="e10585e3-4d32-2f6d-83d9-ce468a2bea2e" executionId="9410a04a-1552-4f51-b09d-cb1a7d86f277" testListId="8c84fa94-04c1-424b-9868-57a2d4851a1d" />
    <TestEntry testId="371ce601-4723-f283-ea1c-33dcb41a842f" executionId="177d7606-df63-4511-80ff-5dd387ab2fe4" testListId="8c84fa94-04c1-424b-9868-57a2d4851a1d" />
    <TestEntry testId="d5d18b7f-0d1b-f6bf-fa8f-1ff1b22ebaf7" executionId="b9a8639c-03a0-4d65-b09c-88183f5bd25c" testListId="8c84fa94-04c1-424b-9868-57a2d4851a1d" />
    <TestEntry testId="bb567d0f-2de6-641c-d192-92da10aa4dce" executionId="10be9341-74cf-4ceb-a273-8b60c665afba" testListId="8c84fa94-04c1-424b-9868-57a2d4851a1d" />
    <TestEntry testId="0ff479a4-6f59-7469-7139-2f3cfd66694d" executionId="74cec2da-fbe4-4156-ad1b-349ba3ed50a0" testListId="8c84fa94-04c1-424b-9868-57a2d4851a1d" />
    <TestEntry testId="4a909dd2-5c9e-b558-3ca2-4e4e1d0c8597" executionId="027edb79-f10e-4f49-8776-ee74d3c72a31" testListId="8c84fa94-04c1-424b-9868-57a2d4851a1d" />
    <TestEntry testId="1a99ebf1-befe-d439-2f5a-2cbe9c4c845b" executionId="6deb9045-7d70-4567-ba37-d0bd2e8dc456" testListId="8c84fa94-04c1-424b-9868-57a2d4851a1d" />
    <TestEntry testId="724bd1de-53cd-2f3a-0368-3459a63b48e0" executionId="d2221ae1-b53f-47fe-a90c-f1ed03c99220" testListId="8c84fa94-04c1-424b-9868-57a2d4851a1d" />
    <TestEntry testId="3cbc6f43-c00d-dc6c-f127-0472d14a76ae" executionId="355f0bf3-9b2d-4296-86e9-d95d834c920e" testListId="8c84fa94-04c1-424b-9868-57a2d4851a1d" />
    <TestEntry testId="61752982-2ad1-8f2b-0812-bb71965debc8" executionId="e547d5d7-e0a6-4b78-997d-a6579549f763" testListId="8c84fa94-04c1-424b-9868-57a2d4851a1d" />
    <TestEntry testId="3c7ce32b-7b14-0fc4-8dfc-68d92827619c" executionId="09c7f8eb-821c-48dc-b3d4-e63fd15eb4d0" testListId="8c84fa94-04c1-424b-9868-57a2d4851a1d" />
    <TestEntry testId="16fec468-74ec-9475-26c1-7aa49b9b3ec1" executionId="d4ff16ae-3fbc-4f30-94f1-bdfe9573babf" testListId="8c84fa94-04c1-424b-9868-57a2d4851a1d" />
    <TestEntry testId="901062c8-6eb3-ab62-0ae8-e1be82f11dea" executionId="7907f1e4-1e6d-4c10-a462-cb93174162f0" testListId="8c84fa94-04c1-424b-9868-57a2d4851a1d" />
    <TestEntry testId="e73c7e72-ad3f-15f2-0191-2116a223a77d" executionId="6debd72a-46ad-4d87-a644-21caa7a99e69" testListId="8c84fa94-04c1-424b-9868-57a2d4851a1d" />
    <TestEntry testId="bbceed8b-c829-5d90-c5b5-4c9c94e1d0b1" executionId="28143439-ea0a-4f9f-ab1a-fb39c215ea7e" testListId="8c84fa94-04c1-424b-9868-57a2d4851a1d" />
    <TestEntry testId="6753295d-cdfc-1831-1551-d6801783e49b" executionId="b3c1a2f8-8b14-4612-9c6d-d3f7cf17ddc9" testListId="8c84fa94-04c1-424b-9868-57a2d4851a1d" />
    <TestEntry testId="e52015cb-f65c-5695-f8df-6a96af316cd0" executionId="c2006ad0-0958-40b2-bdaa-99d6399ad513" testListId="8c84fa94-04c1-424b-9868-57a2d4851a1d" />
    <TestEntry testId="44509fe7-c1e9-d37e-b24f-4139c24d76fb" executionId="b8658acf-c565-42fd-bcf8-d63cc0eacce0" testListId="8c84fa94-04c1-424b-9868-57a2d4851a1d" />
    <TestEntry testId="8195e94d-bc0a-855f-1aac-9c57032b8b27" executionId="ef7774ec-43bc-49c7-8066-7a2c0c07a588" testListId="8c84fa94-04c1-424b-9868-57a2d4851a1d" />
    <TestEntry testId="8a2a0113-bbc8-636b-8eea-a02ee1ac2063" executionId="931e3d09-f7fe-4484-af8c-96038d8302f5" testListId="8c84fa94-04c1-424b-9868-57a2d4851a1d" />
    <TestEntry testId="5eedf6aa-f070-2ffe-041f-c672d42c5878" executionId="312af3e3-364a-47e2-963f-9cfcd9a86db6" testListId="8c84fa94-04c1-424b-9868-57a2d4851a1d" />
    <TestEntry testId="b097790b-5de3-32d6-a712-1a42bc115b2a" executionId="707ac4f9-8239-4453-a73f-af32381064ef" testListId="8c84fa94-04c1-424b-9868-57a2d4851a1d" />
    <TestEntry testId="6c913885-46d9-0fcf-45ba-0bbae2317825" executionId="f39118ca-fd94-46db-a906-a16c2a848a02" testListId="8c84fa94-04c1-424b-9868-57a2d4851a1d" />
    <TestEntry testId="29b57941-d1eb-86a7-8a9d-415e3623e0fb" executionId="8f8875a2-4393-4ece-a14e-6308e159effb" testListId="8c84fa94-04c1-424b-9868-57a2d4851a1d" />
    <TestEntry testId="ba098830-9239-cc6a-9f7c-ee3868a90c2c" executionId="452dff44-4a88-4058-b841-23379b8e202b" testListId="8c84fa94-04c1-424b-9868-57a2d4851a1d" />
    <TestEntry testId="8a810b93-1039-8d26-1edc-8b9a6f3bad25" executionId="b5f28ab1-e899-4dd4-9b6c-8c9637d0a6f6" testListId="8c84fa94-04c1-424b-9868-57a2d4851a1d" />
    <TestEntry testId="fea67cd1-010b-6951-cec4-0fcd224ac7f8" executionId="27f37817-9a4f-471f-ac3a-66a1d0b2f5ba" testListId="8c84fa94-04c1-424b-9868-57a2d4851a1d" />
    <TestEntry testId="eada1ed2-142c-1b38-04da-1290dfc14793" executionId="8d12bf3e-5396-4793-a4c1-a0052195e588" testListId="8c84fa94-04c1-424b-9868-57a2d4851a1d" />
    <TestEntry testId="6976ddd2-0e78-fda4-f458-f9ed643d87a9" executionId="159c4c64-2e1d-4689-8861-5afc0530782c" testListId="8c84fa94-04c1-424b-9868-57a2d4851a1d" />
    <TestEntry testId="8b01faf4-450e-a34b-2552-a9ead6b19c41" executionId="277bafc9-675f-48c0-8e73-f0133f97ef8f" testListId="8c84fa94-04c1-424b-9868-57a2d4851a1d" />
    <TestEntry testId="4e3a6f13-805b-5977-464a-7785453055b7" executionId="349266bc-7ae0-44e4-8236-a678abcb947f" testListId="8c84fa94-04c1-424b-9868-57a2d4851a1d" />
    <TestEntry testId="77c85753-fa6c-2c54-d9df-919a71736358" executionId="7214fc12-b068-4964-8e57-80b65e3cd8b9" testListId="8c84fa94-04c1-424b-9868-57a2d4851a1d" />
    <TestEntry testId="44306889-2a0e-ae6b-e434-91275c3e2a79" executionId="8313d6ec-8200-4fea-b443-d2cb37361b7b" testListId="8c84fa94-04c1-424b-9868-57a2d4851a1d" />
    <TestEntry testId="3cdf15a7-35d2-cda3-a318-d0f46248ec0c" executionId="79e677d0-5e1e-40a1-9863-85208602d812" testListId="8c84fa94-04c1-424b-9868-57a2d4851a1d" />
    <TestEntry testId="fa53f2b0-619d-e81f-cdc0-b8ffa40baa7b" executionId="281bcf4e-002e-405d-b684-78bbcf04e58b" testListId="8c84fa94-04c1-424b-9868-57a2d4851a1d" />
    <TestEntry testId="de72ec7a-da79-dc84-a5aa-04f5137e81e0" executionId="f16353db-ba9e-44c1-a8b9-12d1241962a1" testListId="8c84fa94-04c1-424b-9868-57a2d4851a1d" />
    <TestEntry testId="cfb5f73c-cc1b-274d-b874-2ddb6882b070" executionId="1094006a-9145-4381-ae75-64db6fb65b28" testListId="8c84fa94-04c1-424b-9868-57a2d4851a1d" />
    <TestEntry testId="b46be1c2-d1d0-75f0-2183-a18d37cc223a" executionId="c19e3e49-6ed3-4efe-92eb-3329dded1b69" testListId="8c84fa94-04c1-424b-9868-57a2d4851a1d" />
    <TestEntry testId="d92bbb30-a6c3-4526-91d9-c4282f1ac067" executionId="8947391c-2fc7-44b1-b1d1-17db4b243cb7" testListId="8c84fa94-04c1-424b-9868-57a2d4851a1d" />
    <TestEntry testId="95c728dd-14bf-51c2-a820-fcfa4e0747c7" executionId="63314bb3-ee4c-4a93-9012-55a8ea616e4d" testListId="8c84fa94-04c1-424b-9868-57a2d4851a1d" />
    <TestEntry testId="ff6c2344-39a8-756c-b878-965a68962158" executionId="93bfbc0f-b72f-4036-b00b-0d4c2af7316d" testListId="8c84fa94-04c1-424b-9868-57a2d4851a1d" />
    <TestEntry testId="d21b0aaf-f27a-43b7-bdb6-0390ff0aae0a" executionId="ddd78cd3-e624-4aa6-bfc4-047be88db754" testListId="8c84fa94-04c1-424b-9868-57a2d4851a1d" />
    <TestEntry testId="115275b2-3716-9bee-0d54-20483f5fc6a1" executionId="c495babc-99f4-4618-81b7-8f80944910d8" testListId="8c84fa94-04c1-424b-9868-57a2d4851a1d" />
    <TestEntry testId="817e052d-292f-aaae-49d5-6c6851b92ca9" executionId="65afe75f-a44c-4c8a-bb18-b50185a0d962" testListId="8c84fa94-04c1-424b-9868-57a2d4851a1d" />
    <TestEntry testId="18e22d25-e656-83ba-1f7d-eb3bda160cf3" executionId="c0c57aa9-f2a7-4c66-b34d-52a6121a3c51" testListId="8c84fa94-04c1-424b-9868-57a2d4851a1d" />
    <TestEntry testId="8ee377cc-1b89-2ac3-0a9b-17ae30e59290" executionId="ce8826d0-41c2-49bb-a01d-c9503e4065d6" testListId="8c84fa94-04c1-424b-9868-57a2d4851a1d" />
    <TestEntry testId="844e0c35-3ae0-f476-f3ac-d7d32ee074d8" executionId="5e93535c-6de7-448c-83de-00e117cd378d" testListId="8c84fa94-04c1-424b-9868-57a2d4851a1d" />
    <TestEntry testId="59b465e9-2236-c697-3fa9-9dc2af4867d6" executionId="421879fe-8651-4e36-946e-5df6b315001e" testListId="8c84fa94-04c1-424b-9868-57a2d4851a1d" />
    <TestEntry testId="3d592f73-e4d4-cade-bce5-2b98ad526dfc" executionId="4fab2c48-635d-4ef0-87b3-61cdb3f9b43a" testListId="8c84fa94-04c1-424b-9868-57a2d4851a1d" />
    <TestEntry testId="c3474422-89f1-623c-7b7d-a3b0e0635b88" executionId="a8bb99f8-608c-47b3-b5e6-4932ac453e63" testListId="8c84fa94-04c1-424b-9868-57a2d4851a1d" />
    <TestEntry testId="6d7619e0-d750-15ec-4d98-77d0a39b6ce5" executionId="628fa2a4-52f1-4182-bf84-48fff884506a" testListId="8c84fa94-04c1-424b-9868-57a2d4851a1d" />
    <TestEntry testId="0d5f4ca7-2511-50ff-9813-24ba331c3c7f" executionId="4982a7af-6c82-4765-8fe6-5042b50a7809" testListId="8c84fa94-04c1-424b-9868-57a2d4851a1d" />
    <TestEntry testId="40f7648d-5900-de75-3411-6e61964427f0" executionId="93ea4c5f-7b6d-4f3a-9677-3798cec485f3" testListId="8c84fa94-04c1-424b-9868-57a2d4851a1d" />
    <TestEntry testId="b35df7c0-ed3f-28e0-11ff-98444444bfad" executionId="b2ee2ac8-d3d3-4b6b-b32d-6d7d6300e298" testListId="8c84fa94-04c1-424b-9868-57a2d4851a1d" />
    <TestEntry testId="7feaebf8-bb06-f4ef-b8d6-5f312b17d53f" executionId="3c65a769-56b3-4cf2-a86f-df9b5cc30e41" testListId="8c84fa94-04c1-424b-9868-57a2d4851a1d" />
    <TestEntry testId="b04f7f5c-659e-2d0e-0a74-29aed3f65d0c" executionId="1b666661-9f06-497a-91c8-923f338902dc" testListId="8c84fa94-04c1-424b-9868-57a2d4851a1d" />
    <TestEntry testId="2874f058-1164-b566-c12d-1754c5ab9eef" executionId="786d2b6b-8b36-4fd4-8f82-88ced667bc75" testListId="8c84fa94-04c1-424b-9868-57a2d4851a1d" />
    <TestEntry testId="98d33923-6e00-1bf2-4531-f85f712c8337" executionId="44060ce7-05c3-4d7d-8e59-8debba5a6a73" testListId="8c84fa94-04c1-424b-9868-57a2d4851a1d" />
    <TestEntry testId="f95032d4-a5f2-38a8-8f2b-b81a660325dd" executionId="a23148be-33f7-4d67-909b-458901dd73ed" testListId="8c84fa94-04c1-424b-9868-57a2d4851a1d" />
    <TestEntry testId="f930e3ee-2f35-0c22-f94b-b5852210c43b" executionId="ada2ac27-fe0c-416b-897c-f6e75994f102" testListId="8c84fa94-04c1-424b-9868-57a2d4851a1d" />
    <TestEntry testId="e6ad0221-c4f4-287d-2ca0-bfe09ec0429c" executionId="448dc7ed-d43d-4794-960b-28225d8e808e" testListId="8c84fa94-04c1-424b-9868-57a2d4851a1d" />
    <TestEntry testId="5d1cafd1-cb59-8ed3-587f-48d186808b48" executionId="4f4c97bd-f49b-457c-b4d6-08e2f16e2ddc" testListId="8c84fa94-04c1-424b-9868-57a2d4851a1d" />
    <TestEntry testId="931486d2-bb97-a77c-c679-f35e058c8c8a" executionId="7f33f266-dcfb-40a2-a522-9046b30f285a" testListId="8c84fa94-04c1-424b-9868-57a2d4851a1d" />
    <TestEntry testId="f731242d-bb5b-c6c7-e40b-4d0710d868b6" executionId="772ed3ed-9ca6-4e84-a744-cd74cc643814" testListId="8c84fa94-04c1-424b-9868-57a2d4851a1d" />
    <TestEntry testId="db5af543-83f5-1b23-0aca-ee90d3266c56" executionId="83bfd554-fe58-4adb-b312-128414e4929f" testListId="8c84fa94-04c1-424b-9868-57a2d4851a1d" />
    <TestEntry testId="7fae3448-6349-ca0b-d264-c740bc06c681" executionId="a2173b9e-5a91-415e-b562-e3a280d54686" testListId="8c84fa94-04c1-424b-9868-57a2d4851a1d" />
  </TestEntries>
  <TestLists>
    <TestList name="不在清單中的結果" id="8c84fa94-04c1-424b-9868-57a2d4851a1d" />
    <TestList name="所有載入的結果" id="19431567-8539-422a-85d7-44ee4e166bda" />
  </TestLists>
  <ResultSummary outcome="Completed">
    <Counters total="191" executed="191" passed="191" failed="0" error="0" timeout="0" aborted="0" inconclusive="0" passedButRunAborted="0" notRunnable="0" notExecuted="0" disconnected="0" warning="0" completed="0" inProgress="0" pending="0" />
    <Output>
      <StdOut>[xUnit.net 00:00:00.00] xUnit.net VSTest Adapter v2.5.3.1+6b60a9e56a (64-bit .NET 8.0.25)&#xD;
[xUnit.net 00:00:00.16]   Discovering: LAL.Tests&#xD;
[xUnit.net 00:00:00.19]   Discovered:  LAL.Tests&#xD;
[xUnit.net 00:00:00.19]   Starting:    LAL.Tests&#xD;
[xUnit.net 00:00:00.31]   Finished:    LAL.Tests&#xD;
</StdOut>
    </Output>
  </ResultSummary>
</TestRun>