<?xml version="1.0" encoding="utf-8"?>
<TestRun id="5cd836cb-621e-458a-8269-480b0f8ed352" name="user@704DESKTOP 2026-04-13 14:17:02" runUser="704DESKTOP\user" xmlns="http://microsoft.com/schemas/VisualStudio/TeamTest/2010">
  <Times creation="2026-04-13T14:17:02.8456366+08:00" queuing="2026-04-13T14:17:02.8456368+08:00" start="2026-04-13T14:17:02.3473048+08:00" finish="2026-04-13T14:17:02.9442223+08:00" />
  <TestSettings name="default" id="1b3cbd16-69f1-45ae-834e-424b5935604b">
    <Deployment runDeploymentRoot="user_704DESKTOP_2026-04-13_14_17_02" />
  </TestSettings>
  <Results>
    <UnitTestResult executionId="c327acaf-f23f-4111-9271-df84c6a365d4" testId="cb3c8af9-ae8b-8464-9dfc-280badf4ada4" testName="LAL.Tests.OdeCore.DenseOutputTests.InterpolateLinear_Complex_ReturnsExpectedPoint" computerName="704DESKTOP" duration="00:00:00.0003900" startTime="2026-04-13T14:17:02.8359100+08:00" endTime="2026-04-13T14:17:02.8359100+08:00" testType="13cdc9d9-ddb5-4fa4-a97d-d965ccfc6d4b" outcome="Passed" testListId="8c84fa94-04c1-424b-9868-57a2d4851a1d" relativeResultsDirectory="c327acaf-f23f-4111-9271-df84c6a365d4" />
    <UnitTestResult executionId="7831e5c0-c0f3-4654-b78a-d097cf807a03" testId="da9da59a-857a-c897-84fc-59e47a27d4ad" testName="LAL.Tests.TensorCore.ConvolutionTests.Convolve2D_ParallelPath_MatchesReference" computerName="704DESKTOP" duration="00:00:00.0025678" startTime="2026-04-13T14:17:02.8427338+08:00" endTime="2026-04-13T14:17:02.8427339+08:00" testType="13cdc9d9-ddb5-4fa4-a97d-d965ccfc6d4b" outcome="Passed" testListId="8c84fa94-04c1-424b-9868-57a2d4851a1d" relativeResultsDirectory="7831e5c0-c0f3-4654-b78a-d097cf807a03" />
    <UnitTestResult executionId="7c8bb622-d0d6-4e2a-8bca-869c9a799eb0" testId="d32775d8-384e-5656-aee6-b66a0c63172e" testName="LAL.Tests.NumericalCore.Optimization.GradientDescentTests.SolveScalar_Complex_ConvergesOnQuadraticMinimum" computerName="704DESKTOP" duration="00:00:00.0007872" startTime="2026-04-13T14:17:02.8416839+08:00" endTime="2026-04-13T14:17:02.8416839+08:00" testType="13cdc9d9-ddb5-4fa4-a97d-d965ccfc6d4b" outcome="Passed" testListId="8c84fa94-04c1-424b-9868-57a2d4851a1d" relativeResultsDirectory="7c8bb622-d0d6-4e2a-8bca-869c9a799eb0" />
    <UnitTestResult executionId="94fc6ac2-bbf0-456e-9732-80b977759d41" testId="5f6e645b-60ae-8580-3a62-cf1bc3a66714" testName="LAL.Tests.TensorCore.ComplexOpsTests.ReAndIm_ExtractComponents" computerName="704DESKTOP" duration="00:00:00.0009417" startTime="2026-04-13T14:17:02.8419864+08:00" endTime="2026-04-13T14:17:02.8419865+08:00" testType="13cdc9d9-ddb5-4fa4-a97d-d965ccfc6d4b" outcome="Passed" testListId="8c84fa94-04c1-424b-9868-57a2d4851a1d" relativeResultsDirectory="94fc6ac2-bbf0-456e-9732-80b977759d41" />
    <UnitTestResult executionId="f8b7a939-c29a-4d3a-85d1-7ab99d6cdc33" testId="4d4d7c58-3266-7f12-e61d-8b4ca0c6a420" testName="LAL.Tests.NumericalCore.Integration.GaussianQuadratureTests.Integrate_ApproximatesPolynomialIntegral" computerName="704DESKTOP" duration="00:00:00.0005768" startTime="2026-04-13T14:17:02.8373305+08:00" endTime="2026-04-13T14:17:02.8373305+08:00" testType="13cdc9d9-ddb5-4fa4-a97d-d965ccfc6d4b" outcome="Passed" testListId="8c84fa94-04c1-424b-9868-57a2d4851a1d" relativeResultsDirectory="f8b7a939-c29a-4d3a-85d1-7ab99d6cdc33" />
    <UnitTestResult executionId="ef18688d-96d6-49ec-8647-e58414562ef2" testId="bcf3fb41-e70e-2e39-a7a1-0df171322755" testName="LAL.Tests.NumericalCore.Statistics.CovarianceTests.Compute_Complex_WithParallelEnabled_MatchesSequentialOnLargeInput" computerName="704DESKTOP" duration="00:00:00.0223756" startTime="2026-04-13T14:17:02.8665325+08:00" endTime="2026-04-13T14:17:02.8665329+08:00" testType="13cdc9d9-ddb5-4fa4-a97d-d965ccfc6d4b" outcome="Passed" testListId="8c84fa94-04c1-424b-9868-57a2d4851a1d" relativeResultsDirectory="ef18688d-96d6-49ec-8647-e58414562ef2" />
    <UnitTestResult executionId="04538406-ada7-4ffd-9611-c871209c2363" testId="6976ddd2-0e78-fda4-f458-f9ed643d87a9" testName="LAL.Tests.TensorCore.ReductionsTests.Sum_AndMean_ReturnExpectedValues" computerName="704DESKTOP" duration="00:00:00.0005456" startTime="2026-04-13T14:17:02.8386087+08:00" endTime="2026-04-13T14:17:02.8386087+08:00" testType="13cdc9d9-ddb5-4fa4-a97d-d965ccfc6d4b" outcome="Passed" testListId="8c84fa94-04c1-424b-9868-57a2d4851a1d" relativeResultsDirectory="04538406-ada7-4ffd-9611-c871209c2363" />
    <UnitTestResult executionId="884178b2-ffd3-4a14-ac6b-6527aeae4b5a" testId="2189d446-6226-4fe1-1e38-29432fcb0dce" testName="LAL.Tests.OdeCore.RadauTests.StepOneStage_StaysBoundedOnStiffProblem" computerName="704DESKTOP" duration="00:00:00.0002333" startTime="2026-04-13T14:17:02.8379420+08:00" endTime="2026-04-13T14:17:02.8379420+08:00" testType="13cdc9d9-ddb5-4fa4-a97d-d965ccfc6d4b" outcome="Passed" testListId="8c84fa94-04c1-424b-9868-57a2d4851a1d" relativeResultsDirectory="884178b2-ffd3-4a14-ac6b-6527aeae4b5a" />
    <UnitTestResult executionId="eecac1b5-9fbd-49d9-892a-7747af128a41" testId="48982ea1-3fde-8be6-1b79-0921d19d45a4" testName="LAL.Tests.LinalgCore.GemmTests.Multiply_Float_ComputesMatrixMatrixProduct" computerName="704DESKTOP" duration="00:00:00.0018842" startTime="2026-04-13T14:17:02.8364931+08:00" endTime="2026-04-13T14:17:02.8364931+08:00" testType="13cdc9d9-ddb5-4fa4-a97d-d965ccfc6d4b" outcome="Passed" testListId="8c84fa94-04c1-424b-9868-57a2d4851a1d" relativeResultsDirectory="eecac1b5-9fbd-49d9-892a-7747af128a41" />
    <UnitTestResult executionId="adf17eaf-10ef-4e7e-871f-b366cc2d588e" testId="2dcc7e2b-a15b-7c4a-1dc2-dfad7241d721" testName="LAL.Tests.OdeCore.Rk4Tests.Step_ProducesFourthOrderEstimate" computerName="704DESKTOP" duration="00:00:00.0012626" startTime="2026-04-13T14:17:02.8402535+08:00" endTime="2026-04-13T14:17:02.8402535+08:00" testType="13cdc9d9-ddb5-4fa4-a97d-d965ccfc6d4b" outcome="Passed" testListId="8c84fa94-04c1-424b-9868-57a2d4851a1d" relativeResultsDirectory="adf17eaf-10ef-4e7e-871f-b366cc2d588e" />
    <UnitTestResult executionId="cdf2bc07-27c9-45ff-b2f0-55b4bcfc7bb5" testId="6e4ed417-ae38-3460-980f-4ec323d5f442" testName="LAL.Tests.LinalgCore.TransposeTests.Matrix_TransposesRowMajorMatrix" computerName="704DESKTOP" duration="00:00:00.0004745" startTime="2026-04-13T14:17:02.8390251+08:00" endTime="2026-04-13T14:17:02.8390251+08:00" testType="13cdc9d9-ddb5-4fa4-a97d-d965ccfc6d4b" outcome="Passed" testListId="8c84fa94-04c1-424b-9868-57a2d4851a1d" relativeResultsDirectory="cdf2bc07-27c9-45ff-b2f0-55b4bcfc7bb5" />
    <UnitTestResult executionId="e9ab9c54-b2e6-4b32-9750-5f5c1262701e" testId="896754a9-62d1-d9c3-7792-cfd7f042baaa" testName="LAL.Tests.TensorCore.BroadcastingTests.ComputeBroadcastStrides_SetsBroadcastAxisStrideToZero" computerName="704DESKTOP" duration="00:00:00.0003406" startTime="2026-04-13T14:17:02.8419457+08:00" endTime="2026-04-13T14:17:02.8419458+08:00" testType="13cdc9d9-ddb5-4fa4-a97d-d965ccfc6d4b" outcome="Passed" testListId="8c84fa94-04c1-424b-9868-57a2d4851a1d" relativeResultsDirectory="e9ab9c54-b2e6-4b32-9750-5f5c1262701e" />
    <UnitTestResult executionId="d1eb4017-5675-461c-a281-58dc4ecd4ef4" testId="0acecbf3-8b8b-a497-9a09-572a22c3d28d" testName="LAL.Tests.NumericalCore.Integration.BasicQuadratureTests.Trapezoidal_ApproximatesIntegralOfXSquared" computerName="704DESKTOP" duration="00:00:00.0003177" startTime="2026-04-13T14:17:02.8365094+08:00" endTime="2026-04-13T14:17:02.8365094+08:00" testType="13cdc9d9-ddb5-4fa4-a97d-d965ccfc6d4b" outcome="Passed" testListId="8c84fa94-04c1-424b-9868-57a2d4851a1d" relativeResultsDirectory="d1eb4017-5675-461c-a281-58dc4ecd4ef4" />
    <UnitTestResult executionId="ffc5a716-1a55-481a-b974-62ed80fb2147" testId="86100b19-2d56-0aca-2f91-752f538782fb" testName="LAL.Tests.TensorCore.FftTests.ForwardInverse2D_RoundTrip" computerName="704DESKTOP" duration="00:00:00.0004079" startTime="2026-04-13T14:17:02.8424539+08:00" endTime="2026-04-13T14:17:02.8424539+08:00" testType="13cdc9d9-ddb5-4fa4-a97d-d965ccfc6d4b" outcome="Passed" testListId="8c84fa94-04c1-424b-9868-57a2d4851a1d" relativeResultsDirectory="ffc5a716-1a55-481a-b974-62ed80fb2147" />
    <UnitTestResult executionId="0ad6be35-5008-48a6-90ff-73b7c2706b8a" testId="40f7648d-5900-de75-3411-6e61964427f0" testName="LAL.Tests.NumericalCore.Differentiation.FiniteDifferenceTests.ForwardBackwardCentral_ApproximateDerivative" computerName="704DESKTOP" duration="00:00:00.0004298" startTime="2026-04-13T14:17:02.8317253+08:00" endTime="2026-04-13T14:17:02.8317253+08:00" testType="13cdc9d9-ddb5-4fa4-a97d-d965ccfc6d4b" outcome="Passed" testListId="8c84fa94-04c1-424b-9868-57a2d4851a1d" relativeResultsDirectory="0ad6be35-5008-48a6-90ff-73b7c2706b8a" />
    <UnitTestResult executionId="4761ca30-6e69-45da-a91f-7d0860bc75dc" testId="bd354157-58eb-2ee4-0c55-4c7601efc783" testName="LAL.Tests.LinalgCore.GemvTests.Multiply_ComputesMatrixVectorProduct" computerName="704DESKTOP" duration="00:00:00.0147281" startTime="2026-04-13T14:17:02.8349199+08:00" endTime="2026-04-13T14:17:02.8349199+08:00" testType="13cdc9d9-ddb5-4fa4-a97d-d965ccfc6d4b" outcome="Passed" testListId="8c84fa94-04c1-424b-9868-57a2d4851a1d" relativeResultsDirectory="4761ca30-6e69-45da-a91f-7d0860bc75dc" />
    <UnitTestResult executionId="f605df80-c5bf-43a3-92c9-3c59cebe9969" testId="6135c2aa-9fdc-3a3a-0425-276be36cde29" testName="LAL.Tests.TensorCore.FftTests.ForwardInverse_NonPowerOfTwoLength_RoundTrip" computerName="704DESKTOP" duration="00:00:00.0002263" startTime="2026-04-13T14:17:02.8414785+08:00" endTime="2026-04-13T14:17:02.8414785+08:00" testType="13cdc9d9-ddb5-4fa4-a97d-d965ccfc6d4b" outcome="Passed" testListId="8c84fa94-04c1-424b-9868-57a2d4851a1d" relativeResultsDirectory="f605df80-c5bf-43a3-92c9-3c59cebe9969" />
    <UnitTestResult executionId="06c02958-529a-4539-a1b1-7b1c928b63f5" testId="f95032d4-a5f2-38a8-8f2b-b81a660325dd" testName="LAL.Tests.OdeCore.BdfTests.StepBackwardEuler_Float_ApproximatesImplicitStep" computerName="704DESKTOP" duration="00:00:00.0015804" startTime="2026-04-13T14:17:02.8348672+08:00" endTime="2026-04-13T14:17:02.8348672+08:00" testType="13cdc9d9-ddb5-4fa4-a97d-d965ccfc6d4b" outcome="Passed" testListId="8c84fa94-04c1-424b-9868-57a2d4851a1d" relativeResultsDirectory="06c02958-529a-4539-a1b1-7b1c928b63f5" />
    <UnitTestResult executionId="03d4805a-2951-4e70-98a4-9537bc774cb0" testId="b46be1c2-d1d0-75f0-2183-a18d37cc223a" testName="LAL.Tests.NumericalCore.Statistics.CovarianceTests.Compute_WithParallelEnabled_MatchesSequentialOnLargeInput" computerName="704DESKTOP" duration="00:00:00.0238198" startTime="2026-04-13T14:17:02.8436341+08:00" endTime="2026-04-13T14:17:02.8436341+08:00" testType="13cdc9d9-ddb5-4fa4-a97d-d965ccfc6d4b" outcome="Passed" testListId="8c84fa94-04c1-424b-9868-57a2d4851a1d" relativeResultsDirectory="03d4805a-2951-4e70-98a4-9537bc774cb0" />
    <UnitTestResult executionId="57e5d5bf-3894-455a-881d-affdd64bf792" testId="8a810b93-1039-8d26-1edc-8b9a6f3bad25" testName="LAL.Tests.NumericalCore.Random.RngTests.NextUInt_NormalizesZeroSeed" computerName="704DESKTOP" duration="00:00:00.0025098" startTime="2026-04-13T14:17:02.8426862+08:00" endTime="2026-04-13T14:17:02.8426862+08:00" testType="13cdc9d9-ddb5-4fa4-a97d-d965ccfc6d4b" outcome="Passed" testListId="8c84fa94-04c1-424b-9868-57a2d4851a1d" relativeResultsDirectory="57e5d5bf-3894-455a-881d-affdd64bf792" />
    <UnitTestResult executionId="47be3856-7db6-49e2-8e8e-307ac9bdf4c5" testId="5fd09220-deeb-8bb7-5e58-504b84d699ee" testName="LAL.Tests.NumericalCore.Integration.BasicQuadratureTests.Trapezoidal_Float_ApproximatesIntegralOfXSquared" computerName="704DESKTOP" duration="00:00:00.0003303" startTime="2026-04-13T14:17:02.8362765+08:00" endTime="2026-04-13T14:17:02.8362765+08:00" testType="13cdc9d9-ddb5-4fa4-a97d-d965ccfc6d4b" outcome="Passed" testListId="8c84fa94-04c1-424b-9868-57a2d4851a1d" relativeResultsDirectory="47be3856-7db6-49e2-8e8e-307ac9bdf4c5" />
    <UnitTestResult executionId="0578d152-1414-4d58-bc98-ad68356b41a6" testId="bc728bda-1495-f1fc-6de0-0f9fba680aa8" testName="LAL.Tests.TensorCore.CumulativeTests.CumSum_Works" computerName="704DESKTOP" duration="00:00:00.0022387" startTime="2026-04-13T14:17:02.8368636+08:00" endTime="2026-04-13T14:17:02.8368636+08:00" testType="13cdc9d9-ddb5-4fa4-a97d-d965ccfc6d4b" outcome="Passed" testListId="8c84fa94-04c1-424b-9868-57a2d4851a1d" relativeResultsDirectory="0578d152-1414-4d58-bc98-ad68356b41a6" />
    <UnitTestResult executionId="e9790bc6-0dd5-4986-87ce-24905033332e" testId="c271b1cd-f032-cc8f-fcfc-d4a86cf4c17d" testName="LAL.Tests.TensorCore.BroadcastingTests.BroadcastShapes_ReturnsExpectedShape" computerName="704DESKTOP" duration="00:00:00.0004219" startTime="2026-04-13T14:17:02.8417457+08:00" endTime="2026-04-13T14:17:02.8417457+08:00" testType="13cdc9d9-ddb5-4fa4-a97d-d965ccfc6d4b" outcome="Passed" testListId="8c84fa94-04c1-424b-9868-57a2d4851a1d" relativeResultsDirectory="e9790bc6-0dd5-4986-87ce-24905033332e" />
    <UnitTestResult executionId="124b5241-9197-4488-bdcf-e2170337aae0" testId="a1ddbe7f-3ce5-c4f3-eb43-94820dd119fb" testName="LAL.Tests.NumericalCore.RootFinding.BrentTests.Solve_Float_FindsRootWithinBracket" computerName="704DESKTOP" duration="00:00:00.0073887" startTime="2026-04-13T14:17:02.8331491+08:00" endTime="2026-04-13T14:17:02.8331492+08:00" testType="13cdc9d9-ddb5-4fa4-a97d-d965ccfc6d4b" outcome="Passed" testListId="8c84fa94-04c1-424b-9868-57a2d4851a1d" relativeResultsDirectory="124b5241-9197-4488-bdcf-e2170337aae0" />
    <UnitTestResult executionId="256b2b80-1947-48a2-b3e5-8d1abb8f48c0" testId="16d7a1a8-a405-7686-34b4-a3c5486b60eb" testName="LAL.Tests.LinalgCore.DistanceMetricsTests.PairwiseEuclidean_ComputesExpectedMatrix" computerName="704DESKTOP" duration="00:00:00.0003726" startTime="2026-04-13T14:17:02.8359962+08:00" endTime="2026-04-13T14:17:02.8359962+08:00" testType="13cdc9d9-ddb5-4fa4-a97d-d965ccfc6d4b" outcome="Passed" testListId="8c84fa94-04c1-424b-9868-57a2d4851a1d" relativeResultsDirectory="256b2b80-1947-48a2-b3e5-8d1abb8f48c0" />
    <UnitTestResult executionId="be6283a8-aeba-4ebf-a46f-c11c44bec928" testId="13c84eb2-a66d-cc27-c970-12b4e8caeb1c" testName="LAL.Tests.LinalgCore.InvariantPropertyTests.Axpy_MatchesReference_ForRandomInputs" computerName="704DESKTOP" duration="00:00:00.0006789" startTime="2026-04-13T14:17:02.8426762+08:00" endTime="2026-04-13T14:17:02.8426762+08:00" testType="13cdc9d9-ddb5-4fa4-a97d-d965ccfc6d4b" outcome="Passed" testListId="8c84fa94-04c1-424b-9868-57a2d4851a1d" relativeResultsDirectory="be6283a8-aeba-4ebf-a46f-c11c44bec928" />
    <UnitTestResult executionId="3c564938-b16f-4d54-a7d4-99915a79aa84" testId="40685db0-0177-021c-35b0-3ab94f7810b6" testName="LAL.Tests.NumericalCore.RootFinding.SecantTests.Solve_ReturnsNotConvergedWhenDenominatorDegenerates" computerName="704DESKTOP" duration="00:00:00.0005423" startTime="2026-04-13T14:17:02.8337182+08:00" endTime="2026-04-13T14:17:02.8337183+08:00" testType="13cdc9d9-ddb5-4fa4-a97d-d965ccfc6d4b" outcome="Passed" testListId="8c84fa94-04c1-424b-9868-57a2d4851a1d" relativeResultsDirectory="3c564938-b16f-4d54-a7d4-99915a79aa84" />
    <UnitTestResult executionId="73656019-5ea8-49aa-bcf0-c9cbe35e376f" testId="817e052d-292f-aaae-49d5-6c6851b92ca9" testName="LAL.Tests.LinalgCore.VectorOpsTests.OuterProduct_Works" computerName="704DESKTOP" duration="00:00:00.0003459" startTime="2026-04-13T14:17:02.8422273+08:00" endTime="2026-04-13T14:17:02.8422273+08:00" testType="13cdc9d9-ddb5-4fa4-a97d-d965ccfc6d4b" outcome="Passed" testListId="8c84fa94-04c1-424b-9868-57a2d4851a1d" relativeResultsDirectory="73656019-5ea8-49aa-bcf0-c9cbe35e376f" />
    <UnitTestResult executionId="fd08a18e-d256-4ba6-9a46-390847adaa5b" testId="cb2b3bd6-de06-9842-54e0-3eda0cba8b26" testName="LAL.Tests.LinalgCore.NormsTests.ComplexNorms_ReturnExpectedValues" computerName="704DESKTOP" duration="00:00:00.0004802" startTime="2026-04-13T14:17:02.8398723+08:00" endTime="2026-04-13T14:17:02.8398723+08:00" testType="13cdc9d9-ddb5-4fa4-a97d-d965ccfc6d4b" outcome="Passed" testListId="8c84fa94-04c1-424b-9868-57a2d4851a1d" relativeResultsDirectory="fd08a18e-d256-4ba6-9a46-390847adaa5b" />
    <UnitTestResult executionId="a7f8ca95-bb44-4a5b-beeb-f4e0960f8c4b" testId="5eedf6aa-f070-2ffe-041f-c672d42c5878" testName="LAL.Tests.NumericalCore.RootFinding.SecantTests.Solve_FindsSquareRootOfTwo" computerName="704DESKTOP" duration="00:00:00.0001246" startTime="2026-04-13T14:17:02.8338966+08:00" endTime="2026-04-13T14:17:02.8338966+08:00" testType="13cdc9d9-ddb5-4fa4-a97d-d965ccfc6d4b" outcome="Passed" testListId="8c84fa94-04c1-424b-9868-57a2d4851a1d" relativeResultsDirectory="a7f8ca95-bb44-4a5b-beeb-f4e0960f8c4b" />
    <UnitTestResult executionId="63effbc6-3bde-454e-8e4a-5c7a25f1410b" testId="d36882a9-ffeb-f601-75a1-bf4a1085606a" testName="LAL.Tests.TensorCore.TensorShapeTests.ComputeRowMajorStrides_ReturnsExpectedValues" computerName="704DESKTOP" duration="00:00:00.0001170" startTime="2026-04-13T14:17:02.8399868+08:00" endTime="2026-04-13T14:17:02.8399868+08:00" testType="13cdc9d9-ddb5-4fa4-a97d-d965ccfc6d4b" outcome="Passed" testListId="8c84fa94-04c1-424b-9868-57a2d4851a1d" relativeResultsDirectory="63effbc6-3bde-454e-8e4a-5c7a25f1410b" />
    <UnitTestResult executionId="5f1e88f3-53a9-43e1-b0b3-958d49c4ae77" testId="b8b037ce-1d89-9ebd-5aaa-c89e72584981" testName="LAL.Tests.LinalgCore.TransposeTests.Matrix_Complex_TransposesWithoutConjugation" computerName="704DESKTOP" duration="00:00:00.0007105" startTime="2026-04-13T14:17:02.8382999+08:00" endTime="2026-04-13T14:17:02.8383000+08:00" testType="13cdc9d9-ddb5-4fa4-a97d-d965ccfc6d4b" outcome="Passed" testListId="8c84fa94-04c1-424b-9868-57a2d4851a1d" relativeResultsDirectory="5f1e88f3-53a9-43e1-b0b3-958d49c4ae77" />
    <UnitTestResult executionId="07988488-2665-4640-b79f-298ccdb3e69e" testId="82acf256-f342-2e8d-5e90-102d6ff81593" testName="LAL.Tests.LinalgCore.MatrixOpsTests.MultiplyMatrixVector_Works" computerName="704DESKTOP" duration="00:00:00.0023576" startTime="2026-04-13T14:17:02.8373431+08:00" endTime="2026-04-13T14:17:02.8373432+08:00" testType="13cdc9d9-ddb5-4fa4-a97d-d965ccfc6d4b" outcome="Passed" testListId="8c84fa94-04c1-424b-9868-57a2d4851a1d" relativeResultsDirectory="07988488-2665-4640-b79f-298ccdb3e69e" />
    <UnitTestResult executionId="6a562550-d004-48ba-a523-91a1cbd56893" testId="44ac3544-7334-7fa8-63ce-ef68e40d80c1" testName="LAL.Tests.OdeCore.Rk4Tests.Step_Complex_ProducesFourthOrderEstimate" computerName="704DESKTOP" duration="00:00:00.0022778" startTime="2026-04-13T14:17:02.8417408+08:00" endTime="2026-04-13T14:17:02.8417408+08:00" testType="13cdc9d9-ddb5-4fa4-a97d-d965ccfc6d4b" outcome="Passed" testListId="8c84fa94-04c1-424b-9868-57a2d4851a1d" relativeResultsDirectory="6a562550-d004-48ba-a523-91a1cbd56893" />
    <UnitTestResult executionId="452b2aaa-d09c-4525-8d4c-507c545d5a11" testId="41af17f8-a600-14fc-3b02-26862bf4724e" testName="LAL.Tests.TensorCore.ConvolutionTests.ParallelSettings_NegativeMaxDegree_Throws" computerName="704DESKTOP" duration="00:00:00.0005643" startTime="2026-04-13T14:17:02.8436034+08:00" endTime="2026-04-13T14:17:02.8436034+08:00" testType="13cdc9d9-ddb5-4fa4-a97d-d965ccfc6d4b" outcome="Passed" testListId="8c84fa94-04c1-424b-9868-57a2d4851a1d" relativeResultsDirectory="452b2aaa-d09c-4525-8d4c-507c545d5a11" />
    <UnitTestResult executionId="e99adf13-e115-47d1-8f88-6aee720ddc14" testId="f98c8cd2-e912-e270-1708-e3d35e5b2e91" testName="LAL.Tests.NumericalCore.Differentiation.FiniteDifferenceTests.Float_ApproximatesDerivative" computerName="704DESKTOP" duration="00:00:00.0069062" startTime="2026-04-13T14:17:02.8331268+08:00" endTime="2026-04-13T14:17:02.8331269+08:00" testType="13cdc9d9-ddb5-4fa4-a97d-d965ccfc6d4b" outcome="Passed" testListId="8c84fa94-04c1-424b-9868-57a2d4851a1d" relativeResultsDirectory="e99adf13-e115-47d1-8f88-6aee720ddc14" />
    <UnitTestResult executionId="14fa9c1e-a8e5-47da-abac-923195f12854" testId="95d51773-adea-6140-c296-4644bbb36c64" testName="LAL.Tests.LinalgCore.AxpyTests.Compute_Complex_UpdatesYWithAlphaXPlusY" computerName="704DESKTOP" duration="00:00:00.0003502" startTime="2026-04-13T14:17:02.8356356+08:00" endTime="2026-04-13T14:17:02.8356356+08:00" testType="13cdc9d9-ddb5-4fa4-a97d-d965ccfc6d4b" outcome="Passed" testListId="8c84fa94-04c1-424b-9868-57a2d4851a1d" relativeResultsDirectory="14fa9c1e-a8e5-47da-abac-923195f12854" />
    <UnitTestResult executionId="4909749e-16ab-418f-aeab-a47717151062" testId="9c5e57f3-1087-0075-7578-5c99a23ab1ef" testName="LAL.Tests.TensorCore.MaskOpsTests.GreaterThanAndWhere_Work" computerName="704DESKTOP" duration="00:00:00.0019991" startTime="2026-04-13T14:17:02.8368416+08:00" endTime="2026-04-13T14:17:02.8368416+08:00" testType="13cdc9d9-ddb5-4fa4-a97d-d965ccfc6d4b" outcome="Passed" testListId="8c84fa94-04c1-424b-9868-57a2d4851a1d" relativeResultsDirectory="4909749e-16ab-418f-aeab-a47717151062" />
    <UnitTestResult executionId="470086e2-7887-4042-aac0-faeec93bf193" testId="95526353-91a2-d87d-2b57-bd40572fc25e" testName="LAL.Tests.TensorCore.FftTests.RfftND_ReturnsSpectrumWithExpectedLength" computerName="704DESKTOP" duration="00:00:00.0011588" startTime="2026-04-13T14:17:02.8422007+08:00" endTime="2026-04-13T14:17:02.8422007+08:00" testType="13cdc9d9-ddb5-4fa4-a97d-d965ccfc6d4b" outcome="Passed" testListId="8c84fa94-04c1-424b-9868-57a2d4851a1d" relativeResultsDirectory="470086e2-7887-4042-aac0-faeec93bf193" />
    <UnitTestResult executionId="6d8548ca-fa07-41f5-b767-38c1e57a60a0" testId="0d7d9748-258b-f02d-9faf-6827c43b6ee3" testName="LAL.Tests.NumericalCore.Statistics.PearsonCorrelationTests.Compute_Complex_ReturnsNearOneForLinearMapping" computerName="704DESKTOP" duration="00:00:00.0004657" startTime="2026-04-13T14:17:02.8390552+08:00" endTime="2026-04-13T14:17:02.8390552+08:00" testType="13cdc9d9-ddb5-4fa4-a97d-d965ccfc6d4b" outcome="Passed" testListId="8c84fa94-04c1-424b-9868-57a2d4851a1d" relativeResultsDirectory="6d8548ca-fa07-41f5-b767-38c1e57a60a0" />
    <UnitTestResult executionId="be6869ae-22ff-469b-ada3-157d95d90bf9" testId="e8e1a0c6-8a3f-b489-0ae9-69923e1b7a1d" testName="LAL.Tests.NumericalCore.Differentiation.FiniteDifferenceTests.Complex_ApproximatesDerivative" computerName="704DESKTOP" duration="00:00:00.0039591" startTime="2026-04-13T14:17:02.8213809+08:00" endTime="2026-04-13T14:17:02.8213809+08:00" testType="13cdc9d9-ddb5-4fa4-a97d-d965ccfc6d4b" outcome="Passed" testListId="8c84fa94-04c1-424b-9868-57a2d4851a1d" relativeResultsDirectory="be6869ae-22ff-469b-ada3-157d95d90bf9" />
    <UnitTestResult executionId="4b2afea1-e5bd-4fc7-889d-200628aff1ce" testId="48981eaa-1720-8cd4-7c98-775df9e63b4e" testName="LAL.Tests.NumericalCore.Optimization.GradientDescentTests.SolveScalar_Float_ConvergesOnQuadraticMinimum" computerName="704DESKTOP" duration="00:00:00.0006456" startTime="2026-04-13T14:17:02.8402790+08:00" endTime="2026-04-13T14:17:02.8402791+08:00" testType="13cdc9d9-ddb5-4fa4-a97d-d965ccfc6d4b" outcome="Passed" testListId="8c84fa94-04c1-424b-9868-57a2d4851a1d" relativeResultsDirectory="4b2afea1-e5bd-4fc7-889d-200628aff1ce" />
    <UnitTestResult executionId="24107fc4-eec4-45cc-a74a-d5d9c872b4de" testId="3d592f73-e4d4-cade-bce5-2b98ad526dfc" testName="LAL.Tests.LinalgCore.MatrixOpsTests.MultiplyMatrixMatrix_Works" computerName="704DESKTOP" duration="00:00:00.0001890" startTime="2026-04-13T14:17:02.8395087+08:00" endTime="2026-04-13T14:17:02.8395087+08:00" testType="13cdc9d9-ddb5-4fa4-a97d-d965ccfc6d4b" outcome="Passed" testListId="8c84fa94-04c1-424b-9868-57a2d4851a1d" relativeResultsDirectory="24107fc4-eec4-45cc-a74a-d5d9c872b4de" />
    <UnitTestResult executionId="2529ae34-3f51-4dae-8e53-14dedf27d2e2" testId="0ff479a4-6f59-7469-7139-2f3cfd66694d" testName="LAL.Tests.TensorCore.TypeCoverageTests.EinsumConvolutionFft_SupportsFloatAndComplex" computerName="704DESKTOP" duration="00:00:00.0025731" startTime="2026-04-13T14:17:02.8432607+08:00" endTime="2026-04-13T14:17:02.8432607+08:00" testType="13cdc9d9-ddb5-4fa4-a97d-d965ccfc6d4b" outcome="Passed" testListId="8c84fa94-04c1-424b-9868-57a2d4851a1d" relativeResultsDirectory="2529ae34-3f51-4dae-8e53-14dedf27d2e2" />
    <UnitTestResult executionId="87b9a5dd-62fc-4667-8474-4a6382df9cc6" testId="f731242d-bb5b-c6c7-e40b-4d0710d868b6" testName="LAL.Tests.LinalgCore.MatrixAnalysisTests.DeterminantAndInverse_Work" computerName="704DESKTOP" duration="00:00:00.0011899" startTime="2026-04-13T14:17:02.8416664+08:00" endTime="2026-04-13T14:17:02.8416665+08:00" testType="13cdc9d9-ddb5-4fa4-a97d-d965ccfc6d4b" outcome="Passed" testListId="8c84fa94-04c1-424b-9868-57a2d4851a1d" relativeResultsDirectory="87b9a5dd-62fc-4667-8474-4a6382df9cc6" />
    <UnitTestResult executionId="a71e2e5e-e349-4cbc-ba18-b60fb5249fe1" testId="ab14fe0c-4339-0014-3883-868f910737a6" testName="LAL.Tests.LinalgCore.LuTests.FactorAndSolve_ReturnsFalseForNearSingularMatrixAtStrictTolerance" computerName="704DESKTOP" duration="00:00:00.0001177" startTime="2026-04-13T14:17:02.8403483+08:00" endTime="2026-04-13T14:17:02.8403484+08:00" testType="13cdc9d9-ddb5-4fa4-a97d-d965ccfc6d4b" outcome="Passed" testListId="8c84fa94-04c1-424b-9868-57a2d4851a1d" relativeResultsDirectory="a71e2e5e-e349-4cbc-ba18-b60fb5249fe1" />
    <UnitTestResult executionId="af8e913a-f8fa-41d8-84df-4e2da3c79969" testId="ba098830-9239-cc6a-9f7c-ee3868a90c2c" testName="LAL.Tests.TensorCore.TypeCoverageTests.ReductionsMaskSortCumulative_SupportsFloatAndComplex" computerName="704DESKTOP" duration="00:00:00.0031330" startTime="2026-04-13T14:17:02.8429514+08:00" endTime="2026-04-13T14:17:02.8429514+08:00" testType="13cdc9d9-ddb5-4fa4-a97d-d965ccfc6d4b" outcome="Passed" testListId="8c84fa94-04c1-424b-9868-57a2d4851a1d" relativeResultsDirectory="af8e913a-f8fa-41d8-84df-4e2da3c79969" />
    <UnitTestResult executionId="f4e31d85-d87f-42ef-8e87-abc2caf8e25d" testId="f87bf5b9-f638-a2b3-1bce-73f8c6403231" testName="LAL.Tests.NumericalCore.Random.RngTests.FloatAndComplex_APIs_ReturnFiniteValues" computerName="704DESKTOP" duration="00:00:00.0003430" startTime="2026-04-13T14:17:02.8410577+08:00" endTime="2026-04-13T14:17:02.8410577+08:00" testType="13cdc9d9-ddb5-4fa4-a97d-d965ccfc6d4b" outcome="Passed" testListId="8c84fa94-04c1-424b-9868-57a2d4851a1d" relativeResultsDirectory="f4e31d85-d87f-42ef-8e87-abc2caf8e25d" />
    <UnitTestResult executionId="94ff6612-29cf-41e7-ab2a-72d6a1a84690" testId="7fae3448-6349-ca0b-d264-c740bc06c681" testName="LAL.Tests.OdeCore.Rk45Tests.Step_Complex_ProducesAccurateEstimateForExpGrowth" computerName="704DESKTOP" duration="00:00:00.0047339" startTime="2026-04-13T14:17:02.8424647+08:00" endTime="2026-04-13T14:17:02.8424648+08:00" testType="13cdc9d9-ddb5-4fa4-a97d-d965ccfc6d4b" outcome="Passed" testListId="8c84fa94-04c1-424b-9868-57a2d4851a1d" relativeResultsDirectory="94ff6612-29cf-41e7-ab2a-72d6a1a84690" />
    <UnitTestResult executionId="218659b6-3cbd-49c8-aae3-7b42ef8d707b" testId="3cdf15a7-35d2-cda3-a318-d0f46248ec0c" testName="LAL.Tests.LinalgCore.OrthogonalizationTests.OrthogonalProjection_ProjectsOntoBasis" computerName="704DESKTOP" duration="00:00:00.0003651" startTime="2026-04-13T14:17:02.8316741+08:00" endTime="2026-04-13T14:17:02.8316743+08:00" testType="13cdc9d9-ddb5-4fa4-a97d-d965ccfc6d4b" outcome="Passed" testListId="8c84fa94-04c1-424b-9868-57a2d4851a1d" relativeResultsDirectory="218659b6-3cbd-49c8-aae3-7b42ef8d707b" />
    <UnitTestResult executionId="0b6481a8-b70b-47e1-8049-0e3b8a96438b" testId="7feaebf8-bb06-f4ef-b8d6-5f312b17d53f" testName="LAL.Tests.TensorCore.UFuncArithmeticTests.Divide_ComputesElementwiseQuotient" computerName="704DESKTOP" duration="00:00:00.0004564" startTime="2026-04-13T14:17:02.8392142+08:00" endTime="2026-04-13T14:17:02.8392142+08:00" testType="13cdc9d9-ddb5-4fa4-a97d-d965ccfc6d4b" outcome="Passed" testListId="8c84fa94-04c1-424b-9868-57a2d4851a1d" relativeResultsDirectory="0b6481a8-b70b-47e1-8049-0e3b8a96438b" />
    <UnitTestResult executionId="428b0a52-0ca0-4f09-a279-6854e1e005a6" testId="565611b6-c961-f5d2-f463-0b41f5ba7c4d" testName="LAL.Tests.TensorCore.SortSearchTests.Argsort_SearchSorted_NonZero_Work" computerName="704DESKTOP" duration="00:00:00.0151945" startTime="2026-04-13T14:17:02.8356482+08:00" endTime="2026-04-13T14:17:02.8356482+08:00" testType="13cdc9d9-ddb5-4fa4-a97d-d965ccfc6d4b" outcome="Passed" testListId="8c84fa94-04c1-424b-9868-57a2d4851a1d" relativeResultsDirectory="428b0a52-0ca0-4f09-a279-6854e1e005a6" />
    <UnitTestResult executionId="a4f4eeb1-3a1a-495b-8270-f1667aa7127c" testId="5d39377f-84e5-0557-9089-58c44381c238" testName="LAL.Tests.TensorCore.FftTests.ForwardInverseND_RoundTrip" computerName="704DESKTOP" duration="00:00:00.0049861" startTime="2026-04-13T14:17:02.8390094+08:00" endTime="2026-04-13T14:17:02.8390094+08:00" testType="13cdc9d9-ddb5-4fa4-a97d-d965ccfc6d4b" outcome="Passed" testListId="8c84fa94-04c1-424b-9868-57a2d4851a1d" relativeResultsDirectory="a4f4eeb1-3a1a-495b-8270-f1667aa7127c" />
    <UnitTestResult executionId="986f5b42-7416-4376-80ec-8db3667ece04" testId="8195e94d-bc0a-855f-1aac-9c57032b8b27" testName="LAL.Tests.LinalgCore.LuTests.DecomposeInPlace_ReturnsFalseForSingularMatrix" computerName="704DESKTOP" duration="00:00:00.0001499" startTime="2026-04-13T14:17:02.8394755+08:00" endTime="2026-04-13T14:17:02.8394756+08:00" testType="13cdc9d9-ddb5-4fa4-a97d-d965ccfc6d4b" outcome="Passed" testListId="8c84fa94-04c1-424b-9868-57a2d4851a1d" relativeResultsDirectory="986f5b42-7416-4376-80ec-8db3667ece04" />
    <UnitTestResult executionId="342a6e7b-cc72-4067-8c66-3b62e88b5f1d" testId="eada1ed2-142c-1b38-04da-1290dfc14793" testName="LAL.Tests.TensorCore.PaddingTests.EdgeAndPeriodicPad1D_Work" computerName="704DESKTOP" duration="00:00:00.0150685" startTime="2026-04-13T14:17:02.8355981+08:00" endTime="2026-04-13T14:17:02.8355981+08:00" testType="13cdc9d9-ddb5-4fa4-a97d-d965ccfc6d4b" outcome="Passed" testListId="8c84fa94-04c1-424b-9868-57a2d4851a1d" relativeResultsDirectory="342a6e7b-cc72-4067-8c66-3b62e88b5f1d" />
    <UnitTestResult executionId="8f3e68da-58f2-4b4c-8b73-162596a5e952" testId="7334b93a-4299-b9af-ae35-9e40ba3a8abf" testName="LAL.Tests.LinalgCore.InvariantPropertyTests.Dotu_IsLinear_ForRandomVectors" computerName="704DESKTOP" duration="00:00:00.0006436" startTime="2026-04-13T14:17:02.8420011+08:00" endTime="2026-04-13T14:17:02.8420012+08:00" testType="13cdc9d9-ddb5-4fa4-a97d-d965ccfc6d4b" outcome="Passed" testListId="8c84fa94-04c1-424b-9868-57a2d4851a1d" relativeResultsDirectory="8f3e68da-58f2-4b4c-8b73-162596a5e952" />
    <UnitTestResult executionId="858299fc-3054-4b35-9125-3eced0f9df58" testId="fad2fa2f-5e97-0ea9-fae8-0ac7b2919669" testName="LAL.Tests.TensorCore.UFuncArithmeticTests.Add_ComputesElementwiseSum" computerName="704DESKTOP" duration="00:00:00.0009381" startTime="2026-04-13T14:17:02.8379752+08:00" endTime="2026-04-13T14:17:02.8379752+08:00" testType="13cdc9d9-ddb5-4fa4-a97d-d965ccfc6d4b" outcome="Passed" testListId="8c84fa94-04c1-424b-9868-57a2d4851a1d" relativeResultsDirectory="858299fc-3054-4b35-9125-3eced0f9df58" />
    <UnitTestResult executionId="f505acc2-28c5-4e2c-a48b-ef704a7e98b0" testId="b097790b-5de3-32d6-a712-1a42bc115b2a" testName="LAL.Tests.LinalgCore.VectorOpsTests.Complex_Operations_Work" computerName="704DESKTOP" duration="00:00:00.0009564" startTime="2026-04-13T14:17:02.8419576+08:00" endTime="2026-04-13T14:17:02.8419576+08:00" testType="13cdc9d9-ddb5-4fa4-a97d-d965ccfc6d4b" outcome="Passed" testListId="8c84fa94-04c1-424b-9868-57a2d4851a1d" relativeResultsDirectory="f505acc2-28c5-4e2c-a48b-ef704a7e98b0" />
    <UnitTestResult executionId="1252e1e9-8fee-4bc5-b797-092e2b754e93" testId="de97515e-0947-48cb-6737-576368c2909e" testName="LAL.Tests.NumericalCore.RootFinding.BrentTests.Solve_FindsRootWithinBracket" computerName="704DESKTOP" duration="00:00:00.0040265" startTime="2026-04-13T14:17:02.8213890+08:00" endTime="2026-04-13T14:17:02.8213891+08:00" testType="13cdc9d9-ddb5-4fa4-a97d-d965ccfc6d4b" outcome="Passed" testListId="8c84fa94-04c1-424b-9868-57a2d4851a1d" relativeResultsDirectory="1252e1e9-8fee-4bc5-b797-092e2b754e93" />
    <UnitTestResult executionId="36037606-aa94-4c25-bf14-f8466d248a5b" testId="5d1cafd1-cb59-8ed3-587f-48d186808b48" testName="LAL.Tests.TensorCore.TypeCoverageTests.StructuralOps_SupportsFloatAndComplex" computerName="704DESKTOP" duration="00:00:00.0019967" startTime="2026-04-13T14:17:02.8427124+08:00" endTime="2026-04-13T14:17:02.8427125+08:00" testType="13cdc9d9-ddb5-4fa4-a97d-d965ccfc6d4b" outcome="Passed" testListId="8c84fa94-04c1-424b-9868-57a2d4851a1d" relativeResultsDirectory="36037606-aa94-4c25-bf14-f8466d248a5b" />
    <UnitTestResult executionId="b1f6495e-be7a-4f34-8ccb-2a772f6f80c3" testId="39bd4cce-ca54-8f79-8a0e-d7d87a4c1698" testName="LAL.Tests.LinalgCore.DotTests.Dotu_Double_ReturnsExpectedValue" computerName="704DESKTOP" duration="00:00:00.0001117" startTime="2026-04-13T14:17:02.8359323+08:00" endTime="2026-04-13T14:17:02.8359323+08:00" testType="13cdc9d9-ddb5-4fa4-a97d-d965ccfc6d4b" outcome="Passed" testListId="8c84fa94-04c1-424b-9868-57a2d4851a1d" relativeResultsDirectory="b1f6495e-be7a-4f34-8ccb-2a772f6f80c3" />
    <UnitTestResult executionId="543a2e9c-43a4-4341-9d9b-b4ecaf9b7299" testId="88230efa-f4f3-4a16-4f73-6d1ca495cc8e" testName="LAL.Tests.TensorCore.ComplexOpsTests.Conjugate_FlipsImaginarySign" computerName="704DESKTOP" duration="00:00:00.0002431" startTime="2026-04-13T14:17:02.8422165+08:00" endTime="2026-04-13T14:17:02.8422165+08:00" testType="13cdc9d9-ddb5-4fa4-a97d-d965ccfc6d4b" outcome="Passed" testListId="8c84fa94-04c1-424b-9868-57a2d4851a1d" relativeResultsDirectory="543a2e9c-43a4-4341-9d9b-b4ecaf9b7299" />
    <UnitTestResult executionId="85552e7a-08ee-4387-87ed-dfefa14c8fc0" testId="ad0421b5-fc75-f599-3851-a97979f90c77" testName="LAL.Tests.NumericalCore.Statistics.CovarianceTests.ComputeAndCorrelation_Work" computerName="704DESKTOP" duration="00:00:00.0025452" startTime="2026-04-13T14:17:02.8370853+08:00" endTime="2026-04-13T14:17:02.8370853+08:00" testType="13cdc9d9-ddb5-4fa4-a97d-d965ccfc6d4b" outcome="Passed" testListId="8c84fa94-04c1-424b-9868-57a2d4851a1d" relativeResultsDirectory="85552e7a-08ee-4387-87ed-dfefa14c8fc0" />
    <UnitTestResult executionId="26589d6e-d4cd-4e99-b64e-1771cf6a7594" testId="3cbc6f43-c00d-dc6c-f127-0472d14a76ae" testName="LAL.Tests.NumericalCore.Statistics.PearsonCorrelationTests.Compute_ReturnsZeroWhenVarianceIsZero" computerName="704DESKTOP" duration="00:00:00.0001426" startTime="2026-04-13T14:17:02.8386523+08:00" endTime="2026-04-13T14:17:02.8386523+08:00" testType="13cdc9d9-ddb5-4fa4-a97d-d965ccfc6d4b" outcome="Passed" testListId="8c84fa94-04c1-424b-9868-57a2d4851a1d" relativeResultsDirectory="26589d6e-d4cd-4e99-b64e-1771cf6a7594" />
    <UnitTestResult executionId="b3c5d7ba-97a0-48b3-817e-0c2836273439" testId="f9b149bc-325f-b796-a669-ff0dae56cadf" testName="LAL.Tests.NumericalCore.Interpolation.RbfTests.ComputeWeights_Complex_ParallelMatchesSequential" computerName="704DESKTOP" duration="00:00:00.0022411" startTime="2026-04-13T14:17:02.8429861+08:00" endTime="2026-04-13T14:17:02.8429861+08:00" testType="13cdc9d9-ddb5-4fa4-a97d-d965ccfc6d4b" outcome="Passed" testListId="8c84fa94-04c1-424b-9868-57a2d4851a1d" relativeResultsDirectory="b3c5d7ba-97a0-48b3-817e-0c2836273439" />
    <UnitTestResult executionId="8bcda45e-1ce2-47df-a012-63688e812567" testId="a3cd2203-33a0-81cf-5638-ee2781dc1a4c" testName="LAL.Tests.NumericalCore.Statistics.ZigguratTests.NextUniform_StaysInsideRequestedRange" computerName="704DESKTOP" duration="00:00:00.0062489" startTime="2026-04-13T14:17:02.8332282+08:00" endTime="2026-04-13T14:17:02.8332282+08:00" testType="13cdc9d9-ddb5-4fa4-a97d-d965ccfc6d4b" outcome="Passed" testListId="8c84fa94-04c1-424b-9868-57a2d4851a1d" relativeResultsDirectory="8bcda45e-1ce2-47df-a012-63688e812567" />
    <UnitTestResult executionId="c50109b7-8573-41fb-95d4-c25438b54619" testId="1041c6f5-e33f-2c48-b11e-9594374e7995" testName="LAL.Tests.LinalgCore.VectorOpsTests.AddAndSubtract_Work" computerName="704DESKTOP" duration="00:00:00.0005656" startTime="2026-04-13T14:17:02.8424912+08:00" endTime="2026-04-13T14:17:02.8424913+08:00" testType="13cdc9d9-ddb5-4fa4-a97d-d965ccfc6d4b" outcome="Passed" testListId="8c84fa94-04c1-424b-9868-57a2d4851a1d" relativeResultsDirectory="c50109b7-8573-41fb-95d4-c25438b54619" />
    <UnitTestResult executionId="90b69532-fac6-4007-91eb-8fd6da2629ac" testId="64fc4aa4-cc6a-f01b-d76c-f0783e38c137" testName="LAL.Tests.LinalgCore.GemvTests.Multiply_Complex_ComputesMatrixVectorProduct" computerName="704DESKTOP" duration="00:00:00.0010776" startTime="2026-04-13T14:17:02.8367932+08:00" endTime="2026-04-13T14:17:02.8367932+08:00" testType="13cdc9d9-ddb5-4fa4-a97d-d965ccfc6d4b" outcome="Passed" testListId="8c84fa94-04c1-424b-9868-57a2d4851a1d" relativeResultsDirectory="90b69532-fac6-4007-91eb-8fd6da2629ac" />
    <UnitTestResult executionId="8753aa42-1e2e-4858-8308-706d8e62035f" testId="6d7619e0-d750-15ec-4d98-77d0a39b6ce5" testName="LAL.Tests.NumericalCore.Statistics.ZigguratTests.NextU01_IsDeterministicForSameSeed" computerName="704DESKTOP" duration="00:00:00.0014051" startTime="2026-04-13T14:17:02.8317851+08:00" endTime="2026-04-13T14:17:02.8317851+08:00" testType="13cdc9d9-ddb5-4fa4-a97d-d965ccfc6d4b" outcome="Passed" testListId="8c84fa94-04c1-424b-9868-57a2d4851a1d" relativeResultsDirectory="8753aa42-1e2e-4858-8308-706d8e62035f" />
    <UnitTestResult executionId="a76bcee4-c8a7-44f2-86ba-91ac22f82a2b" testId="8ee377cc-1b89-2ac3-0a9b-17ae30e59290" testName="LAL.Tests.LinalgCore.NormsTests.L1L2AndInfinity_ReturnExpectedValues" computerName="704DESKTOP" duration="00:00:00.0003922" startTime="2026-04-13T14:17:02.8382876+08:00" endTime="2026-04-13T14:17:02.8382876+08:00" testType="13cdc9d9-ddb5-4fa4-a97d-d965ccfc6d4b" outcome="Passed" testListId="8c84fa94-04c1-424b-9868-57a2d4851a1d" relativeResultsDirectory="a76bcee4-c8a7-44f2-86ba-91ac22f82a2b" />
    <UnitTestResult executionId="cd1584d5-6cf0-445e-9214-bfde2404a6fe" testId="93678aa3-681e-a0d6-2c8f-e36e0a1d60a9" testName="LAL.Tests.NumericalCore.Statistics.CovarianceTests.ComputeAndCorrelation_Float_Work" computerName="704DESKTOP" duration="00:00:00.0005141" startTime="2026-04-13T14:17:02.8440094+08:00" endTime="2026-04-13T14:17:02.8440095+08:00" testType="13cdc9d9-ddb5-4fa4-a97d-d965ccfc6d4b" outcome="Passed" testListId="8c84fa94-04c1-424b-9868-57a2d4851a1d" relativeResultsDirectory="cd1584d5-6cf0-445e-9214-bfde2404a6fe" />
    <UnitTestResult executionId="3f7b6e01-c118-4450-ad78-3360e04119f4" testId="58aa5e02-ad7e-7050-a608-4c67fb3809a4" testName="LAL.Tests.TensorCore.UFuncTranscendentalTests.ExtendedTranscendentalFunctions_Work" computerName="704DESKTOP" duration="00:00:00.0014543" startTime="2026-04-13T14:17:02.8365865+08:00" endTime="2026-04-13T14:17:02.8365866+08:00" testType="13cdc9d9-ddb5-4fa4-a97d-d965ccfc6d4b" outcome="Passed" testListId="8c84fa94-04c1-424b-9868-57a2d4851a1d" relativeResultsDirectory="3f7b6e01-c118-4450-ad78-3360e04119f4" />
    <UnitTestResult executionId="1c62a971-5bb9-4e8e-badc-e13515e7e092" testId="2ff9d9ba-54e5-d94f-9ad9-e42bfc2798c2" testName="LAL.Tests.OdeCore.JacobianEstimatorTests.EstimateForwardDifference_ParallelMode_MatchesSequential" computerName="704DESKTOP" duration="00:00:00.0054284" startTime="2026-04-13T14:17:02.8430021+08:00" endTime="2026-04-13T14:17:02.8430022+08:00" testType="13cdc9d9-ddb5-4fa4-a97d-d965ccfc6d4b" outcome="Passed" testListId="8c84fa94-04c1-424b-9868-57a2d4851a1d" relativeResultsDirectory="1c62a971-5bb9-4e8e-badc-e13515e7e092" />
    <UnitTestResult executionId="a047ab94-ff1c-4b77-bc1f-9ad57bba9bf7" testId="2874f058-1164-b566-c12d-1754c5ab9eef" testName="LAL.Tests.TensorCore.ReductionsTests.NanSafeReductions_IgnoreNaNValues" computerName="704DESKTOP" duration="00:00:00.0010671" startTime="2026-04-13T14:17:02.8398608+08:00" endTime="2026-04-13T14:17:02.8398608+08:00" testType="13cdc9d9-ddb5-4fa4-a97d-d965ccfc6d4b" outcome="Passed" testListId="8c84fa94-04c1-424b-9868-57a2d4851a1d" relativeResultsDirectory="a047ab94-ff1c-4b77-bc1f-9ad57bba9bf7" />
    <UnitTestResult executionId="49fa8a6e-39a1-4860-8efa-c05ffe4439da" testId="59b465e9-2236-c697-3fa9-9dc2af4867d6" testName="LAL.Tests.TensorCore.FftTests.ForwardInverse_AliasMethods_Work" computerName="704DESKTOP" duration="00:00:00.0004389" startTime="2026-04-13T14:17:02.8392684+08:00" endTime="2026-04-13T14:17:02.8392684+08:00" testType="13cdc9d9-ddb5-4fa4-a97d-d965ccfc6d4b" outcome="Passed" testListId="8c84fa94-04c1-424b-9868-57a2d4851a1d" relativeResultsDirectory="49fa8a6e-39a1-4860-8efa-c05ffe4439da" />
    <UnitTestResult executionId="e5e0ed69-1f85-4a5f-916a-fc1c91105dfb" testId="dcf7f6cc-3473-02b7-0192-c0393f92ba70" testName="LAL.Tests.LinalgCore.NormsTests.FloatNorms_ReturnExpectedValues" computerName="704DESKTOP" duration="00:00:00.0008919" startTime="2026-04-13T14:17:02.8392893+08:00" endTime="2026-04-13T14:17:02.8392893+08:00" testType="13cdc9d9-ddb5-4fa4-a97d-d965ccfc6d4b" outcome="Passed" testListId="8c84fa94-04c1-424b-9868-57a2d4851a1d" relativeResultsDirectory="e5e0ed69-1f85-4a5f-916a-fc1c91105dfb" />
    <UnitTestResult executionId="1487ea34-66e6-4188-b2da-e16339ef6935" testId="d5d18b7f-0d1b-f6bf-fa8f-1ff1b22ebaf7" testName="LAL.Tests.LinalgCore.TransposeTests.Matrix_Float_TransposesRowMajorMatrix" computerName="704DESKTOP" duration="00:00:00.0005743" startTime="2026-04-13T14:17:02.8376859+08:00" endTime="2026-04-13T14:17:02.8376859+08:00" testType="13cdc9d9-ddb5-4fa4-a97d-d965ccfc6d4b" outcome="Passed" testListId="8c84fa94-04c1-424b-9868-57a2d4851a1d" relativeResultsDirectory="1487ea34-66e6-4188-b2da-e16339ef6935" />
    <UnitTestResult executionId="c01ff737-3b0d-47f2-8243-f880ed015a84" testId="21f7abf2-4a77-8d14-b0a4-b66603f3e8f4" testName="LAL.Tests.NumericalCore.Integration.GaussianQuadratureTests.Integrate_Float_ApproximatesPolynomialIntegral" computerName="704DESKTOP" duration="00:00:00.0002787" startTime="2026-04-13T14:17:02.8376209+08:00" endTime="2026-04-13T14:17:02.8376209+08:00" testType="13cdc9d9-ddb5-4fa4-a97d-d965ccfc6d4b" outcome="Passed" testListId="8c84fa94-04c1-424b-9868-57a2d4851a1d" relativeResultsDirectory="c01ff737-3b0d-47f2-8243-f880ed015a84" />
    <UnitTestResult executionId="154b2c98-6929-4423-a15e-d3f32684317a" testId="959b0ad1-72d2-6d05-86dd-304d7101eb4c" testName="LAL.Tests.NumericalCore.Interpolation.RbfTests.ComputeWeights_Float_ParallelMatchesSequential" computerName="704DESKTOP" duration="00:00:00.0056573" startTime="2026-04-13T14:17:02.8433047+08:00" endTime="2026-04-13T14:17:02.8433047+08:00" testType="13cdc9d9-ddb5-4fa4-a97d-d965ccfc6d4b" outcome="Passed" testListId="8c84fa94-04c1-424b-9868-57a2d4851a1d" relativeResultsDirectory="154b2c98-6929-4423-a15e-d3f32684317a" />
    <UnitTestResult executionId="62363f42-c7c0-4985-9304-0da4759c7e0c" testId="e52015cb-f65c-5695-f8df-6a96af316cd0" testName="LAL.Tests.NumericalCore.Optimization.LbfgsTests.SolveScalar_ConvergesOnQuadratic" computerName="704DESKTOP" duration="00:00:00.0010795" startTime="2026-04-13T14:17:02.8376760+08:00" endTime="2026-04-13T14:17:02.8376760+08:00" testType="13cdc9d9-ddb5-4fa4-a97d-d965ccfc6d4b" outcome="Passed" testListId="8c84fa94-04c1-424b-9868-57a2d4851a1d" relativeResultsDirectory="62363f42-c7c0-4985-9304-0da4759c7e0c" />
    <UnitTestResult executionId="fb94d5df-aa7d-45e7-9a42-227ab8625f6c" testId="c3474422-89f1-623c-7b7d-a3b0e0635b88" testName="LAL.Tests.TensorCore.ShapeOpsTests.FlattenAndShapeTransforms_Work" computerName="704DESKTOP" duration="00:00:00.0006045" startTime="2026-04-13T14:17:02.8368343+08:00" endTime="2026-04-13T14:17:02.8368343+08:00" testType="13cdc9d9-ddb5-4fa4-a97d-d965ccfc6d4b" outcome="Passed" testListId="8c84fa94-04c1-424b-9868-57a2d4851a1d" relativeResultsDirectory="fb94d5df-aa7d-45e7-9a42-227ab8625f6c" />
    <UnitTestResult executionId="e69e8bba-a20d-4120-bd7d-e53d7a742283" testId="6c913885-46d9-0fcf-45ba-0bbae2317825" testName="LAL.Tests.TensorCore.FftTests.ForwardAndInverse_RoundTrip" computerName="704DESKTOP" duration="00:00:00.0002574" startTime="2026-04-13T14:17:02.8411219+08:00" endTime="2026-04-13T14:17:02.8411219+08:00" testType="13cdc9d9-ddb5-4fa4-a97d-d965ccfc6d4b" outcome="Passed" testListId="8c84fa94-04c1-424b-9868-57a2d4851a1d" relativeResultsDirectory="e69e8bba-a20d-4120-bd7d-e53d7a742283" />
    <UnitTestResult executionId="ac200d64-4b88-4d80-8f57-a0f40fcc3201" testId="4d1ad519-6cd9-ca7f-3c68-9d0720473f6e" testName="LAL.Tests.LinalgCore.MatrixAnalysisTests.DominantEigenvalue_WorksForDiagonalMatrix" computerName="704DESKTOP" duration="00:00:00.0001693" startTime="2026-04-13T14:17:02.8421838+08:00" endTime="2026-04-13T14:17:02.8421839+08:00" testType="13cdc9d9-ddb5-4fa4-a97d-d965ccfc6d4b" outcome="Passed" testListId="8c84fa94-04c1-424b-9868-57a2d4851a1d" relativeResultsDirectory="ac200d64-4b88-4d80-8f57-a0f40fcc3201" />
    <UnitTestResult executionId="5c72daa5-01e4-40e4-90ad-843ac561408b" testId="95c728dd-14bf-51c2-a820-fcfa4e0747c7" testName="LAL.Tests.OdeCore.EulerTests.Step_Complex_AdvancesStateForLinearSystem" computerName="704DESKTOP" duration="00:00:00.0011518" startTime="2026-04-13T14:17:02.8365306+08:00" endTime="2026-04-13T14:17:02.8365306+08:00" testType="13cdc9d9-ddb5-4fa4-a97d-d965ccfc6d4b" outcome="Passed" testListId="8c84fa94-04c1-424b-9868-57a2d4851a1d" relativeResultsDirectory="5c72daa5-01e4-40e4-90ad-843ac561408b" />
    <UnitTestResult executionId="d5d76e25-73dc-4773-8588-22ac685610d6" testId="ea7bf2d4-abde-0e51-07cb-4f82a8d4c51c" testName="LAL.Tests.NumericalCore.Optimization.LbfgsTests.SolveScalar_Complex_ConvergesOnQuadratic" computerName="704DESKTOP" duration="00:00:00.0015242" startTime="2026-04-13T14:17:02.8403760+08:00" endTime="2026-04-13T14:17:02.8403760+08:00" testType="13cdc9d9-ddb5-4fa4-a97d-d965ccfc6d4b" outcome="Passed" testListId="8c84fa94-04c1-424b-9868-57a2d4851a1d" relativeResultsDirectory="d5d76e25-73dc-4773-8588-22ac685610d6" />
    <UnitTestResult executionId="0be102e8-c152-4dda-a936-cc0363fedf15" testId="e2fa2aa5-7974-2e79-ffe1-aeab1d866f0c" testName="LAL.Tests.NumericalCore.Interpolation.RbfTests.ComputeWeights_Complex_InterpolatesCenters" computerName="704DESKTOP" duration="00:00:00.0036323" startTime="2026-04-13T14:17:02.8427281+08:00" endTime="2026-04-13T14:17:02.8427281+08:00" testType="13cdc9d9-ddb5-4fa4-a97d-d965ccfc6d4b" outcome="Passed" testListId="8c84fa94-04c1-424b-9868-57a2d4851a1d" relativeResultsDirectory="0be102e8-c152-4dda-a936-cc0363fedf15" />
    <UnitTestResult executionId="e06070e1-371a-495b-afb9-5b270dfe3078" testId="2fac7d55-1140-5bc6-57e6-d1ec6369cf33" testName="LAL.Tests.TensorCore.ShapeOpsTests.ReshapeCopy_AndTranspose2D_Work" computerName="704DESKTOP" duration="00:00:00.0013946" startTime="2026-04-13T14:17:02.8365395+08:00" endTime="2026-04-13T14:17:02.8365396+08:00" testType="13cdc9d9-ddb5-4fa4-a97d-d965ccfc6d4b" outcome="Passed" testListId="8c84fa94-04c1-424b-9868-57a2d4851a1d" relativeResultsDirectory="e06070e1-371a-495b-afb9-5b270dfe3078" />
    <UnitTestResult executionId="f5e42c5b-9bc4-4ba8-b7cd-93ae0e9a613e" testId="ff6c2344-39a8-756c-b878-965a68962158" testName="LAL.Tests.LinalgCore.DenseSolverTests.Solve_ComputesSolution" computerName="704DESKTOP" duration="00:00:00.0024731" startTime="2026-04-13T14:17:02.8395571+08:00" endTime="2026-04-13T14:17:02.8395571+08:00" testType="13cdc9d9-ddb5-4fa4-a97d-d965ccfc6d4b" outcome="Passed" testListId="8c84fa94-04c1-424b-9868-57a2d4851a1d" relativeResultsDirectory="f5e42c5b-9bc4-4ba8-b7cd-93ae0e9a613e" />
    <UnitTestResult executionId="54ebf704-a412-4c22-b52c-3bd69e3de84a" testId="115275b2-3716-9bee-0d54-20483f5fc6a1" testName="LAL.Tests.TensorCore.ConvolutionTests.Convolve1DFull_Works" computerName="704DESKTOP" duration="00:00:00.0006052" startTime="2026-04-13T14:17:02.8427596+08:00" endTime="2026-04-13T14:17:02.8427597+08:00" testType="13cdc9d9-ddb5-4fa4-a97d-d965ccfc6d4b" outcome="Passed" testListId="8c84fa94-04c1-424b-9868-57a2d4851a1d" relativeResultsDirectory="54ebf704-a412-4c22-b52c-3bd69e3de84a" />
    <UnitTestResult executionId="c44b1b4b-d2f8-40a8-a64a-92d5e2fa371a" testId="706b7113-2acc-9476-5283-04829101328a" testName="LAL.Tests.TensorCore.UFuncArithmeticTests.Power_ComputesScalarAndElementwiseExponent" computerName="704DESKTOP" duration="00:00:00.0005057" startTime="2026-04-13T14:17:02.8389739+08:00" endTime="2026-04-13T14:17:02.8389740+08:00" testType="13cdc9d9-ddb5-4fa4-a97d-d965ccfc6d4b" outcome="Passed" testListId="8c84fa94-04c1-424b-9868-57a2d4851a1d" relativeResultsDirectory="c44b1b4b-d2f8-40a8-a64a-92d5e2fa371a" />
    <UnitTestResult executionId="e389c599-ae6f-478f-b1bc-252962702085" testId="44a204a8-2c4b-5c04-37b2-6fb4d9f12d2a" testName="LAL.Tests.NumericalCore.Interpolation.SplineTests.NaturalCubic_Float_ReproducesLinearData" computerName="704DESKTOP" duration="00:00:00.0018905" startTime="2026-04-13T14:17:02.8424807+08:00" endTime="2026-04-13T14:17:02.8424807+08:00" testType="13cdc9d9-ddb5-4fa4-a97d-d965ccfc6d4b" outcome="Passed" testListId="8c84fa94-04c1-424b-9868-57a2d4851a1d" relativeResultsDirectory="e389c599-ae6f-478f-b1bc-252962702085" />
    <UnitTestResult executionId="1c86081c-6dc6-4607-8c3a-8f94e34bdcae" testId="c86ee620-37ab-7d64-6e91-e7b89b974f48" testName="LAL.Tests.OdeCore.Rk45Tests.Step_Float_ProducesAccurateEstimateForExpGrowth" computerName="704DESKTOP" duration="00:00:00.0042616" startTime="2026-04-13T14:17:02.8429690+08:00" endTime="2026-04-13T14:17:02.8429690+08:00" testType="13cdc9d9-ddb5-4fa4-a97d-d965ccfc6d4b" outcome="Passed" testListId="8c84fa94-04c1-424b-9868-57a2d4851a1d" relativeResultsDirectory="1c86081c-6dc6-4607-8c3a-8f94e34bdcae" />
    <UnitTestResult executionId="2b2099a2-d4c7-4b1b-9bfd-0ab1ae3bb256" testId="5f7324fb-8f4e-9434-9935-3de25531c16e" testName="LAL.Tests.TensorCore.ReductionsTests.Variance_ReturnsPopulationVariance" computerName="704DESKTOP" duration="00:00:00.0002839" startTime="2026-04-13T14:17:02.8389552+08:00" endTime="2026-04-13T14:17:02.8389552+08:00" testType="13cdc9d9-ddb5-4fa4-a97d-d965ccfc6d4b" outcome="Passed" testListId="8c84fa94-04c1-424b-9868-57a2d4851a1d" relativeResultsDirectory="2b2099a2-d4c7-4b1b-9bfd-0ab1ae3bb256" />
    <UnitTestResult executionId="904dfb70-df48-4d38-bc61-7ce71d869e25" testId="bbceed8b-c829-5d90-c5b5-4c9c94e1d0b1" testName="LAL.Tests.LinalgCore.QrTests.DecomposeThin_ReconstructsMatrix" computerName="704DESKTOP" duration="00:00:00.0013847" startTime="2026-04-13T14:17:02.8414188+08:00" endTime="2026-04-13T14:17:02.8414188+08:00" testType="13cdc9d9-ddb5-4fa4-a97d-d965ccfc6d4b" outcome="Passed" testListId="8c84fa94-04c1-424b-9868-57a2d4851a1d" relativeResultsDirectory="904dfb70-df48-4d38-bc61-7ce71d869e25" />
    <UnitTestResult executionId="b760b7b4-25b9-4203-bb1e-a464f78d8135" testId="2187e066-9705-f87b-a53b-c180234b1f4c" testName="LAL.Tests.LinalgCore.EigenSolverTests.PowerIteration_FindsDominantEigenvalue" computerName="704DESKTOP" duration="00:00:00.0022778" startTime="2026-04-13T14:17:02.8413991+08:00" endTime="2026-04-13T14:17:02.8413991+08:00" testType="13cdc9d9-ddb5-4fa4-a97d-d965ccfc6d4b" outcome="Passed" testListId="8c84fa94-04c1-424b-9868-57a2d4851a1d" relativeResultsDirectory="b760b7b4-25b9-4203-bb1e-a464f78d8135" />
    <UnitTestResult executionId="7c1e81c4-2a43-4698-8851-7989e3c287d1" testId="c59271cd-c64a-9e27-c842-6ac638779a30" testName="LAL.Tests.TensorCore.ConvolutionTests.ConvolveNDFull_ParallelPath_MatchesReferenceFor2DShape" computerName="704DESKTOP" duration="00:00:00.0081109" startTime="2026-04-13T14:17:02.8433494+08:00" endTime="2026-04-13T14:17:02.8433494+08:00" testType="13cdc9d9-ddb5-4fa4-a97d-d965ccfc6d4b" outcome="Passed" testListId="8c84fa94-04c1-424b-9868-57a2d4851a1d" relativeResultsDirectory="7c1e81c4-2a43-4698-8851-7989e3c287d1" />
    <UnitTestResult executionId="d4a72209-ec90-4d5e-902f-8dc560527dea" testId="641065b5-14eb-5e30-474e-09d7109263db" testName="LAL.Tests.TensorCore.ConvolutionTests.ParallelSettings_CanSetGetAndReset" computerName="704DESKTOP" duration="00:00:00.0029420" startTime="2026-04-13T14:17:02.8433945+08:00" endTime="2026-04-13T14:17:02.8433945+08:00" testType="13cdc9d9-ddb5-4fa4-a97d-d965ccfc6d4b" outcome="Passed" testListId="8c84fa94-04c1-424b-9868-57a2d4851a1d" relativeResultsDirectory="d4a72209-ec90-4d5e-902f-8dc560527dea" />
    <UnitTestResult executionId="b290f140-c176-4543-8fec-f070ac9367e6" testId="44509fe7-c1e9-d37e-b24f-4139c24d76fb" testName="LAL.Tests.NumericalCore.Statistics.ZigguratTests.NextNormal_HasReasonableMeanAndVarianceOverLargeSample" computerName="704DESKTOP" duration="00:00:00.0039555" startTime="2026-04-13T14:17:02.8166448+08:00" endTime="2026-04-13T14:17:02.8166743+08:00" testType="13cdc9d9-ddb5-4fa4-a97d-d965ccfc6d4b" outcome="Passed" testListId="8c84fa94-04c1-424b-9868-57a2d4851a1d" relativeResultsDirectory="b290f140-c176-4543-8fec-f070ac9367e6" />
    <UnitTestResult executionId="598c1238-a884-49de-9b6f-00db29c1cc00" testId="1fd9afab-46ae-38cf-fcf8-e1ca6d4f8f1b" testName="LAL.Tests.TensorCore.EinsumTests.Kronecker_Works" computerName="704DESKTOP" duration="00:00:00.0004739" startTime="2026-04-13T14:17:02.8379071+08:00" endTime="2026-04-13T14:17:02.8379071+08:00" testType="13cdc9d9-ddb5-4fa4-a97d-d965ccfc6d4b" outcome="Passed" testListId="8c84fa94-04c1-424b-9868-57a2d4851a1d" relativeResultsDirectory="598c1238-a884-49de-9b6f-00db29c1cc00" />
    <UnitTestResult executionId="e449830a-c798-4a4a-a02c-0ea4712cc4fc" testId="6e5f48f7-c4f0-914f-b0db-50396e99152f" testName="LAL.Tests.NumericalCore.Statistics.CovarianceTests.Correlation_RemainsHighWithSmallDeterministicNoise" computerName="704DESKTOP" duration="00:00:00.0001760" startTime="2026-04-13T14:17:02.8436486+08:00" endTime="2026-04-13T14:17:02.8436486+08:00" testType="13cdc9d9-ddb5-4fa4-a97d-d965ccfc6d4b" outcome="Passed" testListId="8c84fa94-04c1-424b-9868-57a2d4851a1d" relativeResultsDirectory="e449830a-c798-4a4a-a02c-0ea4712cc4fc" />
    <UnitTestResult executionId="a782bfe3-ebee-43ae-980a-5ecba5577ffe" testId="d92bbb30-a6c3-4526-91d9-c4282f1ac067" testName="LAL.Tests.OdeCore.RadauTests.StepOneStage_Float_ProducesStableAdvance" computerName="704DESKTOP" duration="00:00:00.0030763" startTime="2026-04-13T14:17:02.8419183+08:00" endTime="2026-04-13T14:17:02.8419183+08:00" testType="13cdc9d9-ddb5-4fa4-a97d-d965ccfc6d4b" outcome="Passed" testListId="8c84fa94-04c1-424b-9868-57a2d4851a1d" relativeResultsDirectory="a782bfe3-ebee-43ae-980a-5ecba5577ffe" />
    <UnitTestResult executionId="a84cd96c-0ecc-480a-b611-61191f50833c" testId="3370d045-78d9-c4dc-e8ba-b2c98e785970" testName="LAL.Tests.NumericalCore.Statistics.ZigguratTests.NextU01_StaysInsideOpenUnitInterval" computerName="704DESKTOP" duration="00:00:00.0007372" startTime="2026-04-13T14:17:02.8349068+08:00" endTime="2026-04-13T14:17:02.8349068+08:00" testType="13cdc9d9-ddb5-4fa4-a97d-d965ccfc6d4b" outcome="Passed" testListId="8c84fa94-04c1-424b-9868-57a2d4851a1d" relativeResultsDirectory="a84cd96c-0ecc-480a-b611-61191f50833c" />
    <UnitTestResult executionId="bde6ccb9-21b2-449e-b02e-46e70a966af9" testId="da573448-4e80-4473-629c-d3009984c0f5" testName="LAL.Tests.LinalgCore.MatrixAnalysisTests.Eigenvalues2x2_WorksForSymmetricMatrix" computerName="704DESKTOP" duration="00:00:00.0005612" startTime="2026-04-13T14:17:02.8419310+08:00" endTime="2026-04-13T14:17:02.8419310+08:00" testType="13cdc9d9-ddb5-4fa4-a97d-d965ccfc6d4b" outcome="Passed" testListId="8c84fa94-04c1-424b-9868-57a2d4851a1d" relativeResultsDirectory="bde6ccb9-21b2-449e-b02e-46e70a966af9" />
    <UnitTestResult executionId="bf265c32-fdb8-4953-a97b-e87a21384a81" testId="d21b0aaf-f27a-43b7-bdb6-0390ff0aae0a" testName="LAL.Tests.LinalgCore.DotTests.Dotu_Float_ReturnsExpectedValue" computerName="704DESKTOP" duration="00:00:00.0050525" startTime="2026-04-13T14:17:02.8394572+08:00" endTime="2026-04-13T14:17:02.8394572+08:00" testType="13cdc9d9-ddb5-4fa4-a97d-d965ccfc6d4b" outcome="Passed" testListId="8c84fa94-04c1-424b-9868-57a2d4851a1d" relativeResultsDirectory="bf265c32-fdb8-4953-a97b-e87a21384a81" />
    <UnitTestResult executionId="f1cd070c-403c-475b-b90b-e705b2968a50" testId="34e55132-c91a-73be-9275-59d127324d05" testName="LAL.Tests.TensorCore.ShapeOpsTests.SwapAxes2D_Work" computerName="704DESKTOP" duration="00:00:00.0002424" startTime="2026-04-13T14:17:02.8370979+08:00" endTime="2026-04-13T14:17:02.8370979+08:00" testType="13cdc9d9-ddb5-4fa4-a97d-d965ccfc6d4b" outcome="Passed" testListId="8c84fa94-04c1-424b-9868-57a2d4851a1d" relativeResultsDirectory="f1cd070c-403c-475b-b90b-e705b2968a50" />
    <UnitTestResult executionId="cd02f8cb-9ec7-427a-ac75-a528e3ee130c" testId="efe7c3fc-46b4-5431-022b-929b5d88114f" testName="LAL.Tests.OdeCore.JacobianEstimatorTests.EstimateForwardDifference_Float_ApproximatesLinearSystemJacobian" computerName="704DESKTOP" duration="00:00:00.0033618" startTime="2026-04-13T14:17:02.8430437+08:00" endTime="2026-04-13T14:17:02.8430437+08:00" testType="13cdc9d9-ddb5-4fa4-a97d-d965ccfc6d4b" outcome="Passed" testListId="8c84fa94-04c1-424b-9868-57a2d4851a1d" relativeResultsDirectory="cd02f8cb-9ec7-427a-ac75-a528e3ee130c" />
    <UnitTestResult executionId="b6f23735-87da-4f4d-bd67-d82f049ec858" testId="e6ad0221-c4f4-287d-2ca0-bfe09ec0429c" testName="LAL.Tests.NumericalCore.RootFinding.NewtonTests.Solve_Float_FindsSquareRootOfTwo" computerName="704DESKTOP" duration="00:00:00.0006399" startTime="2026-04-13T14:17:02.8410912+08:00" endTime="2026-04-13T14:17:02.8410912+08:00" testType="13cdc9d9-ddb5-4fa4-a97d-d965ccfc6d4b" outcome="Passed" testListId="8c84fa94-04c1-424b-9868-57a2d4851a1d" relativeResultsDirectory="b6f23735-87da-4f4d-bd67-d82f049ec858" />
    <UnitTestResult executionId="1679b654-6b77-4b11-824c-ebbf5f1b34e9" testId="cffab0cd-9cc5-d930-bb0d-b1d2d9a82684" testName="LAL.Tests.TensorCore.ConvolutionTests.Convolve2D_Works" computerName="704DESKTOP" duration="00:00:00.0029728" startTime="2026-04-13T14:17:02.8424253+08:00" endTime="2026-04-13T14:17:02.8424253+08:00" testType="13cdc9d9-ddb5-4fa4-a97d-d965ccfc6d4b" outcome="Passed" testListId="8c84fa94-04c1-424b-9868-57a2d4851a1d" relativeResultsDirectory="1679b654-6b77-4b11-824c-ebbf5f1b34e9" />
    <UnitTestResult executionId="f4dc88c5-a8e6-4041-9e1b-3813691b18cf" testId="fa53f2b0-619d-e81f-cdc0-b8ffa40baa7b" testName="LAL.Tests.NumericalCore.Interpolation.SplineTests.NaturalCubic_ReproducesLinearData" computerName="704DESKTOP" duration="00:00:00.0031355" startTime="2026-04-13T14:17:02.8395251+08:00" endTime="2026-04-13T14:17:02.8395252+08:00" testType="13cdc9d9-ddb5-4fa4-a97d-d965ccfc6d4b" outcome="Passed" testListId="8c84fa94-04c1-424b-9868-57a2d4851a1d" relativeResultsDirectory="f4dc88c5-a8e6-4041-9e1b-3813691b18cf" />
    <UnitTestResult executionId="9edd5ed7-f32b-4a8e-b22f-8c21a28669f7" testId="8a8f465c-119b-1503-2777-6dc8b7a1c47e" testName="LAL.Tests.LinalgCore.AxpyTests.Compute_UpdatesYWithAlphaXPlusY" computerName="704DESKTOP" duration="00:00:00.0004224" startTime="2026-04-13T14:17:02.8349469+08:00" endTime="2026-04-13T14:17:02.8349469+08:00" testType="13cdc9d9-ddb5-4fa4-a97d-d965ccfc6d4b" outcome="Passed" testListId="8c84fa94-04c1-424b-9868-57a2d4851a1d" relativeResultsDirectory="9edd5ed7-f32b-4a8e-b22f-8c21a28669f7" />
    <UnitTestResult executionId="c5e56755-f829-47e6-bd17-85af66136e05" testId="0ad017fb-fb4b-cbe0-428c-80a7f3a4244d" testName="LAL.Tests.NumericalCore.Integration.BasicQuadratureTests.Simpson_Complex_ApproximatesIntegral" computerName="704DESKTOP" duration="00:00:00.0005377" startTime="2026-04-13T14:17:02.8361863+08:00" endTime="2026-04-13T14:17:02.8361863+08:00" testType="13cdc9d9-ddb5-4fa4-a97d-d965ccfc6d4b" outcome="Passed" testListId="8c84fa94-04c1-424b-9868-57a2d4851a1d" relativeResultsDirectory="c5e56755-f829-47e6-bd17-85af66136e05" />
    <UnitTestResult executionId="423e315b-756f-4a80-83ea-cca098d2d5ae" testId="47f8871a-0dcf-7e1e-fed2-e94e9060011f" testName="LAL.Tests.LinalgCore.MatrixAnalysisTests.TraceAndRank_Work" computerName="704DESKTOP" duration="00:00:00.0008789" startTime="2026-04-13T14:17:02.8426640+08:00" endTime="2026-04-13T14:17:02.8426640+08:00" testType="13cdc9d9-ddb5-4fa4-a97d-d965ccfc6d4b" outcome="Passed" testListId="8c84fa94-04c1-424b-9868-57a2d4851a1d" relativeResultsDirectory="423e315b-756f-4a80-83ea-cca098d2d5ae" />
    <UnitTestResult executionId="7d959570-f7bb-451e-bf2e-6db46b32e471" testId="db5af543-83f5-1b23-0aca-ee90d3266c56" testName="LAL.Tests.TensorCore.ConvolutionTests.ConvolveNDFull_WorksFor2DShape" computerName="704DESKTOP" duration="00:00:00.0002450" startTime="2026-04-13T14:17:02.8436211+08:00" endTime="2026-04-13T14:17:02.8436211+08:00" testType="13cdc9d9-ddb5-4fa4-a97d-d965ccfc6d4b" outcome="Passed" testListId="8c84fa94-04c1-424b-9868-57a2d4851a1d" relativeResultsDirectory="7d959570-f7bb-451e-bf2e-6db46b32e471" />
    <UnitTestResult executionId="4534ca5a-583f-4d74-bee8-97a7fbddbb93" testId="b74a55ae-23fb-82f7-a414-bdcc1f02ed11" testName="LAL.Tests.NumericalCore.RootFinding.NewtonTests.Solve_Complex_FindsImaginaryUnitRoot" computerName="704DESKTOP" duration="00:00:00.0009648" startTime="2026-04-13T14:17:02.8402657+08:00" endTime="2026-04-13T14:17:02.8402657+08:00" testType="13cdc9d9-ddb5-4fa4-a97d-d965ccfc6d4b" outcome="Passed" testListId="8c84fa94-04c1-424b-9868-57a2d4851a1d" relativeResultsDirectory="4534ca5a-583f-4d74-bee8-97a7fbddbb93" />
    <UnitTestResult executionId="9a3b970e-6035-40d2-8718-2dae81e83619" testId="8b29f306-c86e-7c99-a67e-80551e85542d" testName="LAL.Tests.LinalgCore.GemmTests.Multiply_ComputesMatrixMatrixProduct" computerName="704DESKTOP" duration="00:00:00.0142552" startTime="2026-04-13T14:17:02.8343544+08:00" endTime="2026-04-13T14:17:02.8343544+08:00" testType="13cdc9d9-ddb5-4fa4-a97d-d965ccfc6d4b" outcome="Passed" testListId="8c84fa94-04c1-424b-9868-57a2d4851a1d" relativeResultsDirectory="9a3b970e-6035-40d2-8718-2dae81e83619" />
    <UnitTestResult executionId="0d64d42c-c6af-446c-8ea3-5a611b5e33cc" testId="44306889-2a0e-ae6b-e434-91275c3e2a79" testName="LAL.Tests.LinalgCore.SvdTests.SingularValues_ReturnsDiagonalSpectrum" computerName="704DESKTOP" duration="00:00:00.0017509" startTime="2026-04-13T14:17:02.8424425+08:00" endTime="2026-04-13T14:17:02.8424425+08:00" testType="13cdc9d9-ddb5-4fa4-a97d-d965ccfc6d4b" outcome="Passed" testListId="8c84fa94-04c1-424b-9868-57a2d4851a1d" relativeResultsDirectory="0d64d42c-c6af-446c-8ea3-5a611b5e33cc" />
    <UnitTestResult executionId="b36f437e-629b-49f8-9c95-c76876de1abf" testId="54322653-fc07-b7df-8e9d-7561971850b1" testName="LAL.Tests.TensorCore.UFuncTranscendentalTests.ExpLogSinCos_Work" computerName="704DESKTOP" duration="00:00:00.0006754" startTime="2026-04-13T14:17:02.8371079+08:00" endTime="2026-04-13T14:17:02.8371080+08:00" testType="13cdc9d9-ddb5-4fa4-a97d-d965ccfc6d4b" outcome="Passed" testListId="8c84fa94-04c1-424b-9868-57a2d4851a1d" relativeResultsDirectory="b36f437e-629b-49f8-9c95-c76876de1abf" />
    <UnitTestResult executionId="71366441-8808-4daa-856a-a95278cdbb33" testId="8a2a0113-bbc8-636b-8eea-a02ee1ac2063" testName="LAL.Tests.LinalgCore.TransposeTests.ConjugateTranspose_ConjugatesAndTransposes" computerName="704DESKTOP" duration="00:00:00.0004365" startTime="2026-04-13T14:17:02.8386895+08:00" endTime="2026-04-13T14:17:02.8386895+08:00" testType="13cdc9d9-ddb5-4fa4-a97d-d965ccfc6d4b" outcome="Passed" testListId="8c84fa94-04c1-424b-9868-57a2d4851a1d" relativeResultsDirectory="71366441-8808-4daa-856a-a95278cdbb33" />
    <UnitTestResult executionId="1900cd3b-9a98-417b-8636-5efccc7ec2cd" testId="87f3ba57-c0ce-bb19-a3e1-e02d1ed7da13" testName="LAL.Tests.NumericalCore.Statistics.CovarianceTests.ComputeAndCorrelation_Complex_Work" computerName="704DESKTOP" duration="00:00:00.0011718" startTime="2026-04-13T14:17:02.8382249+08:00" endTime="2026-04-13T14:17:02.8382249+08:00" testType="13cdc9d9-ddb5-4fa4-a97d-d965ccfc6d4b" outcome="Passed" testListId="8c84fa94-04c1-424b-9868-57a2d4851a1d" relativeResultsDirectory="1900cd3b-9a98-417b-8636-5efccc7ec2cd" />
    <UnitTestResult executionId="083f3bb7-a7cb-4a9e-aeb7-b952c00b6555" testId="cb90ac60-6eb6-8e44-fd50-2ab68bfb062d" testName="LAL.Tests.NumericalCore.Statistics.CovarianceTests.Compute_Float_WithParallelEnabled_MatchesSequentialOnLargeInput" computerName="704DESKTOP" duration="00:00:00.0071629" startTime="2026-04-13T14:17:02.8737938+08:00" endTime="2026-04-13T14:17:02.8737940+08:00" testType="13cdc9d9-ddb5-4fa4-a97d-d965ccfc6d4b" outcome="Passed" testListId="8c84fa94-04c1-424b-9868-57a2d4851a1d" relativeResultsDirectory="083f3bb7-a7cb-4a9e-aeb7-b952c00b6555" />
    <UnitTestResult executionId="ee6cb53e-6b5c-479c-a564-1ede16353141" testId="7bed6c14-25d2-2fa5-820a-db51e66f2ac0" testName="LAL.Tests.LinalgCore.NormsTests.Norms_EmptyVector_ReturnsZero" computerName="704DESKTOP" duration="00:00:00.0002052" startTime="2026-04-13T14:17:02.8385958+08:00" endTime="2026-04-13T14:17:02.8385958+08:00" testType="13cdc9d9-ddb5-4fa4-a97d-d965ccfc6d4b" outcome="Passed" testListId="8c84fa94-04c1-424b-9868-57a2d4851a1d" relativeResultsDirectory="ee6cb53e-6b5c-479c-a564-1ede16353141" />
    <UnitTestResult executionId="5f8b9274-f64b-48a4-b67e-120ccfbf02fc" testId="35091540-bb91-244e-8ed8-170e0b4ae961" testName="LAL.Tests.TensorCore.StridedViewTests.PermuteShape_ReordersAxes" computerName="704DESKTOP" duration="00:00:00.0002775" startTime="2026-04-13T14:17:02.8359533+08:00" endTime="2026-04-13T14:17:02.8359533+08:00" testType="13cdc9d9-ddb5-4fa4-a97d-d965ccfc6d4b" outcome="Passed" testListId="8c84fa94-04c1-424b-9868-57a2d4851a1d" relativeResultsDirectory="5f8b9274-f64b-48a4-b67e-120ccfbf02fc" />
    <UnitTestResult executionId="73cc62a4-3599-45a0-a223-a64b9d858d88" testId="b04f7f5c-659e-2d0e-0a74-29aed3f65d0c" testName="LAL.Tests.LinalgCore.GemmTests.Multiply_Complex_ComputesMatrixMatrixProduct" computerName="704DESKTOP" duration="00:00:00.0015040" startTime="2026-04-13T14:17:02.8371250+08:00" endTime="2026-04-13T14:17:02.8371251+08:00" testType="13cdc9d9-ddb5-4fa4-a97d-d965ccfc6d4b" outcome="Passed" testListId="8c84fa94-04c1-424b-9868-57a2d4851a1d" relativeResultsDirectory="73cc62a4-3599-45a0-a223-a64b9d858d88" />
    <UnitTestResult executionId="44e42c94-2bc2-4a19-bd41-121dc9d5bbee" testId="a936d33c-e749-b318-1cf2-f5667f8526b4" testName="LAL.Tests.NumericalCore.RootFinding.NewtonTests.Solve_FindsSquareRootOfTwo" computerName="704DESKTOP" duration="00:00:00.0009095" startTime="2026-04-13T14:17:02.8406845+08:00" endTime="2026-04-13T14:17:02.8406845+08:00" testType="13cdc9d9-ddb5-4fa4-a97d-d965ccfc6d4b" outcome="Passed" testListId="8c84fa94-04c1-424b-9868-57a2d4851a1d" relativeResultsDirectory="44e42c94-2bc2-4a19-bd41-121dc9d5bbee" />
    <UnitTestResult executionId="84b81fc2-8d0b-4942-b1a3-bd24680e32b8" testId="519f5fb5-093d-976f-a7f1-d7c02c05ed1a" testName="LAL.Tests.LinalgCore.CholeskyTests.DecomposeLower_FactorsSpdMatrix" computerName="704DESKTOP" duration="00:00:00.0005194" startTime="2026-04-13T14:17:02.8362044+08:00" endTime="2026-04-13T14:17:02.8362045+08:00" testType="13cdc9d9-ddb5-4fa4-a97d-d965ccfc6d4b" outcome="Passed" testListId="8c84fa94-04c1-424b-9868-57a2d4851a1d" relativeResultsDirectory="84b81fc2-8d0b-4942-b1a3-bd24680e32b8" />
    <UnitTestResult executionId="3a2cbbd9-9e02-4df1-a8e5-16d6c6e7739f" testId="a3a7dcbd-7593-e61f-d0f5-c1b0bf1481a9" testName="LAL.Tests.NumericalCore.RootFinding.SecantTests.Solve_Complex_FindsImaginaryUnitRoot" computerName="704DESKTOP" duration="00:00:00.0001985" startTime="2026-04-13T14:17:02.8338052+08:00" endTime="2026-04-13T14:17:02.8338053+08:00" testType="13cdc9d9-ddb5-4fa4-a97d-d965ccfc6d4b" outcome="Passed" testListId="8c84fa94-04c1-424b-9868-57a2d4851a1d" relativeResultsDirectory="3a2cbbd9-9e02-4df1-a8e5-16d6c6e7739f" />
    <UnitTestResult executionId="654f9de7-c98c-443a-aa0e-253be8128f03" testId="4e3a6f13-805b-5977-464a-7785453055b7" testName="LAL.Tests.LinalgCore.OrthogonalizationTests.GramSchmidtOrthonormalize_ReturnsOrthonormalBasis" computerName="704DESKTOP" duration="00:00:00.0044181" startTime="2026-04-13T14:17:02.8213580+08:00" endTime="2026-04-13T14:17:02.8213580+08:00" testType="13cdc9d9-ddb5-4fa4-a97d-d965ccfc6d4b" outcome="Passed" testListId="8c84fa94-04c1-424b-9868-57a2d4851a1d" relativeResultsDirectory="654f9de7-c98c-443a-aa0e-253be8128f03" />
    <UnitTestResult executionId="47696c80-9a2a-42b8-a1fe-f73a289fd08a" testId="e10585e3-4d32-2f6d-83d9-ce468a2bea2e" testName="LAL.Tests.LinalgCore.DotTests.Dotc_Complex_UsesConjugationOnLeftOperand" computerName="704DESKTOP" duration="00:00:00.0003105" startTime="2026-04-13T14:17:02.8356567+08:00" endTime="2026-04-13T14:17:02.8356567+08:00" testType="13cdc9d9-ddb5-4fa4-a97d-d965ccfc6d4b" outcome="Passed" testListId="8c84fa94-04c1-424b-9868-57a2d4851a1d" relativeResultsDirectory="47696c80-9a2a-42b8-a1fe-f73a289fd08a" />
    <UnitTestResult executionId="c6ad7b73-4390-4435-aaaf-d0aef246bc2e" testId="8b01faf4-450e-a34b-2552-a9ead6b19c41" testName="LAL.Tests.OdeCore.DenseOutputTests.InterpolateLinear_ReturnsExpectedPoint" computerName="704DESKTOP" duration="00:00:00.0142244" startTime="2026-04-13T14:17:02.8343894+08:00" endTime="2026-04-13T14:17:02.8343894+08:00" testType="13cdc9d9-ddb5-4fa4-a97d-d965ccfc6d4b" outcome="Passed" testListId="8c84fa94-04c1-424b-9868-57a2d4851a1d" relativeResultsDirectory="c6ad7b73-4390-4435-aaaf-d0aef246bc2e" />
    <UnitTestResult executionId="6ebcd6b1-3f3b-4cab-bce2-88f5a9ffee07" testId="51ffa7fd-7a66-ab25-50b7-4c454ab183fb" testName="LAL.Tests.OdeCore.EulerTests.Step_AdvancesStateForLinearSystem" computerName="704DESKTOP" duration="00:00:00.0006914" startTime="2026-04-13T14:17:02.8370539+08:00" endTime="2026-04-13T14:17:02.8370539+08:00" testType="13cdc9d9-ddb5-4fa4-a97d-d965ccfc6d4b" outcome="Passed" testListId="8c84fa94-04c1-424b-9868-57a2d4851a1d" relativeResultsDirectory="6ebcd6b1-3f3b-4cab-bce2-88f5a9ffee07" />
    <UnitTestResult executionId="06634a74-c166-4ea7-a30b-2a63a3b0e731" testId="e1edd1dc-68e6-d6dc-d0ad-e44a2e458c85" testName="LAL.Tests.TensorCore.TypeCoverageTests.Transcendental_SupportsFloatAndComplex" computerName="704DESKTOP" duration="00:00:00.0008714" startTime="2026-04-13T14:17:02.8432835+08:00" endTime="2026-04-13T14:17:02.8432835+08:00" testType="13cdc9d9-ddb5-4fa4-a97d-d965ccfc6d4b" outcome="Passed" testListId="8c84fa94-04c1-424b-9868-57a2d4851a1d" relativeResultsDirectory="06634a74-c166-4ea7-a30b-2a63a3b0e731" />
    <UnitTestResult executionId="ad3bdce4-da9f-4c91-a768-931033c05ac5" testId="50752481-76c1-afa3-211b-b63bb233ffd8" testName="LAL.Tests.NumericalCore.Statistics.PearsonCorrelationTests.Compute_Float_ReturnsOneForPerfectPositiveCorrelation" computerName="704DESKTOP" duration="00:00:00.0013216" startTime="2026-04-13T14:17:02.8385699+08:00" endTime="2026-04-13T14:17:02.8385699+08:00" testType="13cdc9d9-ddb5-4fa4-a97d-d965ccfc6d4b" outcome="Passed" testListId="8c84fa94-04c1-424b-9868-57a2d4851a1d" relativeResultsDirectory="ad3bdce4-da9f-4c91-a768-931033c05ac5" />
    <UnitTestResult executionId="aa4c2550-0ef9-419a-96c9-4b0247ddd23b" testId="39084b3c-a51d-dd2c-2bd9-fc86f6ed4784" testName="LAL.Tests.OdeCore.Rk45Tests.Step_ProducesAccurateEstimateForExpGrowth" computerName="704DESKTOP" duration="00:00:00.0027058" startTime="2026-04-13T14:17:02.8430326+08:00" endTime="2026-04-13T14:17:02.8430326+08:00" testType="13cdc9d9-ddb5-4fa4-a97d-d965ccfc6d4b" outcome="Passed" testListId="8c84fa94-04c1-424b-9868-57a2d4851a1d" relativeResultsDirectory="aa4c2550-0ef9-419a-96c9-4b0247ddd23b" />
    <UnitTestResult executionId="c3d9078d-c17b-480a-be90-f4acf6134f7b" testId="77c85753-fa6c-2c54-d9df-919a71736358" testName="LAL.Tests.LinalgCore.VectorOpsTests.Float_Operations_Work" computerName="704DESKTOP" duration="00:00:00.0012511" startTime="2026-04-13T14:17:02.8406717+08:00" endTime="2026-04-13T14:17:02.8406717+08:00" testType="13cdc9d9-ddb5-4fa4-a97d-d965ccfc6d4b" outcome="Passed" testListId="8c84fa94-04c1-424b-9868-57a2d4851a1d" relativeResultsDirectory="c3d9078d-c17b-480a-be90-f4acf6134f7b" />
    <UnitTestResult executionId="96d3b2d4-1211-4586-a5aa-c9b0b6ea50fb" testId="8e1eace4-bee8-ec36-6f2d-090e6622d026" testName="LAL.Tests.LinalgCore.DotTests.Dotu_Complex_DoesNotConjugateLeftOperand" computerName="704DESKTOP" duration="00:00:00.0018939" startTime="2026-04-13T14:17:02.8350036+08:00" endTime="2026-04-13T14:17:02.8350037+08:00" testType="13cdc9d9-ddb5-4fa4-a97d-d965ccfc6d4b" outcome="Passed" testListId="8c84fa94-04c1-424b-9868-57a2d4851a1d" relativeResultsDirectory="96d3b2d4-1211-4586-a5aa-c9b0b6ea50fb" />
    <UnitTestResult executionId="fe254418-976f-471f-ad05-bce68ee950ee" testId="de72ec7a-da79-dc84-a5aa-04f5137e81e0" testName="LAL.Tests.NumericalCore.Statistics.ZigguratTests.FloatAndComplex_APIs_Work" computerName="704DESKTOP" duration="00:00:00.0005387" startTime="2026-04-13T14:17:02.8339247+08:00" endTime="2026-04-13T14:17:02.8339247+08:00" testType="13cdc9d9-ddb5-4fa4-a97d-d965ccfc6d4b" outcome="Passed" testListId="8c84fa94-04c1-424b-9868-57a2d4851a1d" relativeResultsDirectory="fe254418-976f-471f-ad05-bce68ee950ee" />
    <UnitTestResult executionId="2001ca75-468a-4a13-94f0-6c3db7fe9bea" testId="371ce601-4723-f283-ea1c-33dcb41a842f" testName="LAL.Tests.LinalgCore.MatrixAnalysisTests.PseudoInverseSquare_WorksForDiagonalMatrix" computerName="704DESKTOP" duration="00:00:00.0001949" startTime="2026-04-13T14:17:02.8419605+08:00" endTime="2026-04-13T14:17:02.8419605+08:00" testType="13cdc9d9-ddb5-4fa4-a97d-d965ccfc6d4b" outcome="Passed" testListId="8c84fa94-04c1-424b-9868-57a2d4851a1d" relativeResultsDirectory="2001ca75-468a-4a13-94f0-6c3db7fe9bea" />
    <UnitTestResult executionId="7a143383-00b5-4f37-801a-3949af38b5e0" testId="a2ad3e2c-33f2-2614-7679-c2dde3252d03" testName="LAL.Tests.TensorCore.StridedViewTests.Slice1D_WithStep_Works" computerName="704DESKTOP" duration="00:00:00.0142271" startTime="2026-04-13T14:17:02.8343416+08:00" endTime="2026-04-13T14:17:02.8343417+08:00" testType="13cdc9d9-ddb5-4fa4-a97d-d965ccfc6d4b" outcome="Passed" testListId="8c84fa94-04c1-424b-9868-57a2d4851a1d" relativeResultsDirectory="7a143383-00b5-4f37-801a-3949af38b5e0" />
    <UnitTestResult executionId="50c31143-559f-4927-beec-5be96159e75f" testId="84755b6d-d1c8-34e6-6a95-c929dc1d9b17" testName="LAL.Tests.OdeCore.StepControllerTests.Propose_Float_AcceptsAndRejectsByError" computerName="704DESKTOP" duration="00:00:00.0032591" startTime="2026-04-13T14:17:02.8213722+08:00" endTime="2026-04-13T14:17:02.8213722+08:00" testType="13cdc9d9-ddb5-4fa4-a97d-d965ccfc6d4b" outcome="Passed" testListId="8c84fa94-04c1-424b-9868-57a2d4851a1d" relativeResultsDirectory="50c31143-559f-4927-beec-5be96159e75f" />
    <UnitTestResult executionId="ae10a266-f735-448b-9e49-2b4058c72585" testId="d9c96f5d-dc06-888d-a3fb-bb1eb9f3aedc" testName="LAL.Tests.NumericalCore.RootFinding.BrentTests.Solve_Complex_FindsImaginaryUnitRoot" computerName="704DESKTOP" duration="00:00:00.0007159" startTime="2026-04-13T14:17:02.8338433+08:00" endTime="2026-04-13T14:17:02.8338434+08:00" testType="13cdc9d9-ddb5-4fa4-a97d-d965ccfc6d4b" outcome="Passed" testListId="8c84fa94-04c1-424b-9868-57a2d4851a1d" relativeResultsDirectory="ae10a266-f735-448b-9e49-2b4058c72585" />
    <UnitTestResult executionId="958a5845-f8ea-45db-b08b-09ee0908d42e" testId="a8522380-6765-fb86-3a3a-1d5c5c0b97c9" testName="LAL.Tests.LinalgCore.DistanceMetricsTests.PairwiseMahalanobis_WithIdentityInverseCovariance_EqualsEuclidean" computerName="704DESKTOP" duration="00:00:00.0013724" startTime="2026-04-13T14:17:02.8353561+08:00" endTime="2026-04-13T14:17:02.8353561+08:00" testType="13cdc9d9-ddb5-4fa4-a97d-d965ccfc6d4b" outcome="Passed" testListId="8c84fa94-04c1-424b-9868-57a2d4851a1d" relativeResultsDirectory="958a5845-f8ea-45db-b08b-09ee0908d42e" />
    <UnitTestResult executionId="e65b9085-2eca-40bf-9ac6-b212dd3a894b" testId="29b57941-d1eb-86a7-8a9d-415e3623e0fb" testName="LAL.Tests.OdeCore.BdfTests.StepBackwardEuler_ApproximatesImplicitStep" computerName="704DESKTOP" duration="00:00:00.0002197" startTime="2026-04-13T14:17:02.8349598+08:00" endTime="2026-04-13T14:17:02.8349599+08:00" testType="13cdc9d9-ddb5-4fa4-a97d-d965ccfc6d4b" outcome="Passed" testListId="8c84fa94-04c1-424b-9868-57a2d4851a1d" relativeResultsDirectory="e65b9085-2eca-40bf-9ac6-b212dd3a894b" />
    <UnitTestResult executionId="74b20273-d781-4eeb-9404-03a2eedc49e0" testId="844e0c35-3ae0-f476-f3ac-d7d32ee074d8" testName="LAL.Tests.OdeCore.EulerTests.Step_Float_AdvancesStateForLinearSystem" computerName="704DESKTOP" duration="00:00:00.0010562" startTime="2026-04-13T14:17:02.8378974+08:00" endTime="2026-04-13T14:17:02.8378974+08:00" testType="13cdc9d9-ddb5-4fa4-a97d-d965ccfc6d4b" outcome="Passed" testListId="8c84fa94-04c1-424b-9868-57a2d4851a1d" relativeResultsDirectory="74b20273-d781-4eeb-9404-03a2eedc49e0" />
    <UnitTestResult executionId="30d46377-3c7e-4e8b-9653-c19085e8a3ac" testId="b64c683b-a02d-413e-d167-b6617a0b2e32" testName="LAL.Tests.LinalgCore.MatrixOpsTests.Float_Operations_Work" computerName="704DESKTOP" duration="00:00:00.0010856" startTime="2026-04-13T14:17:02.8416967+08:00" endTime="2026-04-13T14:17:02.8416967+08:00" testType="13cdc9d9-ddb5-4fa4-a97d-d965ccfc6d4b" outcome="Passed" testListId="8c84fa94-04c1-424b-9868-57a2d4851a1d" relativeResultsDirectory="30d46377-3c7e-4e8b-9653-c19085e8a3ac" />
    <UnitTestResult executionId="5b62a70b-8ddc-4814-9ae4-71d90d993457" testId="cfb5f73c-cc1b-274d-b874-2ddb6882b070" testName="LAL.Tests.TensorCore.SortSearchTests.ArgMaxArgMinAndLexsort_Work" computerName="704DESKTOP" duration="00:00:00.0033604" startTime="2026-04-13T14:17:02.8377268+08:00" endTime="2026-04-13T14:17:02.8377269+08:00" testType="13cdc9d9-ddb5-4fa4-a97d-d965ccfc6d4b" outcome="Passed" testListId="8c84fa94-04c1-424b-9868-57a2d4851a1d" relativeResultsDirectory="5b62a70b-8ddc-4814-9ae4-71d90d993457" />
    <UnitTestResult executionId="a5a98c55-7021-43f1-999b-0128d0a5a104" testId="5db1dcd7-70a2-1b85-8792-1abeb24cae06" testName="LAL.Tests.TensorCore.ConcatStackTests.Concatenate1D_AndStackRows_Work" computerName="704DESKTOP" duration="00:00:00.0149633" startTime="2026-04-13T14:17:02.8353832+08:00" endTime="2026-04-13T14:17:02.8353832+08:00" testType="13cdc9d9-ddb5-4fa4-a97d-d965ccfc6d4b" outcome="Passed" testListId="8c84fa94-04c1-424b-9868-57a2d4851a1d" relativeResultsDirectory="a5a98c55-7021-43f1-999b-0128d0a5a104" />
    <UnitTestResult executionId="d1d55dc0-4513-47a2-a6bb-a5c32de68c44" testId="9a0752ee-bf17-645a-2735-577b07c124e8" testName="LAL.Tests.TensorCore.StridedViewTests.Slice1D_WithNegativeStep_Works" computerName="704DESKTOP" duration="00:00:00.0001368" startTime="2026-04-13T14:17:02.8362452+08:00" endTime="2026-04-13T14:17:02.8362452+08:00" testType="13cdc9d9-ddb5-4fa4-a97d-d965ccfc6d4b" outcome="Passed" testListId="8c84fa94-04c1-424b-9868-57a2d4851a1d" relativeResultsDirectory="d1d55dc0-4513-47a2-a6bb-a5c32de68c44" />
    <UnitTestResult executionId="24b0199c-006e-4b39-8ae0-14ce86f6be5d" testId="bb567d0f-2de6-641c-d192-92da10aa4dce" testName="LAL.Tests.OdeCore.RadauTests.StepOneStage_ProducesStableAdvance" computerName="704DESKTOP" duration="00:00:00.0032288" startTime="2026-04-13T14:17:02.8377107+08:00" endTime="2026-04-13T14:17:02.8377107+08:00" testType="13cdc9d9-ddb5-4fa4-a97d-d965ccfc6d4b" outcome="Passed" testListId="8c84fa94-04c1-424b-9868-57a2d4851a1d" relativeResultsDirectory="24b0199c-006e-4b39-8ae0-14ce86f6be5d" />
    <UnitTestResult executionId="cc625664-9e43-4625-8820-9fb33ae1b9db" testId="4a43d69c-e49e-b214-9969-0ba2e8bed93b" testName="LAL.Tests.OdeCore.JacobianEstimatorTests.EstimateForwardDifference_Complex_ApproximatesLinearSystemJacobian" computerName="704DESKTOP" duration="00:00:00.0042766" startTime="2026-04-13T14:17:02.8433721+08:00" endTime="2026-04-13T14:17:02.8433721+08:00" testType="13cdc9d9-ddb5-4fa4-a97d-d965ccfc6d4b" outcome="Passed" testListId="8c84fa94-04c1-424b-9868-57a2d4851a1d" relativeResultsDirectory="cc625664-9e43-4625-8820-9fb33ae1b9db" />
[...]
    <TestEntry testId="d5d18b7f-0d1b-f6bf-fa8f-1ff1b22ebaf7" executionId="1487ea34-66e6-4188-b2da-e16339ef6935" testListId="8c84fa94-04c1-424b-9868-57a2d4851a1d" />
    <TestEntry testId="21f7abf2-4a77-8d14-b0a4-b66603f3e8f4" executionId="c01ff737-3b0d-47f2-8243-f880ed015a84" testListId="8c84fa94-04c1-424b-9868-57a2d4851a1d" />
    <TestEntry testId="959b0ad1-72d2-6d05-86dd-304d7101eb4c" executionId="154b2c98-6929-4423-a15e-d3f32684317a" testListId="8c84fa94-04c1-424b-9868-57a2d4851a1d" />
    <TestEntry testId="e52015cb-f65c-5695-f8df-6a96af316cd0" executionId="62363f42-c7c0-4985-9304-0da4759c7e0c" testListId="8c84fa94-04c1-424b-9868-57a2d4851a1d" />
    <TestEntry testId="c3474422-89f1-623c-7b7d-a3b0e0635b88" executionId="fb94d5df-aa7d-45e7-9a42-227ab8625f6c" testListId="8c84fa94-04c1-424b-9868-57a2d4851a1d" />
    <TestEntry testId="6c913885-46d9-0fcf-45ba-0bbae2317825" executionId="e69e8bba-a20d-4120-bd7d-e53d7a742283" testListId="8c84fa94-04c1-424b-9868-57a2d4851a1d" />
    <TestEntry testId="4d1ad519-6cd9-ca7f-3c68-9d0720473f6e" executionId="ac200d64-4b88-4d80-8f57-a0f40fcc3201" testListId="8c84fa94-04c1-424b-9868-57a2d4851a1d" />
    <TestEntry testId="95c728dd-14bf-51c2-a820-fcfa4e0747c7" executionId="5c72daa5-01e4-40e4-90ad-843ac561408b" testListId="8c84fa94-04c1-424b-9868-57a2d4851a1d" />
    <TestEntry testId="ea7bf2d4-abde-0e51-07cb-4f82a8d4c51c" executionId="d5d76e25-73dc-4773-8588-22ac685610d6" testListId="8c84fa94-04c1-424b-9868-57a2d4851a1d" />
    <TestEntry testId="e2fa2aa5-7974-2e79-ffe1-aeab1d866f0c" executionId="0be102e8-c152-4dda-a936-cc0363fedf15" testListId="8c84fa94-04c1-424b-9868-57a2d4851a1d" />
    <TestEntry testId="2fac7d55-1140-5bc6-57e6-d1ec6369cf33" executionId="e06070e1-371a-495b-afb9-5b270dfe3078" testListId="8c84fa94-04c1-424b-9868-57a2d4851a1d" />
    <TestEntry testId="ff6c2344-39a8-756c-b878-965a68962158" executionId="f5e42c5b-9bc4-4ba8-b7cd-93ae0e9a613e" testListId="8c84fa94-04c1-424b-9868-57a2d4851a1d" />
    <TestEntry testId="115275b2-3716-9bee-0d54-20483f5fc6a1" executionId="54ebf704-a412-4c22-b52c-3bd69e3de84a" testListId="8c84fa94-04c1-424b-9868-57a2d4851a1d" />
    <TestEntry testId="706b7113-2acc-9476-5283-04829101328a" executionId="c44b1b4b-d2f8-40a8-a64a-92d5e2fa371a" testListId="8c84fa94-04c1-424b-9868-57a2d4851a1d" />
    <TestEntry testId="44a204a8-2c4b-5c04-37b2-6fb4d9f12d2a" executionId="e389c599-ae6f-478f-b1bc-252962702085" testListId="8c84fa94-04c1-424b-9868-57a2d4851a1d" />
    <TestEntry testId="c86ee620-37ab-7d64-6e91-e7b89b974f48" executionId="1c86081c-6dc6-4607-8c3a-8f94e34bdcae" testListId="8c84fa94-04c1-424b-9868-57a2d4851a1d" />
    <TestEntry testId="5f7324fb-8f4e-9434-9935-3de25531c16e" executionId="2b2099a2-d4c7-4b1b-9bfd-0ab1ae3bb256" testListId="8c84fa94-04c1-424b-9868-57a2d4851a1d" />
    <TestEntry testId="bbceed8b-c829-5d90-c5b5-4c9c94e1d0b1" executionId="904dfb70-df48-4d38-bc61-7ce71d869e25" testListId="8c84fa94-04c1-424b-9868-57a2d4851a1d" />
    <TestEntry testId="2187e066-9705-f87b-a53b-c180234b1f4c" executionId="b760b7b4-25b9-4203-bb1e-a464f78d8135" testListId="8c84fa94-04c1-424b-9868-57a2d4851a1d" />
    <TestEntry testId="c59271cd-c64a-9e27-c842-6ac638779a30" executionId="7c1e81c4-2a43-4698-8851-7989e3c287d1" testListId="8c84fa94-04c1-424b-9868-57a2d4851a1d" />
    <TestEntry testId="641065b5-14eb-5e30-474e-09d7109263db" executionId="d4a72209-ec90-4d5e-902f-8dc560527dea" testListId="8c84fa94-04c1-424b-9868-57a2d4851a1d" />
    <TestEntry testId="44509fe7-c1e9-d37e-b24f-4139c24d76fb" executionId="b290f140-c176-4543-8fec-f070ac9367e6" testListId="8c84fa94-04c1-424b-9868-57a2d4851a1d" />
    <TestEntry testId="1fd9afab-46ae-38cf-fcf8-e1ca6d4f8f1b" executionId="598c1238-a884-49de-9b6f-00db29c1cc00" testListId="8c84fa94-04c1-424b-9868-57a2d4851a1d" />
    <TestEntry testId="6e5f48f7-c4f0-914f-b0db-50396e99152f" executionId="e449830a-c798-4a4a-a02c-0ea4712cc4fc" testListId="8c84fa94-04c1-424b-9868-57a2d4851a1d" />
    <TestEntry testId="d92bbb30-a6c3-4526-91d9-c4282f1ac067" executionId="a782bfe3-ebee-43ae-980a-5ecba5577ffe" testListId="8c84fa94-04c1-424b-9868-57a2d4851a1d" />
    <TestEntry testId="3370d045-78d9-c4dc-e8ba-b2c98e785970" executionId="a84cd96c-0ecc-480a-b611-61191f50833c" testListId="8c84fa94-04c1-424b-9868-57a2d4851a1d" />
    <TestEntry testId="da573448-4e80-4473-629c-d3009984c0f5" executionId="bde6ccb9-21b2-449e-b02e-46e70a966af9" testListId="8c84fa94-04c1-424b-9868-57a2d4851a1d" />
    <TestEntry testId="d21b0aaf-f27a-43b7-bdb6-0390ff0aae0a" executionId="bf265c32-fdb8-4953-a97b-e87a21384a81" testListId="8c84fa94-04c1-424b-9868-57a2d4851a1d" />
    <TestEntry testId="34e55132-c91a-73be-9275-59d127324d05" executionId="f1cd070c-403c-475b-b90b-e705b2968a50" testListId="8c84fa94-04c1-424b-9868-57a2d4851a1d" />
    <TestEntry testId="efe7c3fc-46b4-5431-022b-929b5d88114f" executionId="cd02f8cb-9ec7-427a-ac75-a528e3ee130c" testListId="8c84fa94-04c1-424b-9868-57a2d4851a1d" />
    <TestEntry testId="e6ad0221-c4f4-287d-2ca0-bfe09ec0429c" executionId="b6f23735-87da-4f4d-bd67-d82f049ec858" testListId="8c84fa94-04c1-424b-9868-57a2d4851a1d" />
    <TestEntry testId="cffab0cd-9cc5-d930-bb0d-b1d2d9a82684" executionId="1679b654-6b77-4b11-824c-ebbf5f1b34e9" testListId="8c84fa94-04c1-424b-9868-57a2d4851a1d" />
    <TestEntry testId="fa53f2b0-619d-e81f-cdc0-b8ffa40baa7b" executionId="f4dc88c5-a8e6-4041-9e1b-3813691b18cf" testListId="8c84fa94-04c1-424b-9868-57a2d4851a1d" />
    <TestEntry testId="8a8f465c-119b-1503-2777-6dc8b7a1c47e" executionId="9edd5ed7-f32b-4a8e-b22f-8c21a28669f7" testListId="8c84fa94-04c1-424b-9868-57a2d4851a1d" />
    <TestEntry testId="0ad017fb-fb4b-cbe0-428c-80a7f3a4244d" executionId="c5e56755-f829-47e6-bd17-85af66136e05" testListId="8c84fa94-04c1-424b-9868-57a2d4851a1d" />
    <TestEntry testId="47f8871a-0dcf-7e1e-fed2-e94e9060011f" executionId="423e315b-756f-4a80-83ea-cca098d2d5ae" testListId="8c84fa94-04c1-424b-9868-57a2d4851a1d" />
    <TestEntry testId="db5af543-83f5-1b23-0aca-ee90d3266c56" executionId="7d959570-f7bb-451e-bf2e-6db46b32e471" testListId="8c84fa94-04c1-424b-9868-57a2d4851a1d" />
    <TestEntry testId="b74a55ae-23fb-82f7-a414-bdcc1f02ed11" executionId="4534ca5a-583f-4d74-bee8-97a7fbddbb93" testListId="8c84fa94-04c1-424b-9868-57a2d4851a1d" />
    <TestEntry testId="8b29f306-c86e-7c99-a67e-80551e85542d" executionId="9a3b970e-6035-40d2-8718-2dae81e83619" testListId="8c84fa94-04c1-424b-9868-57a2d4851a1d" />
    <TestEntry testId="44306889-2a0e-ae6b-e434-91275c3e2a79" executionId="0d64d42c-c6af-446c-8ea3-5a611b5e33cc" testListId="8c84fa94-04c1-424b-9868-57a2d4851a1d" />
    <TestEntry testId="54322653-fc07-b7df-8e9d-7561971850b1" executionId="b36f437e-629b-49f8-9c95-c76876de1abf" testListId="8c84fa94-04c1-424b-9868-57a2d4851a1d" />
    <TestEntry testId="8a2a0113-bbc8-636b-8eea-a02ee1ac2063" executionId="71366441-8808-4daa-856a-a95278cdbb33" testListId="8c84fa94-04c1-424b-9868-57a2d4851a1d" />
    <TestEntry testId="87f3ba57-c0ce-bb19-a3e1-e02d1ed7da13" executionId="1900cd3b-9a98-417b-8636-5efccc7ec2cd" testListId="8c84fa94-04c1-424b-9868-57a2d4851a1d" />
    <TestEntry testId="cb90ac60-6eb6-8e44-fd50-2ab68bfb062d" executionId="083f3bb7-a7cb-4a9e-aeb7-b952c00b6555" testListId="8c84fa94-04c1-424b-9868-57a2d4851a1d" />
    <TestEntry testId="7bed6c14-25d2-2fa5-820a-db51e66f2ac0" executionId="ee6cb53e-6b5c-479c-a564-1ede16353141" testListId="8c84fa94-04c1-424b-9868-57a2d4851a1d" />
    <TestEntry testId="35091540-bb91-244e-8ed8-170e0b4ae961" executionId="5f8b9274-f64b-48a4-b67e-120ccfbf02fc" testListId="8c84fa94-04c1-424b-9868-57a2d4851a1d" />
    <TestEntry testId="b04f7f5c-659e-2d0e-0a74-29aed3f65d0c" executionId="73cc62a4-3599-45a0-a223-a64b9d858d88" testListId="8c84fa94-04c1-424b-9868-57a2d4851a1d" />
    <TestEntry testId="a936d33c-e749-b318-1cf2-f5667f8526b4" executionId="44e42c94-2bc2-4a19-bd41-121dc9d5bbee" testListId="8c84fa94-04c1-424b-9868-57a2d4851a1d" />
    <TestEntry testId="519f5fb5-093d-976f-a7f1-d7c02c05ed1a" executionId="84b81fc2-8d0b-4942-b1a3-bd24680e32b8" testListId="8c84fa94-04c1-424b-9868-57a2d4851a1d" />
    <TestEntry testId="a3a7dcbd-7593-e61f-d0f5-c1b0bf1481a9" executionId="3a2cbbd9-9e02-4df1-a8e5-16d6c6e7739f" testListId="8c84fa94-04c1-424b-9868-57a2d4851a1d" />
    <TestEntry testId="4e3a6f13-805b-5977-464a-7785453055b7" executionId="654f9de7-c98c-443a-aa0e-253be8128f03" testListId="8c84fa94-04c1-424b-9868-57a2d4851a1d" />
    <TestEntry testId="e10585e3-4d32-2f6d-83d9-ce468a2bea2e" executionId="47696c80-9a2a-42b8-a1fe-f73a289fd08a" testListId="8c84fa94-04c1-424b-9868-57a2d4851a1d" />
    <TestEntry testId="8b01faf4-450e-a34b-2552-a9ead6b19c41" executionId="c6ad7b73-4390-4435-aaaf-d0aef246bc2e" testListId="8c84fa94-04c1-424b-9868-57a2d4851a1d" />
    <TestEntry testId="51ffa7fd-7a66-ab25-50b7-4c454ab183fb" executionId="6ebcd6b1-3f3b-4cab-bce2-88f5a9ffee07" testListId="8c84fa94-04c1-424b-9868-57a2d4851a1d" />
    <TestEntry testId="e1edd1dc-68e6-d6dc-d0ad-e44a2e458c85" executionId="06634a74-c166-4ea7-a30b-2a63a3b0e731" testListId="8c84fa94-04c1-424b-9868-57a2d4851a1d" />
    <TestEntry testId="50752481-76c1-afa3-211b-b63bb233ffd8" executionId="ad3bdce4-da9f-4c91-a768-931033c05ac5" testListId="8c84fa94-04c1-424b-9868-57a2d4851a1d" />
    <TestEntry testId="39084b3c-a51d-dd2c-2bd9-fc86f6ed4784" executionId="aa4c2550-0ef9-419a-96c9-4b0247ddd23b" testListId="8c84fa94-04c1-424b-9868-57a2d4851a1d" />
    <TestEntry testId="77c85753-fa6c-2c54-d9df-919a71736358" executionId="c3d9078d-c17b-480a-be90-f4acf6134f7b" testListId="8c84fa94-04c1-424b-9868-57a2d4851a1d" />
    <TestEntry testId="8e1eace4-bee8-ec36-6f2d-090e6622d026" executionId="96d3b2d4-1211-4586-a5aa-c9b0b6ea50fb" testListId="8c84fa94-04c1-424b-9868-57a2d4851a1d" />
    <TestEntry testId="de72ec7a-da79-dc84-a5aa-04f5137e81e0" executionId="fe254418-976f-471f-ad05-bce68ee950ee" testListId="8c84fa94-04c1-424b-9868-57a2d4851a1d" />
    <TestEntry testId="371ce601-4723-f283-ea1c-33dcb41a842f" executionId="2001ca75-468a-4a13-94f0-6c3db7fe9bea" testListId="8c84fa94-04c1-424b-9868-57a2d4851a1d" />
    <TestEntry testId="a2ad3e2c-33f2-2614-7679-c2dde3252d03" executionId="7a143383-00b5-4f37-801a-3949af38b5e0" testListId="8c84fa94-04c1-424b-9868-57a2d4851a1d" />
    <TestEntry testId="84755b6d-d1c8-34e6-6a95-c929dc1d9b17" executionId="50c31143-559f-4927-beec-5be96159e75f" testListId="8c84fa94-04c1-424b-9868-57a2d4851a1d" />
    <TestEntry testId="d9c96f5d-dc06-888d-a3fb-bb1eb9f3aedc" executionId="ae10a266-f735-448b-9e49-2b4058c72585" testListId="8c84fa94-04c1-424b-9868-57a2d4851a1d" />
    <TestEntry testId="a8522380-6765-fb86-3a3a-1d5c5c0b97c9" executionId="958a5845-f8ea-45db-b08b-09ee0908d42e" testListId="8c84fa94-04c1-424b-9868-57a2d4851a1d" />
    <TestEntry testId="29b57941-d1eb-86a7-8a9d-415e3623e0fb" executionId="e65b9085-2eca-40bf-9ac6-b212dd3a894b" testListId="8c84fa94-04c1-424b-9868-57a2d4851a1d" />
    <TestEntry testId="844e0c35-3ae0-f476-f3ac-d7d32ee074d8" executionId="74b20273-d781-4eeb-9404-03a2eedc49e0" testListId="8c84fa94-04c1-424b-9868-57a2d4851a1d" />
    <TestEntry testId="b64c683b-a02d-413e-d167-b6617a0b2e32" executionId="30d46377-3c7e-4e8b-9653-c19085e8a3ac" testListId="8c84fa94-04c1-424b-9868-57a2d4851a1d" />
    <TestEntry testId="cfb5f73c-cc1b-274d-b874-2ddb6882b070" executionId="5b62a70b-8ddc-4814-9ae4-71d90d993457" testListId="8c84fa94-04c1-424b-9868-57a2d4851a1d" />
    <TestEntry testId="5db1dcd7-70a2-1b85-8792-1abeb24cae06" executionId="a5a98c55-7021-43f1-999b-0128d0a5a104" testListId="8c84fa94-04c1-424b-9868-57a2d4851a1d" />
    <TestEntry testId="9a0752ee-bf17-645a-2735-577b07c124e8" executionId="d1d55dc0-4513-47a2-a6bb-a5c32de68c44" testListId="8c84fa94-04c1-424b-9868-57a2d4851a1d" />
    <TestEntry testId="bb567d0f-2de6-641c-d192-92da10aa4dce" executionId="24b0199c-006e-4b39-8ae0-14ce86f6be5d" testListId="8c84fa94-04c1-424b-9868-57a2d4851a1d" />
    <TestEntry testId="4a43d69c-e49e-b214-9969-0ba2e8bed93b" executionId="cc625664-9e43-4625-8820-9fb33ae1b9db" testListId="8c84fa94-04c1-424b-9868-57a2d4851a1d" />
    <TestEntry testId="bbce24d5-fb93-3127-48e5-cebb0feec38d" executionId="9ae1e4f0-2e11-4c63-ad5c-3339597c29db" testListId="8c84fa94-04c1-424b-9868-57a2d4851a1d" />
    <TestEntry testId="18e22d25-e656-83ba-1f7d-eb3bda160cf3" executionId="a0404afa-fdfd-4772-afee-d03eed35ab04" testListId="8c84fa94-04c1-424b-9868-57a2d4851a1d" />
    <TestEntry testId="ba256e5e-d30a-bda2-06a6-c399d52808c3" executionId="1a8ee6cc-6164-426f-88ef-0034b33c9747" testListId="8c84fa94-04c1-424b-9868-57a2d4851a1d" />
    <TestEntry testId="a147734e-4d78-30a4-2c83-820e52134d44" executionId="be32bfbd-58dd-4144-a756-d4221195b627" testListId="8c84fa94-04c1-424b-9868-57a2d4851a1d" />
    <TestEntry testId="c42c0ebf-434c-c949-9a64-f418dd37a69d" executionId="0619c4ff-1770-41f0-831b-53cbc9e000a0" testListId="8c84fa94-04c1-424b-9868-57a2d4851a1d" />
    <TestEntry testId="3c7ce32b-7b14-0fc4-8dfc-68d92827619c" executionId="cecb0188-3715-4bf4-8c79-9e25c3ba2e73" testListId="8c84fa94-04c1-424b-9868-57a2d4851a1d" />
    <TestEntry testId="235b20e6-bb9b-c3fc-f15c-567fcef245e5" executionId="006f0826-c26a-4b95-b60e-0600f4482a61" testListId="8c84fa94-04c1-424b-9868-57a2d4851a1d" />
    <TestEntry testId="724bd1de-53cd-2f3a-0368-3459a63b48e0" executionId="e9920894-2b3a-47d1-878d-0b9b6429a9d6" testListId="8c84fa94-04c1-424b-9868-57a2d4851a1d" />
    <TestEntry testId="612c90f4-7f18-be16-a5f5-28ee49c7eda2" executionId="592d8227-5be3-4df5-8747-0289c11b1466" testListId="8c84fa94-04c1-424b-9868-57a2d4851a1d" />
    <TestEntry testId="40ccb4bc-a8ff-afa6-f753-afb1232c4091" executionId="7fc1c219-47ba-49e8-a41c-fbcbc12e808b" testListId="8c84fa94-04c1-424b-9868-57a2d4851a1d" />
    <TestEntry testId="e73c7e72-ad3f-15f2-0191-2116a223a77d" executionId="f5a3474a-79cf-41d0-9f65-febea52b1b99" testListId="8c84fa94-04c1-424b-9868-57a2d4851a1d" />
    <TestEntry testId="6753295d-cdfc-1831-1551-d6801783e49b" executionId="517f8340-6025-485a-930f-92d315413f76" testListId="8c84fa94-04c1-424b-9868-57a2d4851a1d" />
    <TestEntry testId="c3790114-7b9e-7ba7-9e6e-7bac2f12f8f2" executionId="8f5a89ae-0e9f-44b2-a62a-7305704f8582" testListId="8c84fa94-04c1-424b-9868-57a2d4851a1d" />
    <TestEntry testId="61752982-2ad1-8f2b-0812-bb71965debc8" executionId="4435449f-5462-47a6-8865-eeb41b86a2f5" testListId="8c84fa94-04c1-424b-9868-57a2d4851a1d" />
    <TestEntry testId="b35df7c0-ed3f-28e0-11ff-98444444bfad" executionId="0e890efb-22f6-4d14-b042-e4d4a90fe410" testListId="8c84fa94-04c1-424b-9868-57a2d4851a1d" />
    <TestEntry testId="ad1f4685-92db-0402-485c-0b2ff7a94819" executionId="3f11ba95-a1f3-4603-9c6f-d1010e546946" testListId="8c84fa94-04c1-424b-9868-57a2d4851a1d" />
    <TestEntry testId="22b3584e-b5c7-fcfd-35ee-8daee17a6913" executionId="005be563-b31c-4483-9eaa-3379dcb7dad8" testListId="8c84fa94-04c1-424b-9868-57a2d4851a1d" />
    <TestEntry testId="f930e3ee-2f35-0c22-f94b-b5852210c43b" executionId="f05b0d8a-b4d9-492f-aa0d-dc22071a04e8" testListId="8c84fa94-04c1-424b-9868-57a2d4851a1d" />
    <TestEntry testId="4493c10a-8fbd-c05e-1e94-5f762785b729" executionId="5b9b8d21-14a0-4a5a-a2ea-6ea2ad09ea0e" testListId="8c84fa94-04c1-424b-9868-57a2d4851a1d" />
    <TestEntry testId="a19f6523-096e-33a6-2fcd-c42a333cac66" executionId="84c1a638-ba86-44b9-bfed-dc476d07d202" testListId="8c84fa94-04c1-424b-9868-57a2d4851a1d" />
    <TestEntry testId="06472fb0-d9a0-2636-368f-28d8c08e57b6" executionId="f972bb97-8c83-4d54-8ac7-b5cbfcde0128" testListId="8c84fa94-04c1-424b-9868-57a2d4851a1d" />
    <TestEntry testId="5104b00f-54dd-5877-5b7a-f3bba401093e" executionId="38b3cd82-d825-4c20-8f79-67ed55ccccbc" testListId="8c84fa94-04c1-424b-9868-57a2d4851a1d" />
    <TestEntry testId="fea67cd1-010b-6951-cec4-0fcd224ac7f8" executionId="23e09486-331f-4f7a-bb8c-283580b0389a" testListId="8c84fa94-04c1-424b-9868-57a2d4851a1d" />
    <TestEntry testId="7ce53355-09ec-8f78-62b5-8322cfba5221" executionId="736c480b-8662-4c0c-b1c8-e0e851daab15" testListId="8c84fa94-04c1-424b-9868-57a2d4851a1d" />
    <TestEntry testId="a68b2b8e-d1b6-c1d2-bbc8-53f2bb417c11" executionId="453f6cbc-ec64-4dca-95cd-419028d99704" testListId="8c84fa94-04c1-424b-9868-57a2d4851a1d" />
    <TestEntry testId="901062c8-6eb3-ab62-0ae8-e1be82f11dea" executionId="e1af61a9-aa93-4f66-98a0-dacf71f5e873" testListId="8c84fa94-04c1-424b-9868-57a2d4851a1d" />
    <TestEntry testId="1a99ebf1-befe-d439-2f5a-2cbe9c4c845b" executionId="ff5572c2-ddeb-4fd5-b57b-0e983968bb66" testListId="8c84fa94-04c1-424b-9868-57a2d4851a1d" />
    <TestEntry testId="b52057fe-4fad-1401-6b28-56bec7bd0253" executionId="18b4f328-1848-4f87-a262-0cc57b27e106" testListId="8c84fa94-04c1-424b-9868-57a2d4851a1d" />
    <TestEntry testId="d116ae43-b10a-3da5-d75d-7712e7186e17" executionId="93b5df56-a403-40a7-8d52-5392562e3814" testListId="8c84fa94-04c1-424b-9868-57a2d4851a1d" />
    <TestEntry testId="fa38d066-044c-3fda-7a44-1506dccfcf1a" executionId="6dc916f4-8044-4bd0-8bc2-7b3aabfec8b1" testListId="8c84fa94-04c1-424b-9868-57a2d4851a1d" />
    <TestEntry testId="1dbd5cad-eaba-d85e-4d7d-0baa8a87db1b" executionId="202d6949-d9e8-4641-98e9-2ec8cfc260b3" testListId="8c84fa94-04c1-424b-9868-57a2d4851a1d" />
    <TestEntry testId="0d5f4ca7-2511-50ff-9813-24ba331c3c7f" executionId="34ce5d85-00de-411c-bfac-46c14ebe0f9b" testListId="8c84fa94-04c1-424b-9868-57a2d4851a1d" />
    <TestEntry testId="f8b713da-e18c-9eec-3c22-3358d696c10e" executionId="49a93c25-63cf-40b9-80f1-fed388fb7660" testListId="8c84fa94-04c1-424b-9868-57a2d4851a1d" />
    <TestEntry testId="92942e81-bc90-2a14-a06c-6ef24d38e6ef" executionId="6eeb65fc-9606-4e19-b552-382d5ff5f929" testListId="8c84fa94-04c1-424b-9868-57a2d4851a1d" />
    <TestEntry testId="da0b9aaa-6043-bb49-c543-63c573994ba2" executionId="30c2f4dd-d252-4aa3-8728-16be251f93c8" testListId="8c84fa94-04c1-424b-9868-57a2d4851a1d" />
    <TestEntry testId="787f0095-0f4b-41e7-8f91-38176433399b" executionId="3273e853-edd0-4d0b-8f0d-73655932dd07" testListId="8c84fa94-04c1-424b-9868-57a2d4851a1d" />
    <TestEntry testId="cd8e10f6-86ac-918a-4c28-5a05f3298520" executionId="9eb0a9ac-4c4c-4bd8-bca1-b40abf37500e" testListId="8c84fa94-04c1-424b-9868-57a2d4851a1d" />
    <TestEntry testId="4a909dd2-5c9e-b558-3ca2-4e4e1d0c8597" executionId="4461d4bc-5387-4f1a-a21a-088da6909173" testListId="8c84fa94-04c1-424b-9868-57a2d4851a1d" />
    <TestEntry testId="16fec468-74ec-9475-26c1-7aa49b9b3ec1" executionId="7d6abcc5-bfc9-4886-b7d3-cc2d0d9d614f" testListId="8c84fa94-04c1-424b-9868-57a2d4851a1d" />
    <TestEntry testId="98d33923-6e00-1bf2-4531-f85f712c8337" executionId="21778360-53d0-4a77-a615-3660e83bc19f" testListId="8c84fa94-04c1-424b-9868-57a2d4851a1d" />
    <TestEntry testId="d0be3d86-6ad5-3c65-f793-38f6d4d9d011" executionId="c69224e6-3803-4c1e-acf5-7bd23c140767" testListId="8c84fa94-04c1-424b-9868-57a2d4851a1d" />
    <TestEntry testId="931486d2-bb97-a77c-c679-f35e058c8c8a" executionId="fb55c5ea-b500-4c6b-8608-55eea08d00ae" testListId="8c84fa94-04c1-424b-9868-57a2d4851a1d" />
  </TestEntries>
  <TestLists>
    <TestList name="不在清單中的結果" id="8c84fa94-04c1-424b-9868-57a2d4851a1d" />
    <TestList name="所有載入的結果" id="19431567-8539-422a-85d7-44ee4e166bda" />
  </TestLists>
  <ResultSummary outcome="Completed">
    <Counters total="191" executed="191" passed="191" failed="0" error="0" timeout="0" aborted="0" inconclusive="0" passedButRunAborted="0" notRunnable="0" notExecuted="0" disconnected="0" warning="0" completed="0" inProgress="0" pending="0" />
    <Output>
      <StdOut>[xUnit.net 00:00:00.00] xUnit.net VSTest Adapter v2.5.3.1+6b60a9e56a (64-bit .NET 8.0.25)&#xD;
[xUnit.net 00:00:00.05]   Discovering: LAL.Tests&#xD;
[xUnit.net 00:00:00.09]   Discovered:  LAL.Tests&#xD;
[xUnit.net 00:00:00.09]   Starting:    LAL.Tests&#xD;
[xUnit.net 00:00:00.20]   Finished:    LAL.Tests&#xD;
</StdOut>
    </Output>
  </ResultSummary>
</TestRun>