<?xml version="1.0" encoding="utf-8"?>
<TestRun id="95527dd4-8720-4aea-a55c-cc63a1c97f7d" name="user@704DESKTOP 2026-04-14 13:12:41" runUser="704DESKTOP\user" xmlns="http://microsoft.com/schemas/VisualStudio/TeamTest/2010">
  <Times creation="2026-04-14T13:12:41.6689714+08:00" queuing="2026-04-14T13:12:41.6689715+08:00" start="2026-04-14T13:12:41.1622869+08:00" finish="2026-04-14T13:12:41.6735512+08:00" />
  <TestSettings name="default" id="b07d9557-c8e2-42d8-bbcf-79f736a79ff1">
    <Deployment runDeploymentRoot="user_704DESKTOP_2026-04-14_13_12_41" />
  </TestSettings>
  <Results>
    <UnitTestResult executionId="4a935fec-1b22-4220-942d-f726148cd75c" testId="6d7619e0-d750-15ec-4d98-77d0a39b6ce5" testName="LAL.Tests.NumericalCore.Statistics.ZigguratTests.NextU01_IsDeterministicForSameSeed" computerName="704DESKTOP" duration="00:00:00.0015310" startTime="2026-04-14T13:12:41.5794188+08:00" endTime="2026-04-14T13:12:41.5794188+08:00" testType="13cdc9d9-ddb5-4fa4-a97d-d965ccfc6d4b" outcome="Passed" testListId="8c84fa94-04c1-424b-9868-57a2d4851a1d" relativeResultsDirectory="4a935fec-1b22-4220-942d-f726148cd75c" />
    <UnitTestResult executionId="b3f3f06c-7bec-4817-a75b-5f9a39985b9f" testId="44509fe7-c1e9-d37e-b24f-4139c24d76fb" testName="LAL.Tests.NumericalCore.Statistics.ZigguratTests.NextNormal_HasReasonableMeanAndVarianceOverLargeSample" computerName="704DESKTOP" duration="00:00:00.0039634" startTime="2026-04-14T13:12:41.5775188+08:00" endTime="2026-04-14T13:12:41.5775368+08:00" testType="13cdc9d9-ddb5-4fa4-a97d-d965ccfc6d4b" outcome="Passed" testListId="8c84fa94-04c1-424b-9868-57a2d4851a1d" relativeResultsDirectory="b3f3f06c-7bec-4817-a75b-5f9a39985b9f" />
    <UnitTestResult executionId="bc4609f9-55fe-4cf0-9f3a-e3fb3f75c074" testId="de72ec7a-da79-dc84-a5aa-04f5137e81e0" testName="LAL.Tests.NumericalCore.Statistics.ZigguratTests.FloatAndComplex_APIs_Work" computerName="704DESKTOP" duration="00:00:00.0004880" startTime="2026-04-14T13:12:41.5798671+08:00" endTime="2026-04-14T13:12:41.5798672+08:00" testType="13cdc9d9-ddb5-4fa4-a97d-d965ccfc6d4b" outcome="Passed" testListId="8c84fa94-04c1-424b-9868-57a2d4851a1d" relativeResultsDirectory="bc4609f9-55fe-4cf0-9f3a-e3fb3f75c074" />
    <UnitTestResult executionId="c16c0897-4703-406c-bc9e-a066430abd00" testId="3370d045-78d9-c4dc-e8ba-b2c98e785970" testName="LAL.Tests.NumericalCore.Statistics.ZigguratTests.NextU01_StaysInsideOpenUnitInterval" computerName="704DESKTOP" duration="00:00:00.0004834" startTime="2026-04-14T13:12:41.5804002+08:00" endTime="2026-04-14T13:12:41.5804002+08:00" testType="13cdc9d9-ddb5-4fa4-a97d-d965ccfc6d4b" outcome="Passed" testListId="8c84fa94-04c1-424b-9868-57a2d4851a1d" relativeResultsDirectory="c16c0897-4703-406c-bc9e-a066430abd00" />
    <UnitTestResult executionId="9cbf104c-f494-4944-bcc3-7bf2baae6a1f" testId="a3cd2203-33a0-81cf-5638-ee2781dc1a4c" testName="LAL.Tests.NumericalCore.Statistics.ZigguratTests.NextUniform_StaysInsideRequestedRange" computerName="704DESKTOP" duration="00:00:00.0006618" startTime="2026-04-14T13:12:41.5796276+08:00" endTime="2026-04-14T13:12:41.5796277+08:00" testType="13cdc9d9-ddb5-4fa4-a97d-d965ccfc6d4b" outcome="Passed" testListId="8c84fa94-04c1-424b-9868-57a2d4851a1d" relativeResultsDirectory="9cbf104c-f494-4944-bcc3-7bf2baae6a1f" />
  </Results>
  <TestDefinitions>
    <UnitTest name="LAL.Tests.NumericalCore.Statistics.ZigguratTests.NextNormal_HasReasonableMeanAndVarianceOverLargeSample" storage="d:\project\lal\lal.tests\bin\release\net8.0\lal.tests.dll" id="44509fe7-c1e9-d37e-b24f-4139c24d76fb">
      <Execution id="b3f3f06c-7bec-4817-a75b-5f9a39985b9f" />
      <TestMethod codeBase="D:\Project\LAL\LAL.Tests\bin\Release\net8.0\LAL.Tests.dll" adapterTypeName="executor://xunit/VsTestRunner2/netcoreapp" className="LAL.Tests.NumericalCore.Statistics.ZigguratTests" name="NextNormal_HasReasonableMeanAndVarianceOverLargeSample" />
    </UnitTest>
    <UnitTest name="LAL.Tests.NumericalCore.Statistics.ZigguratTests.NextU01_IsDeterministicForSameSeed" storage="d:\project\lal\lal.tests\bin\release\net8.0\lal.tests.dll" id="6d7619e0-d750-15ec-4d98-77d0a39b6ce5">
      <Execution id="4a935fec-1b22-4220-942d-f726148cd75c" />
      <TestMethod codeBase="D:\Project\LAL\LAL.Tests\bin\Release\net8.0\LAL.Tests.dll" adapterTypeName="executor://xunit/VsTestRunner2/netcoreapp" className="LAL.Tests.NumericalCore.Statistics.ZigguratTests" name="NextU01_IsDeterministicForSameSeed" />
    </UnitTest>
    <UnitTest name="LAL.Tests.NumericalCore.Statistics.ZigguratTests.NextU01_StaysInsideOpenUnitInterval" storage="d:\project\lal\lal.tests\bin\release\net8.0\lal.tests.dll" id="3370d045-78d9-c4dc-e8ba-b2c98e785970">
      <Execution id="c16c0897-4703-406c-bc9e-a066430abd00" />
      <TestMethod codeBase="D:\Project\LAL\LAL.Tests\bin\Release\net8.0\LAL.Tests.dll" adapterTypeName="executor://xunit/VsTestRunner2/netcoreapp" className="LAL.Tests.NumericalCore.Statistics.ZigguratTests" name="NextU01_StaysInsideOpenUnitInterval" />
    </UnitTest>
    <UnitTest name="LAL.Tests.NumericalCore.Statistics.ZigguratTests.FloatAndComplex_APIs_Work" storage="d:\project\lal\lal.tests\bin\release\net8.0\lal.tests.dll" id="de72ec7a-da79-dc84-a5aa-04f5137e81e0">
      <Execution id="bc4609f9-55fe-4cf0-9f3a-e3fb3f75c074" />
      <TestMethod codeBase="D:\Project\LAL\LAL.Tests\bin\Release\net8.0\LAL.Tests.dll" adapterTypeName="executor://xunit/VsTestRunner2/netcoreapp" className="LAL.Tests.NumericalCore.Statistics.ZigguratTests" name="FloatAndComplex_APIs_Work" />
    </UnitTest>
    <UnitTest name="LAL.Tests.NumericalCore.Statistics.ZigguratTests.NextUniform_StaysInsideRequestedRange" storage="d:\project\lal\lal.tests\bin\release\net8.0\lal.tests.dll" id="a3cd2203-33a0-81cf-5638-ee2781dc1a4c">
      <Execution id="9cbf104c-f494-4944-bcc3-7bf2baae6a1f" />
      <TestMethod codeBase="D:\Project\LAL\LAL.Tests\bin\Release\net8.0\LAL.Tests.dll" adapterTypeName="executor://xunit/VsTestRunner2/netcoreapp" className="LAL.Tests.NumericalCore.Statistics.ZigguratTests" name="NextUniform_StaysInsideRequestedRange" />
    </UnitTest>
  </TestDefinitions>
  <TestEntries>
    <TestEntry testId="6d7619e0-d750-15ec-4d98-77d0a39b6ce5" executionId="4a935fec-1b22-4220-942d-f726148cd75c" testListId="8c84fa94-04c1-424b-9868-57a2d4851a1d" />
    <TestEntry testId="44509fe7-c1e9-d37e-b24f-4139c24d76fb" executionId="b3f3f06c-7bec-4817-a75b-5f9a39985b9f" testListId="8c84fa94-04c1-424b-9868-57a2d4851a1d" />
    <TestEntry testId="de72ec7a-da79-dc84-a5aa-04f5137e81e0" executionId="bc4609f9-55fe-4cf0-9f3a-e3fb3f75c074" testListId="8c84fa94-04c1-424b-9868-57a2d4851a1d" />
    <TestEntry testId="3370d045-78d9-c4dc-e8ba-b2c98e785970" executionId="c16c0897-4703-406c-bc9e-a066430abd00" testListId="8c84fa94-04c1-424b-9868-57a2d4851a1d" />
    <TestEntry testId="a3cd2203-33a0-81cf-5638-ee2781dc1a4c" executionId="9cbf104c-f494-4944-bcc3-7bf2baae6a1f" testListId="8c84fa94-04c1-424b-9868-57a2d4851a1d" />
  </TestEntries>
  <TestLists>
    <TestList name="不在清單中的結果" id="8c84fa94-04c1-424b-9868-57a2d4851a1d" />
    <TestList name="所有載入的結果" id="19431567-8539-422a-85d7-44ee4e166bda" />
  </TestLists>
  <ResultSummary outcome="Completed">
    <Counters total="5" executed="5" passed="5" failed="0" error="0" timeout="0" aborted="0" inconclusive="0" passedButRunAborted="0" notRunnable="0" notExecuted="0" disconnected="0" warning="0" completed="0" inProgress="0" pending="0" />
    <Output>
      <StdOut>[xUnit.net 00:00:00.00] xUnit.net VSTest Adapter v2.5.3.1+6b60a9e56a (64-bit .NET 8.0.25)&#xD;
[xUnit.net 00:00:00.05]   Discovering: LAL.Tests&#xD;
[xUnit.net 00:00:00.08]   Discovered:  LAL.Tests&#xD;
[xUnit.net 00:00:00.08]   Starting:    LAL.Tests&#xD;
[xUnit.net 00:00:00.12]   Finished:    LAL.Tests&#xD;
</StdOut>
    </Output>
  </ResultSummary>
</TestRun>