<?xml version="1.0" encoding="utf-8"?>
<TestRun id="40f998da-b13b-4484-80b6-f251376a9d88" name="user@704DESKTOP 2026-04-14 13:12:08" runUser="704DESKTOP\user" xmlns="http://microsoft.com/schemas/VisualStudio/TeamTest/2010">
  <Times creation="2026-04-14T13:12:08.9334616+08:00" queuing="2026-04-14T13:12:08.9334621+08:00" start="2026-04-14T13:12:08.3793418+08:00" finish="2026-04-14T13:12:08.9383164+08:00" />
  <TestSettings name="default" id="81266f2f-0457-4084-9166-0c9d566ace98">
    <Deployment runDeploymentRoot="user_704DESKTOP_2026-04-14_13_12_08" />
  </TestSettings>
  <Results>
    <UnitTestResult executionId="c52254e0-fa44-47de-9c0e-0293a31321d8" testId="48982ea1-3fde-8be6-1b79-0921d19d45a4" testName="LAL.Tests.LinalgCore.GemmTests.Multiply_Float_ComputesMatrixMatrixProduct" computerName="704DESKTOP" duration="00:00:00.0030948" startTime="2026-04-14T13:12:08.8234904+08:00" endTime="2026-04-14T13:12:08.8234905+08:00" testType="13cdc9d9-ddb5-4fa4-a97d-d965ccfc6d4b" outcome="Passed" testListId="8c84fa94-04c1-424b-9868-57a2d4851a1d" relativeResultsDirectory="c52254e0-fa44-47de-9c0e-0293a31321d8" />
    <UnitTestResult executionId="97a2b9d2-de93-4421-b665-39a709b41c4f" testId="8b29f306-c86e-7c99-a67e-80551e85542d" testName="LAL.Tests.LinalgCore.GemmTests.Multiply_ComputesMatrixMatrixProduct" computerName="704DESKTOP" duration="00:00:00.0118902" startTime="2026-04-14T13:12:08.8207590+08:00" endTime="2026-04-14T13:12:08.8207730+08:00" testType="13cdc9d9-ddb5-4fa4-a97d-d965ccfc6d4b" outcome="Passed" testListId="8c84fa94-04c1-424b-9868-57a2d4851a1d" relativeResultsDirectory="97a2b9d2-de93-4421-b665-39a709b41c4f" />
    <UnitTestResult executionId="4c60188d-dfd1-4c5c-8cde-c52e9a083d94" testId="b04f7f5c-659e-2d0e-0a74-29aed3f65d0c" testName="LAL.Tests.LinalgCore.GemmTests.Multiply_Complex_ComputesMatrixMatrixProduct" computerName="704DESKTOP" duration="00:00:00.0030592" startTime="2026-04-14T13:12:08.8302109+08:00" endTime="2026-04-14T13:12:08.8302110+08:00" testType="13cdc9d9-ddb5-4fa4-a97d-d965ccfc6d4b" outcome="Passed" testListId="8c84fa94-04c1-424b-9868-57a2d4851a1d" relativeResultsDirectory="4c60188d-dfd1-4c5c-8cde-c52e9a083d94" />
    <UnitTestResult executionId="27ffda89-efa6-4a4c-94ae-fda2e283dbf0" testId="f5990bde-2b18-9628-2ce4-b5f6b2ff41c3" testName="LAL.Tests.LinalgCore.GemmTests.Multiply_StrategyToggle_ProducesConsistentResult" computerName="704DESKTOP" duration="00:00:00.0035879" startTime="2026-04-14T13:12:08.8271266+08:00" endTime="2026-04-14T13:12:08.8271266+08:00" testType="13cdc9d9-ddb5-4fa4-a97d-d965ccfc6d4b" outcome="Passed" testListId="8c84fa94-04c1-424b-9868-57a2d4851a1d" relativeResultsDirectory="27ffda89-efa6-4a4c-94ae-fda2e283dbf0" />
  </Results>
  <TestDefinitions>
    <UnitTest name="LAL.Tests.LinalgCore.GemmTests.Multiply_ComputesMatrixMatrixProduct" storage="d:\project\lal\lal.tests\bin\release\net8.0\lal.tests.dll" id="8b29f306-c86e-7c99-a67e-80551e85542d">
      <Execution id="97a2b9d2-de93-4421-b665-39a709b41c4f" />
      <TestMethod codeBase="D:\Project\LAL\LAL.Tests\bin\Release\net8.0\LAL.Tests.dll" adapterTypeName="executor://xunit/VsTestRunner2/netcoreapp" className="LAL.Tests.LinalgCore.GemmTests" name="Multiply_ComputesMatrixMatrixProduct" />
    </UnitTest>
    <UnitTest name="LAL.Tests.LinalgCore.GemmTests.Multiply_Float_ComputesMatrixMatrixProduct" storage="d:\project\lal\lal.tests\bin\release\net8.0\lal.tests.dll" id="48982ea1-3fde-8be6-1b79-0921d19d45a4">
      <Execution id="c52254e0-fa44-47de-9c0e-0293a31321d8" />
      <TestMethod codeBase="D:\Project\LAL\LAL.Tests\bin\Release\net8.0\LAL.Tests.dll" adapterTypeName="executor://xunit/VsTestRunner2/netcoreapp" className="LAL.Tests.LinalgCore.GemmTests" name="Multiply_Float_ComputesMatrixMatrixProduct" />
    </UnitTest>
    <UnitTest name="LAL.Tests.LinalgCore.GemmTests.Multiply_Complex_ComputesMatrixMatrixProduct" storage="d:\project\lal\lal.tests\bin\release\net8.0\lal.tests.dll" id="b04f7f5c-659e-2d0e-0a74-29aed3f65d0c">
      <Execution id="4c60188d-dfd1-4c5c-8cde-c52e9a083d94" />
      <TestMethod codeBase="D:\Project\LAL\LAL.Tests\bin\Release\net8.0\LAL.Tests.dll" adapterTypeName="executor://xunit/VsTestRunner2/netcoreapp" className="LAL.Tests.LinalgCore.GemmTests" name="Multiply_Complex_ComputesMatrixMatrixProduct" />
    </UnitTest>
    <UnitTest name="LAL.Tests.LinalgCore.GemmTests.Multiply_StrategyToggle_ProducesConsistentResult" storage="d:\project\lal\lal.tests\bin\release\net8.0\lal.tests.dll" id="f5990bde-2b18-9628-2ce4-b5f6b2ff41c3">
      <Execution id="27ffda89-efa6-4a4c-94ae-fda2e283dbf0" />
      <TestMethod codeBase="D:\Project\LAL\LAL.Tests\bin\Release\net8.0\LAL.Tests.dll" adapterTypeName="executor://xunit/VsTestRunner2/netcoreapp" className="LAL.Tests.LinalgCore.GemmTests" name="Multiply_StrategyToggle_ProducesConsistentResult" />
    </UnitTest>
  </TestDefinitions>
  <TestEntries>
    <TestEntry testId="48982ea1-3fde-8be6-1b79-0921d19d45a4" executionId="c52254e0-fa44-47de-9c0e-0293a31321d8" testListId="8c84fa94-04c1-424b-9868-57a2d4851a1d" />
    <TestEntry testId="8b29f306-c86e-7c99-a67e-80551e85542d" executionId="97a2b9d2-de93-4421-b665-39a709b41c4f" testListId="8c84fa94-04c1-424b-9868-57a2d4851a1d" />
    <TestEntry testId="b04f7f5c-659e-2d0e-0a74-29aed3f65d0c" executionId="4c60188d-dfd1-4c5c-8cde-c52e9a083d94" testListId="8c84fa94-04c1-424b-9868-57a2d4851a1d" />
    <TestEntry testId="f5990bde-2b18-9628-2ce4-b5f6b2ff41c3" executionId="27ffda89-efa6-4a4c-94ae-fda2e283dbf0" testListId="8c84fa94-04c1-424b-9868-57a2d4851a1d" />
  </TestEntries>
  <TestLists>
    <TestList name="不在清單中的結果" id="8c84fa94-04c1-424b-9868-57a2d4851a1d" />
    <TestList name="所有載入的結果" id="19431567-8539-422a-85d7-44ee4e166bda" />
  </TestLists>
  <ResultSummary outcome="Completed">
    <Counters total="4" executed="4" passed="4" failed="0" error="0" timeout="0" aborted="0" inconclusive="0" passedButRunAborted="0" notRunnable="0" notExecuted="0" disconnected="0" warning="0" completed="0" inProgress="0" pending="0" />
    <Output>
      <StdOut>[xUnit.net 00:00:00.00] xUnit.net VSTest Adapter v2.5.3.1+6b60a9e56a (64-bit .NET 8.0.25)&#xD;
[xUnit.net 00:00:00.05]   Discovering: LAL.Tests&#xD;
[xUnit.net 00:00:00.09]   Discovered:  LAL.Tests&#xD;
[xUnit.net 00:00:00.09]   Starting:    LAL.Tests&#xD;
[xUnit.net 00:00:00.15]   Finished:    LAL.Tests&#xD;
</StdOut>
    </Output>
  </ResultSummary>
</TestRun>