<?xml version="1.0" encoding="utf-8"?>
<TestRun id="e54749ee-e390-4d96-ba79-ba073e298334" name="user@704DESKTOP 2026-04-14 13:12:17" runUser="704DESKTOP\user" xmlns="http://microsoft.com/schemas/VisualStudio/TeamTest/2010">
  <Times creation="2026-04-14T13:12:17.9451754+08:00" queuing="2026-04-14T13:12:17.9451755+08:00" start="2026-04-14T13:12:17.4102781+08:00" finish="2026-04-14T13:12:17.9492677+08:00" />
  <TestSettings name="default" id="9930106e-58f7-4086-92b6-ee35c0fdedf3">
    <Deployment runDeploymentRoot="user_704DESKTOP_2026-04-14_13_12_17" />
  </TestSettings>
  <Results>
    <UnitTestResult executionId="09f3502d-8ab5-4334-b27a-b9fc9d5dbc79" testId="bbceed8b-c829-5d90-c5b5-4c9c94e1d0b1" testName="LAL.Tests.LinalgCore.QrTests.DecomposeThin_ReconstructsMatrix" computerName="704DESKTOP" duration="00:00:00.0004719" startTime="2026-04-14T13:12:17.8465530+08:00" endTime="2026-04-14T13:12:17.8465531+08:00" testType="13cdc9d9-ddb5-4fa4-a97d-d965ccfc6d4b" outcome="Passed" testListId="8c84fa94-04c1-424b-9868-57a2d4851a1d" relativeResultsDirectory="09f3502d-8ab5-4334-b27a-b9fc9d5dbc79" />
    <UnitTestResult executionId="f6358e26-6d26-46c1-ac92-2ec20ce428c5" testId="07f857eb-502b-8a18-d6cf-faaea983ac66" testName="LAL.Tests.LinalgCore.QrTests.DecomposeThin_Complex_ReconstructsMatrix" computerName="704DESKTOP" duration="00:00:00.0041612" startTime="2026-04-14T13:12:17.8446189+08:00" endTime="2026-04-14T13:12:17.8446361+08:00" testType="13cdc9d9-ddb5-4fa4-a97d-d965ccfc6d4b" outcome="Passed" testListId="8c84fa94-04c1-424b-9868-57a2d4851a1d" relativeResultsDirectory="f6358e26-6d26-46c1-ac92-2ec20ce428c5" />
  </Results>
  <TestDefinitions>
    <UnitTest name="LAL.Tests.LinalgCore.QrTests.DecomposeThin_Complex_ReconstructsMatrix" storage="d:\project\lal\lal.tests\bin\release\net8.0\lal.tests.dll" id="07f857eb-502b-8a18-d6cf-faaea983ac66">
      <Execution id="f6358e26-6d26-46c1-ac92-2ec20ce428c5" />
      <TestMethod codeBase="D:\Project\LAL\LAL.Tests\bin\Release\net8.0\LAL.Tests.dll" adapterTypeName="executor://xunit/VsTestRunner2/netcoreapp" className="LAL.Tests.LinalgCore.QrTests" name="DecomposeThin_Complex_ReconstructsMatrix" />
    </UnitTest>
    <UnitTest name="LAL.Tests.LinalgCore.QrTests.DecomposeThin_ReconstructsMatrix" storage="d:\project\lal\lal.tests\bin\release\net8.0\lal.tests.dll" id="bbceed8b-c829-5d90-c5b5-4c9c94e1d0b1">
      <Execution id="09f3502d-8ab5-4334-b27a-b9fc9d5dbc79" />
      <TestMethod codeBase="D:\Project\LAL\LAL.Tests\bin\Release\net8.0\LAL.Tests.dll" adapterTypeName="executor://xunit/VsTestRunner2/netcoreapp" className="LAL.Tests.LinalgCore.QrTests" name="DecomposeThin_ReconstructsMatrix" />
    </UnitTest>
  </TestDefinitions>
  <TestEntries>
    <TestEntry testId="bbceed8b-c829-5d90-c5b5-4c9c94e1d0b1" executionId="09f3502d-8ab5-4334-b27a-b9fc9d5dbc79" testListId="8c84fa94-04c1-424b-9868-57a2d4851a1d" />
    <TestEntry testId="07f857eb-502b-8a18-d6cf-faaea983ac66" executionId="f6358e26-6d26-46c1-ac92-2ec20ce428c5" testListId="8c84fa94-04c1-424b-9868-57a2d4851a1d" />
  </TestEntries>
  <TestLists>
    <TestList name="不在清單中的結果" id="8c84fa94-04c1-424b-9868-57a2d4851a1d" />
    <TestList name="所有載入的結果" id="19431567-8539-422a-85d7-44ee4e166bda" />
  </TestLists>
  <ResultSummary outcome="Completed">
    <Counters total="2" executed="2" passed="2" failed="0" error="0" timeout="0" aborted="0" inconclusive="0" passedButRunAborted="0" notRunnable="0" notExecuted="0" disconnected="0" warning="0" completed="0" inProgress="0" pending="0" />
    <Output>
      <StdOut>[xUnit.net 00:00:00.00] xUnit.net VSTest Adapter v2.5.3.1+6b60a9e56a (64-bit .NET 8.0.25)&#xD;
[xUnit.net 00:00:00.05]   Discovering: LAL.Tests&#xD;
[xUnit.net 00:00:00.08]   Discovered:  LAL.Tests&#xD;
[xUnit.net 00:00:00.08]   Starting:    LAL.Tests&#xD;
[xUnit.net 00:00:00.12]   Finished:    LAL.Tests&#xD;
</StdOut>
    </Output>
  </ResultSummary>
</TestRun>