<?xml version="1.0" encoding="utf-8"?>
<TestRun id="f15f97b9-1c95-4349-8610-2499a78bba4e" name="user@704DESKTOP 2026-04-14 13:12:51" runUser="704DESKTOP\user" xmlns="http://microsoft.com/schemas/VisualStudio/TeamTest/2010">
  <Times creation="2026-04-14T13:12:51.6930964+08:00" queuing="2026-04-14T13:12:51.6930967+08:00" start="2026-04-14T13:12:51.1785695+08:00" finish="2026-04-14T13:12:51.6980098+08:00" />
  <TestSettings name="default" id="ca0f930c-65f2-45b8-837b-a078995afc03">
    <Deployment runDeploymentRoot="user_704DESKTOP_2026-04-14_13_12_51" />
  </TestSettings>
  <Results>
    <UnitTestResult executionId="e56f14e6-e608-4a12-8290-81d6a3eacdbe" testId="a147734e-4d78-30a4-2c83-820e52134d44" testName="LAL.Tests.OdeCore.StepControllerTests.Propose_AcceptsAndRejectsByError" computerName="704DESKTOP" duration="00:00:00.0002628" startTime="2026-04-14T13:12:51.5992664+08:00" endTime="2026-04-14T13:12:51.5992664+08:00" testType="13cdc9d9-ddb5-4fa4-a97d-d965ccfc6d4b" outcome="Passed" testListId="8c84fa94-04c1-424b-9868-57a2d4851a1d" relativeResultsDirectory="e56f14e6-e608-4a12-8290-81d6a3eacdbe" />
    <UnitTestResult executionId="157ca284-8e34-45b7-b365-145273d34fcf" testId="84755b6d-d1c8-34e6-6a95-c929dc1d9b17" testName="LAL.Tests.OdeCore.StepControllerTests.Propose_Float_AcceptsAndRejectsByError" computerName="704DESKTOP" duration="00:00:00.0020146" startTime="2026-04-14T13:12:51.5974445+08:00" endTime="2026-04-14T13:12:51.5974591+08:00" testType="13cdc9d9-ddb5-4fa4-a97d-d965ccfc6d4b" outcome="Passed" testListId="8c84fa94-04c1-424b-9868-57a2d4851a1d" relativeResultsDirectory="157ca284-8e34-45b7-b365-145273d34fcf" />
  </Results>
  <TestDefinitions>
    <UnitTest name="LAL.Tests.OdeCore.StepControllerTests.Propose_Float_AcceptsAndRejectsByError" storage="d:\project\lal\lal.tests\bin\release\net8.0\lal.tests.dll" id="84755b6d-d1c8-34e6-6a95-c929dc1d9b17">
      <Execution id="157ca284-8e34-45b7-b365-145273d34fcf" />
      <TestMethod codeBase="D:\Project\LAL\LAL.Tests\bin\Release\net8.0\LAL.Tests.dll" adapterTypeName="executor://xunit/VsTestRunner2/netcoreapp" className="LAL.Tests.OdeCore.StepControllerTests" name="Propose_Float_AcceptsAndRejectsByError" />
    </UnitTest>
    <UnitTest name="LAL.Tests.OdeCore.StepControllerTests.Propose_AcceptsAndRejectsByError" storage="d:\project\lal\lal.tests\bin\release\net8.0\lal.tests.dll" id="a147734e-4d78-30a4-2c83-820e52134d44">
      <Execution id="e56f14e6-e608-4a12-8290-81d6a3eacdbe" />
      <TestMethod codeBase="D:\Project\LAL\LAL.Tests\bin\Release\net8.0\LAL.Tests.dll" adapterTypeName="executor://xunit/VsTestRunner2/netcoreapp" className="LAL.Tests.OdeCore.StepControllerTests" name="Propose_AcceptsAndRejectsByError" />
    </UnitTest>
  </TestDefinitions>
  <TestEntries>
    <TestEntry testId="a147734e-4d78-30a4-2c83-820e52134d44" executionId="e56f14e6-e608-4a12-8290-81d6a3eacdbe" testListId="8c84fa94-04c1-424b-9868-57a2d4851a1d" />
    <TestEntry testId="84755b6d-d1c8-34e6-6a95-c929dc1d9b17" executionId="157ca284-8e34-45b7-b365-145273d34fcf" testListId="8c84fa94-04c1-424b-9868-57a2d4851a1d" />
  </TestEntries>
  <TestLists>
    <TestList name="不在清單中的結果" id="8c84fa94-04c1-424b-9868-57a2d4851a1d" />
    <TestList name="所有載入的結果" id="19431567-8539-422a-85d7-44ee4e166bda" />
  </TestLists>
  <ResultSummary outcome="Completed">
    <Counters total="2" executed="2" passed="2" failed="0" error="0" timeout="0" aborted="0" inconclusive="0" passedButRunAborted="0" notRunnable="0" notExecuted="0" disconnected="0" warning="0" completed="0" inProgress="0" pending="0" />
    <Output>
      <StdOut>[xUnit.net 00:00:00.00] xUnit.net VSTest Adapter v2.5.3.1+6b60a9e56a (64-bit .NET 8.0.25)&#xD;
[xUnit.net 00:00:00.05]   Discovering: LAL.Tests&#xD;
[xUnit.net 00:00:00.08]   Discovered:  LAL.Tests&#xD;
[xUnit.net 00:00:00.09]   Starting:    LAL.Tests&#xD;
[xUnit.net 00:00:00.12]   Finished:    LAL.Tests&#xD;
</StdOut>
    </Output>
  </ResultSummary>
</TestRun>