<?xml version="1.0" encoding="utf-8"?>
<TestRun id="274dde6d-d322-4ba5-be32-86bed0f80184" name="user@704DESKTOP 2026-04-14 13:12:36" runUser="704DESKTOP\user" xmlns="http://microsoft.com/schemas/VisualStudio/TeamTest/2010">
  <Times creation="2026-04-14T13:12:36.7126966+08:00" queuing="2026-04-14T13:12:36.7126967+08:00" start="2026-04-14T13:12:36.1998993+08:00" finish="2026-04-14T13:12:36.7168436+08:00" />
  <TestSettings name="default" id="ad6048dd-ac5b-47a6-a4a1-2241c8da4951">
    <Deployment runDeploymentRoot="user_704DESKTOP_2026-04-14_13_12_36" />
  </TestSettings>
  <Results>
    <UnitTestResult executionId="9dd40352-0134-4fae-b968-31c5e2915a6e" testId="a936d33c-e749-b318-1cf2-f5667f8526b4" testName="LAL.Tests.NumericalCore.RootFinding.NewtonTests.Solve_FindsSquareRootOfTwo" computerName="704DESKTOP" duration="00:00:00.0003756" startTime="2026-04-14T13:12:36.6229414+08:00" endTime="2026-04-14T13:12:36.6229415+08:00" testType="13cdc9d9-ddb5-4fa4-a97d-d965ccfc6d4b" outcome="Passed" testListId="8c84fa94-04c1-424b-9868-57a2d4851a1d" relativeResultsDirectory="9dd40352-0134-4fae-b968-31c5e2915a6e" />
    <UnitTestResult executionId="72d2958d-0d2f-42e9-868c-50e4f207b35b" testId="e6ad0221-c4f4-287d-2ca0-bfe09ec0429c" testName="LAL.Tests.NumericalCore.RootFinding.NewtonTests.Solve_Float_FindsSquareRootOfTwo" computerName="704DESKTOP" duration="00:00:00.0015253" startTime="2026-04-14T13:12:36.6232211+08:00" endTime="2026-04-14T13:12:36.6232211+08:00" testType="13cdc9d9-ddb5-4fa4-a97d-d965ccfc6d4b" outcome="Passed" testListId="8c84fa94-04c1-424b-9868-57a2d4851a1d" relativeResultsDirectory="72d2958d-0d2f-42e9-868c-50e4f207b35b" />
    <UnitTestResult executionId="d8c828e1-38d7-4803-9c27-f2d20eff93c3" testId="b74a55ae-23fb-82f7-a414-bdcc1f02ed11" testName="LAL.Tests.NumericalCore.RootFinding.NewtonTests.Solve_Complex_FindsImaginaryUnitRoot" computerName="704DESKTOP" duration="00:00:00.0035449" startTime="2026-04-14T13:12:36.6206993+08:00" endTime="2026-04-14T13:12:36.6207135+08:00" testType="13cdc9d9-ddb5-4fa4-a97d-d965ccfc6d4b" outcome="Passed" testListId="8c84fa94-04c1-424b-9868-57a2d4851a1d" relativeResultsDirectory="d8c828e1-38d7-4803-9c27-f2d20eff93c3" />
  </Results>
  <TestDefinitions>
    <UnitTest name="LAL.Tests.NumericalCore.RootFinding.NewtonTests.Solve_Complex_FindsImaginaryUnitRoot" storage="d:\project\lal\lal.tests\bin\release\net8.0\lal.tests.dll" id="b74a55ae-23fb-82f7-a414-bdcc1f02ed11">
      <Execution id="d8c828e1-38d7-4803-9c27-f2d20eff93c3" />
      <TestMethod codeBase="D:\Project\LAL\LAL.Tests\bin\Release\net8.0\LAL.Tests.dll" adapterTypeName="executor://xunit/VsTestRunner2/netcoreapp" className="LAL.Tests.NumericalCore.RootFinding.NewtonTests" name="Solve_Complex_FindsImaginaryUnitRoot" />
    </UnitTest>
    <UnitTest name="LAL.Tests.NumericalCore.RootFinding.NewtonTests.Solve_Float_FindsSquareRootOfTwo" storage="d:\project\lal\lal.tests\bin\release\net8.0\lal.tests.dll" id="e6ad0221-c4f4-287d-2ca0-bfe09ec0429c">
      <Execution id="72d2958d-0d2f-42e9-868c-50e4f207b35b" />
      <TestMethod codeBase="D:\Project\LAL\LAL.Tests\bin\Release\net8.0\LAL.Tests.dll" adapterTypeName="executor://xunit/VsTestRunner2/netcoreapp" className="LAL.Tests.NumericalCore.RootFinding.NewtonTests" name="Solve_Float_FindsSquareRootOfTwo" />
    </UnitTest>
    <UnitTest name="LAL.Tests.NumericalCore.RootFinding.NewtonTests.Solve_FindsSquareRootOfTwo" storage="d:\project\lal\lal.tests\bin\release\net8.0\lal.tests.dll" id="a936d33c-e749-b318-1cf2-f5667f8526b4">
      <Execution id="9dd40352-0134-4fae-b968-31c5e2915a6e" />
      <TestMethod codeBase="D:\Project\LAL\LAL.Tests\bin\Release\net8.0\LAL.Tests.dll" adapterTypeName="executor://xunit/VsTestRunner2/netcoreapp" className="LAL.Tests.NumericalCore.RootFinding.NewtonTests" name="Solve_FindsSquareRootOfTwo" />
    </UnitTest>
  </TestDefinitions>
  <TestEntries>
    <TestEntry testId="a936d33c-e749-b318-1cf2-f5667f8526b4" executionId="9dd40352-0134-4fae-b968-31c5e2915a6e" testListId="8c84fa94-04c1-424b-9868-57a2d4851a1d" />
    <TestEntry testId="e6ad0221-c4f4-287d-2ca0-bfe09ec0429c" executionId="72d2958d-0d2f-42e9-868c-50e4f207b35b" testListId="8c84fa94-04c1-424b-9868-57a2d4851a1d" />
    <TestEntry testId="b74a55ae-23fb-82f7-a414-bdcc1f02ed11" executionId="d8c828e1-38d7-4803-9c27-f2d20eff93c3" testListId="8c84fa94-04c1-424b-9868-57a2d4851a1d" />
  </TestEntries>
  <TestLists>
    <TestList name="不在清單中的結果" id="8c84fa94-04c1-424b-9868-57a2d4851a1d" />
    <TestList name="所有載入的結果" id="19431567-8539-422a-85d7-44ee4e166bda" />
  </TestLists>
  <ResultSummary outcome="Completed">
    <Counters total="3" executed="3" passed="3" failed="0" error="0" timeout="0" aborted="0" inconclusive="0" passedButRunAborted="0" notRunnable="0" notExecuted="0" disconnected="0" warning="0" completed="0" inProgress="0" pending="0" />
    <Output>
      <StdOut>[xUnit.net 00:00:00.00] xUnit.net VSTest Adapter v2.5.3.1+6b60a9e56a (64-bit .NET 8.0.25)&#xD;
[xUnit.net 00:00:00.05]   Discovering: LAL.Tests&#xD;
[xUnit.net 00:00:00.08]   Discovered:  LAL.Tests&#xD;
[xUnit.net 00:00:00.09]   Starting:    LAL.Tests&#xD;
[xUnit.net 00:00:00.12]   Finished:    LAL.Tests&#xD;
</StdOut>
    </Output>
  </ResultSummary>
</TestRun>