<?xml version="1.0" encoding="utf-8"?>
<TestRun id="4aae1fe8-0487-40f7-adfb-1b9ad78f31fd" name="user@704DESKTOP 2026-04-14 13:12:56" runUser="704DESKTOP\user" xmlns="http://microsoft.com/schemas/VisualStudio/TeamTest/2010">
  <Times creation="2026-04-14T13:12:56.7209890+08:00" queuing="2026-04-14T13:12:56.7209891+08:00" start="2026-04-14T13:12:56.1866152+08:00" finish="2026-04-14T13:12:56.7263869+08:00" />
  <TestSettings name="default" id="860416c4-77fd-453f-892d-69f3cd630d9d">
    <Deployment runDeploymentRoot="user_704DESKTOP_2026-04-14_13_12_56" />
  </TestSettings>
  <Results>
    <UnitTestResult executionId="264fbe65-81b5-441a-9b31-53db8e4a7b4d" testId="db5af543-83f5-1b23-0aca-ee90d3266c56" testName="LAL.Tests.TensorCore.ConvolutionTests.ConvolveNDFull_WorksFor2DShape" computerName="704DESKTOP" duration="00:00:00.0001672" startTime="2026-04-14T13:12:56.6264212+08:00" endTime="2026-04-14T13:12:56.6264213+08:00" testType="13cdc9d9-ddb5-4fa4-a97d-d965ccfc6d4b" outcome="Passed" testListId="8c84fa94-04c1-424b-9868-57a2d4851a1d" relativeResultsDirectory="264fbe65-81b5-441a-9b31-53db8e4a7b4d" />
    <UnitTestResult executionId="7c1ab8c1-f576-4e2c-b913-078c8e61219b" testId="cffab0cd-9cc5-d930-bb0d-b1d2d9a82684" testName="LAL.Tests.TensorCore.ConvolutionTests.Convolve2D_Works" computerName="704DESKTOP" duration="00:00:00.0101952" startTime="2026-04-14T13:12:56.6105676+08:00" endTime="2026-04-14T13:12:56.6105831+08:00" testType="13cdc9d9-ddb5-4fa4-a97d-d965ccfc6d4b" outcome="Passed" testListId="8c84fa94-04c1-424b-9868-57a2d4851a1d" relativeResultsDirectory="7c1ab8c1-f576-4e2c-b913-078c8e61219b" />
    <UnitTestResult executionId="476b4be4-481e-41b4-9748-9cf4c04eeb33" testId="41af17f8-a600-14fc-3b02-26862bf4724e" testName="LAL.Tests.TensorCore.ConvolutionTests.ParallelSettings_NegativeMaxDegree_Throws" computerName="704DESKTOP" duration="00:00:00.0003243" startTime="2026-04-14T13:12:56.6262158+08:00" endTime="2026-04-14T13:12:56.6262159+08:00" testType="13cdc9d9-ddb5-4fa4-a97d-d965ccfc6d4b" outcome="Passed" testListId="8c84fa94-04c1-424b-9868-57a2d4851a1d" relativeResultsDirectory="476b4be4-481e-41b4-9748-9cf4c04eeb33" />
    <UnitTestResult executionId="bf6c7717-c11f-4a15-9de3-a98ee5e09d00" testId="641065b5-14eb-5e30-474e-09d7109263db" testName="LAL.Tests.TensorCore.ConvolutionTests.ParallelSettings_CanSetGetAndReset" computerName="704DESKTOP" duration="00:00:00.0017491" startTime="2026-04-14T13:12:56.6258592+08:00" endTime="2026-04-14T13:12:56.6258593+08:00" testType="13cdc9d9-ddb5-4fa4-a97d-d965ccfc6d4b" outcome="Passed" testListId="8c84fa94-04c1-424b-9868-57a2d4851a1d" relativeResultsDirectory="bf6c7717-c11f-4a15-9de3-a98ee5e09d00" />
    <UnitTestResult executionId="dbc003f3-f529-4a00-8a92-2e3e6940951e" testId="c59271cd-c64a-9e27-c842-6ac638779a30" testName="LAL.Tests.TensorCore.ConvolutionTests.ConvolveNDFull_ParallelPath_MatchesReferenceFor2DShape" computerName="704DESKTOP" duration="00:00:00.0060906" startTime="2026-04-14T13:12:56.6240535+08:00" endTime="2026-04-14T13:12:56.6240535+08:00" testType="13cdc9d9-ddb5-4fa4-a97d-d965ccfc6d4b" outcome="Passed" testListId="8c84fa94-04c1-424b-9868-57a2d4851a1d" relativeResultsDirectory="dbc003f3-f529-4a00-8a92-2e3e6940951e" />
    <UnitTestResult executionId="aeefe86d-989a-4eda-a705-f9c77bf8e783" testId="0ff479a4-6f59-7469-7139-2f3cfd66694d" testName="LAL.Tests.TensorCore.TypeCoverageTests.EinsumConvolutionFft_SupportsFloatAndComplex" computerName="704DESKTOP" duration="00:00:00.0146915" startTime="2026-04-14T13:12:56.6130398+08:00" endTime="2026-04-14T13:12:56.6130399+08:00" testType="13cdc9d9-ddb5-4fa4-a97d-d965ccfc6d4b" outcome="Passed" testListId="8c84fa94-04c1-424b-9868-57a2d4851a1d" relativeResultsDirectory="aeefe86d-989a-4eda-a705-f9c77bf8e783" />
    <UnitTestResult executionId="30542e23-5da1-4977-ac0c-d13acd471430" testId="1851e9c1-71c5-c85c-e866-9e85e2c5b325" testName="LAL.Tests.TensorCore.ConvolutionTests.Convolve1D_StrategyToggle_ProducesConsistentResult" computerName="704DESKTOP" duration="00:00:00.0009288" startTime="2026-04-14T13:12:56.6273879+08:00" endTime="2026-04-14T13:12:56.6273880+08:00" testType="13cdc9d9-ddb5-4fa4-a97d-d965ccfc6d4b" outcome="Passed" testListId="8c84fa94-04c1-424b-9868-57a2d4851a1d" relativeResultsDirectory="30542e23-5da1-4977-ac0c-d13acd471430" />
    <UnitTestResult executionId="30954d4f-5a43-433f-80aa-ab4189670efc" testId="da9da59a-857a-c897-84fc-59e47a27d4ad" testName="LAL.Tests.TensorCore.ConvolutionTests.Convolve2D_ParallelPath_MatchesReference" computerName="704DESKTOP" duration="00:00:00.0071211" startTime="2026-04-14T13:12:56.6173340+08:00" endTime="2026-04-14T13:12:56.6173341+08:00" testType="13cdc9d9-ddb5-4fa4-a97d-d965ccfc6d4b" outcome="Passed" testListId="8c84fa94-04c1-424b-9868-57a2d4851a1d" relativeResultsDirectory="30954d4f-5a43-433f-80aa-ab4189670efc" />
    <UnitTestResult executionId="effd0e86-b8bf-4b0e-bec0-9a2d279bc5e9" testId="115275b2-3716-9bee-0d54-20483f5fc6a1" testName="LAL.Tests.TensorCore.ConvolutionTests.Convolve1DFull_Works" computerName="704DESKTOP" duration="00:00:00.0005182" startTime="2026-04-14T13:12:56.6179168+08:00" endTime="2026-04-14T13:12:56.6179170+08:00" testType="13cdc9d9-ddb5-4fa4-a97d-d965ccfc6d4b" outcome="Passed" testListId="8c84fa94-04c1-424b-9868-57a2d4851a1d" relativeResultsDirectory="effd0e86-b8bf-4b0e-bec0-9a2d279bc5e9" />
  </Results>
  <TestDefinitions>
    <UnitTest name="LAL.Tests.TensorCore.ConvolutionTests.ParallelSettings_NegativeMaxDegree_Throws" storage="d:\project\lal\lal.tests\bin\release\net8.0\lal.tests.dll" id="41af17f8-a600-14fc-3b02-26862bf4724e">
      <Execution id="476b4be4-481e-41b4-9748-9cf4c04eeb33" />
      <TestMethod codeBase="D:\Project\LAL\LAL.Tests\bin\Release\net8.0\LAL.Tests.dll" adapterTypeName="executor://xunit/VsTestRunner2/netcoreapp" className="LAL.Tests.TensorCore.ConvolutionTests" name="ParallelSettings_NegativeMaxDegree_Throws" />
    </UnitTest>
    <UnitTest name="LAL.Tests.TensorCore.ConvolutionTests.Convolve1D_StrategyToggle_ProducesConsistentResult" storage="d:\project\lal\lal.tests\bin\release\net8.0\lal.tests.dll" id="1851e9c1-71c5-c85c-e866-9e85e2c5b325">
      <Execution id="30542e23-5da1-4977-ac0c-d13acd471430" />
      <TestMethod codeBase="D:\Project\LAL\LAL.Tests\bin\Release\net8.0\LAL.Tests.dll" adapterTypeName="executor://xunit/VsTestRunner2/netcoreapp" className="LAL.Tests.TensorCore.ConvolutionTests" name="Convolve1D_StrategyToggle_ProducesConsistentResult" />
    </UnitTest>
    <UnitTest name="LAL.Tests.TensorCore.TypeCoverageTests.EinsumConvolutionFft_SupportsFloatAndComplex" storage="d:\project\lal\lal.tests\bin\release\net8.0\lal.tests.dll" id="0ff479a4-6f59-7469-7139-2f3cfd66694d">
      <Execution id="aeefe86d-989a-4eda-a705-f9c77bf8e783" />
      <TestMethod codeBase="D:\Project\LAL\LAL.Tests\bin\Release\net8.0\LAL.Tests.dll" adapterTypeName="executor://xunit/VsTestRunner2/netcoreapp" className="LAL.Tests.TensorCore.TypeCoverageTests" name="EinsumConvolutionFft_SupportsFloatAndComplex" />
    </UnitTest>
    <UnitTest name="LAL.Tests.TensorCore.ConvolutionTests.Convolve1DFull_Works" storage="d:\project\lal\lal.tests\bin\release\net8.0\lal.tests.dll" id="115275b2-3716-9bee-0d54-20483f5fc6a1">
      <Execution id="effd0e86-b8bf-4b0e-bec0-9a2d279bc5e9" />
      <TestMethod codeBase="D:\Project\LAL\LAL.Tests\bin\Release\net8.0\LAL.Tests.dll" adapterTypeName="executor://xunit/VsTestRunner2/netcoreapp" className="LAL.Tests.TensorCore.ConvolutionTests" name="Convolve1DFull_Works" />
    </UnitTest>
    <UnitTest name="LAL.Tests.TensorCore.ConvolutionTests.Convolve2D_Works" storage="d:\project\lal\lal.tests\bin\release\net8.0\lal.tests.dll" id="cffab0cd-9cc5-d930-bb0d-b1d2d9a82684">
      <Execution id="7c1ab8c1-f576-4e2c-b913-078c8e61219b" />
      <TestMethod codeBase="D:\Project\LAL\LAL.Tests\bin\Release\net8.0\LAL.Tests.dll" adapterTypeName="executor://xunit/VsTestRunner2/netcoreapp" className="LAL.Tests.TensorCore.ConvolutionTests" name="Convolve2D_Works" />
    </UnitTest>
    <UnitTest name="LAL.Tests.TensorCore.ConvolutionTests.ConvolveNDFull_WorksFor2DShape" storage="d:\project\lal\lal.tests\bin\release\net8.0\lal.tests.dll" id="db5af543-83f5-1b23-0aca-ee90d3266c56">
      <Execution id="264fbe65-81b5-441a-9b31-53db8e4a7b4d" />
      <TestMethod codeBase="D:\Project\LAL\LAL.Tests\bin\Release\net8.0\LAL.Tests.dll" adapterTypeName="executor://xunit/VsTestRunner2/netcoreapp" className="LAL.Tests.TensorCore.ConvolutionTests" name="ConvolveNDFull_WorksFor2DShape" />
    </UnitTest>
    <UnitTest name="LAL.Tests.TensorCore.ConvolutionTests.ParallelSettings_CanSetGetAndReset" storage="d:\project\lal\lal.tests\bin\release\net8.0\lal.tests.dll" id="641065b5-14eb-5e30-474e-09d7109263db">
      <Execution id="bf6c7717-c11f-4a15-9de3-a98ee5e09d00" />
      <TestMethod codeBase="D:\Project\LAL\LAL.Tests\bin\Release\net8.0\LAL.Tests.dll" adapterTypeName="executor://xunit/VsTestRunner2/netcoreapp" className="LAL.Tests.TensorCore.ConvolutionTests" name="ParallelSettings_CanSetGetAndReset" />
    </UnitTest>
    <UnitTest name="LAL.Tests.TensorCore.ConvolutionTests.ConvolveNDFull_ParallelPath_MatchesReferenceFor2DShape" storage="d:\project\lal\lal.tests\bin\release\net8.0\lal.tests.dll" id="c59271cd-c64a-9e27-c842-6ac638779a30">
      <Execution id="dbc003f3-f529-4a00-8a92-2e3e6940951e" />
      <TestMethod codeBase="D:\Project\LAL\LAL.Tests\bin\Release\net8.0\LAL.Tests.dll" adapterTypeName="executor://xunit/VsTestRunner2/netcoreapp" className="LAL.Tests.TensorCore.ConvolutionTests" name="ConvolveNDFull_ParallelPath_MatchesReferenceFor2DShape" />
    </UnitTest>
    <UnitTest name="LAL.Tests.TensorCore.ConvolutionTests.Convolve2D_ParallelPath_MatchesReference" storage="d:\project\lal\lal.tests\bin\release\net8.0\lal.tests.dll" id="da9da59a-857a-c897-84fc-59e47a27d4ad">
      <Execution id="30954d4f-5a43-433f-80aa-ab4189670efc" />
      <TestMethod codeBase="D:\Project\LAL\LAL.Tests\bin\Release\net8.0\LAL.Tests.dll" adapterTypeName="executor://xunit/VsTestRunner2/netcoreapp" className="LAL.Tests.TensorCore.ConvolutionTests" name="Convolve2D_ParallelPath_MatchesReference" />
    </UnitTest>
  </TestDefinitions>
  <TestEntries>
    <TestEntry testId="db5af543-83f5-1b23-0aca-ee90d3266c56" executionId="264fbe65-81b5-441a-9b31-53db8e4a7b4d" testListId="8c84fa94-04c1-424b-9868-57a2d4851a1d" />
    <TestEntry testId="cffab0cd-9cc5-d930-bb0d-b1d2d9a82684" executionId="7c1ab8c1-f576-4e2c-b913-078c8e61219b" testListId="8c84fa94-04c1-424b-9868-57a2d4851a1d" />
    <TestEntry testId="41af17f8-a600-14fc-3b02-26862bf4724e" executionId="476b4be4-481e-41b4-9748-9cf4c04eeb33" testListId="8c84fa94-04c1-424b-9868-57a2d4851a1d" />
    <TestEntry testId="641065b5-14eb-5e30-474e-09d7109263db" executionId="bf6c7717-c11f-4a15-9de3-a98ee5e09d00" testListId="8c84fa94-04c1-424b-9868-57a2d4851a1d" />
    <TestEntry testId="c59271cd-c64a-9e27-c842-6ac638779a30" executionId="dbc003f3-f529-4a00-8a92-2e3e6940951e" testListId="8c84fa94-04c1-424b-9868-57a2d4851a1d" />
    <TestEntry testId="0ff479a4-6f59-7469-7139-2f3cfd66694d" executionId="aeefe86d-989a-4eda-a705-f9c77bf8e783" testListId="8c84fa94-04c1-424b-9868-57a2d4851a1d" />
    <TestEntry testId="1851e9c1-71c5-c85c-e866-9e85e2c5b325" executionId="30542e23-5da1-4977-ac0c-d13acd471430" testListId="8c84fa94-04c1-424b-9868-57a2d4851a1d" />
    <TestEntry testId="da9da59a-857a-c897-84fc-59e47a27d4ad" executionId="30954d4f-5a43-433f-80aa-ab4189670efc" testListId="8c84fa94-04c1-424b-9868-57a2d4851a1d" />
    <TestEntry testId="115275b2-3716-9bee-0d54-20483f5fc6a1" executionId="effd0e86-b8bf-4b0e-bec0-9a2d279bc5e9" testListId="8c84fa94-04c1-424b-9868-57a2d4851a1d" />
  </TestEntries>
  <TestLists>
    <TestList name="不在清單中的結果" id="8c84fa94-04c1-424b-9868-57a2d4851a1d" />
    <TestList name="所有載入的結果" id="19431567-8539-422a-85d7-44ee4e166bda" />
  </TestLists>
  <ResultSummary outcome="Completed">
    <Counters total="9" executed="9" passed="9" failed="0" error="0" timeout="0" aborted="0" inconclusive="0" passedButRunAborted="0" notRunnable="0" notExecuted="0" disconnected="0" warning="0" completed="0" inProgress="0" pending="0" />
    <Output>
      <StdOut>[xUnit.net 00:00:00.00] xUnit.net VSTest Adapter v2.5.3.1+6b60a9e56a (64-bit .NET 8.0.25)&#xD;
[xUnit.net 00:00:00.04]   Discovering: LAL.Tests&#xD;
[xUnit.net 00:00:00.08]   Discovered:  LAL.Tests&#xD;
[xUnit.net 00:00:00.08]   Starting:    LAL.Tests&#xD;
[xUnit.net 00:00:00.14]   Finished:    LAL.Tests&#xD;
</StdOut>
    </Output>
  </ResultSummary>
</TestRun>