<?xml version="1.0" encoding="utf-8"?>
<TestRun id="f74363f9-031c-4eea-9229-0b9727ff6cba" name="user@704DESKTOP 2026-04-14 13:12:25" runUser="704DESKTOP\user" xmlns="http://microsoft.com/schemas/VisualStudio/TeamTest/2010">
  <Times creation="2026-04-14T13:12:25.4351579+08:00" queuing="2026-04-14T13:12:25.4351582+08:00" start="2026-04-14T13:12:24.9122779+08:00" finish="2026-04-14T13:12:25.4391915+08:00" />
  <TestSettings name="default" id="513e94c8-34eb-4a5d-98c4-df61c35053c2">
    <Deployment runDeploymentRoot="user_704DESKTOP_2026-04-14_13_12_25" />
  </TestSettings>
  <Results>
    <UnitTestResult executionId="c12f7e07-3dcf-40d4-bfba-a54e6e3c5065" testId="e8e1a0c6-8a3f-b489-0ae9-69923e1b7a1d" testName="LAL.Tests.NumericalCore.Differentiation.FiniteDifferenceTests.Complex_ApproximatesDerivative" computerName="704DESKTOP" duration="00:00:00.0030077" startTime="2026-04-14T13:12:25.3373618+08:00" endTime="2026-04-14T13:12:25.3373759+08:00" testType="13cdc9d9-ddb5-4fa4-a97d-d965ccfc6d4b" outcome="Passed" testListId="8c84fa94-04c1-424b-9868-57a2d4851a1d" relativeResultsDirectory="c12f7e07-3dcf-40d4-bfba-a54e6e3c5065" />
    <UnitTestResult executionId="311e1bd5-7b84-4b46-8359-6f49bb9045b9" testId="40f7648d-5900-de75-3411-6e61964427f0" testName="LAL.Tests.NumericalCore.Differentiation.FiniteDifferenceTests.ForwardBackwardCentral_ApproximateDerivative" computerName="704DESKTOP" duration="00:00:00.0002670" startTime="2026-04-14T13:12:25.3392563+08:00" endTime="2026-04-14T13:12:25.3392563+08:00" testType="13cdc9d9-ddb5-4fa4-a97d-d965ccfc6d4b" outcome="Passed" testListId="8c84fa94-04c1-424b-9868-57a2d4851a1d" relativeResultsDirectory="311e1bd5-7b84-4b46-8359-6f49bb9045b9" />
    <UnitTestResult executionId="d3803196-a07e-4c2a-a0ba-c91dfef7c043" testId="f98c8cd2-e912-e270-1708-e3d35e5b2e91" testName="LAL.Tests.NumericalCore.Differentiation.FiniteDifferenceTests.Float_ApproximatesDerivative" computerName="704DESKTOP" duration="00:00:00.0012591" startTime="2026-04-14T13:12:25.3394469+08:00" endTime="2026-04-14T13:12:25.3394469+08:00" testType="13cdc9d9-ddb5-4fa4-a97d-d965ccfc6d4b" outcome="Passed" testListId="8c84fa94-04c1-424b-9868-57a2d4851a1d" relativeResultsDirectory="d3803196-a07e-4c2a-a0ba-c91dfef7c043" />
  </Results>
  <TestDefinitions>
    <UnitTest name="LAL.Tests.NumericalCore.Differentiation.FiniteDifferenceTests.ForwardBackwardCentral_ApproximateDerivative" storage="d:\project\lal\lal.tests\bin\release\net8.0\lal.tests.dll" id="40f7648d-5900-de75-3411-6e61964427f0">
      <Execution id="311e1bd5-7b84-4b46-8359-6f49bb9045b9" />
      <TestMethod codeBase="D:\Project\LAL\LAL.Tests\bin\Release\net8.0\LAL.Tests.dll" adapterTypeName="executor://xunit/VsTestRunner2/netcoreapp" className="LAL.Tests.NumericalCore.Differentiation.FiniteDifferenceTests" name="ForwardBackwardCentral_ApproximateDerivative" />
    </UnitTest>
    <UnitTest name="LAL.Tests.NumericalCore.Differentiation.FiniteDifferenceTests.Float_ApproximatesDerivative" storage="d:\project\lal\lal.tests\bin\release\net8.0\lal.tests.dll" id="f98c8cd2-e912-e270-1708-e3d35e5b2e91">
      <Execution id="d3803196-a07e-4c2a-a0ba-c91dfef7c043" />
      <TestMethod codeBase="D:\Project\LAL\LAL.Tests\bin\Release\net8.0\LAL.Tests.dll" adapterTypeName="executor://xunit/VsTestRunner2/netcoreapp" className="LAL.Tests.NumericalCore.Differentiation.FiniteDifferenceTests" name="Float_ApproximatesDerivative" />
    </UnitTest>
    <UnitTest name="LAL.Tests.NumericalCore.Differentiation.FiniteDifferenceTests.Complex_ApproximatesDerivative" storage="d:\project\lal\lal.tests\bin\release\net8.0\lal.tests.dll" id="e8e1a0c6-8a3f-b489-0ae9-69923e1b7a1d">
      <Execution id="c12f7e07-3dcf-40d4-bfba-a54e6e3c5065" />
      <TestMethod codeBase="D:\Project\LAL\LAL.Tests\bin\Release\net8.0\LAL.Tests.dll" adapterTypeName="executor://xunit/VsTestRunner2/netcoreapp" className="LAL.Tests.NumericalCore.Differentiation.FiniteDifferenceTests" name="Complex_ApproximatesDerivative" />
    </UnitTest>
  </TestDefinitions>
  <TestEntries>
    <TestEntry testId="e8e1a0c6-8a3f-b489-0ae9-69923e1b7a1d" executionId="c12f7e07-3dcf-40d4-bfba-a54e6e3c5065" testListId="8c84fa94-04c1-424b-9868-57a2d4851a1d" />
    <TestEntry testId="40f7648d-5900-de75-3411-6e61964427f0" executionId="311e1bd5-7b84-4b46-8359-6f49bb9045b9" testListId="8c84fa94-04c1-424b-9868-57a2d4851a1d" />
    <TestEntry testId="f98c8cd2-e912-e270-1708-e3d35e5b2e91" executionId="d3803196-a07e-4c2a-a0ba-c91dfef7c043" testListId="8c84fa94-04c1-424b-9868-57a2d4851a1d" />
  </TestEntries>
  <TestLists>
    <TestList name="不在清單中的結果" id="8c84fa94-04c1-424b-9868-57a2d4851a1d" />
    <TestList name="所有載入的結果" id="19431567-8539-422a-85d7-44ee4e166bda" />
  </TestLists>
  <ResultSummary outcome="Completed">
    <Counters total="3" executed="3" passed="3" failed="0" error="0" timeout="0" aborted="0" inconclusive="0" passedButRunAborted="0" notRunnable="0" notExecuted="0" disconnected="0" warning="0" completed="0" inProgress="0" pending="0" />
    <Output>
      <StdOut>[xUnit.net 00:00:00.00] xUnit.net VSTest Adapter v2.5.3.1+6b60a9e56a (64-bit .NET 8.0.25)&#xD;
[xUnit.net 00:00:00.05]   Discovering: LAL.Tests&#xD;
[xUnit.net 00:00:00.08]   Discovered:  LAL.Tests&#xD;
[xUnit.net 00:00:00.08]   Starting:    LAL.Tests&#xD;
[xUnit.net 00:00:00.12]   Finished:    LAL.Tests&#xD;
</StdOut>
    </Output>
  </ResultSummary>
</TestRun>