<?xml version="1.0" encoding="utf-8"?>
<TestRun id="7b02e240-390c-4c6f-beac-9085cd725fe6" name="user@704DESKTOP 2026-04-14 13:12:26" runUser="704DESKTOP\user" xmlns="http://microsoft.com/schemas/VisualStudio/TeamTest/2010">
  <Times creation="2026-04-14T13:12:26.6669156+08:00" queuing="2026-04-14T13:12:26.6669162+08:00" start="2026-04-14T13:12:26.1533518+08:00" finish="2026-04-14T13:12:26.6709703+08:00" />
  <TestSettings name="default" id="9d730bc0-6ce9-4734-b0eb-9cea3e202bb8">
    <Deployment runDeploymentRoot="user_704DESKTOP_2026-04-14_13_12_26" />
  </TestSettings>
  <Results>
    <UnitTestResult executionId="830b2158-ac81-4917-a37e-0f4b5e97425d" testId="5fd09220-deeb-8bb7-5e58-504b84d699ee" testName="LAL.Tests.NumericalCore.Integration.BasicQuadratureTests.Trapezoidal_Float_ApproximatesIntegralOfXSquared" computerName="704DESKTOP" duration="00:00:00.0012126" startTime="2026-04-14T13:12:26.5715705+08:00" endTime="2026-04-14T13:12:26.5715706+08:00" testType="13cdc9d9-ddb5-4fa4-a97d-d965ccfc6d4b" outcome="Passed" testListId="8c84fa94-04c1-424b-9868-57a2d4851a1d" relativeResultsDirectory="830b2158-ac81-4917-a37e-0f4b5e97425d" />
    <UnitTestResult executionId="ab5dd81d-26e9-4c8b-8ad1-7b1e5cbab188" testId="0ad017fb-fb4b-cbe0-428c-80a7f3a4244d" testName="LAL.Tests.NumericalCore.Integration.BasicQuadratureTests.Simpson_Complex_ApproximatesIntegral" computerName="704DESKTOP" duration="00:00:00.0031915" startTime="2026-04-14T13:12:26.5696737+08:00" endTime="2026-04-14T13:12:26.5696885+08:00" testType="13cdc9d9-ddb5-4fa4-a97d-d965ccfc6d4b" outcome="Passed" testListId="8c84fa94-04c1-424b-9868-57a2d4851a1d" relativeResultsDirectory="ab5dd81d-26e9-4c8b-8ad1-7b1e5cbab188" />
    <UnitTestResult executionId="6ba867fd-6bae-4887-a914-dfcb82608d50" testId="fea67cd1-010b-6951-cec4-0fcd224ac7f8" testName="LAL.Tests.NumericalCore.Integration.BasicQuadratureTests.Simpson_ApproximatesIntegralOfXSquared" computerName="704DESKTOP" duration="00:00:00.0002193" startTime="2026-04-14T13:12:26.5717849+08:00" endTime="2026-04-14T13:12:26.5717849+08:00" testType="13cdc9d9-ddb5-4fa4-a97d-d965ccfc6d4b" outcome="Passed" testListId="8c84fa94-04c1-424b-9868-57a2d4851a1d" relativeResultsDirectory="6ba867fd-6bae-4887-a914-dfcb82608d50" />
    <UnitTestResult executionId="579d1426-08c3-4d46-a0c8-22bd816b186a" testId="0acecbf3-8b8b-a497-9a09-572a22c3d28d" testName="LAL.Tests.NumericalCore.Integration.BasicQuadratureTests.Trapezoidal_ApproximatesIntegralOfXSquared" computerName="704DESKTOP" duration="00:00:00.0002248" startTime="2026-04-14T13:12:26.5718008+08:00" endTime="2026-04-14T13:12:26.5718009+08:00" testType="13cdc9d9-ddb5-4fa4-a97d-d965ccfc6d4b" outcome="Passed" testListId="8c84fa94-04c1-424b-9868-57a2d4851a1d" relativeResultsDirectory="579d1426-08c3-4d46-a0c8-22bd816b186a" />
  </Results>
  <TestDefinitions>
    <UnitTest name="LAL.Tests.NumericalCore.Integration.BasicQuadratureTests.Trapezoidal_Float_ApproximatesIntegralOfXSquared" storage="d:\project\lal\lal.tests\bin\release\net8.0\lal.tests.dll" id="5fd09220-deeb-8bb7-5e58-504b84d699ee">
      <Execution id="830b2158-ac81-4917-a37e-0f4b5e97425d" />
      <TestMethod codeBase="D:\Project\LAL\LAL.Tests\bin\Release\net8.0\LAL.Tests.dll" adapterTypeName="executor://xunit/VsTestRunner2/netcoreapp" className="LAL.Tests.NumericalCore.Integration.BasicQuadratureTests" name="Trapezoidal_Float_ApproximatesIntegralOfXSquared" />
    </UnitTest>
    <UnitTest name="LAL.Tests.NumericalCore.Integration.BasicQuadratureTests.Simpson_Complex_ApproximatesIntegral" storage="d:\project\lal\lal.tests\bin\release\net8.0\lal.tests.dll" id="0ad017fb-fb4b-cbe0-428c-80a7f3a4244d">
      <Execution id="ab5dd81d-26e9-4c8b-8ad1-7b1e5cbab188" />
      <TestMethod codeBase="D:\Project\LAL\LAL.Tests\bin\Release\net8.0\LAL.Tests.dll" adapterTypeName="executor://xunit/VsTestRunner2/netcoreapp" className="LAL.Tests.NumericalCore.Integration.BasicQuadratureTests" name="Simpson_Complex_ApproximatesIntegral" />
    </UnitTest>
    <UnitTest name="LAL.Tests.NumericalCore.Integration.BasicQuadratureTests.Simpson_ApproximatesIntegralOfXSquared" storage="d:\project\lal\lal.tests\bin\release\net8.0\lal.tests.dll" id="fea67cd1-010b-6951-cec4-0fcd224ac7f8">
      <Execution id="6ba867fd-6bae-4887-a914-dfcb82608d50" />
      <TestMethod codeBase="D:\Project\LAL\LAL.Tests\bin\Release\net8.0\LAL.Tests.dll" adapterTypeName="executor://xunit/VsTestRunner2/netcoreapp" className="LAL.Tests.NumericalCore.Integration.BasicQuadratureTests" name="Simpson_ApproximatesIntegralOfXSquared" />
    </UnitTest>
    <UnitTest name="LAL.Tests.NumericalCore.Integration.BasicQuadratureTests.Trapezoidal_ApproximatesIntegralOfXSquared" storage="d:\project\lal\lal.tests\bin\release\net8.0\lal.tests.dll" id="0acecbf3-8b8b-a497-9a09-572a22c3d28d">
      <Execution id="579d1426-08c3-4d46-a0c8-22bd816b186a" />
      <TestMethod codeBase="D:\Project\LAL\LAL.Tests\bin\Release\net8.0\LAL.Tests.dll" adapterTypeName="executor://xunit/VsTestRunner2/netcoreapp" className="LAL.Tests.NumericalCore.Integration.BasicQuadratureTests" name="Trapezoidal_ApproximatesIntegralOfXSquared" />
    </UnitTest>
  </TestDefinitions>
  <TestEntries>
    <TestEntry testId="5fd09220-deeb-8bb7-5e58-504b84d699ee" executionId="830b2158-ac81-4917-a37e-0f4b5e97425d" testListId="8c84fa94-04c1-424b-9868-57a2d4851a1d" />
    <TestEntry testId="0ad017fb-fb4b-cbe0-428c-80a7f3a4244d" executionId="ab5dd81d-26e9-4c8b-8ad1-7b1e5cbab188" testListId="8c84fa94-04c1-424b-9868-57a2d4851a1d" />
    <TestEntry testId="fea67cd1-010b-6951-cec4-0fcd224ac7f8" executionId="6ba867fd-6bae-4887-a914-dfcb82608d50" testListId="8c84fa94-04c1-424b-9868-57a2d4851a1d" />
    <TestEntry testId="0acecbf3-8b8b-a497-9a09-572a22c3d28d" executionId="579d1426-08c3-4d46-a0c8-22bd816b186a" testListId="8c84fa94-04c1-424b-9868-57a2d4851a1d" />
  </TestEntries>
  <TestLists>
    <TestList name="不在清單中的結果" id="8c84fa94-04c1-424b-9868-57a2d4851a1d" />
    <TestList name="所有載入的結果" id="19431567-8539-422a-85d7-44ee4e166bda" />
  </TestLists>
  <ResultSummary outcome="Completed">
    <Counters total="4" executed="4" passed="4" failed="0" error="0" timeout="0" aborted="0" inconclusive="0" passedButRunAborted="0" notRunnable="0" notExecuted="0" disconnected="0" warning="0" completed="0" inProgress="0" pending="0" />
    <Output>
      <StdOut>[xUnit.net 00:00:00.00] xUnit.net VSTest Adapter v2.5.3.1+6b60a9e56a (64-bit .NET 8.0.25)&#xD;
[xUnit.net 00:00:00.05]   Discovering: LAL.Tests&#xD;
[xUnit.net 00:00:00.08]   Discovered:  LAL.Tests&#xD;
[xUnit.net 00:00:00.08]   Starting:    LAL.Tests&#xD;
[xUnit.net 00:00:00.12]   Finished:    LAL.Tests&#xD;
</StdOut>
    </Output>
  </ResultSummary>
</TestRun>