<?xml version="1.0" encoding="utf-8"?>
<TestRun id="b6eb4a4f-c628-4e14-9908-9244db6eeeb5" name="user@704DESKTOP 2026-04-14 13:12:54" runUser="704DESKTOP\user" xmlns="http://microsoft.com/schemas/VisualStudio/TeamTest/2010">
  <Times creation="2026-04-14T13:12:54.2543764+08:00" queuing="2026-04-14T13:12:54.2543765+08:00" start="2026-04-14T13:12:53.7369799+08:00" finish="2026-04-14T13:12:54.2584604+08:00" />
  <TestSettings name="default" id="3bb0efaf-d6ab-4c22-b17c-80d960cf49ad">
    <Deployment runDeploymentRoot="user_704DESKTOP_2026-04-14_13_12_54" />
  </TestSettings>
  <Results>
    <UnitTestResult executionId="cad120dc-f4cf-4ba0-8554-6bcb099fec85" testId="5f6e645b-60ae-8580-3a62-cf1bc3a66714" testName="LAL.Tests.TensorCore.ComplexOpsTests.ReAndIm_ExtractComponents" computerName="704DESKTOP" duration="00:00:00.0068498" startTime="2026-04-14T13:12:54.1651181+08:00" endTime="2026-04-14T13:12:54.1651323+08:00" testType="13cdc9d9-ddb5-4fa4-a97d-d965ccfc6d4b" outcome="Passed" testListId="8c84fa94-04c1-424b-9868-57a2d4851a1d" relativeResultsDirectory="cad120dc-f4cf-4ba0-8554-6bcb099fec85" />
    <UnitTestResult executionId="8c4f8ae2-d7e1-4e33-897d-df74b1243ed7" testId="88230efa-f4f3-4a16-4f73-6d1ca495cc8e" testName="LAL.Tests.TensorCore.ComplexOpsTests.Conjugate_FlipsImaginarySign" computerName="704DESKTOP" duration="00:00:00.0014021" startTime="2026-04-14T13:12:54.1669719+08:00" endTime="2026-04-14T13:12:54.1669720+08:00" testType="13cdc9d9-ddb5-4fa4-a97d-d965ccfc6d4b" outcome="Passed" testListId="8c84fa94-04c1-424b-9868-57a2d4851a1d" relativeResultsDirectory="8c4f8ae2-d7e1-4e33-897d-df74b1243ed7" />
  </Results>
  <TestDefinitions>
    <UnitTest name="LAL.Tests.TensorCore.ComplexOpsTests.ReAndIm_ExtractComponents" storage="d:\project\lal\lal.tests\bin\release\net8.0\lal.tests.dll" id="5f6e645b-60ae-8580-3a62-cf1bc3a66714">
      <Execution id="cad120dc-f4cf-4ba0-8554-6bcb099fec85" />
      <TestMethod codeBase="D:\Project\LAL\LAL.Tests\bin\Release\net8.0\LAL.Tests.dll" adapterTypeName="executor://xunit/VsTestRunner2/netcoreapp" className="LAL.Tests.TensorCore.ComplexOpsTests" name="ReAndIm_ExtractComponents" />
    </UnitTest>
    <UnitTest name="LAL.Tests.TensorCore.ComplexOpsTests.Conjugate_FlipsImaginarySign" storage="d:\project\lal\lal.tests\bin\release\net8.0\lal.tests.dll" id="88230efa-f4f3-4a16-4f73-6d1ca495cc8e">
      <Execution id="8c4f8ae2-d7e1-4e33-897d-df74b1243ed7" />
      <TestMethod codeBase="D:\Project\LAL\LAL.Tests\bin\Release\net8.0\LAL.Tests.dll" adapterTypeName="executor://xunit/VsTestRunner2/netcoreapp" className="LAL.Tests.TensorCore.ComplexOpsTests" name="Conjugate_FlipsImaginarySign" />
    </UnitTest>
  </TestDefinitions>
  <TestEntries>
    <TestEntry testId="5f6e645b-60ae-8580-3a62-cf1bc3a66714" executionId="cad120dc-f4cf-4ba0-8554-6bcb099fec85" testListId="8c84fa94-04c1-424b-9868-57a2d4851a1d" />
    <TestEntry testId="88230efa-f4f3-4a16-4f73-6d1ca495cc8e" executionId="8c4f8ae2-d7e1-4e33-897d-df74b1243ed7" testListId="8c84fa94-04c1-424b-9868-57a2d4851a1d" />
  </TestEntries>
  <TestLists>
    <TestList name="不在清單中的結果" id="8c84fa94-04c1-424b-9868-57a2d4851a1d" />
    <TestList name="所有載入的結果" id="19431567-8539-422a-85d7-44ee4e166bda" />
  </TestLists>
  <ResultSummary outcome="Completed">
    <Counters total="2" executed="2" passed="2" failed="0" error="0" timeout="0" aborted="0" inconclusive="0" passedButRunAborted="0" notRunnable="0" notExecuted="0" disconnected="0" warning="0" completed="0" inProgress="0" pending="0" />
    <Output>
      <StdOut>[xUnit.net 00:00:00.00] xUnit.net VSTest Adapter v2.5.3.1+6b60a9e56a (64-bit .NET 8.0.25)&#xD;
[xUnit.net 00:00:00.05]   Discovering: LAL.Tests&#xD;
[xUnit.net 00:00:00.08]   Discovered:  LAL.Tests&#xD;
[xUnit.net 00:00:00.09]   Starting:    LAL.Tests&#xD;
[xUnit.net 00:00:00.13]   Finished:    LAL.Tests&#xD;
</StdOut>
    </Output>
  </ResultSummary>
</TestRun>