<?xml version="1.0" encoding="utf-8"?>
<TestRun id="507a10f4-5b76-42ff-a8a4-c32f784b36b2" name="user@704DESKTOP 2026-04-14 13:12:35" runUser="704DESKTOP\user" xmlns="http://microsoft.com/schemas/VisualStudio/TeamTest/2010">
  <Times creation="2026-04-14T13:12:35.4794520+08:00" queuing="2026-04-14T13:12:35.4794521+08:00" start="2026-04-14T13:12:34.9581206+08:00" finish="2026-04-14T13:12:35.4833617+08:00" />
  <TestSettings name="default" id="7ba731a6-f212-47d0-83dd-509d0ef11744">
    <Deployment runDeploymentRoot="user_704DESKTOP_2026-04-14_13_12_35" />
  </TestSettings>
  <Results>
    <UnitTestResult executionId="3e67e257-5a0e-4203-a7cc-5c9139e69319" testId="d9c96f5d-dc06-888d-a3fb-bb1eb9f3aedc" testName="LAL.Tests.NumericalCore.RootFinding.BrentTests.Solve_Complex_FindsImaginaryUnitRoot" computerName="704DESKTOP" duration="00:00:00.0007540" startTime="2026-04-14T13:12:35.3898221+08:00" endTime="2026-04-14T13:12:35.3898222+08:00" testType="13cdc9d9-ddb5-4fa4-a97d-d965ccfc6d4b" outcome="Passed" testListId="8c84fa94-04c1-424b-9868-57a2d4851a1d" relativeResultsDirectory="3e67e257-5a0e-4203-a7cc-5c9139e69319" />
    <UnitTestResult executionId="975c0eaa-a273-4d53-ac73-caddf1119313" testId="de97515e-0947-48cb-6737-576368c2909e" testName="LAL.Tests.NumericalCore.RootFinding.BrentTests.Solve_FindsRootWithinBracket" computerName="704DESKTOP" duration="00:00:00.0034651" startTime="2026-04-14T13:12:35.3874910+08:00" endTime="2026-04-14T13:12:35.3875047+08:00" testType="13cdc9d9-ddb5-4fa4-a97d-d965ccfc6d4b" outcome="Passed" testListId="8c84fa94-04c1-424b-9868-57a2d4851a1d" relativeResultsDirectory="975c0eaa-a273-4d53-ac73-caddf1119313" />
    <UnitTestResult executionId="b19f036b-e1b8-44c2-bd5b-63b0cf03ad4c" testId="a1ddbe7f-3ce5-c4f3-eb43-94820dd119fb" testName="LAL.Tests.NumericalCore.RootFinding.BrentTests.Solve_Float_FindsRootWithinBracket" computerName="704DESKTOP" duration="00:00:00.0016407" startTime="2026-04-14T13:12:35.3896188+08:00" endTime="2026-04-14T13:12:35.3896188+08:00" testType="13cdc9d9-ddb5-4fa4-a97d-d965ccfc6d4b" outcome="Passed" testListId="8c84fa94-04c1-424b-9868-57a2d4851a1d" relativeResultsDirectory="b19f036b-e1b8-44c2-bd5b-63b0cf03ad4c" />
  </Results>
  <TestDefinitions>
    <UnitTest name="LAL.Tests.NumericalCore.RootFinding.BrentTests.Solve_Complex_FindsImaginaryUnitRoot" storage="d:\project\lal\lal.tests\bin\release\net8.0\lal.tests.dll" id="d9c96f5d-dc06-888d-a3fb-bb1eb9f3aedc">
      <Execution id="3e67e257-5a0e-4203-a7cc-5c9139e69319" />
      <TestMethod codeBase="D:\Project\LAL\LAL.Tests\bin\Release\net8.0\LAL.Tests.dll" adapterTypeName="executor://xunit/VsTestRunner2/netcoreapp" className="LAL.Tests.NumericalCore.RootFinding.BrentTests" name="Solve_Complex_FindsImaginaryUnitRoot" />
    </UnitTest>
    <UnitTest name="LAL.Tests.NumericalCore.RootFinding.BrentTests.Solve_FindsRootWithinBracket" storage="d:\project\lal\lal.tests\bin\release\net8.0\lal.tests.dll" id="de97515e-0947-48cb-6737-576368c2909e">
      <Execution id="975c0eaa-a273-4d53-ac73-caddf1119313" />
      <TestMethod codeBase="D:\Project\LAL\LAL.Tests\bin\Release\net8.0\LAL.Tests.dll" adapterTypeName="executor://xunit/VsTestRunner2/netcoreapp" className="LAL.Tests.NumericalCore.RootFinding.BrentTests" name="Solve_FindsRootWithinBracket" />
    </UnitTest>
    <UnitTest name="LAL.Tests.NumericalCore.RootFinding.BrentTests.Solve_Float_FindsRootWithinBracket" storage="d:\project\lal\lal.tests\bin\release\net8.0\lal.tests.dll" id="a1ddbe7f-3ce5-c4f3-eb43-94820dd119fb">
      <Execution id="b19f036b-e1b8-44c2-bd5b-63b0cf03ad4c" />
      <TestMethod codeBase="D:\Project\LAL\LAL.Tests\bin\Release\net8.0\LAL.Tests.dll" adapterTypeName="executor://xunit/VsTestRunner2/netcoreapp" className="LAL.Tests.NumericalCore.RootFinding.BrentTests" name="Solve_Float_FindsRootWithinBracket" />
    </UnitTest>
  </TestDefinitions>
  <TestEntries>
    <TestEntry testId="d9c96f5d-dc06-888d-a3fb-bb1eb9f3aedc" executionId="3e67e257-5a0e-4203-a7cc-5c9139e69319" testListId="8c84fa94-04c1-424b-9868-57a2d4851a1d" />
    <TestEntry testId="de97515e-0947-48cb-6737-576368c2909e" executionId="975c0eaa-a273-4d53-ac73-caddf1119313" testListId="8c84fa94-04c1-424b-9868-57a2d4851a1d" />
    <TestEntry testId="a1ddbe7f-3ce5-c4f3-eb43-94820dd119fb" executionId="b19f036b-e1b8-44c2-bd5b-63b0cf03ad4c" testListId="8c84fa94-04c1-424b-9868-57a2d4851a1d" />
  </TestEntries>
  <TestLists>
    <TestList name="不在清單中的結果" id="8c84fa94-04c1-424b-9868-57a2d4851a1d" />
    <TestList name="所有載入的結果" id="19431567-8539-422a-85d7-44ee4e166bda" />
  </TestLists>
  <ResultSummary outcome="Completed">
    <Counters total="3" executed="3" passed="3" failed="0" error="0" timeout="0" aborted="0" inconclusive="0" passedButRunAborted="0" notRunnable="0" notExecuted="0" disconnected="0" warning="0" completed="0" inProgress="0" pending="0" />
    <Output>
      <StdOut>[xUnit.net 00:00:00.00] xUnit.net VSTest Adapter v2.5.3.1+6b60a9e56a (64-bit .NET 8.0.25)&#xD;
[xUnit.net 00:00:00.05]   Discovering: LAL.Tests&#xD;
[xUnit.net 00:00:00.08]   Discovered:  LAL.Tests&#xD;
[xUnit.net 00:00:00.08]   Starting:    LAL.Tests&#xD;
[xUnit.net 00:00:00.12]   Finished:    LAL.Tests&#xD;
</StdOut>
    </Output>
  </ResultSummary>
</TestRun>