<?xml version="1.0" encoding="utf-8"?>
<TestRun id="cf12ef03-0910-400d-941b-1f82cc2d06aa" name="user@704DESKTOP 2026-04-14 13:12:55" runUser="704DESKTOP\user" xmlns="http://microsoft.com/schemas/VisualStudio/TeamTest/2010">
  <Times creation="2026-04-14T13:12:55.4750201+08:00" queuing="2026-04-14T13:12:55.4750204+08:00" start="2026-04-14T13:12:54.9632999+08:00" finish="2026-04-14T13:12:55.4788661+08:00" />
  <TestSettings name="default" id="aec54af0-4866-46bb-9815-e66f789ce735">
    <Deployment runDeploymentRoot="user_704DESKTOP_2026-04-14_13_12_55" />
  </TestSettings>
  <Results>
    <UnitTestResult executionId="0cb1ac63-99d1-408f-ab64-a44abb45b105" testId="5db1dcd7-70a2-1b85-8792-1abeb24cae06" testName="LAL.Tests.TensorCore.ConcatStackTests.Concatenate1D_AndStackRows_Work" computerName="704DESKTOP" duration="00:00:00.0072280" startTime="2026-04-14T13:12:55.3848265+08:00" endTime="2026-04-14T13:12:55.3848407+08:00" testType="13cdc9d9-ddb5-4fa4-a97d-d965ccfc6d4b" outcome="Passed" testListId="8c84fa94-04c1-424b-9868-57a2d4851a1d" relativeResultsDirectory="0cb1ac63-99d1-408f-ab64-a44abb45b105" />
  </Results>
  <TestDefinitions>
    <UnitTest name="LAL.Tests.TensorCore.ConcatStackTests.Concatenate1D_AndStackRows_Work" storage="d:\project\lal\lal.tests\bin\release\net8.0\lal.tests.dll" id="5db1dcd7-70a2-1b85-8792-1abeb24cae06">
      <Execution id="0cb1ac63-99d1-408f-ab64-a44abb45b105" />
      <TestMethod codeBase="D:\Project\LAL\LAL.Tests\bin\Release\net8.0\LAL.Tests.dll" adapterTypeName="executor://xunit/VsTestRunner2/netcoreapp" className="LAL.Tests.TensorCore.ConcatStackTests" name="Concatenate1D_AndStackRows_Work" />
    </UnitTest>
  </TestDefinitions>
  <TestEntries>
    <TestEntry testId="5db1dcd7-70a2-1b85-8792-1abeb24cae06" executionId="0cb1ac63-99d1-408f-ab64-a44abb45b105" testListId="8c84fa94-04c1-424b-9868-57a2d4851a1d" />
  </TestEntries>
  <TestLists>
    <TestList name="不在清單中的結果" id="8c84fa94-04c1-424b-9868-57a2d4851a1d" />
    <TestList name="所有載入的結果" id="19431567-8539-422a-85d7-44ee4e166bda" />
  </TestLists>
  <ResultSummary outcome="Completed">
    <Counters total="1" executed="1" passed="1" failed="0" error="0" timeout="0" aborted="0" inconclusive="0" passedButRunAborted="0" notRunnable="0" notExecuted="0" disconnected="0" warning="0" completed="0" inProgress="0" pending="0" />
    <Output>
      <StdOut>[xUnit.net 00:00:00.00] xUnit.net VSTest Adapter v2.5.3.1+6b60a9e56a (64-bit .NET 8.0.25)&#xD;
[xUnit.net 00:00:00.05]   Discovering: LAL.Tests&#xD;
[xUnit.net 00:00:00.08]   Discovered:  LAL.Tests&#xD;
[xUnit.net 00:00:00.09]   Starting:    LAL.Tests&#xD;
[xUnit.net 00:00:00.13]   Finished:    LAL.Tests&#xD;
</StdOut>
    </Output>
  </ResultSummary>
</TestRun>