<?xml version="1.0" encoding="utf-8"?>
<TestRun id="0c14cc26-8c6b-4ab5-84d1-c8cf88bb628a" name="user@704DESKTOP 2026-04-14 13:12:07" runUser="704DESKTOP\user" xmlns="http://microsoft.com/schemas/VisualStudio/TeamTest/2010">
  <Times creation="2026-04-14T13:12:07.6606149+08:00" queuing="2026-04-14T13:12:07.6606151+08:00" start="2026-04-14T13:12:07.0981800+08:00" finish="2026-04-14T13:12:07.6658540+08:00" />
  <TestSettings name="default" id="84b11538-5262-46f1-9941-d965614966ba">
    <Deployment runDeploymentRoot="user_704DESKTOP_2026-04-14_13_12_07" />
  </TestSettings>
  <Results>
    <UnitTestResult executionId="2a79dc12-ae48-4dc8-9aed-9ce8860ba4da" testId="2187e066-9705-f87b-a53b-c180234b1f4c" testName="LAL.Tests.LinalgCore.EigenSolverTests.PowerIteration_FindsDominantEigenvalue" computerName="704DESKTOP" duration="00:00:00.0045541" startTime="2026-04-14T13:12:07.5558911+08:00" endTime="2026-04-14T13:12:07.5559161+08:00" testType="13cdc9d9-ddb5-4fa4-a97d-d965ccfc6d4b" outcome="Passed" testListId="8c84fa94-04c1-424b-9868-57a2d4851a1d" relativeResultsDirectory="2a79dc12-ae48-4dc8-9aed-9ce8860ba4da" />
    <UnitTestResult executionId="1a3d4031-3fb2-4961-8b5d-8106ff5c8025" testId="2d967733-a9c7-2552-4b92-e2bceba450e9" testName="LAL.Tests.LinalgCore.EigenSolverTests.PowerIteration_Complex_FindsDominantEigenvalue" computerName="704DESKTOP" duration="00:00:00.0023953" startTime="2026-04-14T13:12:07.5579211+08:00" endTime="2026-04-14T13:12:07.5579211+08:00" testType="13cdc9d9-ddb5-4fa4-a97d-d965ccfc6d4b" outcome="Passed" testListId="8c84fa94-04c1-424b-9868-57a2d4851a1d" relativeResultsDirectory="1a3d4031-3fb2-4961-8b5d-8106ff5c8025" />
  </Results>
  <TestDefinitions>
    <UnitTest name="LAL.Tests.LinalgCore.EigenSolverTests.PowerIteration_Complex_FindsDominantEigenvalue" storage="d:\project\lal\lal.tests\bin\release\net8.0\lal.tests.dll" id="2d967733-a9c7-2552-4b92-e2bceba450e9">
      <Execution id="1a3d4031-3fb2-4961-8b5d-8106ff5c8025" />
      <TestMethod codeBase="D:\Project\LAL\LAL.Tests\bin\Release\net8.0\LAL.Tests.dll" adapterTypeName="executor://xunit/VsTestRunner2/netcoreapp" className="LAL.Tests.LinalgCore.EigenSolverTests" name="PowerIteration_Complex_FindsDominantEigenvalue" />
    </UnitTest>
    <UnitTest name="LAL.Tests.LinalgCore.EigenSolverTests.PowerIteration_FindsDominantEigenvalue" storage="d:\project\lal\lal.tests\bin\release\net8.0\lal.tests.dll" id="2187e066-9705-f87b-a53b-c180234b1f4c">
      <Execution id="2a79dc12-ae48-4dc8-9aed-9ce8860ba4da" />
      <TestMethod codeBase="D:\Project\LAL\LAL.Tests\bin\Release\net8.0\LAL.Tests.dll" adapterTypeName="executor://xunit/VsTestRunner2/netcoreapp" className="LAL.Tests.LinalgCore.EigenSolverTests" name="PowerIteration_FindsDominantEigenvalue" />
    </UnitTest>
  </TestDefinitions>
  <TestEntries>
    <TestEntry testId="2187e066-9705-f87b-a53b-c180234b1f4c" executionId="2a79dc12-ae48-4dc8-9aed-9ce8860ba4da" testListId="8c84fa94-04c1-424b-9868-57a2d4851a1d" />
    <TestEntry testId="2d967733-a9c7-2552-4b92-e2bceba450e9" executionId="1a3d4031-3fb2-4961-8b5d-8106ff5c8025" testListId="8c84fa94-04c1-424b-9868-57a2d4851a1d" />
  </TestEntries>
  <TestLists>
    <TestList name="不在清單中的結果" id="8c84fa94-04c1-424b-9868-57a2d4851a1d" />
    <TestList name="所有載入的結果" id="19431567-8539-422a-85d7-44ee4e166bda" />
  </TestLists>
  <ResultSummary outcome="Completed">
    <Counters total="2" executed="2" passed="2" failed="0" error="0" timeout="0" aborted="0" inconclusive="0" passedButRunAborted="0" notRunnable="0" notExecuted="0" disconnected="0" warning="0" completed="0" inProgress="0" pending="0" />
    <Output>
      <StdOut>[xUnit.net 00:00:00.00] xUnit.net VSTest Adapter v2.5.3.1+6b60a9e56a (64-bit .NET 8.0.25)&#xD;
[xUnit.net 00:00:00.05]   Discovering: LAL.Tests&#xD;
[xUnit.net 00:00:00.08]   Discovered:  LAL.Tests&#xD;
[xUnit.net 00:00:00.09]   Starting:    LAL.Tests&#xD;
[xUnit.net 00:00:00.13]   Finished:    LAL.Tests&#xD;
</StdOut>
    </Output>
  </ResultSummary>
</TestRun>