<?xml version="1.0" encoding="utf-8"?>
<TestRun id="622ef109-8040-4aa1-93f8-25b19c973ed6" name="user@704DESKTOP 2026-04-14 13:12:19" runUser="704DESKTOP\user" xmlns="http://microsoft.com/schemas/VisualStudio/TeamTest/2010">
  <Times creation="2026-04-14T13:12:19.1761450+08:00" queuing="2026-04-14T13:12:19.1761452+08:00" start="2026-04-14T13:12:18.6639523+08:00" finish="2026-04-14T13:12:19.1800215+08:00" />
  <TestSettings name="default" id="fbc34456-9bde-439e-8dd2-c00fccd7dcf1">
    <Deployment runDeploymentRoot="user_704DESKTOP_2026-04-14_13_12_19" />
  </TestSettings>
  <Results>
    <UnitTestResult executionId="5b41384b-408f-47f9-92bf-f225056f8530" testId="43a64f73-bf19-18fc-db5e-32a2a5507608" testName="LAL.Tests.LinalgCore.SchurTests.ComplexSchur2x2_ReturnsUpperTriangularWithMatchingTraceAndDeterminant" computerName="704DESKTOP" duration="00:00:00.0005450" startTime="2026-04-14T13:12:19.0783259+08:00" endTime="2026-04-14T13:12:19.0783259+08:00" testType="13cdc9d9-ddb5-4fa4-a97d-d965ccfc6d4b" outcome="Passed" testListId="8c84fa94-04c1-424b-9868-57a2d4851a1d" relativeResultsDirectory="5b41384b-408f-47f9-92bf-f225056f8530" />
    <UnitTestResult executionId="78e3a172-bde0-421f-bb7c-5a807378e790" testId="c42c0ebf-434c-c949-9a64-f418dd37a69d" testName="LAL.Tests.LinalgCore.SchurTests.RealSchur2x2_DrivesLowerLeftTowardZero" computerName="704DESKTOP" duration="00:00:00.0030984" startTime="2026-04-14T13:12:19.0764732+08:00" endTime="2026-04-14T13:12:19.0764878+08:00" testType="13cdc9d9-ddb5-4fa4-a97d-d965ccfc6d4b" outcome="Passed" testListId="8c84fa94-04c1-424b-9868-57a2d4851a1d" relativeResultsDirectory="78e3a172-bde0-421f-bb7c-5a807378e790" />
  </Results>
  <TestDefinitions>
    <UnitTest name="LAL.Tests.LinalgCore.SchurTests.ComplexSchur2x2_ReturnsUpperTriangularWithMatchingTraceAndDeterminant" storage="d:\project\lal\lal.tests\bin\release\net8.0\lal.tests.dll" id="43a64f73-bf19-18fc-db5e-32a2a5507608">
      <Execution id="5b41384b-408f-47f9-92bf-f225056f8530" />
      <TestMethod codeBase="D:\Project\LAL\LAL.Tests\bin\Release\net8.0\LAL.Tests.dll" adapterTypeName="executor://xunit/VsTestRunner2/netcoreapp" className="LAL.Tests.LinalgCore.SchurTests" name="ComplexSchur2x2_ReturnsUpperTriangularWithMatchingTraceAndDeterminant" />
    </UnitTest>
    <UnitTest name="LAL.Tests.LinalgCore.SchurTests.RealSchur2x2_DrivesLowerLeftTowardZero" storage="d:\project\lal\lal.tests\bin\release\net8.0\lal.tests.dll" id="c42c0ebf-434c-c949-9a64-f418dd37a69d">
      <Execution id="78e3a172-bde0-421f-bb7c-5a807378e790" />
      <TestMethod codeBase="D:\Project\LAL\LAL.Tests\bin\Release\net8.0\LAL.Tests.dll" adapterTypeName="executor://xunit/VsTestRunner2/netcoreapp" className="LAL.Tests.LinalgCore.SchurTests" name="RealSchur2x2_DrivesLowerLeftTowardZero" />
    </UnitTest>
  </TestDefinitions>
  <TestEntries>
    <TestEntry testId="43a64f73-bf19-18fc-db5e-32a2a5507608" executionId="5b41384b-408f-47f9-92bf-f225056f8530" testListId="8c84fa94-04c1-424b-9868-57a2d4851a1d" />
    <TestEntry testId="c42c0ebf-434c-c949-9a64-f418dd37a69d" executionId="78e3a172-bde0-421f-bb7c-5a807378e790" testListId="8c84fa94-04c1-424b-9868-57a2d4851a1d" />
  </TestEntries>
  <TestLists>
    <TestList name="不在清單中的結果" id="8c84fa94-04c1-424b-9868-57a2d4851a1d" />
    <TestList name="所有載入的結果" id="19431567-8539-422a-85d7-44ee4e166bda" />
  </TestLists>
  <ResultSummary outcome="Completed">
    <Counters total="2" executed="2" passed="2" failed="0" error="0" timeout="0" aborted="0" inconclusive="0" passedButRunAborted="0" notRunnable="0" notExecuted="0" disconnected="0" warning="0" completed="0" inProgress="0" pending="0" />
    <Output>
      <StdOut>[xUnit.net 00:00:00.00] xUnit.net VSTest Adapter v2.5.3.1+6b60a9e56a (64-bit .NET 8.0.25)&#xD;
[xUnit.net 00:00:00.05]   Discovering: LAL.Tests&#xD;
[xUnit.net 00:00:00.08]   Discovered:  LAL.Tests&#xD;
[xUnit.net 00:00:00.08]   Starting:    LAL.Tests&#xD;
[xUnit.net 00:00:00.12]   Finished:    LAL.Tests&#xD;
</StdOut>
    </Output>
  </ResultSummary>
</TestRun>