<?xml version="1.0" encoding="utf-8"?>
<TestRun id="b47ffd93-9d42-482c-8069-fbc62858ca05" name="user@704DESKTOP 2026-04-14 13:12:39" runUser="704DESKTOP\user" xmlns="http://microsoft.com/schemas/VisualStudio/TeamTest/2010">
  <Times creation="2026-04-14T13:12:39.2122239+08:00" queuing="2026-04-14T13:12:39.2122241+08:00" start="2026-04-14T13:12:38.6546292+08:00" finish="2026-04-14T13:12:39.2164115+08:00" />
  <TestSettings name="default" id="7e799754-dc7f-4b54-a231-d457f53c7884">
    <Deployment runDeploymentRoot="user_704DESKTOP_2026-04-14_13_12_39" />
  </TestSettings>
  <Results>
    <UnitTestResult executionId="0ab4be4a-2733-42b8-b51e-178e1832f0c5" testId="6e5f48f7-c4f0-914f-b0db-50396e99152f" testName="LAL.Tests.NumericalCore.Statistics.CovarianceTests.Correlation_RemainsHighWithSmallDeterministicNoise" computerName="704DESKTOP" duration="00:00:00.0001472" startTime="2026-04-14T13:12:39.0896174+08:00" endTime="2026-04-14T13:12:39.0896175+08:00" testType="13cdc9d9-ddb5-4fa4-a97d-d965ccfc6d4b" outcome="Passed" testListId="8c84fa94-04c1-424b-9868-57a2d4851a1d" relativeResultsDirectory="0ab4be4a-2733-42b8-b51e-178e1832f0c5" />
    <UnitTestResult executionId="1ebd1727-b5f7-44d3-a99d-1c2c08c91e6f" testId="87f3ba57-c0ce-bb19-a3e1-e02d1ed7da13" testName="LAL.Tests.NumericalCore.Statistics.CovarianceTests.ComputeAndCorrelation_Complex_Work" computerName="704DESKTOP" duration="00:00:00.0009721" startTime="2026-04-14T13:12:39.0722360+08:00" endTime="2026-04-14T13:12:39.0722360+08:00" testType="13cdc9d9-ddb5-4fa4-a97d-d965ccfc6d4b" outcome="Passed" testListId="8c84fa94-04c1-424b-9868-57a2d4851a1d" relativeResultsDirectory="1ebd1727-b5f7-44d3-a99d-1c2c08c91e6f" />
    <UnitTestResult executionId="b78584ee-0dc8-421d-8714-6a4dd82b4e0a" testId="cb90ac60-6eb6-8e44-fd50-2ab68bfb062d" testName="LAL.Tests.NumericalCore.Statistics.CovarianceTests.Compute_Float_WithParallelEnabled_MatchesSequentialOnLargeInput" computerName="704DESKTOP" duration="00:00:00.0071105" startTime="2026-04-14T13:12:39.1197420+08:00" endTime="2026-04-14T13:12:39.1197422+08:00" testType="13cdc9d9-ddb5-4fa4-a97d-d965ccfc6d4b" outcome="Passed" testListId="8c84fa94-04c1-424b-9868-57a2d4851a1d" relativeResultsDirectory="b78584ee-0dc8-421d-8714-6a4dd82b4e0a" />
    <UnitTestResult executionId="0d3672d2-2c64-431a-8248-dd01bed5ba49" testId="ad0421b5-fc75-f599-3851-a97979f90c77" testName="LAL.Tests.NumericalCore.Statistics.CovarianceTests.ComputeAndCorrelation_Work" computerName="704DESKTOP" duration="00:00:00.0041751" startTime="2026-04-14T13:12:39.0702333+08:00" endTime="2026-04-14T13:12:39.0702469+08:00" testType="13cdc9d9-ddb5-4fa4-a97d-d965ccfc6d4b" outcome="Passed" testListId="8c84fa94-04c1-424b-9868-57a2d4851a1d" relativeResultsDirectory="0d3672d2-2c64-431a-8248-dd01bed5ba49" />
    <UnitTestResult executionId="c70d7b93-b8d4-45c8-9382-5c4888c50ad1" testId="93678aa3-681e-a0d6-2c8f-e36e0a1d60a9" testName="LAL.Tests.NumericalCore.Statistics.CovarianceTests.ComputeAndCorrelation_Float_Work" computerName="704DESKTOP" duration="00:00:00.0022575" startTime="2026-04-14T13:12:39.0919155+08:00" endTime="2026-04-14T13:12:39.0919155+08:00" testType="13cdc9d9-ddb5-4fa4-a97d-d965ccfc6d4b" outcome="Passed" testListId="8c84fa94-04c1-424b-9868-57a2d4851a1d" relativeResultsDirectory="c70d7b93-b8d4-45c8-9382-5c4888c50ad1" />
    <UnitTestResult executionId="faacc4ff-285d-4da9-b680-aa6e0b679069" testId="b46be1c2-d1d0-75f0-2183-a18d37cc223a" testName="LAL.Tests.NumericalCore.Statistics.CovarianceTests.Compute_WithParallelEnabled_MatchesSequentialOnLargeInput" computerName="704DESKTOP" duration="00:00:00.0184832" startTime="2026-04-14T13:12:39.0894169+08:00" endTime="2026-04-14T13:12:39.0894172+08:00" testType="13cdc9d9-ddb5-4fa4-a97d-d965ccfc6d4b" outcome="Passed" testListId="8c84fa94-04c1-424b-9868-57a2d4851a1d" relativeResultsDirectory="faacc4ff-285d-4da9-b680-aa6e0b679069" />
    <UnitTestResult executionId="ff1f0bc2-2005-46f9-a96d-a185afe48761" testId="bcf3fb41-e70e-2e39-a7a1-0df171322755" testName="LAL.Tests.NumericalCore.Statistics.CovarianceTests.Compute_Complex_WithParallelEnabled_MatchesSequentialOnLargeInput" computerName="704DESKTOP" duration="00:00:00.0205598" startTime="2026-04-14T13:12:39.1125662+08:00" endTime="2026-04-14T13:12:39.1125665+08:00" testType="13cdc9d9-ddb5-4fa4-a97d-d965ccfc6d4b" outcome="Passed" testListId="8c84fa94-04c1-424b-9868-57a2d4851a1d" relativeResultsDirectory="ff1f0bc2-2005-46f9-a96d-a185afe48761" />
  </Results>
  <TestDefinitions>
    <UnitTest name="LAL.Tests.NumericalCore.Statistics.CovarianceTests.Compute_Float_WithParallelEnabled_MatchesSequentialOnLargeInput" storage="d:\project\lal\lal.tests\bin\release\net8.0\lal.tests.dll" id="cb90ac60-6eb6-8e44-fd50-2ab68bfb062d">
      <Execution id="b78584ee-0dc8-421d-8714-6a4dd82b4e0a" />
      <TestMethod codeBase="D:\Project\LAL\LAL.Tests\bin\Release\net8.0\LAL.Tests.dll" adapterTypeName="executor://xunit/VsTestRunner2/netcoreapp" className="LAL.Tests.NumericalCore.Statistics.CovarianceTests" name="Compute_Float_WithParallelEnabled_MatchesSequentialOnLargeInput" />
    </UnitTest>
    <UnitTest name="LAL.Tests.NumericalCore.Statistics.CovarianceTests.ComputeAndCorrelation_Float_Work" storage="d:\project\lal\lal.tests\bin\release\net8.0\lal.tests.dll" id="93678aa3-681e-a0d6-2c8f-e36e0a1d60a9">
      <Execution id="c70d7b93-b8d4-45c8-9382-5c4888c50ad1" />
      <TestMethod codeBase="D:\Project\LAL\LAL.Tests\bin\Release\net8.0\LAL.Tests.dll" adapterTypeName="executor://xunit/VsTestRunner2/netcoreapp" className="LAL.Tests.NumericalCore.Statistics.CovarianceTests" name="ComputeAndCorrelation_Float_Work" />
    </UnitTest>
    <UnitTest name="LAL.Tests.NumericalCore.Statistics.CovarianceTests.Compute_WithParallelEnabled_MatchesSequentialOnLargeInput" storage="d:\project\lal\lal.tests\bin\release\net8.0\lal.tests.dll" id="b46be1c2-d1d0-75f0-2183-a18d37cc223a">
      <Execution id="faacc4ff-285d-4da9-b680-aa6e0b679069" />
      <TestMethod codeBase="D:\Project\LAL\LAL.Tests\bin\Release\net8.0\LAL.Tests.dll" adapterTypeName="executor://xunit/VsTestRunner2/netcoreapp" className="LAL.Tests.NumericalCore.Statistics.CovarianceTests" name="Compute_WithParallelEnabled_MatchesSequentialOnLargeInput" />
    </UnitTest>
    <UnitTest name="LAL.Tests.NumericalCore.Statistics.CovarianceTests.Compute_Complex_WithParallelEnabled_MatchesSequentialOnLargeInput" storage="d:\project\lal\lal.tests\bin\release\net8.0\lal.tests.dll" id="bcf3fb41-e70e-2e39-a7a1-0df171322755">
      <Execution id="ff1f0bc2-2005-46f9-a96d-a185afe48761" />
      <TestMethod codeBase="D:\Project\LAL\LAL.Tests\bin\Release\net8.0\LAL.Tests.dll" adapterTypeName="executor://xunit/VsTestRunner2/netcoreapp" className="LAL.Tests.NumericalCore.Statistics.CovarianceTests" name="Compute_Complex_WithParallelEnabled_MatchesSequentialOnLargeInput" />
    </UnitTest>
    <UnitTest name="LAL.Tests.NumericalCore.Statistics.CovarianceTests.Correlation_RemainsHighWithSmallDeterministicNoise" storage="d:\project\lal\lal.tests\bin\release\net8.0\lal.tests.dll" id="6e5f48f7-c4f0-914f-b0db-50396e99152f">
      <Execution id="0ab4be4a-2733-42b8-b51e-178e1832f0c5" />
      <TestMethod codeBase="D:\Project\LAL\LAL.Tests\bin\Release\net8.0\LAL.Tests.dll" adapterTypeName="executor://xunit/VsTestRunner2/netcoreapp" className="LAL.Tests.NumericalCore.Statistics.CovarianceTests" name="Correlation_RemainsHighWithSmallDeterministicNoise" />
    </UnitTest>
    <UnitTest name="LAL.Tests.NumericalCore.Statistics.CovarianceTests.ComputeAndCorrelation_Work" storage="d:\project\lal\lal.tests\bin\release\net8.0\lal.tests.dll" id="ad0421b5-fc75-f599-3851-a97979f90c77">
      <Execution id="0d3672d2-2c64-431a-8248-dd01bed5ba49" />
      <TestMethod codeBase="D:\Project\LAL\LAL.Tests\bin\Release\net8.0\LAL.Tests.dll" adapterTypeName="executor://xunit/VsTestRunner2/netcoreapp" className="LAL.Tests.NumericalCore.Statistics.CovarianceTests" name="ComputeAndCorrelation_Work" />
    </UnitTest>
    <UnitTest name="LAL.Tests.NumericalCore.Statistics.CovarianceTests.ComputeAndCorrelation_Complex_Work" storage="d:\project\lal\lal.tests\bin\release\net8.0\lal.tests.dll" id="87f3ba57-c0ce-bb19-a3e1-e02d1ed7da13">
      <Execution id="1ebd1727-b5f7-44d3-a99d-1c2c08c91e6f" />
      <TestMethod codeBase="D:\Project\LAL\LAL.Tests\bin\Release\net8.0\LAL.Tests.dll" adapterTypeName="executor://xunit/VsTestRunner2/netcoreapp" className="LAL.Tests.NumericalCore.Statistics.CovarianceTests" name="ComputeAndCorrelation_Complex_Work" />
    </UnitTest>
  </TestDefinitions>
  <TestEntries>
    <TestEntry testId="6e5f48f7-c4f0-914f-b0db-50396e99152f" executionId="0ab4be4a-2733-42b8-b51e-178e1832f0c5" testListId="8c84fa94-04c1-424b-9868-57a2d4851a1d" />
    <TestEntry testId="87f3ba57-c0ce-bb19-a3e1-e02d1ed7da13" executionId="1ebd1727-b5f7-44d3-a99d-1c2c08c91e6f" testListId="8c84fa94-04c1-424b-9868-57a2d4851a1d" />
    <TestEntry testId="cb90ac60-6eb6-8e44-fd50-2ab68bfb062d" executionId="b78584ee-0dc8-421d-8714-6a4dd82b4e0a" testListId="8c84fa94-04c1-424b-9868-57a2d4851a1d" />
    <TestEntry testId="ad0421b5-fc75-f599-3851-a97979f90c77" executionId="0d3672d2-2c64-431a-8248-dd01bed5ba49" testListId="8c84fa94-04c1-424b-9868-57a2d4851a1d" />
    <TestEntry testId="93678aa3-681e-a0d6-2c8f-e36e0a1d60a9" executionId="c70d7b93-b8d4-45c8-9382-5c4888c50ad1" testListId="8c84fa94-04c1-424b-9868-57a2d4851a1d" />
    <TestEntry testId="b46be1c2-d1d0-75f0-2183-a18d37cc223a" executionId="faacc4ff-285d-4da9-b680-aa6e0b679069" testListId="8c84fa94-04c1-424b-9868-57a2d4851a1d" />
    <TestEntry testId="bcf3fb41-e70e-2e39-a7a1-0df171322755" executionId="ff1f0bc2-2005-46f9-a96d-a185afe48761" testListId="8c84fa94-04c1-424b-9868-57a2d4851a1d" />
  </TestEntries>
  <TestLists>
    <TestList name="不在清單中的結果" id="8c84fa94-04c1-424b-9868-57a2d4851a1d" />
    <TestList name="所有載入的結果" id="19431567-8539-422a-85d7-44ee4e166bda" />
  </TestLists>
  <ResultSummary outcome="Completed">
    <Counters total="7" executed="7" passed="7" failed="0" error="0" timeout="0" aborted="0" inconclusive="0" passedButRunAborted="0" notRunnable="0" notExecuted="0" disconnected="0" warning="0" completed="0" inProgress="0" pending="0" />
    <Output>
      <StdOut>[xUnit.net 00:00:00.00] xUnit.net VSTest Adapter v2.5.3.1+6b60a9e56a (64-bit .NET 8.0.25)&#xD;
[xUnit.net 00:00:00.05]   Discovering: LAL.Tests&#xD;
[xUnit.net 00:00:00.08]   Discovered:  LAL.Tests&#xD;
[xUnit.net 00:00:00.08]   Starting:    LAL.Tests&#xD;
[xUnit.net 00:00:00.17]   Finished:    LAL.Tests&#xD;
</StdOut>
    </Output>
  </ResultSummary>
</TestRun>