<?xml version="1.0" encoding="utf-8"?>
<TestRun id="72679109-3fd6-4cce-a300-b897ce4810a1" name="user@704DESKTOP 2026-04-14 13:12:06" runUser="704DESKTOP\user" xmlns="http://microsoft.com/schemas/VisualStudio/TeamTest/2010">
  <Times creation="2026-04-14T13:12:06.2900146+08:00" queuing="2026-04-14T13:12:06.2900156+08:00" start="2026-04-14T13:12:05.5832143+08:00" finish="2026-04-14T13:12:06.3001387+08:00" />
  <TestSettings name="default" id="6fc60dae-d036-409d-a330-002843b6515c">
    <Deployment runDeploymentRoot="user_704DESKTOP_2026-04-14_13_12_06" />
  </TestSettings>
  <Results>
    <UnitTestResult executionId="32c2a216-aab4-4566-9bca-ec7848553441" testId="39bd4cce-ca54-8f79-8a0e-d7d87a4c1698" testName="LAL.Tests.LinalgCore.DotTests.Dotu_Double_ReturnsExpectedValue" computerName="704DESKTOP" duration="00:00:00.0020022" startTime="2026-04-14T13:12:06.1017746+08:00" endTime="2026-04-14T13:12:06.1017747+08:00" testType="13cdc9d9-ddb5-4fa4-a97d-d965ccfc6d4b" outcome="Passed" testListId="8c84fa94-04c1-424b-9868-57a2d4851a1d" relativeResultsDirectory="32c2a216-aab4-4566-9bca-ec7848553441" />
    <UnitTestResult executionId="e9246c66-c111-4ccc-9fad-8358c8ee892f" testId="d21b0aaf-f27a-43b7-bdb6-0390ff0aae0a" testName="LAL.Tests.LinalgCore.DotTests.Dotu_Float_ReturnsExpectedValue" computerName="704DESKTOP" duration="00:00:00.0038487" startTime="2026-04-14T13:12:06.1023550+08:00" endTime="2026-04-14T13:12:06.1023553+08:00" testType="13cdc9d9-ddb5-4fa4-a97d-d965ccfc6d4b" outcome="Passed" testListId="8c84fa94-04c1-424b-9868-57a2d4851a1d" relativeResultsDirectory="e9246c66-c111-4ccc-9fad-8358c8ee892f" />
    <UnitTestResult executionId="47914536-37ce-4ee4-abf0-10978bb07bee" testId="e10585e3-4d32-2f6d-83d9-ce468a2bea2e" testName="LAL.Tests.LinalgCore.DotTests.Dotc_Complex_UsesConjugationOnLeftOperand" computerName="704DESKTOP" duration="00:00:00.0005028" startTime="2026-04-14T13:12:06.1016987+08:00" endTime="2026-04-14T13:12:06.1016987+08:00" testType="13cdc9d9-ddb5-4fa4-a97d-d965ccfc6d4b" outcome="Passed" testListId="8c84fa94-04c1-424b-9868-57a2d4851a1d" relativeResultsDirectory="47914536-37ce-4ee4-abf0-10978bb07bee" />
    <UnitTestResult executionId="6dc36ce1-78e9-4771-bee6-e4eb67bb73a2" testId="bbce24d5-fb93-3127-48e5-cebb0feec38d" testName="LAL.Tests.LinalgCore.MatrixOpsTests.AddSubtractAndDot_Work" computerName="704DESKTOP" duration="00:00:00.0166154" startTime="2026-04-14T13:12:06.1018034+08:00" endTime="2026-04-14T13:12:06.1018034+08:00" testType="13cdc9d9-ddb5-4fa4-a97d-d965ccfc6d4b" outcome="Passed" testListId="8c84fa94-04c1-424b-9868-57a2d4851a1d" relativeResultsDirectory="6dc36ce1-78e9-4771-bee6-e4eb67bb73a2" />
    <UnitTestResult executionId="ca40e2b3-728a-45ce-8a98-2a4989da56f7" testId="8e1eace4-bee8-ec36-6f2d-090e6622d026" testName="LAL.Tests.LinalgCore.DotTests.Dotu_Complex_DoesNotConjugateLeftOperand" computerName="704DESKTOP" duration="00:00:00.0077252" startTime="2026-04-14T13:12:06.0997330+08:00" endTime="2026-04-14T13:12:06.0997332+08:00" testType="13cdc9d9-ddb5-4fa4-a97d-d965ccfc6d4b" outcome="Passed" testListId="8c84fa94-04c1-424b-9868-57a2d4851a1d" relativeResultsDirectory="ca40e2b3-728a-45ce-8a98-2a4989da56f7" />
    <UnitTestResult executionId="4f047ff4-cfc7-4a9e-ad40-546e49e8ef2d" testId="c3790114-7b9e-7ba7-9e6e-7bac2f12f8f2" testName="LAL.Tests.LinalgCore.VectorOpsTests.DotAndInnerProduct_AreEquivalent" computerName="704DESKTOP" duration="00:00:00.0097726" startTime="2026-04-14T13:12:06.1002001+08:00" endTime="2026-04-14T13:12:06.1002003+08:00" testType="13cdc9d9-ddb5-4fa4-a97d-d965ccfc6d4b" outcome="Passed" testListId="8c84fa94-04c1-424b-9868-57a2d4851a1d" relativeResultsDirectory="4f047ff4-cfc7-4a9e-ad40-546e49e8ef2d" />
    <UnitTestResult executionId="98f8c453-1efe-4991-99a7-a74b42fd733d" testId="7334b93a-4299-b9af-ae35-9e40ba3a8abf" testName="LAL.Tests.LinalgCore.InvariantPropertyTests.Dotu_IsLinear_ForRandomVectors" computerName="704DESKTOP" duration="00:00:00.0099264" startTime="2026-04-14T13:12:06.0964921+08:00" endTime="2026-04-14T13:12:06.0965196+08:00" testType="13cdc9d9-ddb5-4fa4-a97d-d965ccfc6d4b" outcome="Passed" testListId="8c84fa94-04c1-424b-9868-57a2d4851a1d" relativeResultsDirectory="98f8c453-1efe-4991-99a7-a74b42fd733d" />
  </Results>
  <TestDefinitions>
    <UnitTest name="LAL.Tests.LinalgCore.MatrixOpsTests.AddSubtractAndDot_Work" storage="d:\project\lal\lal.tests\bin\release\net8.0\lal.tests.dll" id="bbce24d5-fb93-3127-48e5-cebb0feec38d">
      <Execution id="6dc36ce1-78e9-4771-bee6-e4eb67bb73a2" />
      <TestMethod codeBase="D:\Project\LAL\LAL.Tests\bin\Release\net8.0\LAL.Tests.dll" adapterTypeName="executor://xunit/VsTestRunner2/netcoreapp" className="LAL.Tests.LinalgCore.MatrixOpsTests" name="AddSubtractAndDot_Work" />
    </UnitTest>
    <UnitTest name="LAL.Tests.LinalgCore.InvariantPropertyTests.Dotu_IsLinear_ForRandomVectors" storage="d:\project\lal\lal.tests\bin\release\net8.0\lal.tests.dll" id="7334b93a-4299-b9af-ae35-9e40ba3a8abf">
      <Execution id="98f8c453-1efe-4991-99a7-a74b42fd733d" />
      <TestMethod codeBase="D:\Project\LAL\LAL.Tests\bin\Release\net8.0\LAL.Tests.dll" adapterTypeName="executor://xunit/VsTestRunner2/netcoreapp" className="LAL.Tests.LinalgCore.InvariantPropertyTests" name="Dotu_IsLinear_ForRandomVectors" />
    </UnitTest>
    <UnitTest name="LAL.Tests.LinalgCore.DotTests.Dotu_Complex_DoesNotConjugateLeftOperand" storage="d:\project\lal\lal.tests\bin\release\net8.0\lal.tests.dll" id="8e1eace4-bee8-ec36-6f2d-090e6622d026">
      <Execution id="ca40e2b3-728a-45ce-8a98-2a4989da56f7" />
      <TestMethod codeBase="D:\Project\LAL\LAL.Tests\bin\Release\net8.0\LAL.Tests.dll" adapterTypeName="executor://xunit/VsTestRunner2/netcoreapp" className="LAL.Tests.LinalgCore.DotTests" name="Dotu_Complex_DoesNotConjugateLeftOperand" />
    </UnitTest>
    <UnitTest name="LAL.Tests.LinalgCore.DotTests.Dotc_Complex_UsesConjugationOnLeftOperand" storage="d:\project\lal\lal.tests\bin\release\net8.0\lal.tests.dll" id="e10585e3-4d32-2f6d-83d9-ce468a2bea2e">
      <Execution id="47914536-37ce-4ee4-abf0-10978bb07bee" />
      <TestMethod codeBase="D:\Project\LAL\LAL.Tests\bin\Release\net8.0\LAL.Tests.dll" adapterTypeName="executor://xunit/VsTestRunner2/netcoreapp" className="LAL.Tests.LinalgCore.DotTests" name="Dotc_Complex_UsesConjugationOnLeftOperand" />
    </UnitTest>
    <UnitTest name="LAL.Tests.LinalgCore.DotTests.Dotu_Double_ReturnsExpectedValue" storage="d:\project\lal\lal.tests\bin\release\net8.0\lal.tests.dll" id="39bd4cce-ca54-8f79-8a0e-d7d87a4c1698">
      <Execution id="32c2a216-aab4-4566-9bca-ec7848553441" />
      <TestMethod codeBase="D:\Project\LAL\LAL.Tests\bin\Release\net8.0\LAL.Tests.dll" adapterTypeName="executor://xunit/VsTestRunner2/netcoreapp" className="LAL.Tests.LinalgCore.DotTests" name="Dotu_Double_ReturnsExpectedValue" />
    </UnitTest>
    <UnitTest name="LAL.Tests.LinalgCore.DotTests.Dotu_Float_ReturnsExpectedValue" storage="d:\project\lal\lal.tests\bin\release\net8.0\lal.tests.dll" id="d21b0aaf-f27a-43b7-bdb6-0390ff0aae0a">
      <Execution id="e9246c66-c111-4ccc-9fad-8358c8ee892f" />
      <TestMethod codeBase="D:\Project\LAL\LAL.Tests\bin\Release\net8.0\LAL.Tests.dll" adapterTypeName="executor://xunit/VsTestRunner2/netcoreapp" className="LAL.Tests.LinalgCore.DotTests" name="Dotu_Float_ReturnsExpectedValue" />
    </UnitTest>
    <UnitTest name="LAL.Tests.LinalgCore.VectorOpsTests.DotAndInnerProduct_AreEquivalent" storage="d:\project\lal\lal.tests\bin\release\net8.0\lal.tests.dll" id="c3790114-7b9e-7ba7-9e6e-7bac2f12f8f2">
      <Execution id="4f047ff4-cfc7-4a9e-ad40-546e49e8ef2d" />
      <TestMethod codeBase="D:\Project\LAL\LAL.Tests\bin\Release\net8.0\LAL.Tests.dll" adapterTypeName="executor://xunit/VsTestRunner2/netcoreapp" className="LAL.Tests.LinalgCore.VectorOpsTests" name="DotAndInnerProduct_AreEquivalent" />
    </UnitTest>
  </TestDefinitions>
  <TestEntries>
    <TestEntry testId="39bd4cce-ca54-8f79-8a0e-d7d87a4c1698" executionId="32c2a216-aab4-4566-9bca-ec7848553441" testListId="8c84fa94-04c1-424b-9868-57a2d4851a1d" />
    <TestEntry testId="d21b0aaf-f27a-43b7-bdb6-0390ff0aae0a" executionId="e9246c66-c111-4ccc-9fad-8358c8ee892f" testListId="8c84fa94-04c1-424b-9868-57a2d4851a1d" />
    <TestEntry testId="e10585e3-4d32-2f6d-83d9-ce468a2bea2e" executionId="47914536-37ce-4ee4-abf0-10978bb07bee" testListId="8c84fa94-04c1-424b-9868-57a2d4851a1d" />
    <TestEntry testId="bbce24d5-fb93-3127-48e5-cebb0feec38d" executionId="6dc36ce1-78e9-4771-bee6-e4eb67bb73a2" testListId="8c84fa94-04c1-424b-9868-57a2d4851a1d" />
    <TestEntry testId="8e1eace4-bee8-ec36-6f2d-090e6622d026" executionId="ca40e2b3-728a-45ce-8a98-2a4989da56f7" testListId="8c84fa94-04c1-424b-9868-57a2d4851a1d" />
    <TestEntry testId="c3790114-7b9e-7ba7-9e6e-7bac2f12f8f2" executionId="4f047ff4-cfc7-4a9e-ad40-546e49e8ef2d" testListId="8c84fa94-04c1-424b-9868-57a2d4851a1d" />
    <TestEntry testId="7334b93a-4299-b9af-ae35-9e40ba3a8abf" executionId="98f8c453-1efe-4991-99a7-a74b42fd733d" testListId="8c84fa94-04c1-424b-9868-57a2d4851a1d" />
  </TestEntries>
  <TestLists>
    <TestList name="不在清單中的結果" id="8c84fa94-04c1-424b-9868-57a2d4851a1d" />
    <TestList name="所有載入的結果" id="19431567-8539-422a-85d7-44ee4e166bda" />
  </TestLists>
  <ResultSummary outcome="Completed">
    <Counters total="7" executed="7" passed="7" failed="0" error="0" timeout="0" aborted="0" inconclusive="0" passedButRunAborted="0" notRunnable="0" notExecuted="0" disconnected="0" warning="0" completed="0" inProgress="0" pending="0" />
    <Output>
      <StdOut>[xUnit.net 00:00:00.00] xUnit.net VSTest Adapter v2.5.3.1+6b60a9e56a (64-bit .NET 8.0.25)&#xD;
[xUnit.net 00:00:00.06]   Discovering: LAL.Tests&#xD;
[xUnit.net 00:00:00.10]   Discovered:  LAL.Tests&#xD;
[xUnit.net 00:00:00.11]   Starting:    LAL.Tests&#xD;
[xUnit.net 00:00:00.17]   Finished:    LAL.Tests&#xD;
</StdOut>
    </Output>
  </ResultSummary>
</TestRun>